<?xml version="1.0" encoding="utf-8" standalone="no"?>
<test-run id="2" testcasecount="19" result="Passed" total="19" passed="19" failed="0" inconclusive="0" skipped="0" asserts="19" engine-version="3.9.0.0" clr-version="4.0.30319.42000" start-time="2020-01-30 11:00:23Z" end-time="2020-01-30 11:00:47Z" duration="23.946037">
  <command-line><![CDATA["nunit3-console"  Mtch.VstsClient.IntTests.csproj --where "cat==IntegrationTest"]]></command-line>
  <filter>
    <cat>IntegrationTest</cat>
  </filter>
  <test-suite type="Assembly" id="1-1033" name="Mtch.VstsClient.IntTests.dll" fullname="C:\GitHub\VstsClient\Tests\Mtch.VstsClient.IntTests\bin\Debug\Mtch.VstsClient.IntTests.dll" runstate="Runnable" testcasecount="19" result="Passed" start-time="2020-01-30 11:00:24Z" end-time="2020-01-30 11:00:47Z" duration="22.439491" total="19" passed="19" failed="0" warnings="0" inconclusive="0" skipped="0" asserts="19">
    <environment framework-version="3.12.0.0" clr-version="4.0.30319.42000" os-version="Microsoft Windows NT 10.0.14393.0" platform="Win32NT" cwd="C:\GitHub\VstsClient\Tests\Mtch.VstsClient.IntTests" machine-name="W10ID09" user="tchesnokov" user-domain="BRAKEL" culture="en-NL" uiculture="nl-NL" os-architecture="x64" />
    <settings>
      <setting name="BasePath" value="C:\GitHub\VstsClient\Tests\Mtch.VstsClient.IntTests\bin\Debug\" />
      <setting name="DisposeRunners" value="True" />
      <setting name="WorkDirectory" value="C:\GitHub\VstsClient\Tests\Mtch.VstsClient.IntTests" />
      <setting name="ImageRuntimeVersion" value="4.0.30319" />
      <setting name="ImageTargetFrameworkName" value=".NETFramework,Version=v4.7.2" />
      <setting name="ImageRequiresX86" value="False" />
      <setting name="ImageRequiresDefaultAppDomainAssemblyResolver" value="False" />
      <setting name="NumberOfTestWorkers" value="8" />
    </settings>
    <properties>
      <property name="_PID" value="15496" />
      <property name="_APPDOMAIN" value="domain-7dd2f324-Mtch.VstsClient.IntTests.csproj" />
    </properties>
    <test-suite type="TestSuite" id="1-1034" name="Mtch" fullname="Mtch" runstate="Runnable" testcasecount="19" result="Passed" start-time="2020-01-30 11:00:24Z" end-time="2020-01-30 11:00:47Z" duration="22.422680" total="19" passed="19" failed="0" warnings="0" inconclusive="0" skipped="0" asserts="19">
      <properties />
      <test-suite type="TestSuite" id="1-1035" name="VstsClient" fullname="Mtch.VstsClient" runstate="Runnable" testcasecount="19" result="Passed" start-time="2020-01-30 11:00:24Z" end-time="2020-01-30 11:00:47Z" duration="22.422179" total="19" passed="19" failed="0" warnings="0" inconclusive="0" skipped="0" asserts="19">
        <properties />
        <test-suite type="TestSuite" id="1-1036" name="IntTests" fullname="Mtch.VstsClient.IntTests" runstate="Runnable" testcasecount="19" result="Passed" start-time="2020-01-30 11:00:24Z" end-time="2020-01-30 11:00:47Z" duration="22.422170" total="19" passed="19" failed="0" warnings="0" inconclusive="0" skipped="0" asserts="19">
          <properties />
          <test-suite type="TestSuite" id="1-1037" name="UseCases" fullname="Mtch.VstsClient.IntTests.UseCases" runstate="Runnable" testcasecount="19" result="Passed" start-time="2020-01-30 11:00:24Z" end-time="2020-01-30 11:00:47Z" duration="22.422166" total="19" passed="19" failed="0" warnings="0" inconclusive="0" skipped="0" asserts="19">
            <properties />
            <test-suite type="TestSuite" id="1-1049" name="Builds" fullname="Mtch.VstsClient.IntTests.UseCases.Builds" runstate="Runnable" testcasecount="6" result="Passed" start-time="2020-01-30 11:00:24Z" end-time="2020-01-30 11:00:43Z" duration="18.123039" total="6" passed="6" failed="0" warnings="0" inconclusive="0" skipped="0" asserts="6">
              <properties />
              <test-suite type="TestSuite" id="1-1051" name="ListBuildDefinitions" fullname="Mtch.VstsClient.IntTests.UseCases.Builds.ListBuildDefinitions" runstate="Runnable" testcasecount="2" result="Passed" start-time="2020-01-30 11:00:24Z" end-time="2020-01-30 11:00:30Z" duration="5.965111" total="2" passed="2" failed="0" warnings="0" inconclusive="0" skipped="0" asserts="2">
                <properties />
                <test-suite type="TestFixture" id="1-1029" name="HappyTests" fullname="Mtch.VstsClient.IntTests.UseCases.Builds.ListBuildDefinitions.HappyTests" classname="Mtch.VstsClient.IntTests.UseCases.Builds.ListBuildDefinitions.HappyTests" runstate="Runnable" testcasecount="1" result="Passed" start-time="2020-01-30 11:00:25Z" end-time="2020-01-30 11:00:30Z" duration="5.271038" total="1" passed="1" failed="0" warnings="0" inconclusive="0" skipped="0" asserts="1">
                  <properties>
                    <property name="Category" value="IntegrationTest" />
                  </properties>
                  <test-case id="1-1030" name="Good_Project_Name" fullname="Mtch.VstsClient.IntTests.UseCases.Builds.ListBuildDefinitions.HappyTests.Good_Project_Name" methodname="Good_Project_Name" classname="Mtch.VstsClient.IntTests.UseCases.Builds.ListBuildDefinitions.HappyTests" runstate="Runnable" seed="266439734" result="Passed" start-time="2020-01-30 11:00:25Z" end-time="2020-01-30 11:00:30Z" duration="5.101130" asserts="1">
                    <properties />
                    <output><![CDATA[[
  "IntraOffice2018 CI Build (Master)",
  "Identity Server",
  "EnvelopesRegister CI Build (Development)",
  "Nuget CI Build (Master)",
  "EnvelopesRegister Release Build",
  "EnvelopesRegister CI Build (Master)",
  "IntraOffice",
  "Nuget CI Build (Development)",
  "Version 9 Build",
  "IntraOffice-Base",
  "IntraOffice-Content-Repository",
  "SmsFunction Azure CI",
  "AuditFunction Azure CI",
  "SendGridReceiver - CI",
  "IntraOffice-Routing",
  "IntraOffice-Routing-Portal",
  "Document API Release Build",
  "DocumentApi CI Build (Master)",
  "DocumentApi CI Build (Development)",
  "IntraOffice2018 CI Build (Development)",
  "IntraOffice-Archive",
  "IntraOffice-Content-Repository (old)",
  "Document API Nightly Build (Master)",
  "Archive RAET REST API (Iopk)",
  "Version 9 Azure Build",
  "Archive Shared REST API (WebDeploy)",
  "Version 9 Azure Build and Test",
  "MonitorCM - CI",
  "Routing Shared REST API (WebDeploy)",
  "Version 10 Build",
  "Routing Management Portal",
  "Depot Portal Backend",
  "Depot Portal Frontend",
  "Version 9.0-9.4 Azure Build",
  "DEPRECATED Routing Shared REST API (WebDeploy)-Old",
  "IntraOffice Service Fabric build",
  "sms-service-digitalsigning - CI",
  "Version 8 Build",
  "Version 7 Build"
]
]]></output>
                  </test-case>
                </test-suite>
                <test-suite type="TestFixture" id="1-1031" name="UnhappyTests" fullname="Mtch.VstsClient.IntTests.UseCases.Builds.ListBuildDefinitions.UnhappyTests" classname="Mtch.VstsClient.IntTests.UseCases.Builds.ListBuildDefinitions.UnhappyTests" runstate="Runnable" testcasecount="1" result="Passed" start-time="2020-01-30 11:00:30Z" end-time="2020-01-30 11:00:30Z" duration="0.686649" total="1" passed="1" failed="0" warnings="0" inconclusive="0" skipped="0" asserts="1">
                  <properties>
                    <property name="Category" value="IntegrationTest" />
                  </properties>
                  <test-case id="1-1032" name="Bad_Project_Name" fullname="Mtch.VstsClient.IntTests.UseCases.Builds.ListBuildDefinitions.UnhappyTests.Bad_Project_Name" methodname="Bad_Project_Name" classname="Mtch.VstsClient.IntTests.UseCases.Builds.ListBuildDefinitions.UnhappyTests" runstate="Runnable" seed="317264440" result="Passed" start-time="2020-01-30 11:00:30Z" end-time="2020-01-30 11:00:30Z" duration="0.684890" asserts="1">
                    <properties />
                    <output><![CDATA[{
  "ProjectName": "abc",
  "Message": "Requested project cannot be found",
  "Data": {},
  "InnerException": null,
  "StackTrace": "   bij Mtch.VstsClient.Services.BuildsService.<GetAllBuilds>d__4.MoveNext() in c:\\GitHub\\VstsClient\\Src\\Services\\BuildsService.cs:regel 50\r\n--- Einde van stacktracering vanaf vorige locatie waar uitzondering is opgetreden ---\r\n   bij System.Runtime.ExceptionServices.ExceptionDispatchInfo.Throw()\r\n   bij System.Runtime.CompilerServices.TaskAwaiter.HandleNonSuccessAndDebuggerNotification(Task task)\r\n   bij System.Runtime.CompilerServices.TaskAwaiter`1.GetResult()\r\n   bij Mtch.VstsClient.Services.BuildsService.<GetAllBuildDefinitionNames>d__5.MoveNext() in c:\\GitHub\\VstsClient\\Src\\Services\\BuildsService.cs:regel 63\r\n--- Einde van stacktracering vanaf vorige locatie waar uitzondering is opgetreden ---\r\n   bij System.Runtime.ExceptionServices.ExceptionDispatchInfo.Throw()\r\n   bij System.Runtime.CompilerServices.TaskAwaiter.HandleNonSuccessAndDebuggerNotification(Task task)\r\n   bij NUnit.Framework.Internal.TaskAwaitAdapter.GenericAdapter`1.BlockUntilCompleted() in D:\\a\\1\\s\\src\\NUnitFramework\\framework\\Internal\\TaskAwaitAdapter.cs:regel 95\r\n   bij NUnit.Framework.Internal.AsyncToSyncAdapter.Await(Func`1 invoke) in D:\\a\\1\\s\\src\\NUnitFramework\\framework\\Internal\\AsyncToSyncAdapter.cs:regel 60\r\n   bij NUnit.Framework.Assert.ThrowsAsync(IResolveConstraint expression, AsyncTestDelegate code, String message, Object[] args) in D:\\a\\1\\s\\src\\NUnitFramework\\framework\\Assert.Exceptions.Async.cs:regel 48",
  "HelpLink": null,
  "Source": "Mtch.VstsClient",
  "HResult": -2146233088
}
]]></output>
                  </test-case>
                </test-suite>
              </test-suite>
              <test-suite type="TestSuite" id="1-1050" name="ListBuilds" fullname="Mtch.VstsClient.IntTests.UseCases.Builds.ListBuilds" runstate="Runnable" testcasecount="4" result="Passed" start-time="2020-01-30 11:00:24Z" end-time="2020-01-30 11:00:43Z" duration="18.123019" total="4" passed="4" failed="0" warnings="0" inconclusive="0" skipped="0" asserts="4">
                <properties />
                <test-suite type="TestFixture" id="1-1023" name="HappyTests" fullname="Mtch.VstsClient.IntTests.UseCases.Builds.ListBuilds.HappyTests" classname="Mtch.VstsClient.IntTests.UseCases.Builds.ListBuilds.HappyTests" runstate="Runnable" testcasecount="2" result="Passed" start-time="2020-01-30 11:00:30Z" end-time="2020-01-30 11:00:39Z" duration="8.678850" total="2" passed="2" failed="0" warnings="0" inconclusive="0" skipped="0" asserts="2">
                  <properties>
                    <property name="Category" value="IntegrationTest" />
                  </properties>
                  <test-case id="1-1024" name="Get_All_Builds" fullname="Mtch.VstsClient.IntTests.UseCases.Builds.ListBuilds.HappyTests.Get_All_Builds" methodname="Get_All_Builds" classname="Mtch.VstsClient.IntTests.UseCases.Builds.ListBuilds.HappyTests" runstate="Runnable" seed="1923574369" result="Passed" start-time="2020-01-30 11:00:30Z" end-time="2020-01-30 11:00:34Z" duration="3.576429" asserts="1">
                    <properties />
                    <output><![CDATA[[
  {
    "BuildNumber": "20200129.2",
    "Definition": {
      "Name": "IntraOffice2018 CI Build (Master)"
    },
    "StartTime": "2020-01-29T15:25:28.0288022Z",
    "FinishTime": "2020-01-29T15:29:21.6627165Z",
    "RequestedBy": {
      "DisplayName": "Microsoft.VisualStudio.Services.TFS"
    },
    "Result": "failed",
    "SourceBranch": "refs/heads/master",
    "SourceVersion": "51b9a15fdd41dee3a5ff560542c69d93666df5aa",
    "Repository": {
      "Id": "4d45f1cb-3e01-4fcb-aac0-f7b35c5f3a0c",
      "Name": "IntraOffice2018"
    }
  },
  {
    "BuildNumber": "20200129.2",
    "Definition": {
      "Name": "Identity Server"
    },
    "StartTime": "2020-01-29T15:25:52.7545942Z",
    "FinishTime": "2020-01-29T15:27:24.1633647Z",
    "RequestedBy": {
      "DisplayName": "Tjeerd de Haas"
    },
    "Result": "succeeded",
    "SourceBranch": "refs/heads/master",
    "SourceVersion": "51b9a15fdd41dee3a5ff560542c69d93666df5aa",
    "Repository": {
      "Id": "4d45f1cb-3e01-4fcb-aac0-f7b35c5f3a0c",
      "Name": "IntraOffice2018"
    }
  },
  {
    "BuildNumber": "20200129.1",
    "Definition": {
      "Name": "Identity Server"
    },
    "StartTime": "2020-01-29T13:07:31.0016955Z",
    "FinishTime": "2020-01-29T13:09:26.13332Z",
    "RequestedBy": {
      "DisplayName": "Tjeerd de Haas"
    },
    "Result": "succeeded",
    "SourceBranch": "refs/heads/master",
    "SourceVersion": "c059318403815ecff13810bdf1489fbfae7a5eba",
    "Repository": {
      "Id": "4d45f1cb-3e01-4fcb-aac0-f7b35c5f3a0c",
      "Name": "IntraOffice2018"
    }
  },
  {
    "BuildNumber": "20200129.1",
    "Definition": {
      "Name": "IntraOffice2018 CI Build (Master)"
    },
    "StartTime": "2020-01-29T12:54:51.4937295Z",
    "FinishTime": "2020-01-29T12:58:45.8319416Z",
    "RequestedBy": {
      "DisplayName": "Microsoft.VisualStudio.Services.TFS"
    },
    "Result": "failed",
    "SourceBranch": "refs/heads/master",
    "SourceVersion": "c059318403815ecff13810bdf1489fbfae7a5eba",
    "Repository": {
      "Id": "4d45f1cb-3e01-4fcb-aac0-f7b35c5f3a0c",
      "Name": "IntraOffice2018"
    }
  },
  {
    "BuildNumber": "20200129.1",
    "Definition": {
      "Name": "EnvelopesRegister CI Build (Development)"
    },
    "StartTime": "2020-01-29T10:00:49.0430726Z",
    "FinishTime": "2020-01-29T10:03:04.7326524Z",
    "RequestedBy": {
      "DisplayName": "Microsoft.VisualStudio.Services.TFS"
    },
    "Result": "succeeded",
    "SourceBranch": "refs/heads/development",
    "SourceVersion": "0c17e0598e90a1ce93f9820fe28d01f5bb5f8006",
    "Repository": {
      "Id": "af0ffbfd-f163-4846-89e3-3e3f27f7a2e1",
      "Name": "EnvelopesRegister"
    }
  },
  {
    "BuildNumber": "20200129.1",
    "Definition": {
      "Name": "Nuget CI Build (Master)"
    },
    "StartTime": "2020-01-29T08:48:46.454126Z",
    "FinishTime": "2020-01-29T09:03:06.607069Z",
    "RequestedBy": {
      "DisplayName": "Microsoft.VisualStudio.Services.TFS"
    },
    "Result": "succeeded",
    "SourceBranch": "refs/heads/master",
    "SourceVersion": "42f619b41ce5ec3def4f6104f992a6685833ccf1",
    "Repository": {
      "Id": "1878cfcc-dbbf-45d8-b1b2-d3aea2d079b6",
      "Name": "Nuget"
    }
  },
  {
    "BuildNumber": "20200128.3",
    "Definition": {
      "Name": "EnvelopesRegister Release Build"
    },
    "StartTime": "2020-01-28T19:35:08.962284Z",
    "FinishTime": "2020-01-28T19:41:52.0910221Z",
    "RequestedBy": {
      "DisplayName": "Mikhail.Tchesnokov"
    },
    "Result": "succeeded",
    "SourceBranch": "refs/heads/master",
    "SourceVersion": "0c17e0598e90a1ce93f9820fe28d01f5bb5f8006",
    "Repository": {
      "Id": "af0ffbfd-f163-4846-89e3-3e3f27f7a2e1",
      "Name": "EnvelopesRegister"
    }
  },
  {
    "BuildNumber": "20200128.3",
    "Definition": {
      "Name": "EnvelopesRegister CI Build (Master)"
    },
    "StartTime": "2020-01-28T19:27:26.5722456Z",
    "FinishTime": "2020-01-28T19:30:35.8729921Z",
    "RequestedBy": {
      "DisplayName": "Microsoft.VisualStudio.Services.TFS"
    },
    "Result": "succeeded",
    "SourceBranch": "refs/heads/master",
    "SourceVersion": "0c17e0598e90a1ce93f9820fe28d01f5bb5f8006",
    "Repository": {
      "Id": "af0ffbfd-f163-4846-89e3-3e3f27f7a2e1",
      "Name": "EnvelopesRegister"
    }
  },
  {
    "BuildNumber": "20200128.2",
    "Definition": {
      "Name": "EnvelopesRegister Release Build"
    },
    "StartTime": "2020-01-28T12:50:30.6544087Z",
    "FinishTime": "2020-01-28T12:57:21.7489197Z",
    "RequestedBy": {
      "DisplayName": "Mikhail.Tchesnokov"
    },
    "Result": "succeeded",
    "SourceBranch": "refs/heads/master",
    "SourceVersion": "57953b6791404ca4a97dbc4d232ae45411914f1d",
    "Repository": {
      "Id": "af0ffbfd-f163-4846-89e3-3e3f27f7a2e1",
      "Name": "EnvelopesRegister"
    }
  },
  {
    "BuildNumber": "20200128.1",
    "Definition": {
      "Name": "EnvelopesRegister Release Build"
    },
    "StartTime": "2020-01-28T12:01:18.7726743Z",
    "FinishTime": "2020-01-28T12:07:57.3619383Z",
    "RequestedBy": {
      "DisplayName": "Mikhail.Tchesnokov"
    },
    "Result": "succeeded",
    "SourceBranch": "refs/heads/master",
    "SourceVersion": "57953b6791404ca4a97dbc4d232ae45411914f1d",
    "Repository": {
      "Id": "af0ffbfd-f163-4846-89e3-3e3f27f7a2e1",
      "Name": "EnvelopesRegister"
    }
  },
  {
    "BuildNumber": "20200128.2",
    "Definition": {
      "Name": "EnvelopesRegister CI Build (Master)"
    },
    "StartTime": "2020-01-28T11:55:26.8826112Z",
    "FinishTime": "2020-01-28T11:57:25.1557498Z",
    "RequestedBy": {
      "DisplayName": "Microsoft.VisualStudio.Services.TFS"
    },
    "Result": "succeeded",
    "SourceBranch": "refs/heads/master",
    "SourceVersion": "57953b6791404ca4a97dbc4d232ae45411914f1d",
    "Repository": {
      "Id": "af0ffbfd-f163-4846-89e3-3e3f27f7a2e1",
      "Name": "EnvelopesRegister"
    }
  },
  {
    "BuildNumber": "development-9.6.20028.1",
    "Definition": {
      "Name": "IntraOffice"
    },
    "StartTime": "2020-01-28T10:09:16.9111368Z",
    "FinishTime": "2020-01-28T10:21:34.0181072Z",
    "RequestedBy": {
      "DisplayName": "Tjeerd de Haas"
    },
    "Result": "succeeded",
    "SourceBranch": "refs/heads/development",
    "SourceVersion": "b5b5cacf7a692357e90c3e419b86ca7c5dc840ba",
    "Repository": {
      "Id": "7e06ad15-43b5-4281-b482-152cbd8e6e06",
      "Name": "IntraOffice"
    }
  },
  {
    "BuildNumber": "20200128.1",
    "Definition": {
      "Name": "EnvelopesRegister CI Build (Master)"
    },
    "StartTime": "2020-01-28T09:12:13.180881Z",
    "FinishTime": "2020-01-28T09:14:17.5124373Z",
    "RequestedBy": {
      "DisplayName": "Microsoft.VisualStudio.Services.TFS"
    },
    "Result": "succeeded",
    "SourceBranch": "refs/heads/master",
    "SourceVersion": "c9b2c728146de81460624e2e7e1510e1271f6ade",
    "Repository": {
      "Id": "af0ffbfd-f163-4846-89e3-3e3f27f7a2e1",
      "Name": "EnvelopesRegister"
    }
  },
  {
    "BuildNumber": "20200127.3",
    "Definition": {
      "Name": "EnvelopesRegister CI Build (Master)"
    },
    "StartTime": "2020-01-27T14:57:33.0856468Z",
    "FinishTime": "2020-01-27T15:00:11.5559982Z",
    "RequestedBy": {
      "DisplayName": "Microsoft.VisualStudio.Services.TFS"
    },
    "Result": "succeeded",
    "SourceBranch": "refs/heads/master",
    "SourceVersion": "bc63055ef163ffb6e467ded0ceff659aff5a1db8",
    "Repository": {
      "Id": "af0ffbfd-f163-4846-89e3-3e3f27f7a2e1",
      "Name": "EnvelopesRegister"
    }
  },
  {
    "BuildNumber": "20200127.2",
    "Definition": {
      "Name": "EnvelopesRegister CI Build (Master)"
    },
    "StartTime": "2020-01-27T14:53:07.3038506Z",
    "FinishTime": "2020-01-27T14:55:44.7965722Z",
    "RequestedBy": {
      "DisplayName": "Mikhail.Tchesnokov"
    },
    "Result": "succeeded",
    "SourceBranch": "refs/heads/master",
    "SourceVersion": "00a8108ae41e105ff7e13b835d65cff01dc30ce6",
    "Repository": {
      "Id": "af0ffbfd-f163-4846-89e3-3e3f27f7a2e1",
      "Name": "EnvelopesRegister"
    }
  },
  {
    "BuildNumber": "20200127.6",
    "Definition": {
      "Name": "EnvelopesRegister CI Build (Development)"
    },
    "StartTime": "2020-01-27T14:45:52.593358Z",
    "FinishTime": "2020-01-27T14:48:17.4446755Z",
    "RequestedBy": {
      "DisplayName": "Microsoft.VisualStudio.Services.TFS"
    },
    "Result": "succeeded",
    "SourceBranch": "refs/heads/development",
    "SourceVersion": "00a8108ae41e105ff7e13b835d65cff01dc30ce6",
    "Repository": {
      "Id": "af0ffbfd-f163-4846-89e3-3e3f27f7a2e1",
      "Name": "EnvelopesRegister"
    }
  },
  {
    "BuildNumber": "20200127.5",
    "Definition": {
      "Name": "EnvelopesRegister CI Build (Development)"
    },
    "StartTime": "2020-01-27T14:34:35.7111076Z",
    "FinishTime": "2020-01-27T14:36:46.4106484Z",
    "RequestedBy": {
      "DisplayName": "Mikhail.Tchesnokov"
    },
    "Result": "succeeded",
    "SourceBranch": "refs/heads/development",
    "SourceVersion": "9743f4e58f4dc08da6d8ae7f691a6a1543a64b05",
    "Repository": {
      "Id": "af0ffbfd-f163-4846-89e3-3e3f27f7a2e1",
      "Name": "EnvelopesRegister"
    }
  },
  {
    "BuildNumber": "20200127.4",
    "Definition": {
      "Name": "EnvelopesRegister CI Build (Development)"
    },
    "StartTime": "2020-01-27T14:22:02.2138524Z",
    "FinishTime": "2020-01-27T14:24:12.5517225Z",
    "RequestedBy": {
      "DisplayName": "Mikhail.Tchesnokov"
    },
    "Result": "succeeded",
    "SourceBranch": "refs/heads/development",
    "SourceVersion": "9743f4e58f4dc08da6d8ae7f691a6a1543a64b05",
    "Repository": {
      "Id": "af0ffbfd-f163-4846-89e3-3e3f27f7a2e1",
      "Name": "EnvelopesRegister"
    }
  },
  {
    "BuildNumber": "20200127.3",
    "Definition": {
      "Name": "EnvelopesRegister CI Build (Development)"
    },
    "StartTime": "2020-01-27T14:14:01.923093Z",
    "FinishTime": "2020-01-27T14:15:40.0857829Z",
    "RequestedBy": {
      "DisplayName": "Mikhail.Tchesnokov"
    },
    "Result": "succeeded",
    "SourceBranch": "refs/heads/development",
    "SourceVersion": "9743f4e58f4dc08da6d8ae7f691a6a1543a64b05",
    "Repository": {
      "Id": "af0ffbfd-f163-4846-89e3-3e3f27f7a2e1",
      "Name": "EnvelopesRegister"
    }
  },
  {
    "BuildNumber": "20200127.2",
    "Definition": {
      "Name": "EnvelopesRegister CI Build (Development)"
    },
    "StartTime": "2020-01-27T13:50:59.7866886Z",
    "FinishTime": "2020-01-27T13:53:14.0334928Z",
    "RequestedBy": {
      "DisplayName": "Mikhail.Tchesnokov"
    },
    "Result": "succeeded",
    "SourceBranch": "refs/heads/development",
    "SourceVersion": "9743f4e58f4dc08da6d8ae7f691a6a1543a64b05",
    "Repository": {
      "Id": "af0ffbfd-f163-4846-89e3-3e3f27f7a2e1",
      "Name": "EnvelopesRegister"
    }
  },
  {
    "BuildNumber": "20200127.1",
    "Definition": {
      "Name": "Nuget CI Build (Development)"
    },
    "StartTime": "2020-01-27T13:32:18.7822542Z",
    "FinishTime": "2020-01-27T13:45:58.5847473Z",
    "RequestedBy": {
      "DisplayName": "Microsoft.VisualStudio.Services.TFS"
    },
    "Result": "succeeded",
    "SourceBranch": "refs/heads/development",
    "SourceVersion": "42f619b41ce5ec3def4f6104f992a6685833ccf1",
    "Repository": {
      "Id": "1878cfcc-dbbf-45d8-b1b2-d3aea2d079b6",
      "Name": "Nuget"
    }
  },
  {
    "BuildNumber": "20200127.1",
    "Definition": {
      "Name": "EnvelopesRegister CI Build (Development)"
    },
    "StartTime": "2020-01-27T13:31:26.0452185Z",
    "FinishTime": "2020-01-27T13:34:35.4546981Z",
    "RequestedBy": {
      "DisplayName": "Microsoft.VisualStudio.Services.TFS"
    },
    "Result": "succeeded",
    "SourceBranch": "refs/heads/development",
    "SourceVersion": "9743f4e58f4dc08da6d8ae7f691a6a1543a64b05",
    "Repository": {
      "Id": "af0ffbfd-f163-4846-89e3-3e3f27f7a2e1",
      "Name": "EnvelopesRegister"
    }
  },
  {
    "BuildNumber": "development-9.6.20024.1",
    "Definition": {
      "Name": "Version 9 Build"
    },
    "StartTime": "2020-01-24T11:05:55.9754468Z",
    "FinishTime": "2020-01-24T11:28:19.5361334Z",
    "RequestedBy": {
      "DisplayName": "Tjeerd de Haas"
    },
    "Result": "succeeded",
    "SourceBranch": "refs/heads/development",
    "SourceVersion": "ff6d843d6d0a571b143ae73eca923d22d5b28942",
    "Repository": {
      "Id": "7e06ad15-43b5-4281-b482-152cbd8e6e06",
      "Name": "IntraOffice"
    }
  },
  {
    "BuildNumber": "20200124.3",
    "Definition": {
      "Name": "Nuget CI Build (Development)"
    },
    "StartTime": "2020-01-24T09:52:10.1099152Z",
    "FinishTime": "2020-01-24T10:05:34.0056436Z",
    "RequestedBy": {
      "DisplayName": "Microsoft.VisualStudio.Services.TFS"
    },
    "Result": "succeeded",
    "SourceBranch": "refs/heads/development",
    "SourceVersion": "e7cb6b12ecf77d8cc23672a45b7aede43f17dff7",
    "Repository": {
      "Id": "1878cfcc-dbbf-45d8-b1b2-d3aea2d079b6",
      "Name": "Nuget"
    }
  },
  {
    "BuildNumber": "20200124.2",
    "Definition": {
      "Name": "Nuget CI Build (Development)"
    },
    "StartTime": "2020-01-24T09:41:17.5689669Z",
    "FinishTime": "2020-01-24T09:55:17.4352625Z",
    "RequestedBy": {
      "DisplayName": "Microsoft.VisualStudio.Services.TFS"
    },
    "Result": "succeeded",
    "SourceBranch": "refs/heads/development",
    "SourceVersion": "ca5c0bfb3ddc698a19e92480da85df46fd4e22c4",
    "Repository": {
      "Id": "1878cfcc-dbbf-45d8-b1b2-d3aea2d079b6",
      "Name": "Nuget"
    }
  },
  {
    "BuildNumber": "20200124.1",
    "Definition": {
      "Name": "Nuget CI Build (Development)"
    },
    "StartTime": "2020-01-24T08:50:03.5650056Z",
    "FinishTime": "2020-01-24T09:04:31.5413529Z",
    "RequestedBy": {
      "DisplayName": "Microsoft.VisualStudio.Services.TFS"
    },
    "Result": "succeeded",
    "SourceBranch": "refs/heads/development",
    "SourceVersion": "af0698692bf58b578a4f4e47c46c2ed3c3af3e21",
    "Repository": {
      "Id": "1878cfcc-dbbf-45d8-b1b2-d3aea2d079b6",
      "Name": "Nuget"
    }
  },
  {
    "BuildNumber": "20200123.6",
    "Definition": {
      "Name": "Nuget CI Build (Development)"
    },
    "StartTime": "2020-01-23T14:48:18.8657796Z",
    "FinishTime": "2020-01-23T15:01:09.3734524Z",
    "RequestedBy": {
      "DisplayName": "Microsoft.VisualStudio.Services.TFS"
    },
    "Result": "succeeded",
    "SourceBranch": "refs/heads/development",
    "SourceVersion": "7e41978ee361a3137e1e040a0c68248599f51f35",
    "Repository": {
      "Id": "1878cfcc-dbbf-45d8-b1b2-d3aea2d079b6",
      "Name": "Nuget"
    }
  },
  {
    "BuildNumber": "20200123.4",
    "Definition": {
      "Name": "EnvelopesRegister CI Build (Development)"
    },
    "StartTime": "2020-01-23T13:48:57.8798145Z",
    "FinishTime": "2020-01-23T13:50:33.6550744Z",
    "RequestedBy": {
      "DisplayName": "Mikhail.Tchesnokov"
    },
    "Result": "succeeded",
    "SourceBranch": "refs/heads/development",
    "SourceVersion": "6f2cac935f96c742990acde60dee7a5ff7d14ffe",
    "Repository": {
      "Id": "af0ffbfd-f163-4846-89e3-3e3f27f7a2e1",
      "Name": "EnvelopesRegister"
    }
  },
  {
    "BuildNumber": "development-9.6.20021.1",
    "Definition": {
      "Name": "IntraOffice"
    },
    "StartTime": "2020-01-21T10:28:25.955329Z",
    "FinishTime": "2020-01-21T10:40:02.6268068Z",
    "RequestedBy": {
      "DisplayName": "Corne Los"
    },
    "Result": "succeeded",
    "SourceBranch": "refs/heads/development",
    "SourceVersion": "8cd275eb3db3cc384c649198bc8a3e1ff4cdab2a",
    "Repository": {
      "Id": "7e06ad15-43b5-4281-b482-152cbd8e6e06",
      "Name": "IntraOffice"
    }
  },
  {
    "BuildNumber": "10.0.22-master-20017-01",
    "Definition": {
      "Name": "IntraOffice-Base"
    },
    "StartTime": "2020-01-17T11:36:40.7907999Z",
    "FinishTime": "2020-01-17T12:51:16.7291679Z",
    "RequestedBy": {
      "DisplayName": "Roel de Regt"
    },
    "Result": "succeeded",
    "SourceBranch": "refs/heads/master",
    "SourceVersion": "e6ab260f4bcc83137a8a1c7c20d3f1e9ea90e36f",
    "Repository": {
      "Id": "cf29d81d-13bf-481c-9fd4-cbee9ea05961",
      "Name": "IntraOffice-Base"
    }
  },
  {
    "BuildNumber": "10.0.21-master-20017-01",
    "Definition": {
      "Name": "IntraOffice-Base"
    },
    "StartTime": "2020-01-17T10:56:36.850932Z",
    "FinishTime": "2020-01-17T11:26:11.777331Z",
    "RequestedBy": {
      "DisplayName": "Roel de Regt"
    },
    "Result": "succeeded",
    "SourceBranch": "refs/heads/master",
    "SourceVersion": "a83e7f2637f424e12d4b4801db1434592ab3cb65",
    "Repository": {
      "Id": "cf29d81d-13bf-481c-9fd4-cbee9ea05961",
      "Name": "IntraOffice-Base"
    }
  },
  {
    "BuildNumber": "20200117.1",
    "Definition": {
      "Name": "Nuget CI Build (Master)"
    },
    "StartTime": "2020-01-17T10:58:20.3459448Z",
    "FinishTime": "2020-01-17T11:11:32.4778458Z",
    "RequestedBy": {
      "DisplayName": "Microsoft.VisualStudio.Services.TFS"
    },
    "Result": "succeeded",
    "SourceBranch": "refs/heads/master",
    "SourceVersion": "90911c3c4651115b1374efa16a135dc2108eeb28",
    "Repository": {
      "Id": "1878cfcc-dbbf-45d8-b1b2-d3aea2d079b6",
      "Name": "Nuget"
    }
  },
  {
    "BuildNumber": "10.0.21-development-20017-01",
    "Definition": {
      "Name": "IntraOffice-Base"
    },
    "StartTime": "2020-01-17T10:49:50.9427185Z",
    "FinishTime": "2020-01-17T10:52:31.2656579Z",
    "RequestedBy": {
      "DisplayName": "Roel de Regt"
    },
    "Result": "succeeded",
    "SourceBranch": "refs/heads/development",
    "SourceVersion": "adb717bf3eab38db5e6100f1e59c88fb24a87315",
    "Repository": {
      "Id": "cf29d81d-13bf-481c-9fd4-cbee9ea05961",
      "Name": "IntraOffice-Base"
    }
  },
  {
    "BuildNumber": "20200117.2",
    "Definition": {
      "Name": "Nuget CI Build (Development)"
    },
    "StartTime": "2020-01-17T10:18:48.7144674Z",
    "FinishTime": "2020-01-17T10:32:16.7154684Z",
    "RequestedBy": {
      "DisplayName": "Microsoft.VisualStudio.Services.TFS"
    },
    "Result": "succeeded",
    "SourceBranch": "refs/heads/development",
    "SourceVersion": "90911c3c4651115b1374efa16a135dc2108eeb28",
    "Repository": {
      "Id": "1878cfcc-dbbf-45d8-b1b2-d3aea2d079b6",
      "Name": "Nuget"
    }
  },
  {
    "BuildNumber": "20200117.3",
    "Definition": {
      "Name": "EnvelopesRegister CI Build (Development)"
    },
    "StartTime": "2020-01-17T10:17:30.1860156Z",
    "FinishTime": "2020-01-17T10:20:59.5176469Z",
    "RequestedBy": {
      "DisplayName": "Microsoft.VisualStudio.Services.TFS"
    },
    "Result": "succeeded",
    "SourceBranch": "refs/heads/development",
    "SourceVersion": "e725bbf3a2d882ed555fc4d5dcdcaa6f57cf9f6c",
    "Repository": {
      "Id": "af0ffbfd-f163-4846-89e3-3e3f27f7a2e1",
      "Name": "EnvelopesRegister"
    }
  },
  {
    "BuildNumber": "master-10.0.20016.1",
    "Definition": {
      "Name": "IntraOffice-Content-Repository"
    },
    "StartTime": "2020-01-16T15:56:23.9398336Z",
    "FinishTime": "2020-01-16T16:02:06.0658089Z",
    "RequestedBy": {
      "DisplayName": "Roel de Regt"
    },
    "Result": "succeeded",
    "SourceBranch": "refs/heads/master",
    "SourceVersion": "ec58e129d9ed2c23d7346a216a8243794a3b2a4f",
    "Repository": {
      "Id": "6525cebf-c7df-4ba3-b01a-265613861b33",
      "Name": "IntraOffice-Content-Repository"
    }
  },
  {
    "BuildNumber": "master-10.0.19351.2",
    "Definition": {
      "Name": "IntraOffice-Content-Repository"
    },
    "StartTime": "2020-01-16T15:24:02.4923272Z",
    "FinishTime": "2020-01-16T15:24:51.3808915Z",
    "RequestedBy": {
      "DisplayName": "Roel de Regt"
    },
    "Result": "failed",
    "SourceBranch": "refs/heads/master",
    "SourceVersion": "705d9a1c0f9f076893d0b54c61847ca53ddeb6a4",
    "Repository": {
      "Id": "6525cebf-c7df-4ba3-b01a-265613861b33",
      "Name": "IntraOffice-Content-Repository"
    }
  },
  {
    "BuildNumber": "20200116.2",
    "Definition": {
      "Name": "Nuget CI Build (Master)"
    },
    "StartTime": "2020-01-16T07:35:24.1918421Z",
    "FinishTime": "2020-01-16T07:48:09.0754356Z",
    "RequestedBy": {
      "DisplayName": "admin"
    },
    "Result": "succeeded",
    "SourceBranch": "refs/heads/master",
    "SourceVersion": "8b1f3b60f20cd7ff395abc75476116b05a7bf822",
    "Repository": {
      "Id": "1878cfcc-dbbf-45d8-b1b2-d3aea2d079b6",
      "Name": "Nuget"
    }
  },
  {
    "BuildNumber": "20200115.6",
    "Definition": {
      "Name": "Nuget CI Build (Development)"
    },
    "StartTime": "2020-01-15T19:23:29.4329618Z",
    "FinishTime": "2020-01-15T19:37:29.8508093Z",
    "RequestedBy": {
      "DisplayName": "Microsoft.VisualStudio.Services.TFS"
    },
    "Result": "succeeded",
    "SourceBranch": "refs/heads/development",
    "SourceVersion": "8b1f3b60f20cd7ff395abc75476116b05a7bf822",
    "Repository": {
      "Id": "1878cfcc-dbbf-45d8-b1b2-d3aea2d079b6",
      "Name": "Nuget"
    }
  },
  {
    "BuildNumber": "20200115.4",
    "Definition": {
      "Name": "EnvelopesRegister CI Build (Development)"
    },
    "StartTime": "2020-01-15T19:12:26.4966136Z",
    "FinishTime": "2020-01-15T19:15:45.9147815Z",
    "RequestedBy": {
      "DisplayName": "admin"
    },
    "Result": "succeeded",
    "SourceBranch": "refs/heads/development",
    "SourceVersion": "360f28044f2228c0d4758748807b5ddebd7a3950",
    "Repository": {
      "Id": "af0ffbfd-f163-4846-89e3-3e3f27f7a2e1",
      "Name": "EnvelopesRegister"
    }
  },
  {
    "BuildNumber": "20200115.3",
    "Definition": {
      "Name": "EnvelopesRegister CI Build (Development)"
    },
    "StartTime": "2020-01-15T19:03:50.2315191Z",
    "FinishTime": "2020-01-15T19:07:12.3060786Z",
    "RequestedBy": {
      "DisplayName": "admin"
    },
    "Result": "succeeded",
    "SourceBranch": "refs/heads/development",
    "SourceVersion": "360f28044f2228c0d4758748807b5ddebd7a3950",
    "Repository": {
      "Id": "af0ffbfd-f163-4846-89e3-3e3f27f7a2e1",
      "Name": "EnvelopesRegister"
    }
  },
  {
    "BuildNumber": "20200115.2",
    "Definition": {
      "Name": "EnvelopesRegister CI Build (Development)"
    },
    "StartTime": "2020-01-15T14:13:39.2400297Z",
    "FinishTime": "2020-01-15T14:17:10.599717Z",
    "RequestedBy": {
      "DisplayName": "Microsoft.VisualStudio.Services.TFS"
    },
    "Result": "succeeded",
    "SourceBranch": "refs/heads/development",
    "SourceVersion": "360f28044f2228c0d4758748807b5ddebd7a3950",
    "Repository": {
      "Id": "af0ffbfd-f163-4846-89e3-3e3f27f7a2e1",
      "Name": "EnvelopesRegister"
    }
  },
  {
    "BuildNumber": "20200113.2",
    "Definition": {
      "Name": "SmsFunction Azure CI"
    },
    "StartTime": "2020-01-13T15:11:07.1334524Z",
    "FinishTime": "2020-01-13T15:14:24.9235191Z",
    "RequestedBy": {
      "DisplayName": "Microsoft.VisualStudio.Services.TFS"
    },
    "Result": "succeeded",
    "SourceBranch": "refs/heads/master",
    "SourceVersion": "8f5312607938bc36dad7878e61ed5a1a9463d67f",
    "Repository": {
      "Id": "bc5a01cb-3b65-4983-8bd2-fd53fcd862a0",
      "Name": "IntraOffice-Service-Fabric"
    }
  },
  {
    "BuildNumber": "20200113.2",
    "Definition": {
      "Name": "AuditFunction Azure CI"
    },
    "StartTime": "2020-01-13T15:11:06.5828565Z",
    "FinishTime": "2020-01-13T15:13:46.6371278Z",
    "RequestedBy": {
      "DisplayName": "Microsoft.VisualStudio.Services.TFS"
    },
    "Result": "succeeded",
    "SourceBranch": "refs/heads/master",
    "SourceVersion": "8f5312607938bc36dad7878e61ed5a1a9463d67f",
    "Repository": {
      "Id": "bc5a01cb-3b65-4983-8bd2-fd53fcd862a0",
      "Name": "IntraOffice-Service-Fabric"
    }
  },
  {
    "BuildNumber": "20200113.1",
    "Definition": {
      "Name": "SmsFunction Azure CI"
    },
    "StartTime": "2020-01-13T13:55:07.4017503Z",
    "FinishTime": "2020-01-13T13:58:07.0045698Z",
    "RequestedBy": {
      "DisplayName": "Microsoft.VisualStudio.Services.TFS"
    },
    "Result": "succeeded",
    "SourceBranch": "refs/heads/master",
    "SourceVersion": "3c9e36af9e6bfc0181ebf7f0da3ec18b6408dca4",
    "Repository": {
      "Id": "bc5a01cb-3b65-4983-8bd2-fd53fcd862a0",
      "Name": "IntraOffice-Service-Fabric"
    }
  },
  {
    "BuildNumber": "20200113.1",
    "Definition": {
      "Name": "AuditFunction Azure CI"
    },
    "StartTime": "2020-01-13T13:55:08.0690189Z",
    "FinishTime": "2020-01-13T13:57:44.5981145Z",
    "RequestedBy": {
      "DisplayName": "Microsoft.VisualStudio.Services.TFS"
    },
    "Result": "succeeded",
    "SourceBranch": "refs/heads/master",
    "SourceVersion": "3c9e36af9e6bfc0181ebf7f0da3ec18b6408dca4",
    "Repository": {
      "Id": "bc5a01cb-3b65-4983-8bd2-fd53fcd862a0",
      "Name": "IntraOffice-Service-Fabric"
    }
  },
  {
    "BuildNumber": "development-9.6.20010.2",
    "Definition": {
      "Name": "Version 9 Build"
    },
    "StartTime": "2020-01-10T15:07:05.7426682Z",
    "FinishTime": "2020-01-10T15:07:38.7797379Z",
    "RequestedBy": {
      "DisplayName": "Tjeerd de Haas"
    },
    "Result": "canceled",
    "SourceBranch": "refs/heads/development",
    "SourceVersion": "190696e4781d43d9cac1a2a7376be619356e571d",
    "Repository": {
      "Id": "7e06ad15-43b5-4281-b482-152cbd8e6e06",
      "Name": "IntraOffice"
    }
  },
  {
    "BuildNumber": "development-9.6.20010.1",
    "Definition": {
      "Name": "Version 9 Build"
    },
    "StartTime": "2020-01-10T12:54:24.9588511Z",
    "FinishTime": "2020-01-10T13:14:40.3475502Z",
    "RequestedBy": {
      "DisplayName": "Tjeerd de Haas"
    },
    "Result": "succeeded",
    "SourceBranch": "refs/heads/development",
    "SourceVersion": "27152ebc16758b3c02cbec3041bfc8537571ce9e",
    "Repository": {
      "Id": "7e06ad15-43b5-4281-b482-152cbd8e6e06",
      "Name": "IntraOffice"
    }
  },
  {
    "BuildNumber": "development-9.6.20010.2",
    "Definition": {
      "Name": "IntraOffice"
    },
    "StartTime": "2020-01-10T10:48:26.9066357Z",
    "FinishTime": "2020-01-10T11:00:54.5032582Z",
    "RequestedBy": {
      "DisplayName": "Roel de Regt"
    },
    "Result": "succeeded",
    "SourceBranch": "refs/heads/development",
    "SourceVersion": "27152ebc16758b3c02cbec3041bfc8537571ce9e",
    "Repository": {
      "Id": "7e06ad15-43b5-4281-b482-152cbd8e6e06",
      "Name": "IntraOffice"
    }
  },
  {
    "BuildNumber": "20200110.3",
    "Definition": {
      "Name": "SendGridReceiver - CI"
    },
    "StartTime": "2020-01-10T10:47:32.6139323Z",
    "FinishTime": "2020-01-10T10:51:18.5861226Z",
    "RequestedBy": {
      "DisplayName": "Microsoft.VisualStudio.Services.TFS"
    },
    "Result": "succeeded",
    "SourceBranch": "refs/heads/development",
    "SourceVersion": "27152ebc16758b3c02cbec3041bfc8537571ce9e",
    "Repository": {
      "Id": "7e06ad15-43b5-4281-b482-152cbd8e6e06",
      "Name": "IntraOffice"
    }
  },
  {
    "BuildNumber": "20200110.2",
    "Definition": {
      "Name": "SendGridReceiver - CI"
    },
    "StartTime": "2020-01-10T10:43:48.6593334Z",
    "FinishTime": "2020-01-10T10:47:16.8663239Z",
    "RequestedBy": {
      "DisplayName": "Microsoft.VisualStudio.Services.TFS"
    },
    "Result": "succeeded",
    "SourceBranch": "refs/heads/development",
    "SourceVersion": "e43b34d0ce49e59f4273e658d9b6a09b7dc7cd41",
    "Repository": {
      "Id": "7e06ad15-43b5-4281-b482-152cbd8e6e06",
      "Name": "IntraOffice"
    }
  },
  {
    "BuildNumber": "development-9.6.20010.1",
    "Definition": {
      "Name": "IntraOffice"
    },
    "StartTime": "2020-01-10T10:44:46.7966667Z",
    "FinishTime": "2020-01-10T10:44:46.7966667Z",
    "RequestedBy": {
      "DisplayName": "Corne Los"
    },
    "Result": "failed",
    "SourceBranch": "refs/heads/development",
    "SourceVersion": "e43b34d0ce49e59f4273e658d9b6a09b7dc7cd41",
    "Repository": {
      "Id": "7e06ad15-43b5-4281-b482-152cbd8e6e06",
      "Name": "IntraOffice"
    }
  },
  {
    "BuildNumber": "20200110.1",
    "Definition": {
      "Name": "SendGridReceiver - CI"
    },
    "StartTime": "2020-01-10T10:40:06.1466861Z",
    "FinishTime": "2020-01-10T10:43:34.7959632Z",
    "RequestedBy": {
      "DisplayName": "Microsoft.VisualStudio.Services.TFS"
    },
    "Result": "succeeded",
    "SourceBranch": "refs/heads/development",
    "SourceVersion": "c16509c888cbdc7f2d012f2bf6d36edfe5adbab4",
    "Repository": {
      "Id": "7e06ad15-43b5-4281-b482-152cbd8e6e06",
      "Name": "IntraOffice"
    }
  },
  {
    "BuildNumber": "9.2-9.2.20009.5",
    "Definition": {
      "Name": "Version 9 Build"
    },
    "StartTime": "2020-01-09T15:43:55.830267Z",
    "FinishTime": "2020-01-09T16:01:27.5200515Z",
    "RequestedBy": {
      "DisplayName": "Roel de Regt"
    },
    "Result": "succeeded",
    "SourceBranch": "refs/heads/Releases/9.2",
    "SourceVersion": "43e00d2eef1a75216180b60dc7322e865f867ad9",
    "Repository": {
      "Id": "7e06ad15-43b5-4281-b482-152cbd8e6e06",
      "Name": "IntraOffice"
    }
  },
  {
    "BuildNumber": "9.2-9.2.20009.4",
    "Definition": {
      "Name": "Version 9 Build"
    },
    "StartTime": "2020-01-09T15:09:35.703512Z",
    "FinishTime": "2020-01-09T15:25:50.8173565Z",
    "RequestedBy": {
      "DisplayName": "Roel de Regt"
    },
    "Result": "failed",
    "SourceBranch": "refs/heads/Releases/9.2",
    "SourceVersion": "43e00d2eef1a75216180b60dc7322e865f867ad9",
    "Repository": {
      "Id": "7e06ad15-43b5-4281-b482-152cbd8e6e06",
      "Name": "IntraOffice"
    }
  },
  {
    "BuildNumber": "9.2-9.2.20009.3",
    "Definition": {
      "Name": "Version 9 Build"
    },
    "StartTime": "2020-01-09T14:42:05.2186844Z",
    "FinishTime": "2020-01-09T14:43:58.2061071Z",
    "RequestedBy": {
      "DisplayName": "Roel de Regt"
    },
    "Result": "failed",
    "SourceBranch": "refs/heads/Releases/9.2",
    "SourceVersion": "aa2322336e769a65c4099b30fe3e8e95e5815e20",
    "Repository": {
      "Id": "7e06ad15-43b5-4281-b482-152cbd8e6e06",
      "Name": "IntraOffice"
    }
  },
  {
    "BuildNumber": "9.2-9.6.20009.2",
    "Definition": {
      "Name": "Version 9 Build"
    },
    "StartTime": "2020-01-09T14:41:15.7399412Z",
    "FinishTime": "2020-01-09T14:41:35.6643111Z",
    "RequestedBy": {
      "DisplayName": "Roel de Regt"
    },
    "Result": "canceled",
    "SourceBranch": "refs/heads/Releases/9.2",
    "SourceVersion": "aa2322336e769a65c4099b30fe3e8e95e5815e20",
    "Repository": {
      "Id": "7e06ad15-43b5-4281-b482-152cbd8e6e06",
      "Name": "IntraOffice"
    }
  },
  {
    "BuildNumber": "9.2-9.2.20009.2",
    "Definition": {
      "Name": "Version 9 Build"
    },
    "StartTime": "2020-01-09T14:30:53.8647192Z",
    "FinishTime": "2020-01-09T14:33:13.5951028Z",
    "RequestedBy": {
      "DisplayName": "Roel de Regt"
    },
    "Result": "failed",
    "SourceBranch": "refs/heads/Releases/9.2",
    "SourceVersion": "aa2322336e769a65c4099b30fe3e8e95e5815e20",
    "Repository": {
      "Id": "7e06ad15-43b5-4281-b482-152cbd8e6e06",
      "Name": "IntraOffice"
    }
  },
  {
    "BuildNumber": "9.2-9.2.20009.1",
    "Definition": {
      "Name": "Version 9 Build"
    },
    "StartTime": "2020-01-09T14:13:26.5003201Z",
    "FinishTime": "2020-01-09T14:13:26.5003201Z",
    "RequestedBy": {
      "DisplayName": "Roel de Regt"
    },
    "Result": "canceled",
    "SourceBranch": "refs/heads/Releases/9.2",
    "SourceVersion": "aa2322336e769a65c4099b30fe3e8e95e5815e20",
    "Repository": {
      "Id": "7e06ad15-43b5-4281-b482-152cbd8e6e06",
      "Name": "IntraOffice"
    }
  },
  {
    "BuildNumber": "9.2-9.6.20009.1",
    "Definition": {
      "Name": "Version 9 Build"
    },
    "StartTime": "2020-01-09T14:08:42.2324804Z",
    "FinishTime": "2020-01-09T14:08:52.5394575Z",
    "RequestedBy": {
      "DisplayName": "Roel de Regt"
    },
    "Result": "canceled",
    "SourceBranch": "refs/heads/Releases/9.2",
    "SourceVersion": "aa2322336e769a65c4099b30fe3e8e95e5815e20",
    "Repository": {
      "Id": "7e06ad15-43b5-4281-b482-152cbd8e6e06",
      "Name": "IntraOffice"
    }
  },
  {
    "BuildNumber": "20200108.2",
    "Definition": {
      "Name": "SendGridReceiver - CI"
    },
    "StartTime": "2020-01-08T13:17:30.3451144Z",
    "FinishTime": "2020-01-08T13:20:54.383574Z",
    "RequestedBy": {
      "DisplayName": "Microsoft.VisualStudio.Services.TFS"
    },
    "Result": "succeeded",
    "SourceBranch": "refs/heads/development",
    "SourceVersion": "ea71ee30f66f5cda4faea84017a2b18d8f735542",
    "Repository": {
      "Id": "7e06ad15-43b5-4281-b482-152cbd8e6e06",
      "Name": "IntraOffice"
    }
  },
  {
    "BuildNumber": "20200108.1",
    "Definition": {
      "Name": "SendGridReceiver - CI"
    },
    "StartTime": "2020-01-08T13:09:39.1163813Z",
    "FinishTime": "2020-01-08T13:12:46.0181008Z",
    "RequestedBy": {
      "DisplayName": "Microsoft.VisualStudio.Services.TFS"
    },
    "Result": "succeeded",
    "SourceBranch": "refs/heads/development",
    "SourceVersion": "bc957e3d65a906ad752b2d4bab48087dd4cfc854",
    "Repository": {
      "Id": "7e06ad15-43b5-4281-b482-152cbd8e6e06",
      "Name": "IntraOffice"
    }
  },
  {
    "BuildNumber": "multilingual-10.0.20007.4",
    "Definition": {
      "Name": "IntraOffice-Routing"
    },
    "StartTime": "2020-01-07T16:20:08.6752313Z",
    "FinishTime": "2020-01-07T16:27:35.1141096Z",
    "RequestedBy": {
      "DisplayName": "Roel de Regt"
    },
    "Result": "succeeded",
    "SourceBranch": "refs/heads/multilingual",
    "SourceVersion": "0c282933dc38fd854fea91fd0e52c79a1eda3163",
    "Repository": {
      "Id": "e71ab3fa-2e72-469c-b58e-ce8cd3f6795b",
      "Name": "IntraOffice-Routing"
    }
  },
  {
    "BuildNumber": "multilingual-10.0.20007.3",
    "Definition": {
      "Name": "IntraOffice-Routing"
    },
    "StartTime": "2020-01-07T15:26:03.5908208Z",
    "FinishTime": "2020-01-07T15:34:27.1176577Z",
    "RequestedBy": {
      "DisplayName": "Roel de Regt"
    },
    "Result": "succeeded",
    "SourceBranch": "refs/heads/multilingual",
    "SourceVersion": "34eb32710865aea288fc864292591e25b83c0c1e",
    "Repository": {
      "Id": "e71ab3fa-2e72-469c-b58e-ce8cd3f6795b",
      "Name": "IntraOffice-Routing"
    }
  },
  {
    "BuildNumber": "multilingual-10.0.20007.2",
    "Definition": {
      "Name": "IntraOffice-Routing"
    },
    "StartTime": "2020-01-07T14:58:36.8971374Z",
    "FinishTime": "2020-01-07T15:05:25.2483498Z",
    "RequestedBy": {
      "DisplayName": "Roel de Regt"
    },
    "Result": "succeeded",
    "SourceBranch": "refs/heads/multilingual",
    "SourceVersion": "40f0638a4a5c94f5386a26889a78c4fa879627d0",
    "Repository": {
      "Id": "e71ab3fa-2e72-469c-b58e-ce8cd3f6795b",
      "Name": "IntraOffice-Routing"
    }
  },
  {
    "BuildNumber": "multilingual-10.0.20007.1",
    "Definition": {
      "Name": "IntraOffice-Routing"
    },
    "StartTime": "2020-01-07T13:56:12.9046385Z",
    "FinishTime": "2020-01-07T14:03:57.8030819Z",
    "RequestedBy": {
      "DisplayName": "Roel de Regt"
    },
    "Result": "succeeded",
    "SourceBranch": "refs/heads/multilingual",
    "SourceVersion": "621e94c5226714cd4e76df2c82c4fa1ecbf88c57",
    "Repository": {
      "Id": "e71ab3fa-2e72-469c-b58e-ce8cd3f6795b",
      "Name": "IntraOffice-Routing"
    }
  },
  {
    "BuildNumber": "20200107.1",
    "Definition": {
      "Name": "IntraOffice2018 CI Build (Master)"
    },
    "StartTime": "2020-01-07T09:23:37.7014998Z",
    "FinishTime": "2020-01-07T09:32:29.0422876Z",
    "RequestedBy": {
      "DisplayName": "Microsoft.VisualStudio.Services.TFS"
    },
    "Result": "succeeded",
    "SourceBranch": "refs/heads/master",
    "SourceVersion": "f2423784442c02c576a76a603f5f74daf2ee8f33",
    "Repository": {
      "Id": "4d45f1cb-3e01-4fcb-aac0-f7b35c5f3a0c",
      "Name": "IntraOffice2018"
    }
  },
  {
    "BuildNumber": "20200107.2",
    "Definition": {
      "Name": "Identity Server"
    },
    "StartTime": "2020-01-07T09:24:12.1498921Z",
    "FinishTime": "2020-01-07T09:25:50.9796392Z",
    "RequestedBy": {
      "DisplayName": "Tjeerd de Haas"
    },
    "Result": "succeeded",
    "SourceBranch": "refs/heads/master",
    "SourceVersion": "f2423784442c02c576a76a603f5f74daf2ee8f33",
    "Repository": {
      "Id": "4d45f1cb-3e01-4fcb-aac0-f7b35c5f3a0c",
      "Name": "IntraOffice2018"
    }
  },
  {
    "BuildNumber": "20200107.1",
    "Definition": {
      "Name": "Identity Server"
    },
    "StartTime": "2020-01-07T08:38:34.8204408Z",
    "FinishTime": "2020-01-07T08:41:50.4107642Z",
    "RequestedBy": {
      "DisplayName": "Tjeerd de Haas"
    },
    "Result": "succeeded",
    "SourceBranch": "refs/heads/master",
    "SourceVersion": "1321ee94749490b9f3ae2eb764b4ddd5551158b0",
    "Repository": {
      "Id": "4d45f1cb-3e01-4fcb-aac0-f7b35c5f3a0c",
      "Name": "IntraOffice2018"
    }
  },
  {
    "BuildNumber": "20200106.1",
    "Definition": {
      "Name": "IntraOffice2018 CI Build (Master)"
    },
    "StartTime": "2020-01-06T14:44:46.3734412Z",
    "FinishTime": "2020-01-06T14:53:39.5222813Z",
    "RequestedBy": {
      "DisplayName": "Microsoft.VisualStudio.Services.TFS"
    },
    "Result": "succeeded",
    "SourceBranch": "refs/heads/master",
    "SourceVersion": "1321ee94749490b9f3ae2eb764b4ddd5551158b0",
    "Repository": {
      "Id": "4d45f1cb-3e01-4fcb-aac0-f7b35c5f3a0c",
      "Name": "IntraOffice2018"
    }
  },
  {
    "BuildNumber": "20200106.1",
    "Definition": {
      "Name": "EnvelopesRegister CI Build (Development)"
    },
    "StartTime": "2020-01-06T13:35:39.7194665Z",
    "FinishTime": "2020-01-06T13:40:04.49261Z",
    "RequestedBy": {
      "DisplayName": "Microsoft.VisualStudio.Services.TFS"
    },
    "Result": "succeeded",
    "SourceBranch": "refs/heads/development",
    "SourceVersion": "abbf5e78b3bbc858f48da15ab00b9a9586806ee3",
    "Repository": {
      "Id": "af0ffbfd-f163-4846-89e3-3e3f27f7a2e1",
      "Name": "EnvelopesRegister"
    }
  },
  {
    "BuildNumber": "development-9.6.20006.3",
    "Definition": {
      "Name": "Version 9 Build"
    },
    "StartTime": "2020-01-06T11:23:55.1663073Z",
    "FinishTime": "2020-01-06T11:26:13.6725016Z",
    "RequestedBy": {
      "DisplayName": "Tjeerd de Haas"
    },
    "Result": "failed",
    "SourceBranch": "refs/heads/development",
    "SourceVersion": "53c260c01b3195ff33c5684237ca3d4ac7b953b2",
    "Repository": {
      "Id": "7e06ad15-43b5-4281-b482-152cbd8e6e06",
      "Name": "IntraOffice"
    }
  },
  {
    "BuildNumber": "development-9.6.20006.2",
    "Definition": {
      "Name": "Version 9 Build"
    },
    "StartTime": "2020-01-06T11:23:39.0456867Z",
    "FinishTime": "2020-01-06T11:23:39.0456867Z",
    "RequestedBy": {
      "DisplayName": "Tjeerd de Haas"
    },
    "Result": "canceled",
    "SourceBranch": "refs/heads/development",
    "SourceVersion": "53c260c01b3195ff33c5684237ca3d4ac7b953b2",
    "Repository": {
      "Id": "7e06ad15-43b5-4281-b482-152cbd8e6e06",
      "Name": "IntraOffice"
    }
  },
  {
    "BuildNumber": "development-9.6.20006.1",
    "Definition": {
      "Name": "Version 9 Build"
    },
    "StartTime": "2020-01-06T11:20:31.4749078Z",
    "FinishTime": "2020-01-06T11:20:31.4749078Z",
    "RequestedBy": {
      "DisplayName": "Tjeerd de Haas"
    },
    "Result": "canceled",
    "SourceBranch": "refs/heads/development",
    "SourceVersion": "53c260c01b3195ff33c5684237ca3d4ac7b953b2",
    "Repository": {
      "Id": "7e06ad15-43b5-4281-b482-152cbd8e6e06",
      "Name": "IntraOffice"
    }
  },
  {
    "BuildNumber": "20200106.1",
    "Definition": {
      "Name": "AuditFunction Azure CI"
    },
    "StartTime": "2020-01-06T09:17:11.4895328Z",
    "FinishTime": "2020-01-06T09:20:04.1902807Z",
    "RequestedBy": {
      "DisplayName": "Microsoft.VisualStudio.Services.TFS"
    },
    "Result": "succeeded",
    "SourceBranch": "refs/heads/master",
    "SourceVersion": "e2a97c4e76cb900733046b95971c37e8e012be8d",
    "Repository": {
      "Id": "bc5a01cb-3b65-4983-8bd2-fd53fcd862a0",
      "Name": "IntraOffice-Service-Fabric"
    }
  },
  {
    "BuildNumber": "20200106.1",
    "Definition": {
      "Name": "SmsFunction Azure CI"
    },
    "StartTime": "2020-01-06T09:17:09.5245182Z",
    "FinishTime": "2020-01-06T09:20:02.9478665Z",
    "RequestedBy": {
      "DisplayName": "Microsoft.VisualStudio.Services.TFS"
    },
    "Result": "succeeded",
    "SourceBranch": "refs/heads/master",
    "SourceVersion": "e2a97c4e76cb900733046b95971c37e8e012be8d",
    "Repository": {
      "Id": "bc5a01cb-3b65-4983-8bd2-fd53fcd862a0",
      "Name": "IntraOffice-Service-Fabric"
    }
  },
  {
    "BuildNumber": "20200103.1",
    "Definition": {
      "Name": "EnvelopesRegister CI Build (Development)"
    },
    "StartTime": "2020-01-03T09:04:02.2631995Z",
    "FinishTime": "2020-01-03T09:07:44.7600647Z",
    "RequestedBy": {
      "DisplayName": "Microsoft.VisualStudio.Services.TFS"
    },
    "Result": "succeeded",
    "SourceBranch": "refs/heads/development",
    "SourceVersion": "c7d11cab01aae150969d46cfc4124da74954b86f",
    "Repository": {
      "Id": "af0ffbfd-f163-4846-89e3-3e3f27f7a2e1",
      "Name": "EnvelopesRegister"
    }
  },
  {
    "BuildNumber": "20200102.2",
    "Definition": {
      "Name": "Nuget CI Build (Development)"
    },
    "StartTime": "2020-01-02T14:33:22.6843842Z",
    "FinishTime": "2020-01-02T14:48:55.1929544Z",
    "RequestedBy": {
      "DisplayName": "Microsoft.VisualStudio.Services.TFS"
    },
    "Result": "succeeded",
    "SourceBranch": "refs/heads/development",
    "SourceVersion": "a679564058cec2983dee73a85a77e73abf683725",
    "Repository": {
      "Id": "1878cfcc-dbbf-45d8-b1b2-d3aea2d079b6",
      "Name": "Nuget"
    }
  },
  {
    "BuildNumber": "20200102.2",
    "Definition": {
      "Name": "EnvelopesRegister CI Build (Development)"
    },
    "StartTime": "2020-01-02T14:24:09.3409801Z",
    "FinishTime": "2020-01-02T14:27:53.4716263Z",
    "RequestedBy": {
      "DisplayName": "Microsoft.VisualStudio.Services.TFS"
    },
    "Result": "succeeded",
    "SourceBranch": "refs/heads/development",
    "SourceVersion": "9a137dc1e2138047f19776557962018eb42aa41c",
    "Repository": {
      "Id": "af0ffbfd-f163-4846-89e3-3e3f27f7a2e1",
      "Name": "EnvelopesRegister"
    }
  },
  {
    "BuildNumber": "20200102.1",
    "Definition": {
      "Name": "SendGridReceiver - CI"
    },
    "StartTime": "2020-01-02T10:23:02.2660411Z",
    "FinishTime": "2020-01-02T10:26:04.064516Z",
    "RequestedBy": {
      "DisplayName": "Microsoft.VisualStudio.Services.TFS"
    },
    "Result": "succeeded",
    "SourceBranch": "refs/heads/development",
    "SourceVersion": "53c260c01b3195ff33c5684237ca3d4ac7b953b2",
    "Repository": {
      "Id": "7e06ad15-43b5-4281-b482-152cbd8e6e06",
      "Name": "IntraOffice"
    }
  },
  {
    "BuildNumber": "20200102.1",
    "Definition": {
      "Name": "Nuget CI Build (Master)"
    },
    "StartTime": "2020-01-02T09:44:56.1718103Z",
    "FinishTime": "2020-01-02T09:59:57.1479091Z",
    "RequestedBy": {
      "DisplayName": "Microsoft.VisualStudio.Services.TFS"
    },
    "Result": "succeeded",
    "SourceBranch": "refs/heads/master",
    "SourceVersion": "4ddf3c61fa8714b2cca83806dd1353f6c3d42fc8",
    "Repository": {
      "Id": "1878cfcc-dbbf-45d8-b1b2-d3aea2d079b6",
      "Name": "Nuget"
    }
  },
  {
    "BuildNumber": "20200102.1",
    "Definition": {
      "Name": "Nuget CI Build (Development)"
    },
    "StartTime": "2020-01-02T09:06:27.0345895Z",
    "FinishTime": "2020-01-02T09:20:49.0026106Z",
    "RequestedBy": {
      "DisplayName": "Microsoft.VisualStudio.Services.TFS"
    },
    "Result": "succeeded",
    "SourceBranch": "refs/heads/development",
    "SourceVersion": "4ddf3c61fa8714b2cca83806dd1353f6c3d42fc8",
    "Repository": {
      "Id": "1878cfcc-dbbf-45d8-b1b2-d3aea2d079b6",
      "Name": "Nuget"
    }
  },
  {
    "BuildNumber": "20200102.1",
    "Definition": {
      "Name": "EnvelopesRegister CI Build (Development)"
    },
    "StartTime": "2020-01-02T09:11:59.3901455Z",
    "FinishTime": "2020-01-02T09:16:00.6185916Z",
    "RequestedBy": {
      "DisplayName": "Microsoft.VisualStudio.Services.TFS"
    },
    "Result": "succeeded",
    "SourceBranch": "refs/heads/development",
    "SourceVersion": "f9d41adccfafca71cb19251fe98cb84df3652b1d",
    "Repository": {
      "Id": "af0ffbfd-f163-4846-89e3-3e3f27f7a2e1",
      "Name": "EnvelopesRegister"
    }
  },
  {
    "BuildNumber": "master-10.0.19351.1",
    "Definition": {
      "Name": "IntraOffice-Content-Repository"
    },
    "StartTime": "2019-12-17T12:47:40.1382228Z",
    "FinishTime": "2019-12-31T12:50:29.2754835Z",
    "RequestedBy": {
      "DisplayName": "Roel de Regt"
    },
    "Result": "failed",
    "SourceBranch": "refs/heads/master",
    "SourceVersion": "6326fcc6bcf016cbee4e5369f45c9552336003f6",
    "Repository": {
      "Id": "6525cebf-c7df-4ba3-b01a-265613861b33",
      "Name": "IntraOffice-Content-Repository"
    }
  },
  {
    "BuildNumber": "20191230.1",
    "Definition": {
      "Name": "SendGridReceiver - CI"
    },
    "StartTime": "2019-12-30T10:52:14.7789225Z",
    "FinishTime": "2019-12-30T10:55:04.4373285Z",
    "RequestedBy": {
      "DisplayName": "Microsoft.VisualStudio.Services.TFS"
    },
    "Result": "succeeded",
    "SourceBranch": "refs/heads/development",
    "SourceVersion": "a27e5465a76255f56f3898b26a7bf38de6bc3f01",
    "Repository": {
      "Id": "7e06ad15-43b5-4281-b482-152cbd8e6e06",
      "Name": "IntraOffice"
    }
  },
  {
    "BuildNumber": "20191224.3",
    "Definition": {
      "Name": "IntraOffice-Routing-Portal"
    },
    "StartTime": "2019-12-24T07:45:03.1185473Z",
    "FinishTime": "2019-12-24T07:50:52.2683953Z",
    "RequestedBy": {
      "DisplayName": "Corne Los"
    },
    "Result": "succeeded",
    "SourceBranch": "refs/heads/master",
    "SourceVersion": "24c84e79d113efa29cf5fe85ee35b8b1307aa53b",
    "Repository": {
      "Id": "d353a231-91e0-48ab-8129-e376e016e0dd",
      "Name": "IntraOffice-Routing-Portal"
    }
  },
  {
    "BuildNumber": "20191224.2",
    "Definition": {
      "Name": "IntraOffice-Routing-Portal"
    },
    "StartTime": "2019-12-24T07:30:26.3284327Z",
    "FinishTime": "2019-12-24T07:37:18.7614134Z",
    "RequestedBy": {
      "DisplayName": "Corne Los"
    },
    "Result": "succeeded",
    "SourceBranch": "refs/heads/master",
    "SourceVersion": "22d81bb7ddaa827d2edb36d954148908cca46b40",
    "Repository": {
      "Id": "d353a231-91e0-48ab-8129-e376e016e0dd",
      "Name": "IntraOffice-Routing-Portal"
    }
  },
  {
    "BuildNumber": "20191223.15",
    "Definition": {
      "Name": "IntraOffice-Routing-Portal"
    },
    "StartTime": "2019-12-23T16:04:42.4925301Z",
    "FinishTime": "2019-12-23T16:05:57.822471Z",
    "RequestedBy": {
      "DisplayName": "Corne Los"
    },
    "Result": "succeeded",
    "SourceBranch": "refs/heads/master",
    "SourceVersion": "134629390917ce7261eb9bc4c8b7a907a668a768",
    "Repository": {
      "Id": "d353a231-91e0-48ab-8129-e376e016e0dd",
      "Name": "IntraOffice-Routing-Portal"
    }
  },
  {
    "BuildNumber": "20191223.1",
    "Definition": {
      "Name": "SendGridReceiver - CI"
    },
    "StartTime": "2019-12-23T13:30:34.7527755Z",
    "FinishTime": "2019-12-23T13:33:27.775026Z",
    "RequestedBy": {
      "DisplayName": "Microsoft.VisualStudio.Services.TFS"
    },
    "Result": "succeeded",
    "SourceBranch": "refs/heads/development",
    "SourceVersion": "2a3346b5a508a57f8140a61fffbad89017954a71",
    "Repository": {
      "Id": "7e06ad15-43b5-4281-b482-152cbd8e6e06",
      "Name": "IntraOffice"
    }
  },
  {
    "BuildNumber": "master-10.0.19354.13",
    "Definition": {
      "Name": "IntraOffice-Routing"
    },
    "StartTime": "2019-12-20T15:20:48.4339675Z",
    "FinishTime": "2019-12-20T15:27:11.0311676Z",
    "RequestedBy": {
      "DisplayName": "Corne Los"
    },
    "Result": "succeeded",
    "SourceBranch": "refs/heads/master",
    "SourceVersion": "d6bea51b59da86f8e5ccc1abf3a947c0cc0036de",
    "Repository": {
      "Id": "e71ab3fa-2e72-469c-b58e-ce8cd3f6795b",
      "Name": "IntraOffice-Routing"
    }
  },
  {
    "BuildNumber": "master-10.0.19354.7",
    "Definition": {
      "Name": "IntraOffice-Routing"
    },
    "StartTime": "2019-12-20T13:12:21.4160316Z",
    "FinishTime": "2019-12-20T13:19:15.9264282Z",
    "RequestedBy": {
      "DisplayName": "Corne Los"
    },
    "Result": "succeeded",
    "SourceBranch": "refs/heads/master",
    "SourceVersion": "bfb88ae8fe93fa240d54d3cd818099feaf9a5960",
    "Repository": {
      "Id": "e71ab3fa-2e72-469c-b58e-ce8cd3f6795b",
      "Name": "IntraOffice-Routing"
    }
  },
  {
    "BuildNumber": "master-10.0.19354.6",
    "Definition": {
      "Name": "IntraOffice-Routing"
    },
    "StartTime": "2019-12-20T10:51:33.6242178Z",
    "FinishTime": "2019-12-20T10:57:32.9068324Z",
    "RequestedBy": {
      "DisplayName": "Corne Los"
    },
    "Result": "succeeded",
    "SourceBranch": "refs/heads/master",
    "SourceVersion": "f70c36a929bc0fad3997d42da3bda2f125495b2b",
    "Repository": {
      "Id": "e71ab3fa-2e72-469c-b58e-ce8cd3f6795b",
      "Name": "IntraOffice-Routing"
    }
  },
  {
    "BuildNumber": "20191218.3",
    "Definition": {
      "Name": "SendGridReceiver - CI"
    },
    "StartTime": "2019-12-18T14:41:44.1607274Z",
    "FinishTime": "2019-12-18T14:45:59.4209846Z",
    "RequestedBy": {
      "DisplayName": "Microsoft.VisualStudio.Services.TFS"
    },
    "Result": "succeeded",
    "SourceBranch": "refs/heads/development",
    "SourceVersion": "93c9099a305c0443c896567fe435d52b849a281c",
    "Repository": {
      "Id": "7e06ad15-43b5-4281-b482-152cbd8e6e06",
      "Name": "IntraOffice"
    }
  },
  {
    "BuildNumber": "20191218.2",
    "Definition": {
      "Name": "SendGridReceiver - CI"
    },
    "StartTime": "2019-12-18T13:34:36.0683123Z",
    "FinishTime": "2019-12-18T13:37:58.1284802Z",
    "RequestedBy": {
      "DisplayName": "Microsoft.VisualStudio.Services.TFS"
    },
    "Result": "succeeded",
    "SourceBranch": "refs/heads/development",
    "SourceVersion": "dee2d97d48357f93568a8534074f7934b44e4045",
    "Repository": {
      "Id": "7e06ad15-43b5-4281-b482-152cbd8e6e06",
      "Name": "IntraOffice"
    }
  },
  {
    "BuildNumber": "20191218.1",
    "Definition": {
      "Name": "SendGridReceiver - CI"
    },
    "StartTime": "2019-12-18T10:58:45.8956423Z",
    "FinishTime": "2019-12-18T11:01:39.7316812Z",
    "RequestedBy": {
      "DisplayName": "Microsoft.VisualStudio.Services.TFS"
    },
    "Result": "succeeded",
    "SourceBranch": "refs/heads/development",
    "SourceVersion": "2fbf60ea380b904d2f5ea4431d1de47c8c668220",
    "Repository": {
      "Id": "7e06ad15-43b5-4281-b482-152cbd8e6e06",
      "Name": "IntraOffice"
    }
  },
  {
    "BuildNumber": "20191217.4",
    "Definition": {
      "Name": "SendGridReceiver - CI"
    },
    "StartTime": "2019-12-17T16:17:21.9796222Z",
    "FinishTime": "2019-12-17T16:20:11.1249144Z",
    "RequestedBy": {
      "DisplayName": "Microsoft.VisualStudio.Services.TFS"
    },
    "Result": "succeeded",
    "SourceBranch": "refs/heads/development",
    "SourceVersion": "b923da80bc67b25751cad49ed9ed9a1dbb380943",
    "Repository": {
      "Id": "7e06ad15-43b5-4281-b482-152cbd8e6e06",
      "Name": "IntraOffice"
    }
  },
  {
    "BuildNumber": "20191217.3",
    "Definition": {
      "Name": "SendGridReceiver - CI"
    },
    "StartTime": "2019-12-17T15:42:50.9601314Z",
    "FinishTime": "2019-12-17T15:45:25.6908706Z",
    "RequestedBy": {
      "DisplayName": "Microsoft.VisualStudio.Services.TFS"
    },
    "Result": "succeeded",
    "SourceBranch": "refs/heads/development",
    "SourceVersion": "c3658581b0b07cf8458f8d558c55c819fa6c189b",
    "Repository": {
      "Id": "7e06ad15-43b5-4281-b482-152cbd8e6e06",
      "Name": "IntraOffice"
    }
  },
  {
    "BuildNumber": "20191217.2",
    "Definition": {
      "Name": "SendGridReceiver - CI"
    },
    "StartTime": "2019-12-17T15:36:53.8909445Z",
    "FinishTime": "2019-12-17T15:39:58.6627904Z",
    "RequestedBy": {
      "DisplayName": "Microsoft.VisualStudio.Services.TFS"
    },
    "Result": "succeeded",
    "SourceBranch": "refs/heads/development",
    "SourceVersion": "b9fe617b24515675babcbc40ca3494833f3d6520",
    "Repository": {
      "Id": "7e06ad15-43b5-4281-b482-152cbd8e6e06",
      "Name": "IntraOffice"
    }
  },
  {
    "BuildNumber": "20191217.1",
    "Definition": {
      "Name": "SendGridReceiver - CI"
    },
    "StartTime": "2019-12-17T13:56:30.8260989Z",
    "FinishTime": "2019-12-17T13:59:36.9539425Z",
    "RequestedBy": {
      "DisplayName": "Microsoft.VisualStudio.Services.TFS"
    },
    "Result": "succeeded",
    "SourceBranch": "refs/heads/development",
    "SourceVersion": "87a7141d0a69246c700d4d03287159318b8a60ed",
    "Repository": {
      "Id": "7e06ad15-43b5-4281-b482-152cbd8e6e06",
      "Name": "IntraOffice"
    }
  },
  {
    "BuildNumber": "20191216.1",
    "Definition": {
      "Name": "SendGridReceiver - CI"
    },
    "StartTime": "2019-12-16T16:10:14.1073618Z",
    "FinishTime": "2019-12-16T16:13:09.919024Z",
    "RequestedBy": {
      "DisplayName": "Microsoft.VisualStudio.Services.TFS"
    },
    "Result": "succeeded",
    "SourceBranch": "refs/heads/development",
    "SourceVersion": "6f0fbfc32e35a2db05af86032adeed289ac81802",
    "Repository": {
      "Id": "7e06ad15-43b5-4281-b482-152cbd8e6e06",
      "Name": "IntraOffice"
    }
  },
  {
    "BuildNumber": "master-9.6.19350.2",
    "Definition": {
      "Name": "IntraOffice"
    },
    "StartTime": "2019-12-16T13:42:05.7798894Z",
    "FinishTime": "2019-12-16T14:01:08.5511229Z",
    "RequestedBy": {
      "DisplayName": "Roel de Regt"
    },
    "Result": "succeeded",
    "SourceBranch": "refs/heads/master",
    "SourceVersion": "b94630a7e411c3469d27b44668bbbab2c61562d2",
    "Repository": {
      "Id": "7e06ad15-43b5-4281-b482-152cbd8e6e06",
      "Name": "IntraOffice"
    }
  },
  {
    "BuildNumber": "20191213.2",
    "Definition": {
      "Name": "SendGridReceiver - CI"
    },
    "StartTime": "2019-12-13T15:00:36.4709406Z",
    "FinishTime": "2019-12-13T15:03:25.6375342Z",
    "RequestedBy": {
      "DisplayName": "Microsoft.VisualStudio.Services.TFS"
    },
    "Result": "succeeded",
    "SourceBranch": "refs/heads/development",
    "SourceVersion": "be7a14884e4a837c37458e356b40512b6aecc66c",
    "Repository": {
      "Id": "7e06ad15-43b5-4281-b482-152cbd8e6e06",
      "Name": "IntraOffice"
    }
  },
  {
    "BuildNumber": "20191213.1",
    "Definition": {
      "Name": "SendGridReceiver - CI"
    },
    "StartTime": "2019-12-13T14:27:43.988379Z",
    "FinishTime": "2019-12-13T14:30:19.2845192Z",
    "RequestedBy": {
      "DisplayName": "Microsoft.VisualStudio.Services.TFS"
    },
    "Result": "succeeded",
    "SourceBranch": "refs/heads/development",
    "SourceVersion": "e5da48d07c781606b13c53043517d38b97000eab",
    "Repository": {
      "Id": "7e06ad15-43b5-4281-b482-152cbd8e6e06",
      "Name": "IntraOffice"
    }
  },
  {
    "BuildNumber": "20191212.1",
    "Definition": {
      "Name": "SendGridReceiver - CI"
    },
    "StartTime": "2019-12-12T14:23:54.0946357Z",
    "FinishTime": "2019-12-12T14:26:58.3770179Z",
    "RequestedBy": {
      "DisplayName": "Microsoft.VisualStudio.Services.TFS"
    },
    "Result": "succeeded",
    "SourceBranch": "refs/heads/development",
    "SourceVersion": "ab913ea7277694648d0e49e11e6afec52f16e93b",
    "Repository": {
      "Id": "7e06ad15-43b5-4281-b482-152cbd8e6e06",
      "Name": "IntraOffice"
    }
  },
  {
    "BuildNumber": "20191211.1",
    "Definition": {
      "Name": "Document API Release Build"
    },
    "StartTime": "2019-12-11T10:43:32.8078023Z",
    "FinishTime": "2019-12-11T10:48:18.7739992Z",
    "RequestedBy": {
      "DisplayName": "Mikhail.Tchesnokov"
    },
    "Result": "succeeded",
    "SourceBranch": "refs/heads/master",
    "SourceVersion": "ee4949908db031009aecab60d734c515104dcc68",
    "Repository": {
      "Id": "7efd6a07-8775-4f55-a233-c53439f63453",
      "Name": "DocumentApi"
    }
  },
  {
    "BuildNumber": "20191211.1",
    "Definition": {
      "Name": "DocumentApi CI Build (Master)"
    },
    "StartTime": "2019-12-11T10:23:27.1839981Z",
    "FinishTime": "2019-12-11T10:32:34.2187828Z",
    "RequestedBy": {
      "DisplayName": "Microsoft.VisualStudio.Services.TFS"
    },
    "Result": "succeeded",
    "SourceBranch": "refs/heads/master",
    "SourceVersion": "ee4949908db031009aecab60d734c515104dcc68",
    "Repository": {
      "Id": "7efd6a07-8775-4f55-a233-c53439f63453",
      "Name": "DocumentApi"
    }
  },
  {
    "BuildNumber": "20191211.1",
    "Definition": {
      "Name": "DocumentApi CI Build (Development)"
    },
    "StartTime": "2019-12-11T10:08:02.8437994Z",
    "FinishTime": "2019-12-11T10:17:07.7038552Z",
    "RequestedBy": {
      "DisplayName": "Microsoft.VisualStudio.Services.TFS"
    },
    "Result": "succeeded",
    "SourceBranch": "refs/heads/development",
    "SourceVersion": "d6c033aeb137be1838a20f5bb497494e0b63e57c",
    "Repository": {
      "Id": "7efd6a07-8775-4f55-a233-c53439f63453",
      "Name": "DocumentApi"
    }
  },
  {
    "BuildNumber": "20191209.1",
    "Definition": {
      "Name": "IntraOffice2018 CI Build (Master)"
    },
    "StartTime": "2019-12-09T12:22:08.3846553Z",
    "FinishTime": "2019-12-09T12:30:57.3351534Z",
    "RequestedBy": {
      "DisplayName": "Microsoft.VisualStudio.Services.TFS"
    },
    "Result": "succeeded",
    "SourceBranch": "refs/heads/master",
    "SourceVersion": "e9fa5032acf44cc3e27b2bee18c3b818e410c23a",
    "Repository": {
      "Id": "4d45f1cb-3e01-4fcb-aac0-f7b35c5f3a0c",
      "Name": "IntraOffice2018"
    }
  },
  {
    "BuildNumber": "20191209.1",
    "Definition": {
      "Name": "Identity Server"
    },
    "StartTime": "2019-12-09T12:22:44.9146888Z",
    "FinishTime": "2019-12-09T12:27:27.1410109Z",
    "RequestedBy": {
      "DisplayName": "Tjeerd de Haas"
    },
    "Result": "succeeded",
    "SourceBranch": "refs/heads/master",
    "SourceVersion": "e9fa5032acf44cc3e27b2bee18c3b818e410c23a",
    "Repository": {
      "Id": "4d45f1cb-3e01-4fcb-aac0-f7b35c5f3a0c",
      "Name": "IntraOffice2018"
    }
  },
  {
    "BuildNumber": "20191209.1",
    "Definition": {
      "Name": "EnvelopesRegister Release Build"
    },
    "StartTime": "2019-12-09T08:36:37.813368Z",
    "FinishTime": "2019-12-09T08:43:59.8814103Z",
    "RequestedBy": {
      "DisplayName": "Mikhail.Tchesnokov"
    },
    "Result": "succeeded",
    "SourceBranch": "refs/heads/master",
    "SourceVersion": "a21e90cd6a2d1c69f7b37513c795465bdab91a98",
    "Repository": {
      "Id": "af0ffbfd-f163-4846-89e3-3e3f27f7a2e1",
      "Name": "EnvelopesRegister"
    }
  },
  {
    "BuildNumber": "20191206.1",
    "Definition": {
      "Name": "Identity Server"
    },
    "StartTime": "2019-12-06T14:00:35.1906536Z",
    "FinishTime": "2019-12-06T14:05:15.2703235Z",
    "RequestedBy": {
      "DisplayName": "Tjeerd de Haas"
    },
    "Result": "succeeded",
    "SourceBranch": "refs/heads/master",
    "SourceVersion": "fb7d6c78b634ac0900615eb076d4cfeb181feafc",
    "Repository": {
      "Id": "4d45f1cb-3e01-4fcb-aac0-f7b35c5f3a0c",
      "Name": "IntraOffice2018"
    }
  },
  {
    "BuildNumber": "20191204.3",
    "Definition": {
      "Name": "Identity Server"
    },
    "StartTime": "2019-12-04T15:55:37.9810896Z",
    "FinishTime": "2019-12-04T15:59:58.9467595Z",
    "RequestedBy": {
      "DisplayName": "Mikhail.Tchesnokov"
    },
    "Result": "succeeded",
    "SourceBranch": "refs/heads/master",
    "SourceVersion": "f79b5390047a684333345a859bfd3de8b40f4b57",
    "Repository": {
      "Id": "4d45f1cb-3e01-4fcb-aac0-f7b35c5f3a0c",
      "Name": "IntraOffice2018"
    }
  },
  {
    "BuildNumber": "master-10.0.19338.8",
    "Definition": {
      "Name": "IntraOffice-Content-Repository"
    },
    "StartTime": "2019-12-04T13:57:18.8963044Z",
    "FinishTime": "2019-12-04T14:14:56.5508038Z",
    "RequestedBy": {
      "DisplayName": "Roel de Regt"
    },
    "Result": "succeeded",
    "SourceBranch": "refs/heads/master",
    "SourceVersion": "a877142a19d6a3ffb2645575c78c482889098fec",
    "Repository": {
      "Id": "6525cebf-c7df-4ba3-b01a-265613861b33",
      "Name": "IntraOffice-Content-Repository"
    }
  },
  {
    "BuildNumber": "master-10.0.19338.7",
    "Definition": {
      "Name": "IntraOffice-Content-Repository"
    },
    "StartTime": "2019-12-04T12:44:11.1463583Z",
    "FinishTime": "2019-12-04T12:48:42.4984419Z",
    "RequestedBy": {
      "DisplayName": "Roel de Regt"
    },
    "Result": "succeeded",
    "SourceBranch": "refs/heads/master",
    "SourceVersion": "28d44e0e96276fd0b45f42220c650575afb537da",
    "Repository": {
      "Id": "6525cebf-c7df-4ba3-b01a-265613861b33",
      "Name": "IntraOffice-Content-Repository"
    }
  },
  {
    "BuildNumber": "20191128.2",
    "Definition": {
      "Name": "IntraOffice2018 CI Build (Development)"
    },
    "StartTime": "2019-11-28T13:43:25.539211Z",
    "FinishTime": "2019-11-28T13:52:36.6546489Z",
    "RequestedBy": {
      "DisplayName": "Microsoft.VisualStudio.Services.TFS"
    },
    "Result": "succeeded",
    "SourceBranch": "refs/heads/development",
    "SourceVersion": "4584c5e103f212eee0594604e55df5c2ad1f3d09",
    "Repository": {
      "Id": "4d45f1cb-3e01-4fcb-aac0-f7b35c5f3a0c",
      "Name": "IntraOffice2018"
    }
  },
  {
    "BuildNumber": "master-9.6.19331.1",
    "Definition": {
      "Name": "IntraOffice"
    },
    "StartTime": "2019-11-27T10:51:46.415506Z",
    "FinishTime": "2019-11-27T11:12:05.8076474Z",
    "RequestedBy": {
      "DisplayName": "Tjeerd de Haas"
    },
    "Result": "succeeded",
    "SourceBranch": "refs/heads/master",
    "SourceVersion": "b94630a7e411c3469d27b44668bbbab2c61562d2",
    "Repository": {
      "Id": "7e06ad15-43b5-4281-b482-152cbd8e6e06",
      "Name": "IntraOffice"
    }
  },
  {
    "BuildNumber": "master-10.0.19329.7",
    "Definition": {
      "Name": "IntraOffice-Archive"
    },
    "StartTime": "2019-11-25T16:37:43.6854391Z",
    "FinishTime": "2019-11-25T17:02:16.4686221Z",
    "RequestedBy": {
      "DisplayName": "Roel de Regt"
    },
    "Result": "succeeded",
    "SourceBranch": "refs/heads/master",
    "SourceVersion": "af6256dc0872b700a96a779bb910e874063e3cc4",
    "Repository": {
      "Id": "8541db83-41d5-4826-8a79-2b517964e5d1",
      "Name": "IntraOffice-Archive"
    }
  },
  {
    "BuildNumber": "20191125.1",
    "Definition": {
      "Name": "SendGridReceiver - CI"
    },
    "StartTime": "2019-11-25T16:22:26.93128Z",
    "FinishTime": "2019-11-25T16:25:28.7804727Z",
    "RequestedBy": {
      "DisplayName": "Microsoft.VisualStudio.Services.TFS"
    },
    "Result": "succeeded",
    "SourceBranch": "refs/heads/development",
    "SourceVersion": "9be3b23259eebcdfbb10b1ab5574455399637579",
    "Repository": {
      "Id": "7e06ad15-43b5-4281-b482-152cbd8e6e06",
      "Name": "IntraOffice"
    }
  },
  {
    "BuildNumber": "10.0.19325.1",
    "Definition": {
      "Name": "IntraOffice-Content-Repository (old)"
    },
    "StartTime": "2019-11-21T10:50:11.2785809Z",
    "FinishTime": "2019-11-21T10:53:01.7451155Z",
    "RequestedBy": {
      "DisplayName": "Roel de Regt"
    },
    "Result": "succeeded",
    "SourceBranch": "refs/heads/3.0",
    "SourceVersion": "614aee227207f74edbb8e34e7fe77ada2844b11f",
    "Repository": {
      "Id": "6525cebf-c7df-4ba3-b01a-265613861b33",
      "Name": "IntraOffice-Content-Repository"
    }
  },
  {
    "BuildNumber": "10.0.19324.1",
    "Definition": {
      "Name": "IntraOffice-Content-Repository (old)"
    },
    "StartTime": "2019-11-20T14:21:51.7988901Z",
    "FinishTime": "2019-11-20T14:24:46.596658Z",
    "RequestedBy": {
      "DisplayName": "Roel de Regt"
    },
    "Result": "succeeded",
    "SourceBranch": "refs/heads/3.0",
    "SourceVersion": "3286650ecee6aadba8bcc41d16411352a321b692",
    "Repository": {
      "Id": "6525cebf-c7df-4ba3-b01a-265613861b33",
      "Name": "IntraOffice-Content-Repository"
    }
  },
  {
    "BuildNumber": "20191119.1",
    "Definition": {
      "Name": "SendGridReceiver - CI"
    },
    "StartTime": "2019-11-19T14:03:41.1811077Z",
    "FinishTime": "2019-11-19T14:07:17.6329282Z",
    "RequestedBy": {
      "DisplayName": "Microsoft.VisualStudio.Services.TFS"
    },
    "Result": "succeeded",
    "SourceBranch": "refs/heads/development",
    "SourceVersion": "56eb1e3b465d7f1aa16412b77edfbc7b2573a20a",
    "Repository": {
      "Id": "7e06ad15-43b5-4281-b482-152cbd8e6e06",
      "Name": "IntraOffice"
    }
  },
  {
    "BuildNumber": "20191115.1",
    "Definition": {
      "Name": "SendGridReceiver - CI"
    },
    "StartTime": "2019-11-15T15:23:41.5766637Z",
    "FinishTime": "2019-11-15T15:26:38.9275631Z",
    "RequestedBy": {
      "DisplayName": "Microsoft.VisualStudio.Services.TFS"
    },
    "Result": "succeeded",
    "SourceBranch": "refs/heads/development",
    "SourceVersion": "0d4716df28b15db3efedeaeff6b6016e03c30c2e",
    "Repository": {
      "Id": "7e06ad15-43b5-4281-b482-152cbd8e6e06",
      "Name": "IntraOffice"
    }
  },
  {
    "BuildNumber": "20191115.1",
    "Definition": {
      "Name": "DocumentApi CI Build (Master)"
    },
    "StartTime": "2019-11-15T08:38:00.1218271Z",
    "FinishTime": "2019-11-15T08:46:54.471788Z",
    "RequestedBy": {
      "DisplayName": "Microsoft.VisualStudio.Services.TFS"
    },
    "Result": "succeeded",
    "SourceBranch": "refs/heads/master",
    "SourceVersion": "59807533af3cafe751b1fc28088c71322f78203f",
    "Repository": {
      "Id": "7efd6a07-8775-4f55-a233-c53439f63453",
      "Name": "DocumentApi"
    }
  },
  {
    "BuildNumber": "20191114.3",
    "Definition": {
      "Name": "SendGridReceiver - CI"
    },
    "StartTime": "2019-11-14T10:10:42.7018496Z",
    "FinishTime": "2019-11-14T10:13:46.2508825Z",
    "RequestedBy": {
      "DisplayName": "Tjeerd de Haas"
    },
    "Result": "succeeded",
    "SourceBranch": "refs/heads/development",
    "SourceVersion": "a50e132bc5fe8dafe74633942af75a34eaba8c74",
    "Repository": {
      "Id": "7e06ad15-43b5-4281-b482-152cbd8e6e06",
      "Name": "IntraOffice"
    }
  },
  {
    "BuildNumber": "20191114.2",
    "Definition": {
      "Name": "SendGridReceiver - CI"
    },
    "StartTime": "2019-11-14T09:50:14.9235964Z",
    "FinishTime": "2019-11-14T09:53:40.0494795Z",
    "RequestedBy": {
      "DisplayName": "Tjeerd de Haas"
    },
    "Result": "succeeded",
    "SourceBranch": "refs/heads/development",
    "SourceVersion": "a3664c827eeaf0317b725615a29c1e42c1933a47",
    "Repository": {
      "Id": "7e06ad15-43b5-4281-b482-152cbd8e6e06",
      "Name": "IntraOffice"
    }
  },
  {
    "BuildNumber": "20191114.1",
    "Definition": {
      "Name": "Document API Release Build"
    },
    "StartTime": "2019-11-14T08:46:48.3214579Z",
    "FinishTime": "2019-11-14T08:51:09.5649681Z",
    "RequestedBy": {
      "DisplayName": "admin"
    },
    "Result": "succeeded",
    "SourceBranch": "refs/heads/master",
    "SourceVersion": "bbae77e7dc4edad301412eea1a71a47967533e85",
    "Repository": {
      "Id": "7efd6a07-8775-4f55-a233-c53439f63453",
      "Name": "DocumentApi"
    }
  },
  {
    "BuildNumber": "20191114.1",
    "Definition": {
      "Name": "DocumentApi CI Build (Master)"
    },
    "StartTime": "2019-11-14T08:36:19.8910284Z",
    "FinishTime": "2019-11-14T08:45:27.2560401Z",
    "RequestedBy": {
      "DisplayName": "Microsoft.VisualStudio.Services.TFS"
    },
    "Result": "succeeded",
    "SourceBranch": "refs/heads/master",
    "SourceVersion": "bbae77e7dc4edad301412eea1a71a47967533e85",
    "Repository": {
      "Id": "7efd6a07-8775-4f55-a233-c53439f63453",
      "Name": "DocumentApi"
    }
  },
  {
    "BuildNumber": "20191114.1",
    "Definition": {
      "Name": "Document API Nightly Build (Master)"
    },
    "StartTime": "2019-11-14T01:00:31.16956Z",
    "FinishTime": "2019-11-14T01:07:46.8669479Z",
    "RequestedBy": {
      "DisplayName": "Microsoft.VisualStudio.Services.TFS"
    },
    "Result": "succeeded",
    "SourceBranch": "refs/heads/master",
    "SourceVersion": "e2f0e2ce6bdf29f88264f90ebd6a2597fa9e31b5",
    "Repository": {
      "Id": "7efd6a07-8775-4f55-a233-c53439f63453",
      "Name": "DocumentApi"
    }
  },
  {
    "BuildNumber": "20191113.3",
    "Definition": {
      "Name": "DocumentApi CI Build (Development)"
    },
    "StartTime": "2019-11-13T11:54:20.7766787Z",
    "FinishTime": "2019-11-13T12:04:14.0741196Z",
    "RequestedBy": {
      "DisplayName": "Microsoft.VisualStudio.Services.TFS"
    },
    "Result": "succeeded",
    "SourceBranch": "refs/heads/development",
    "SourceVersion": "bbae77e7dc4edad301412eea1a71a47967533e85",
    "Repository": {
      "Id": "7efd6a07-8775-4f55-a233-c53439f63453",
      "Name": "DocumentApi"
    }
  },
  {
    "BuildNumber": "20191113.2",
    "Definition": {
      "Name": "DocumentApi CI Build (Development)"
    },
    "StartTime": "2019-11-13T09:23:47.0118903Z",
    "FinishTime": "2019-11-13T09:32:25.6597965Z",
    "RequestedBy": {
      "DisplayName": "Microsoft.VisualStudio.Services.TFS"
    },
    "Result": "succeeded",
    "SourceBranch": "refs/heads/development",
    "SourceVersion": "fd1ac46cbf5fa87f83c917735d51bb3fc89b6fe6",
    "Repository": {
      "Id": "7efd6a07-8775-4f55-a233-c53439f63453",
      "Name": "DocumentApi"
    }
  },
  {
    "BuildNumber": "20191113.1",
    "Definition": {
      "Name": "Document API Nightly Build (Master)"
    },
    "StartTime": "2019-11-13T01:00:30.7989333Z",
    "FinishTime": "2019-11-13T01:08:43.2611202Z",
    "RequestedBy": {
      "DisplayName": "Microsoft.VisualStudio.Services.TFS"
    },
    "Result": "succeeded",
    "SourceBranch": "refs/heads/master",
    "SourceVersion": "e2f0e2ce6bdf29f88264f90ebd6a2597fa9e31b5",
    "Repository": {
      "Id": "7efd6a07-8775-4f55-a233-c53439f63453",
      "Name": "DocumentApi"
    }
  },
  {
    "BuildNumber": "20191112.1",
    "Definition": {
      "Name": "Document API Nightly Build (Master)"
    },
    "StartTime": "2019-11-12T01:00:24.2068424Z",
    "FinishTime": "2019-11-12T01:09:44.5844199Z",
    "RequestedBy": {
      "DisplayName": "Microsoft.VisualStudio.Services.TFS"
    },
    "Result": "succeeded",
    "SourceBranch": "refs/heads/master",
    "SourceVersion": "e2f0e2ce6bdf29f88264f90ebd6a2597fa9e31b5",
    "Repository": {
      "Id": "7efd6a07-8775-4f55-a233-c53439f63453",
      "Name": "DocumentApi"
    }
  },
  {
    "BuildNumber": "master-10.0.19312.2",
    "Definition": {
      "Name": "IntraOffice-Archive"
    },
    "StartTime": "2019-11-08T13:00:35.9014861Z",
    "FinishTime": "2019-11-08T13:27:21.6840832Z",
    "RequestedBy": {
      "DisplayName": "Roel de Regt"
    },
    "Result": "succeeded",
    "SourceBranch": "refs/heads/master",
    "SourceVersion": "7a0628f7c3ba89254c5e46b2ab822e5dd7bf635f",
    "Repository": {
      "Id": "8541db83-41d5-4826-8a79-2b517964e5d1",
      "Name": "IntraOffice-Archive"
    }
  },
  {
    "BuildNumber": "master-10.0.19312.1",
    "Definition": {
      "Name": "IntraOffice-Archive"
    },
    "StartTime": "2019-11-08T10:54:58.5208966Z",
    "FinishTime": "2019-11-08T11:23:58.9329643Z",
    "RequestedBy": {
      "DisplayName": "Roel de Regt"
    },
    "Result": "succeeded",
    "SourceBranch": "refs/heads/master",
    "SourceVersion": "737731da6cec34413be5441ba0a0101dbf73d6d1",
    "Repository": {
      "Id": "8541db83-41d5-4826-8a79-2b517964e5d1",
      "Name": "IntraOffice-Archive"
    }
  },
  {
    "BuildNumber": "20191107.1",
    "Definition": {
      "Name": "Archive RAET REST API (Iopk)"
    },
    "StartTime": "2019-11-07T23:47:57.9875396Z",
    "FinishTime": "2019-11-07T23:51:43.0251388Z",
    "RequestedBy": {
      "DisplayName": "Roel de Regt"
    },
    "Result": "succeeded",
    "SourceBranch": "refs/heads/master",
    "SourceVersion": "4584c5e103f212eee0594604e55df5c2ad1f3d09",
    "Repository": {
      "Id": "4d45f1cb-3e01-4fcb-aac0-f7b35c5f3a0c",
      "Name": "IntraOffice2018"
    }
  },
  {
    "BuildNumber": "development-9.6.19310.1",
    "Definition": {
      "Name": "Version 9 Azure Build"
    },
    "StartTime": "2019-11-06T09:34:30.402283Z",
    "FinishTime": "2019-11-06T09:54:38.3818254Z",
    "RequestedBy": {
      "DisplayName": "admin"
    },
    "Result": "succeeded",
    "SourceBranch": "refs/heads/development",
    "SourceVersion": "e0a9d1f0439c2c0432045785963a4117494291a5",
    "Repository": {
      "Id": "7e06ad15-43b5-4281-b482-152cbd8e6e06",
      "Name": "IntraOffice"
    }
  },
  {
    "BuildNumber": "10.0.20-master-19302-01",
    "Definition": {
      "Name": "IntraOffice-Base"
    },
    "StartTime": "2019-10-29T11:11:31.4754136Z",
    "FinishTime": "2019-10-29T11:15:06.7104945Z",
    "RequestedBy": {
      "DisplayName": "Roel de Regt"
    },
    "Result": "succeeded",
    "SourceBranch": "refs/heads/master",
    "SourceVersion": "e8c4fcec476ee3781b0a2d78a01dfc36d9d25400",
    "Repository": {
      "Id": "cf29d81d-13bf-481c-9fd4-cbee9ea05961",
      "Name": "IntraOffice-Base"
    }
  },
  {
    "BuildNumber": "20191025.1",
    "Definition": {
      "Name": "IntraOffice2018 CI Build (Development)"
    },
    "StartTime": "2019-10-25T07:24:37.7088636Z",
    "FinishTime": "2019-10-25T07:36:14.9517094Z",
    "RequestedBy": {
      "DisplayName": "Microsoft.VisualStudio.Services.TFS"
    },
    "Result": "succeeded",
    "SourceBranch": "refs/heads/development",
    "SourceVersion": "9d44804834502e168dd29f67acb916f768e98f64",
    "Repository": {
      "Id": "4d45f1cb-3e01-4fcb-aac0-f7b35c5f3a0c",
      "Name": "IntraOffice2018"
    }
  },
  {
    "BuildNumber": "10.0.19295.3",
    "Definition": {
      "Name": "IntraOffice-Content-Repository (old)"
    },
    "StartTime": "2019-10-22T13:33:02.4266725Z",
    "FinishTime": "2019-10-22T13:36:59.57893Z",
    "RequestedBy": {
      "DisplayName": "Roel de Regt"
    },
    "Result": "succeeded",
    "SourceBranch": "refs/heads/master",
    "SourceVersion": "8dfe3b91d899c639fae89644cbdd3b0d9e3b4919",
    "Repository": {
      "Id": "6525cebf-c7df-4ba3-b01a-265613861b33",
      "Name": "IntraOffice-Content-Repository"
    }
  },
  {
    "BuildNumber": "20191015.3",
    "Definition": {
      "Name": "Archive Shared REST API (WebDeploy)"
    },
    "StartTime": "2019-10-15T11:53:10.2791787Z",
    "FinishTime": "2019-10-15T11:59:08.0099516Z",
    "RequestedBy": {
      "DisplayName": "Mikhail.Tchesnokov"
    },
    "Result": "succeeded",
    "SourceBranch": "refs/heads/master",
    "SourceVersion": "df4836ce41c629ee9b786964f3347b711b0eb430",
    "Repository": {
      "Id": "4d45f1cb-3e01-4fcb-aac0-f7b35c5f3a0c",
      "Name": "IntraOffice2018"
    }
  },
  {
    "BuildNumber": "development-9.6.19282.1",
    "Definition": {
      "Name": "Version 9 Azure Build"
    },
    "StartTime": "2019-10-09T08:30:05.381068Z",
    "FinishTime": "2019-10-09T08:46:58.2339163Z",
    "RequestedBy": {
      "DisplayName": "Corne Los"
    },
    "Result": "succeeded",
    "SourceBranch": "refs/heads/development",
    "SourceVersion": "9c13237168a17bb368be1948ed3c8739b9fa8e6a",
    "Repository": {
      "Id": "7e06ad15-43b5-4281-b482-152cbd8e6e06",
      "Name": "IntraOffice"
    }
  },
  {
    "BuildNumber": "master-9.6.19282.1",
    "Definition": {
      "Name": "Version 9 Azure Build"
    },
    "StartTime": "2019-10-09T07:45:44.3839657Z",
    "FinishTime": "2019-10-09T08:03:55.048445Z",
    "RequestedBy": {
      "DisplayName": "Corne Los"
    },
    "Result": "succeeded",
    "SourceBranch": "refs/heads/master",
    "SourceVersion": "deebacfe5612c961b96f3e43e19029f6cb6f1dd9",
    "Repository": {
      "Id": "7e06ad15-43b5-4281-b482-152cbd8e6e06",
      "Name": "IntraOffice"
    }
  },
  {
    "BuildNumber": "master-9.6.19281.1",
    "Definition": {
      "Name": "Version 9 Azure Build"
    },
    "StartTime": "2019-10-08T14:50:12.2497352Z",
    "FinishTime": "2019-10-08T15:07:50.9305812Z",
    "RequestedBy": {
      "DisplayName": "Roel de Regt"
    },
    "Result": "succeeded",
    "SourceBranch": "refs/heads/master",
    "SourceVersion": "deebacfe5612c961b96f3e43e19029f6cb6f1dd9",
    "Repository": {
      "Id": "7e06ad15-43b5-4281-b482-152cbd8e6e06",
      "Name": "IntraOffice"
    }
  },
  {
    "BuildNumber": "master-9.6.19280.1",
    "Definition": {
      "Name": "Version 9 Build"
    },
    "StartTime": "2019-10-07T09:09:27.5895989Z",
    "FinishTime": "2019-10-07T09:43:23.7814659Z",
    "RequestedBy": {
      "DisplayName": "Roel de Regt"
    },
    "Result": "succeeded",
    "SourceBranch": "refs/heads/master",
    "SourceVersion": "42541c7a91707db81593177ea26bfd9928995ade",
    "Repository": {
      "Id": "7e06ad15-43b5-4281-b482-152cbd8e6e06",
      "Name": "IntraOffice"
    }
  },
  {
    "BuildNumber": "master-9.6.19280.1",
    "Definition": {
      "Name": "Version 9 Azure Build"
    },
    "StartTime": "2019-10-07T08:10:57.8011569Z",
    "FinishTime": "2019-10-07T08:30:49.6534744Z",
    "RequestedBy": {
      "DisplayName": "Roel de Regt"
    },
    "Result": "succeeded",
    "SourceBranch": "refs/heads/master",
    "SourceVersion": "42541c7a91707db81593177ea26bfd9928995ade",
    "Repository": {
      "Id": "7e06ad15-43b5-4281-b482-152cbd8e6e06",
      "Name": "IntraOffice"
    }
  },
  {
    "BuildNumber": "master-9.6.19273.1",
    "Definition": {
      "Name": "Version 9 Azure Build"
    },
    "StartTime": "2019-09-30T08:41:09.4724164Z",
    "FinishTime": "2019-09-30T08:59:15.3056408Z",
    "RequestedBy": {
      "DisplayName": "admin"
    },
    "Result": "succeeded",
    "SourceBranch": "refs/heads/master",
    "SourceVersion": "4952111224645c76c314c3fcb5bb0c810fd3df93",
    "Repository": {
      "Id": "7e06ad15-43b5-4281-b482-152cbd8e6e06",
      "Name": "IntraOffice"
    }
  },
  {
    "BuildNumber": "development-9.6.19270.1",
    "Definition": {
      "Name": "Version 9 Azure Build and Test"
    },
    "StartTime": "2019-09-27T09:19:19.8034689Z",
    "FinishTime": "2019-09-27T09:36:45.9290503Z",
    "RequestedBy": {
      "DisplayName": "Tjeerd de Haas"
    },
    "Result": "succeeded",
    "SourceBranch": "refs/heads/development",
    "SourceVersion": "ea8362e9910aa2cdc41a718d887fc2b5118386dd",
    "Repository": {
      "Id": "7e06ad15-43b5-4281-b482-152cbd8e6e06",
      "Name": "IntraOffice"
    }
  },
  {
    "BuildNumber": "development-9.6.19261.5",
    "Definition": {
      "Name": "Version 9 Azure Build"
    },
    "StartTime": "2019-09-18T15:09:11.1259567Z",
    "FinishTime": "2019-09-18T15:24:49.3123916Z",
    "RequestedBy": {
      "DisplayName": "Mikhail.Tchesnokov"
    },
    "Result": "succeeded",
    "SourceBranch": "refs/heads/development",
    "SourceVersion": "16ba608e531eb780850a50ed183f982d3d451e98",
    "Repository": {
      "Id": "7e06ad15-43b5-4281-b482-152cbd8e6e06",
      "Name": "IntraOffice"
    }
  },
  {
    "BuildNumber": "master-9.6.19254.1",
    "Definition": {
      "Name": "Version 9 Azure Build"
    },
    "StartTime": "2019-09-11T08:06:27.3887399Z",
    "FinishTime": "2019-09-11T08:28:31.1096428Z",
    "RequestedBy": {
      "DisplayName": "Roel de Regt"
    },
    "Result": "succeeded",
    "SourceBranch": "refs/heads/master",
    "SourceVersion": "31e2de883dd620f4629c61567678896d4f453876",
    "Repository": {
      "Id": "7e06ad15-43b5-4281-b482-152cbd8e6e06",
      "Name": "IntraOffice"
    }
  },
  {
    "BuildNumber": "20190909.1",
    "Definition": {
      "Name": "Document API Release Build"
    },
    "StartTime": "2019-09-09T12:35:34.225388Z",
    "FinishTime": "2019-09-09T12:39:43.1542576Z",
    "RequestedBy": {
      "DisplayName": "admin"
    },
    "Result": "succeeded",
    "SourceBranch": "refs/heads/master",
    "SourceVersion": "e2f0e2ce6bdf29f88264f90ebd6a2597fa9e31b5",
    "Repository": {
      "Id": "7efd6a07-8775-4f55-a233-c53439f63453",
      "Name": "DocumentApi"
    }
  },
  {
    "BuildNumber": "20190724.1",
    "Definition": {
      "Name": "MonitorCM - CI"
    },
    "StartTime": "2019-07-24T08:45:19.5921367Z",
    "FinishTime": "2019-07-24T08:47:41.5657332Z",
    "RequestedBy": {
      "DisplayName": "Microsoft.VisualStudio.Services.TFS"
    },
    "Result": "succeeded",
    "SourceBranch": "refs/heads/master",
    "SourceVersion": "deaa43c36665f5064c7ff91dbf0a6cc7866acdf7",
    "Repository": {
      "Id": "cc9b1504-9a78-49d6-92fd-bfd96f3a0fb0",
      "Name": "Monitoring"
    }
  },
  {
    "BuildNumber": "20190722.2",
    "Definition": {
      "Name": "MonitorCM - CI"
    },
    "StartTime": "2019-07-22T13:10:18.0791311Z",
    "FinishTime": "2019-07-22T13:11:23.4902831Z",
    "RequestedBy": {
      "DisplayName": "Microsoft.VisualStudio.Services.TFS"
    },
    "Result": "succeeded",
    "SourceBranch": "refs/heads/master",
    "SourceVersion": "1ad9a568b5f13e27f7d0a9174bb92070469ee380",
    "Repository": {
      "Id": "cc9b1504-9a78-49d6-92fd-bfd96f3a0fb0",
      "Name": "Monitoring"
    }
  },
  {
    "BuildNumber": "20190722.1",
    "Definition": {
      "Name": "MonitorCM - CI"
    },
    "StartTime": "2019-07-22T13:08:35.4412118Z",
    "FinishTime": "2019-07-22T13:09:09.4708239Z",
    "RequestedBy": {
      "DisplayName": "admin"
    },
    "Result": "succeeded",
    "SourceBranch": "refs/heads/master",
    "SourceVersion": "713c3639d5e409824831d54f24277dcebd9d03ed",
    "Repository": {
      "Id": "cc9b1504-9a78-49d6-92fd-bfd96f3a0fb0",
      "Name": "Monitoring"
    }
  },
  {
    "BuildNumber": "20190626.3",
    "Definition": {
      "Name": "EnvelopesRegister Release Build"
    },
    "StartTime": "2019-06-26T10:54:25.2256845Z",
    "FinishTime": "2019-06-26T10:59:16.818354Z",
    "RequestedBy": {
      "DisplayName": "admin"
    },
    "Result": "succeeded",
    "SourceBranch": "refs/heads/master",
    "SourceVersion": "3cd56bfdb3d75d0e9ce865059965fff8b38647b9",
    "Repository": {
      "Id": "af0ffbfd-f163-4846-89e3-3e3f27f7a2e1",
      "Name": "EnvelopesRegister"
    }
  },
  {
    "BuildNumber": "10.0.19171.1",
    "Definition": {
      "Name": "IntraOffice-Content-Repository (old)"
    },
    "StartTime": "2019-06-20T11:54:27.6123144Z",
    "FinishTime": "2019-06-20T11:56:38.4218736Z",
    "RequestedBy": {
      "DisplayName": "Roel de Regt"
    },
    "Result": "succeeded",
    "SourceBranch": "refs/heads/master",
    "SourceVersion": "7b0b562b138b2501a1430050a9fa77ee362e133c",
    "Repository": {
      "Id": "6525cebf-c7df-4ba3-b01a-265613861b33",
      "Name": "IntraOffice-Content-Repository"
    }
  },
  {
    "BuildNumber": "development-9.6.19168.1",
    "Definition": {
      "Name": "Version 9 Azure Build"
    },
    "StartTime": "2019-06-17T07:23:28.6782987Z",
    "FinishTime": "2019-06-17T07:38:44.1086893Z",
    "RequestedBy": {
      "DisplayName": "Corne Los"
    },
    "Result": "succeeded",
    "SourceBranch": "refs/heads/development",
    "SourceVersion": "c10d9e8c33de06d4e0db2883f6eb754d0c9d637d",
    "Repository": {
      "Id": "7e06ad15-43b5-4281-b482-152cbd8e6e06",
      "Name": "IntraOffice"
    }
  },
  {
    "BuildNumber": "development-9.6.19164.2",
    "Definition": {
      "Name": "Version 9 Azure Build"
    },
    "StartTime": "2019-06-13T08:35:08.8040328Z",
    "FinishTime": "2019-06-13T08:51:05.9855758Z",
    "RequestedBy": {
      "DisplayName": "Tjeerd de Haas"
    },
    "Result": "succeeded",
    "SourceBranch": "refs/heads/development",
    "SourceVersion": "b66e932c43ac4314da24e768ca4493b4448953c2",
    "Repository": {
      "Id": "7e06ad15-43b5-4281-b482-152cbd8e6e06",
      "Name": "IntraOffice"
    }
  },
  {
    "BuildNumber": "20190611.1",
    "Definition": {
      "Name": "Routing Shared REST API (WebDeploy)"
    },
    "StartTime": "2019-06-11T07:24:42.2702018Z",
    "FinishTime": "2019-06-11T07:34:51.1453585Z",
    "RequestedBy": {
      "DisplayName": "admin"
    },
    "Result": "succeeded",
    "SourceBranch": "refs/heads/master",
    "SourceVersion": "6bb44152f0ea9b5c93771928c352868e16007905",
    "Repository": {
      "Id": "4d45f1cb-3e01-4fcb-aac0-f7b35c5f3a0c",
      "Name": "IntraOffice2018"
    }
  },
  {
    "BuildNumber": "20190521.1",
    "Definition": {
      "Name": "Identity Server"
    },
    "StartTime": "2019-05-21T13:16:53.8353243Z",
    "FinishTime": "2019-05-21T13:21:39.3485488Z",
    "RequestedBy": {
      "DisplayName": "admin"
    },
    "Result": "succeeded",
    "SourceBranch": "refs/heads/master",
    "SourceVersion": "0f9577a98ea243721ba379d4aa1fa032ee4875d9",
    "Repository": {
      "Id": "4d45f1cb-3e01-4fcb-aac0-f7b35c5f3a0c",
      "Name": "IntraOffice2018"
    }
  },
  {
    "BuildNumber": "20190521.1",
    "Definition": {
      "Name": "Routing Shared REST API (WebDeploy)"
    },
    "StartTime": "2019-05-21T10:15:58.44558Z",
    "FinishTime": "2019-05-21T10:22:11.8893879Z",
    "RequestedBy": {
      "DisplayName": "admin"
    },
    "Result": "succeeded",
    "SourceBranch": "refs/heads/master",
    "SourceVersion": "cf2029cd298537af9760760d38e645da689eb017",
    "Repository": {
      "Id": "4d45f1cb-3e01-4fcb-aac0-f7b35c5f3a0c",
      "Name": "IntraOffice2018"
    }
  },
  {
    "BuildNumber": "10.0-Customization-10.0.19134.2",
    "Definition": {
      "Name": "Version 10 Build"
    },
    "StartTime": "2019-05-14T15:15:56.5404522Z",
    "FinishTime": "2019-05-14T15:50:39.4111585Z",
    "RequestedBy": {
      "DisplayName": "Roel de Regt"
    },
    "Result": "succeeded",
    "SourceBranch": "refs/heads/Features/10.0-Customization",
    "SourceVersion": "5f97cdd26efbada1d77baf732f30d2951dcf000e",
    "Repository": {
      "Id": "7e06ad15-43b5-4281-b482-152cbd8e6e06",
      "Name": "IntraOffice"
    }
  },
  {
    "BuildNumber": "20190506.1",
    "Definition": {
      "Name": "Identity Server"
    },
    "StartTime": "2019-05-06T11:55:57.4418559Z",
    "FinishTime": "2019-05-06T12:03:58.5159807Z",
    "RequestedBy": {
      "DisplayName": "Tjeerd de Haas"
    },
    "Result": "succeeded",
    "SourceBranch": "refs/heads/master",
    "SourceVersion": "50b4af30aba6c1a9e819683760a47e321185c9bf",
    "Repository": {
      "Id": "4d45f1cb-3e01-4fcb-aac0-f7b35c5f3a0c",
      "Name": "IntraOffice2018"
    }
  },
  {
    "BuildNumber": "development-9.6.19123.1",
    "Definition": {
      "Name": "Version 9 Azure Build"
    },
    "StartTime": "2019-05-03T13:59:43.9153703Z",
    "FinishTime": "2019-05-03T14:10:02.3532788Z",
    "RequestedBy": {
      "DisplayName": "IntraData Azure administrator"
    },
    "Result": "succeeded",
    "SourceBranch": "refs/heads/development",
    "SourceVersion": "98cb1c01bb513962181203697c0c9e6e9d5275b4",
    "Repository": {
      "Id": "7e06ad15-43b5-4281-b482-152cbd8e6e06",
      "Name": "IntraOffice"
    }
  },
  {
    "BuildNumber": "development-9.5.19093.2",
    "Definition": {
      "Name": "Version 9 Azure Build"
    },
    "StartTime": "2019-04-03T10:21:41.3477933Z",
    "FinishTime": "2019-04-03T10:32:22.4294581Z",
    "RequestedBy": {
      "DisplayName": "IntraData Azure administrator"
    },
    "Result": "succeeded",
    "SourceBranch": "refs/heads/development",
    "SourceVersion": "393743b5664c5d79b09aa5fef0fd9697d13e52d2",
    "Repository": {
      "Id": "7e06ad15-43b5-4281-b482-152cbd8e6e06",
      "Name": "IntraOffice"
    }
  },
  {
    "BuildNumber": "20190401.1",
    "Definition": {
      "Name": "Identity Server"
    },
    "StartTime": "2019-04-01T09:22:56.6623734Z",
    "FinishTime": "2019-04-01T09:31:06.3852674Z",
    "RequestedBy": {
      "DisplayName": "Mikhail.Tchesnokov"
    },
    "Result": "succeeded",
    "SourceBranch": "refs/heads/master",
    "SourceVersion": "459c4ef581ff16b88721f6adc2b546e5b22e2631",
    "Repository": {
      "Id": "4d45f1cb-3e01-4fcb-aac0-f7b35c5f3a0c",
      "Name": "IntraOffice2018"
    }
  },
  {
    "BuildNumber": "20190328.1",
    "Definition": {
      "Name": "Routing Shared REST API (WebDeploy)"
    },
    "StartTime": "2019-03-28T12:40:58.0540171Z",
    "FinishTime": "2019-03-28T12:46:53.7624777Z",
    "RequestedBy": {
      "DisplayName": "Mikhail.Tchesnokov"
    },
    "Result": "succeeded",
    "SourceBranch": "refs/heads/master",
    "SourceVersion": "e612f7d229b01513275b71a53a2f11bdb8ec27db",
    "Repository": {
      "Id": "4d45f1cb-3e01-4fcb-aac0-f7b35c5f3a0c",
      "Name": "IntraOffice2018"
    }
  },
  {
    "BuildNumber": "development-9.5.19074.1",
    "Definition": {
      "Name": "Version 9 Azure Build"
    },
    "StartTime": "2019-03-15T14:15:20.5153579Z",
    "FinishTime": "2019-03-15T14:26:37.018399Z",
    "RequestedBy": {
      "DisplayName": "IntraData Azure administrator"
    },
    "Result": "succeeded",
    "SourceBranch": "refs/heads/development",
    "SourceVersion": "a63742baa116162060263c6b9f7f98d655e14721",
    "Repository": {
      "Id": "7e06ad15-43b5-4281-b482-152cbd8e6e06",
      "Name": "IntraOffice"
    }
  },
  {
    "BuildNumber": "20190315.1",
    "Definition": {
      "Name": "Routing Management Portal"
    },
    "StartTime": "2019-03-15T14:20:01.0660733Z",
    "FinishTime": "2019-03-15T14:21:17.0678648Z",
    "RequestedBy": {
      "DisplayName": "IntraData Azure administrator"
    },
    "Result": "succeeded",
    "SourceBranch": "refs/heads/master",
    "SourceVersion": "64b40116725565bbe8dfae344bcd9eb8f55b657c",
    "Repository": {
      "Id": "e00262b4-56a6-45ac-942d-936535e4350e",
      "Name": "Routing Management Portal"
    }
  },
  {
    "BuildNumber": "20190218.1",
    "Definition": {
      "Name": "Archive Shared REST API (WebDeploy)"
    },
    "StartTime": "2019-02-18T15:33:33.7756359Z",
    "FinishTime": "2019-02-18T15:38:02.5994555Z",
    "RequestedBy": {
      "DisplayName": "Mikhail.Tchesnokov"
    },
    "Result": "succeeded",
    "SourceBranch": "refs/heads/master",
    "SourceVersion": "ae54790349f71d25c3f52653c81d0b52f647bd60",
    "Repository": {
      "Id": "4d45f1cb-3e01-4fcb-aac0-f7b35c5f3a0c",
      "Name": "IntraOffice2018"
    }
  },
  {
    "BuildNumber": "20190125.4",
    "Definition": {
      "Name": "Depot Portal Backend"
    },
    "StartTime": "2019-01-25T11:27:31.1363334Z",
    "FinishTime": "2019-01-25T11:28:06.0834883Z",
    "RequestedBy": {
      "DisplayName": "Corne Los"
    },
    "Result": "succeeded",
    "SourceBranch": "refs/heads/master",
    "SourceVersion": "3efdd4db605f37b2bba285c29a0361be0a399672",
    "Repository": {
      "Id": "c013db00-43d1-40bd-bdcb-772cafe43e3b",
      "Name": "IntraOffice Depot"
    }
  },
  {
    "BuildNumber": "2609",
    "Definition": {
      "Name": "Depot Portal Frontend"
    },
    "StartTime": "2019-01-24T13:11:56.9133923Z",
    "FinishTime": "2019-01-24T13:19:06.3514516Z",
    "RequestedBy": {
      "DisplayName": "Corne Los"
    },
    "Result": "succeeded",
    "SourceBranch": "refs/heads/master",
    "SourceVersion": "5883f01af4ae1eabc964cb543412bdc424df1c59",
    "Repository": {
      "Id": "c013db00-43d1-40bd-bdcb-772cafe43e3b",
      "Name": "IntraOffice Depot"
    }
  },
  {
    "BuildNumber": "development-9.5.19021.1",
    "Definition": {
      "Name": "Version 9 Azure Build"
    },
    "StartTime": "2019-01-21T11:42:02.8485198Z",
    "FinishTime": "2019-01-21T11:51:54.9067138Z",
    "RequestedBy": {
      "DisplayName": "IntraData Azure administrator"
    },
    "Result": "succeeded",
    "SourceBranch": "refs/heads/development",
    "SourceVersion": "0de4fc518c237a1c258308d61270689290ffe744",
    "Repository": {
      "Id": "7e06ad15-43b5-4281-b482-152cbd8e6e06",
      "Name": "IntraOffice"
    }
  },
  {
    "BuildNumber": "ProjectType-9.5.18347.3",
    "Definition": {
      "Name": "Version 9 Azure Build"
    },
    "StartTime": "2018-12-13T10:06:34.3864717Z",
    "FinishTime": "2018-12-13T10:16:26.090014Z",
    "RequestedBy": {
      "DisplayName": "Roel de Regt"
    },
    "Result": "succeeded",
    "SourceBranch": "refs/heads/Fixes/ProjectType",
    "SourceVersion": "0fd9011684a75232fa2bc83b3a6654b5b0cd0c45",
    "Repository": {
      "Id": "7e06ad15-43b5-4281-b482-152cbd8e6e06",
      "Name": "IntraOffice"
    }
  },
  {
    "BuildNumber": "20181130.1",
    "Definition": {
      "Name": "Identity Server"
    },
    "StartTime": "2018-11-30T08:54:34.4528487Z",
    "FinishTime": "2018-11-30T08:58:30.5895772Z",
    "RequestedBy": {
      "DisplayName": "IntraData Azure administrator"
    },
    "Result": "succeeded",
    "SourceBranch": "refs/heads/master",
    "SourceVersion": "1ee85c6f4fa7306bffd477f22be22440cf623b71",
    "Repository": {
      "Id": "4d45f1cb-3e01-4fcb-aac0-f7b35c5f3a0c",
      "Name": "IntraOffice2018"
    }
  },
  {
    "BuildNumber": "20181130.1",
    "Definition": {
      "Name": "Archive Shared REST API (WebDeploy)"
    },
    "StartTime": "2018-11-30T08:10:17.4667877Z",
    "FinishTime": "2018-11-30T08:14:14.4322311Z",
    "RequestedBy": {
      "DisplayName": "IntraData Azure administrator"
    },
    "Result": "succeeded",
    "SourceBranch": "refs/heads/master",
    "SourceVersion": "1ee85c6f4fa7306bffd477f22be22440cf623b71",
    "Repository": {
      "Id": "4d45f1cb-3e01-4fcb-aac0-f7b35c5f3a0c",
      "Name": "IntraOffice2018"
    }
  },
  {
    "BuildNumber": "20181130.1",
    "Definition": {
      "Name": "Routing Shared REST API (WebDeploy)"
    },
    "StartTime": "2018-11-30T08:05:29.5716229Z",
    "FinishTime": "2018-11-30T08:09:32.6760598Z",
    "RequestedBy": {
      "DisplayName": "IntraData Azure administrator"
    },
    "Result": "succeeded",
    "SourceBranch": "refs/heads/master",
    "SourceVersion": "1ee85c6f4fa7306bffd477f22be22440cf623b71",
    "Repository": {
      "Id": "4d45f1cb-3e01-4fcb-aac0-f7b35c5f3a0c",
      "Name": "IntraOffice2018"
    }
  },
  {
    "BuildNumber": "20181120.2",
    "Definition": {
      "Name": "Archive Shared REST API (WebDeploy)"
    },
    "StartTime": "2018-11-20T10:02:11.4281087Z",
    "FinishTime": "2018-11-20T10:06:38.9907437Z",
    "RequestedBy": {
      "DisplayName": "Mikhail Tchesnokov"
    },
    "Result": "succeeded",
    "SourceBranch": "refs/heads/master",
    "SourceVersion": "056d337acddf6009f4fde441c768d6286018e001",
    "Repository": {
      "Id": "4d45f1cb-3e01-4fcb-aac0-f7b35c5f3a0c",
      "Name": "IntraOffice2018"
    }
  },
  {
    "BuildNumber": "20181108.1",
    "Definition": {
      "Name": "Identity Server"
    },
    "StartTime": "2018-11-08T04:52:13.3425635Z",
    "FinishTime": "2018-11-08T04:57:33.7722716Z",
    "RequestedBy": {
      "DisplayName": "Mikhail Tchesnokov"
    },
    "Result": "succeeded",
    "SourceBranch": "refs/heads/master",
    "SourceVersion": "0582ab47a5a5b137b84133487df619221ab2c531",
    "Repository": {
      "Id": "4d45f1cb-3e01-4fcb-aac0-f7b35c5f3a0c",
      "Name": "IntraOffice2018"
    }
  },
  {
    "BuildNumber": "20181108.1",
    "Definition": {
      "Name": "Archive Shared REST API (WebDeploy)"
    },
    "StartTime": "2018-11-08T04:47:19.2095993Z",
    "FinishTime": "2018-11-08T04:52:06.2456604Z",
    "RequestedBy": {
      "DisplayName": "Mikhail Tchesnokov"
    },
    "Result": "succeeded",
    "SourceBranch": "refs/heads/master",
    "SourceVersion": "0582ab47a5a5b137b84133487df619221ab2c531",
    "Repository": {
      "Id": "4d45f1cb-3e01-4fcb-aac0-f7b35c5f3a0c",
      "Name": "IntraOffice2018"
    }
  },
  {
    "BuildNumber": "20181108.1",
    "Definition": {
      "Name": "Routing Shared REST API (WebDeploy)"
    },
    "StartTime": "2018-11-08T04:42:45.2317394Z",
    "FinishTime": "2018-11-08T04:47:11.683003Z",
    "RequestedBy": {
      "DisplayName": "Mikhail Tchesnokov"
    },
    "Result": "succeeded",
    "SourceBranch": "refs/heads/master",
    "SourceVersion": "0582ab47a5a5b137b84133487df619221ab2c531",
    "Repository": {
      "Id": "4d45f1cb-3e01-4fcb-aac0-f7b35c5f3a0c",
      "Name": "IntraOffice2018"
    }
  },
  {
    "BuildNumber": "9.4.18311.1",
    "Definition": {
      "Name": "Version 9.0-9.4 Azure Build"
    },
    "StartTime": "2018-11-07T10:25:38.9473171Z",
    "FinishTime": "2018-11-07T10:32:59.0608516Z",
    "RequestedBy": {
      "DisplayName": "Tjeerd de Haas"
    },
    "Result": "succeeded",
    "SourceBranch": "refs/heads/Releases/9.4",
    "SourceVersion": "b567308f69bd03f91dd0336e539a4e979b2cb704",
    "Repository": {
      "Id": "7e06ad15-43b5-4281-b482-152cbd8e6e06",
      "Name": "IntraOffice"
    }
  },
  {
    "BuildNumber": "20181106.1",
    "Definition": {
      "Name": "Depot Portal Backend"
    },
    "StartTime": "2018-11-06T16:51:08.5356094Z",
    "FinishTime": "2018-11-06T16:52:23.5098662Z",
    "RequestedBy": {
      "DisplayName": "Corne Los"
    },
    "Result": "succeeded",
    "SourceBranch": "refs/heads/master",
    "SourceVersion": "355d55a2f949e3e3fe13fadd5843928aad975157",
    "Repository": {
      "Id": "c013db00-43d1-40bd-bdcb-772cafe43e3b",
      "Name": "IntraOffice Depot"
    }
  },
  {
    "BuildNumber": "2258",
    "Definition": {
      "Name": "Depot Portal Frontend"
    },
    "StartTime": "2018-10-24T14:43:44.4313266Z",
    "FinishTime": "2018-10-24T14:49:02.3771639Z",
    "RequestedBy": {
      "DisplayName": "Corne Los"
    },
    "Result": "succeeded",
    "SourceBranch": "refs/heads/master",
    "SourceVersion": "cb0788aa930ba1143e740477289c3483a3b39b53",
    "Repository": {
      "Id": "c013db00-43d1-40bd-bdcb-772cafe43e3b",
      "Name": "IntraOffice Depot"
    }
  },
  {
    "BuildNumber": "9.3.18281.1",
    "Definition": {
      "Name": "Version 9.0-9.4 Azure Build"
    },
    "StartTime": "2018-10-08T09:12:07.6308095Z",
    "FinishTime": "2018-10-08T09:19:00.5344796Z",
    "RequestedBy": {
      "DisplayName": "Roel de Regt"
    },
    "Result": "succeeded",
    "SourceBranch": "refs/heads/Releases/9.3",
    "SourceVersion": "be6dd24259929b09e447572044a8186b34d5a792",
    "Repository": {
      "Id": "7e06ad15-43b5-4281-b482-152cbd8e6e06",
      "Name": "IntraOffice"
    }
  },
  {
    "BuildNumber": "10.0.18269.1",
    "Definition": {
      "Name": "IntraOffice-Content-Repository (old)"
    },
    "StartTime": "2018-09-26T08:04:41.8087937Z",
    "FinishTime": "2018-09-26T08:09:04.8182163Z",
    "RequestedBy": {
      "DisplayName": "Roel de Regt"
    },
    "Result": "succeeded",
    "SourceBranch": "refs/heads/master",
    "SourceVersion": "6095a70b0c307fcc5d96ac27e3b1d8de3bb507f7",
    "Repository": {
      "Id": "6525cebf-c7df-4ba3-b01a-265613861b33",
      "Name": "IntraOffice-Content-Repository"
    }
  },
  {
    "BuildNumber": "20180921.1",
    "Definition": {
      "Name": "Identity Server"
    },
    "StartTime": "2018-09-21T08:43:28.3388845Z",
    "FinishTime": "2018-09-21T08:48:42.2670137Z",
    "RequestedBy": {
      "DisplayName": "Mikhail.Tchesnokov"
    },
    "Result": "succeeded",
    "SourceBranch": "refs/heads/master",
    "SourceVersion": "796528454c1f690f81fa4a3d6273c161e7dfd605",
    "Repository": {
      "Id": "4d45f1cb-3e01-4fcb-aac0-f7b35c5f3a0c",
      "Name": "IntraOffice2018"
    }
  },
  {
    "BuildNumber": "2047",
    "Definition": {
      "Name": "Depot Portal Frontend"
    },
    "StartTime": "2018-09-05T09:06:57.0809519Z",
    "FinishTime": "2018-09-05T09:12:33.4506262Z",
    "RequestedBy": {
      "DisplayName": "Corne Los"
    },
    "Result": "succeeded",
    "SourceBranch": "refs/heads/master",
    "SourceVersion": "5fd04aad486a00daaa7efcb1c89ad8adf00b71ae",
    "Repository": {
      "Id": "c013db00-43d1-40bd-bdcb-772cafe43e3b",
      "Name": "IntraOffice Depot"
    }
  },
  {
    "BuildNumber": "20180820.1",
    "Definition": {
      "Name": "Depot Portal Backend"
    },
    "StartTime": "2018-08-20T12:09:20.8469801Z",
    "FinishTime": "2018-08-20T12:10:44.045829Z",
    "RequestedBy": {
      "DisplayName": "Corne Los"
    },
    "Result": "succeeded",
    "SourceBranch": "refs/heads/master",
    "SourceVersion": "7e33eab1ab049c8aca5ec7a9039901ca08486b89",
    "Repository": {
      "Id": "c013db00-43d1-40bd-bdcb-772cafe43e3b",
      "Name": "IntraOffice Depot"
    }
  },
  {
    "BuildNumber": "9.3.18158.2",
    "Definition": {
      "Name": "Version 9.0-9.4 Azure Build"
    },
    "StartTime": "2018-06-07T13:57:06.5716788Z",
    "FinishTime": "2018-06-07T14:03:40.00675Z",
    "RequestedBy": {
      "DisplayName": "IntraData Azure administrator"
    },
    "Result": "succeeded",
    "SourceBranch": "refs/heads/Releases/9.3",
    "SourceVersion": "c68355edfbcb67d1262df83f790ba4ff0d49bfaf",
    "Repository": {
      "Id": "7e06ad15-43b5-4281-b482-152cbd8e6e06",
      "Name": "IntraOffice"
    }
  },
  {
    "BuildNumber": "20180607.2",
    "Definition": {
      "Name": "Identity Server"
    },
    "StartTime": "2018-06-07T10:06:22.4136867Z",
    "FinishTime": "2018-06-07T10:08:59.5531435Z",
    "RequestedBy": {
      "DisplayName": "IntraData Azure administrator"
    },
    "Result": "succeeded",
    "SourceBranch": "refs/heads/master",
    "SourceVersion": "ad82029dcb2b35eefa818fb8c225bc5e76fa2739",
    "Repository": {
      "Id": "4d45f1cb-3e01-4fcb-aac0-f7b35c5f3a0c",
      "Name": "IntraOffice2018"
    }
  },
  {
    "BuildNumber": "20180605.1",
    "Definition": {
      "Name": "DEPRECATED Routing Shared REST API (WebDeploy)-Old"
    },
    "StartTime": "2018-06-05T09:34:44.8367351Z",
    "FinishTime": "2018-06-05T09:37:00.9992635Z",
    "RequestedBy": {
      "DisplayName": "IntraData Azure administrator"
    },
    "Result": "succeeded",
    "SourceBranch": "refs/heads/master",
    "SourceVersion": "cc3a8a2f57d23ff9fd816298d55f0632a676e144",
    "Repository": {
      "Id": "4d45f1cb-3e01-4fcb-aac0-f7b35c5f3a0c",
      "Name": "IntraOffice2018"
    }
  },
  {
    "BuildNumber": "20180604.1",
    "Definition": {
      "Name": "IntraOffice Service Fabric build"
    },
    "StartTime": "2018-06-04T09:56:02.1378626Z",
    "FinishTime": "2018-06-04T09:58:21.7544586Z",
    "RequestedBy": {
      "DisplayName": "IntraData Azure administrator"
    },
    "Result": "succeeded",
    "SourceBranch": "refs/heads/master",
    "SourceVersion": "4fc3416e264dbc49eb0261f2b3acf854f19ec168",
    "Repository": {
      "Id": "bc5a01cb-3b65-4983-8bd2-fd53fcd862a0",
      "Name": "IntraOffice-Service-Fabric"
    }
  },
  {
    "BuildNumber": "20180216.3",
    "Definition": {
      "Name": "DEPRECATED Routing Shared REST API (WebDeploy)-Old"
    },
    "StartTime": "2018-02-16T14:54:36.1128869Z",
    "FinishTime": "2018-02-16T14:56:55.2691014Z",
    "RequestedBy": {
      "DisplayName": "Roel de Regt"
    },
    "Result": "succeeded",
    "SourceBranch": "refs/heads/master",
    "SourceVersion": "d30a2e6862c5f8ccba53e0bc41c1204db78099c6",
    "Repository": {
      "Id": "4d45f1cb-3e01-4fcb-aac0-f7b35c5f3a0c",
      "Name": "IntraOffice2018"
    }
  },
  {
    "BuildNumber": "20180216.2",
    "Definition": {
      "Name": "DEPRECATED Routing Shared REST API (WebDeploy)-Old"
    },
    "StartTime": "2018-02-16T13:23:42.0088822Z",
    "FinishTime": "2018-02-16T13:25:48.2081553Z",
    "RequestedBy": {
      "DisplayName": "Roel de Regt"
    },
    "Result": "succeeded",
    "SourceBranch": "refs/heads/master",
    "SourceVersion": "7b7330fa9d66f03fea0839852c6cdafd3bdc2ffb",
    "Repository": {
      "Id": "4d45f1cb-3e01-4fcb-aac0-f7b35c5f3a0c",
      "Name": "IntraOffice2018"
    }
  },
  {
    "BuildNumber": "9.3.18047.3",
    "Definition": {
      "Name": "Version 9.0-9.4 Azure Build"
    },
    "StartTime": "2018-02-16T11:42:35.2715867Z",
    "FinishTime": "2018-02-16T11:49:51.6696063Z",
    "RequestedBy": {
      "DisplayName": "Roel de Regt"
    },
    "Result": "succeeded",
    "SourceBranch": "refs/heads/master",
    "SourceVersion": "ca4c975c3fbdc6690d7dffd1d087ecc798e457ab",
    "Repository": {
      "Id": "7e06ad15-43b5-4281-b482-152cbd8e6e06",
      "Name": "IntraOffice"
    }
  },
  {
    "BuildNumber": "20180208.1",
    "Definition": {
      "Name": "Archive Shared REST API (WebDeploy)"
    },
    "StartTime": "2018-02-08T13:39:38.6269355Z",
    "FinishTime": "2018-02-08T13:42:08.4504473Z",
    "RequestedBy": {
      "DisplayName": "IntraData Azure administrator"
    },
    "Result": "succeeded",
    "SourceBranch": "refs/heads/master",
    "SourceVersion": "8efd0de5209a1acb1dcc967aac83ecad96959087",
    "Repository": {
      "Id": "4d45f1cb-3e01-4fcb-aac0-f7b35c5f3a0c",
      "Name": "IntraOffice2018"
    }
  },
  {
    "BuildNumber": "20180119.1",
    "Definition": {
      "Name": "Depot Portal Backend"
    },
    "StartTime": "2018-01-19T13:03:32.2319126Z",
    "FinishTime": "2018-01-19T13:04:07.4541936Z",
    "RequestedBy": {
      "DisplayName": "Corne Los"
    },
    "Result": "succeeded",
    "SourceBranch": "refs/heads/master",
    "SourceVersion": "06017d7227b68ae94a651bf214b6371c02259bd0",
    "Repository": {
      "Id": "c013db00-43d1-40bd-bdcb-772cafe43e3b",
      "Name": "IntraOffice Depot"
    }
  },
  {
    "BuildNumber": "1335",
    "Definition": {
      "Name": "Depot Portal Frontend"
    },
    "StartTime": "2018-01-17T15:52:25.0471774Z",
    "FinishTime": "2018-01-17T15:56:32.0731141Z",
    "RequestedBy": {
      "DisplayName": "Corne Los"
    },
    "Result": "succeeded",
    "SourceBranch": "refs/heads/master",
    "SourceVersion": "1c4a32116e24f59e9c345b398a1b878a097e5cf4",
    "Repository": {
      "Id": "c013db00-43d1-40bd-bdcb-772cafe43e3b",
      "Name": "IntraOffice Depot"
    }
  },
  {
    "BuildNumber": "20180105.1",
    "Definition": {
      "Name": "Archive Shared REST API (WebDeploy)"
    },
    "StartTime": "2018-01-05T14:49:29.2921924Z",
    "FinishTime": "2018-01-05T14:52:07.4911275Z",
    "RequestedBy": {
      "DisplayName": "Roel de Regt"
    },
    "Result": "succeeded",
    "SourceBranch": "refs/heads/master",
    "SourceVersion": "98037f9672f665bb16d84270743df95e1bf8d379",
    "Repository": {
      "Id": "4d45f1cb-3e01-4fcb-aac0-f7b35c5f3a0c",
      "Name": "IntraOffice2018"
    }
  },
  {
    "BuildNumber": "9.3.18004.1",
    "Definition": {
      "Name": "Version 9.0-9.4 Azure Build"
    },
    "StartTime": "2018-01-04T10:55:38.0664798Z",
    "FinishTime": "2018-01-04T11:03:37.163077Z",
    "RequestedBy": {
      "DisplayName": "Roel de Regt"
    },
    "Result": "succeeded",
    "SourceBranch": "refs/heads/Features/Amstelveen",
    "SourceVersion": "a5483ac94d1226a3ae84d117df924460f6e04269",
    "Repository": {
      "Id": "7e06ad15-43b5-4281-b482-152cbd8e6e06",
      "Name": "IntraOffice"
    }
  },
  {
    "BuildNumber": "1285",
    "Definition": {
      "Name": "Depot Portal Frontend"
    },
    "StartTime": "2018-01-04T09:52:33.4441848Z",
    "FinishTime": "2018-01-04T09:58:18.2518002Z",
    "RequestedBy": {
      "DisplayName": "Corne Los"
    },
    "Result": "succeeded",
    "SourceBranch": "refs/heads/master",
    "SourceVersion": "ba19175231e00133c43f4d1730d15b6f1c8c934f",
    "Repository": {
      "Id": "c013db00-43d1-40bd-bdcb-772cafe43e3b",
      "Name": "IntraOffice Depot"
    }
  },
  {
    "BuildNumber": "20180104.1",
    "Definition": {
      "Name": "Depot Portal Backend"
    },
    "StartTime": "2018-01-04T09:51:12.2591203Z",
    "FinishTime": "2018-01-04T09:52:32.0535875Z",
    "RequestedBy": {
      "DisplayName": "Corne Los"
    },
    "Result": "succeeded",
    "SourceBranch": "refs/heads/master",
    "SourceVersion": "ba19175231e00133c43f4d1730d15b6f1c8c934f",
    "Repository": {
      "Id": "c013db00-43d1-40bd-bdcb-772cafe43e3b",
      "Name": "IntraOffice Depot"
    }
  },
  {
    "BuildNumber": "20171221.1",
    "Definition": {
      "Name": "sms-service-digitalsigning - CI"
    },
    "StartTime": "2017-12-21T11:37:23.4315385Z",
    "FinishTime": "2017-12-21T11:40:11.0050039Z",
    "RequestedBy": {
      "DisplayName": "Microsoft.VisualStudio.Services.TFS"
    },
    "Result": "succeeded",
    "SourceBranch": "refs/heads/master",
    "SourceVersion": "8fb7b8194fd0cbd2a9dd7959da9620efa3e65735",
    "Repository": {
      "Id": "e5c84ce0-394d-4713-b3b3-c72963d5e60e",
      "Name": null
    }
  },
  {
    "BuildNumber": "9.1.17342.3",
    "Definition": {
      "Name": "Version 9.0-9.4 Azure Build"
    },
    "StartTime": "2017-12-08T14:01:09.383035Z",
    "FinishTime": "2017-12-08T14:08:35.6321464Z",
    "RequestedBy": {
      "DisplayName": "IntraData Azure administrator"
    },
    "Result": "succeeded",
    "SourceBranch": "refs/heads/Features/Amstelveen",
    "SourceVersion": "cd27be5203ea11e3ce2f84386dcff52087d01628",
    "Repository": {
      "Id": "7e06ad15-43b5-4281-b482-152cbd8e6e06",
      "Name": "IntraOffice"
    }
  },
  {
    "BuildNumber": "20171208.3",
    "Definition": {
      "Name": "Archive Shared REST API (WebDeploy)"
    },
    "StartTime": "2017-12-08T13:32:08.0837492Z",
    "FinishTime": "2017-12-08T13:34:28.5579557Z",
    "RequestedBy": {
      "DisplayName": "Corne Los"
    },
    "Result": "succeeded",
    "SourceBranch": "refs/heads/master",
    "SourceVersion": "aae28c23b628e0da7b47899e8bc8db7e0e0d1601",
    "Repository": {
      "Id": "4d45f1cb-3e01-4fcb-aac0-f7b35c5f3a0c",
      "Name": "IntraOffice2018"
    }
  },
  {
    "BuildNumber": "1194",
    "Definition": {
      "Name": "Depot Portal Frontend"
    },
    "StartTime": "2017-12-08T11:31:01.5969237Z",
    "FinishTime": "2017-12-08T11:34:18.4562803Z",
    "RequestedBy": {
      "DisplayName": "IntraData Azure administrator"
    },
    "Result": "succeeded",
    "SourceBranch": "refs/heads/master",
    "SourceVersion": "4a93474a19421d08106f5b051f25b00a549434ea",
    "Repository": {
      "Id": "c013db00-43d1-40bd-bdcb-772cafe43e3b",
      "Name": "IntraOffice Depot"
    }
  },
  {
    "BuildNumber": "20171208.1",
    "Definition": {
      "Name": "Depot Portal Backend"
    },
    "StartTime": "2017-12-08T11:30:23.2032295Z",
    "FinishTime": "2017-12-08T11:30:59.8313096Z",
    "RequestedBy": {
      "DisplayName": "IntraData Azure administrator"
    },
    "Result": "succeeded",
    "SourceBranch": "refs/heads/master",
    "SourceVersion": "4a93474a19421d08106f5b051f25b00a549434ea",
    "Repository": {
      "Id": "c013db00-43d1-40bd-bdcb-772cafe43e3b",
      "Name": "IntraOffice Depot"
    }
  },
  {
    "BuildNumber": "9.1.17341.2",
    "Definition": {
      "Name": "Version 9.0-9.4 Azure Build"
    },
    "StartTime": "2017-12-07T14:17:17.8678124Z",
    "FinishTime": "2017-12-07T14:24:37.1735809Z",
    "RequestedBy": {
      "DisplayName": "Corne Los"
    },
    "Result": "succeeded",
    "SourceBranch": "refs/heads/Features/Amstelveen",
    "SourceVersion": "99969395d840c25732ea2404ebcf1e26a2bb40b5",
    "Repository": {
      "Id": "7e06ad15-43b5-4281-b482-152cbd8e6e06",
      "Name": "IntraOffice"
    }
  },
  {
    "BuildNumber": "1177",
    "Definition": {
      "Name": "Depot Portal Frontend"
    },
    "StartTime": "2017-12-07T13:19:02.8834726Z",
    "FinishTime": "2017-12-07T13:22:40.4431153Z",
    "RequestedBy": {
      "DisplayName": "Corne Los"
    },
    "Result": "succeeded",
    "SourceBranch": "refs/heads/master",
    "SourceVersion": "ec32bebcc19f5cb47298fee1b6fa233ceb36e9dd",
    "Repository": {
      "Id": "c013db00-43d1-40bd-bdcb-772cafe43e3b",
      "Name": "IntraOffice Depot"
    }
  },
  {
    "BuildNumber": "20171207.1",
    "Definition": {
      "Name": "Depot Portal Backend"
    },
    "StartTime": "2017-12-07T13:06:39.6493438Z",
    "FinishTime": "2017-12-07T13:07:44.7246057Z",
    "RequestedBy": {
      "DisplayName": "Corne Los"
    },
    "Result": "succeeded",
    "SourceBranch": "refs/heads/master",
    "SourceVersion": "ec32bebcc19f5cb47298fee1b6fa233ceb36e9dd",
    "Repository": {
      "Id": "c013db00-43d1-40bd-bdcb-772cafe43e3b",
      "Name": "IntraOffice Depot"
    }
  },
  {
    "BuildNumber": "9.1.17340.1",
    "Definition": {
      "Name": "Version 9.0-9.4 Azure Build"
    },
    "StartTime": "2017-12-06T07:37:10.6568817Z",
    "FinishTime": "2017-12-06T07:45:26.9568889Z",
    "RequestedBy": {
      "DisplayName": "Roel de Regt"
    },
    "Result": "succeeded",
    "SourceBranch": "refs/heads/Features/Amstelveen",
    "SourceVersion": "e3c4ee0428500b878b4f3fc54b43a1d3071d246f",
    "Repository": {
      "Id": "7e06ad15-43b5-4281-b482-152cbd8e6e06",
      "Name": "IntraOffice"
    }
  },
  {
    "BuildNumber": "20171122.7",
    "Definition": {
      "Name": "IntraOffice Service Fabric build"
    },
    "StartTime": "2017-11-22T10:52:58.3656001Z",
    "FinishTime": "2017-11-22T10:54:43.3300866Z",
    "RequestedBy": {
      "DisplayName": "Tjeerd de Haas"
    },
    "Result": "succeeded",
    "SourceBranch": "refs/heads/master",
    "SourceVersion": "48797215d9b5511316ad5ec933917e319454bbb8",
    "Repository": {
      "Id": "e5c84ce0-394d-4713-b3b3-c72963d5e60e",
      "Name": null
    }
  },
  {
    "BuildNumber": "9.1.17325.12",
    "Definition": {
      "Name": "Version 9.0-9.4 Azure Build"
    },
    "StartTime": "2017-11-21T13:04:46.7746817Z",
    "FinishTime": "2017-11-21T13:12:21.5195536Z",
    "RequestedBy": {
      "DisplayName": "Tjeerd de Haas"
    },
    "Result": "succeeded",
    "SourceBranch": "refs/heads/master",
    "SourceVersion": "e3067a82682a44d9820c2633770cb8446e9bc99e",
    "Repository": {
      "Id": "7e06ad15-43b5-4281-b482-152cbd8e6e06",
      "Name": "IntraOffice"
    }
  },
  {
    "BuildNumber": "20171027.1",
    "Definition": {
      "Name": "Archive Shared REST API (WebDeploy)"
    },
    "StartTime": "2017-10-27T07:16:58.1186854Z",
    "FinishTime": "2017-10-27T07:19:05.3151916Z",
    "RequestedBy": {
      "DisplayName": "Mikhail.Tchesnokov"
    },
    "Result": "succeeded",
    "SourceBranch": "refs/heads/master",
    "SourceVersion": "2e0c894be3e01ec05e7dcb5419c2e22217f92ed5",
    "Repository": {
      "Id": "4d45f1cb-3e01-4fcb-aac0-f7b35c5f3a0c",
      "Name": "IntraOffice2018"
    }
  },
  {
    "BuildNumber": "9.1.17296.1",
    "Definition": {
      "Name": "Version 9.0-9.4 Azure Build"
    },
    "StartTime": "2017-10-23T08:34:29.0887461Z",
    "FinishTime": "2017-10-23T08:42:37.411344Z",
    "RequestedBy": {
      "DisplayName": "Tjeerd de Haas"
    },
    "Result": "succeeded",
    "SourceBranch": "refs/heads/master",
    "SourceVersion": "2af62dbc9f0165b1f4309bef2316c7f44f012741",
    "Repository": {
      "Id": "7e06ad15-43b5-4281-b482-152cbd8e6e06",
      "Name": "IntraOffice"
    }
  },
  {
    "BuildNumber": "9.0.17289.2",
    "Definition": {
      "Name": "Version 9.0-9.4 Azure Build"
    },
    "StartTime": "2017-10-16T11:36:03.896939Z",
    "FinishTime": "2017-10-16T11:43:00.5422306Z",
    "RequestedBy": {
      "DisplayName": "Tjeerd de Haas"
    },
    "Result": "succeeded",
    "SourceBranch": "refs/heads/master",
    "SourceVersion": "921f82f18b5d9a089fe2ef1924ae99f1ef98dadc",
    "Repository": {
      "Id": "7e06ad15-43b5-4281-b482-152cbd8e6e06",
      "Name": "IntraOffice"
    }
  },
  {
    "BuildNumber": "9.0.17289.1",
    "Definition": {
      "Name": "Version 9.0-9.4 Azure Build"
    },
    "StartTime": "2017-10-16T08:49:33.1701695Z",
    "FinishTime": "2017-10-16T08:58:15.4097733Z",
    "RequestedBy": {
      "DisplayName": "Tjeerd de Haas"
    },
    "Result": "succeeded",
    "SourceBranch": "refs/heads/master",
    "SourceVersion": "bf6e9cf90d60b4ed8c871f964e76b32a932f815f",
    "Repository": {
      "Id": "7e06ad15-43b5-4281-b482-152cbd8e6e06",
      "Name": "IntraOffice"
    }
  },
  {
    "BuildNumber": "9.0.17282.1",
    "Definition": {
      "Name": "Version 9.0-9.4 Azure Build"
    },
    "StartTime": "2017-10-09T07:37:31.5620633Z",
    "FinishTime": "2017-10-09T07:45:24.6670272Z",
    "RequestedBy": {
      "DisplayName": "IntraData Azure administrator"
    },
    "Result": "succeeded",
    "SourceBranch": "refs/heads/master",
    "SourceVersion": "50b0c4dfdcd12625c9b8e0b626f6db68a7d1a960",
    "Repository": {
      "Id": "7e06ad15-43b5-4281-b482-152cbd8e6e06",
      "Name": "IntraOffice"
    }
  },
  {
    "BuildNumber": "9.0.17270.2",
    "Definition": {
      "Name": "Version 9.0-9.4 Azure Build"
    },
    "StartTime": "2017-09-27T13:03:25.2001182Z",
    "FinishTime": "2017-09-27T13:10:27.7558785Z",
    "RequestedBy": {
      "DisplayName": "IntraData Azure administrator"
    },
    "Result": "succeeded",
    "SourceBranch": "refs/heads/master",
    "SourceVersion": "29ac5e07c4e116001cdc34aaa9ed0618b3a2a0a8",
    "Repository": {
      "Id": "7e06ad15-43b5-4281-b482-152cbd8e6e06",
      "Name": "IntraOffice"
    }
  },
  {
    "BuildNumber": "9.0.17223.3",
    "Definition": {
      "Name": "Version 9.0-9.4 Azure Build"
    },
    "StartTime": "2017-08-11T10:11:31.1429787Z",
    "FinishTime": "2017-08-11T10:25:16.4123526Z",
    "RequestedBy": {
      "DisplayName": "Tjeerd de Haas"
    },
    "Result": "succeeded",
    "SourceBranch": "refs/heads/Features/AzureRelease",
    "SourceVersion": "bb9bc9f74af679ba6a726cfea1203a91e44b6366",
    "Repository": {
      "Id": "7e06ad15-43b5-4281-b482-152cbd8e6e06",
      "Name": "IntraOffice"
    }
  },
  {
    "BuildNumber": "9.0.17223.2",
    "Definition": {
      "Name": "Version 9.0-9.4 Azure Build"
    },
    "StartTime": "2017-08-11T09:05:08.5918595Z",
    "FinishTime": "2017-08-11T09:18:15.665944Z",
    "RequestedBy": {
      "DisplayName": "Tjeerd de Haas"
    },
    "Result": "succeeded",
    "SourceBranch": "refs/heads/Features/AzureRelease",
    "SourceVersion": "f59d1292e4e1f9f253589cfb65cb7c25409fd61f",
    "Repository": {
      "Id": "7e06ad15-43b5-4281-b482-152cbd8e6e06",
      "Name": "IntraOffice"
    }
  },
  {
    "BuildNumber": "8.13.17192.1",
    "Definition": {
      "Name": "Version 8 Build"
    },
    "StartTime": "2017-07-11T07:34:51.060473Z",
    "FinishTime": "2017-07-11T07:41:53.5682251Z",
    "RequestedBy": {
      "DisplayName": "Tjeerd de Haas"
    },
    "Result": "succeeded",
    "SourceBranch": "refs/heads/Features/parsepdffix",
    "SourceVersion": "c323d2617dff39ca43aa1c384604cfa50a580fb1",
    "Repository": {
      "Id": "7e06ad15-43b5-4281-b482-152cbd8e6e06",
      "Name": "IntraOffice"
    }
  },
  {
    "BuildNumber": "7.11.17159.3",
    "Definition": {
      "Name": "Version 7 Build"
    },
    "StartTime": "2017-06-08T14:10:50.1258934Z",
    "FinishTime": "2017-06-08T14:50:26.8762442Z",
    "RequestedBy": {
      "DisplayName": "Roel de Regt"
    },
    "Result": "succeeded",
    "SourceBranch": "refs/heads/Releases/7.11",
    "SourceVersion": "8f780823c3435eebc76609d6b2ced40bc76ac666",
    "Repository": {
      "Id": "7e06ad15-43b5-4281-b482-152cbd8e6e06",
      "Name": "IntraOffice"
    }
  },
  {
    "BuildNumber": "7.11.17115.2",
    "Definition": {
      "Name": "Version 7 Build"
    },
    "StartTime": "2017-04-25T10:37:43.9427047Z",
    "FinishTime": "2017-04-25T11:18:36.0017676Z",
    "RequestedBy": {
      "DisplayName": "Roel de Regt"
    },
    "Result": "succeeded",
    "SourceBranch": "refs/heads/Releases/7.11",
    "SourceVersion": "223e8946c2320e37d66d55d9b54ea199d8e3bfed",
    "Repository": {
      "Id": "7e06ad15-43b5-4281-b482-152cbd8e6e06",
      "Name": "IntraOffice"
    }
  },
  {
    "BuildNumber": "8.17.17080.1",
    "Definition": {
      "Name": "Version 8 Build"
    },
    "StartTime": "2017-03-21T09:14:40.0582482Z",
    "FinishTime": "2017-03-21T09:22:49.1539875Z",
    "RequestedBy": {
      "DisplayName": "Roel de Regt"
    },
    "Result": "succeeded",
    "SourceBranch": "refs/heads/master",
    "SourceVersion": "7daf8ab237e067b4a465669d946a8482485843b7",
    "Repository": {
      "Id": "7e06ad15-43b5-4281-b482-152cbd8e6e06",
      "Name": "IntraOffice"
    }
  },
  {
    "BuildNumber": "8.17.17068.1",
    "Definition": {
      "Name": "Version 8 Build"
    },
    "StartTime": "2017-03-09T14:24:49.0972361Z",
    "FinishTime": "2017-03-09T14:35:42.2829039Z",
    "RequestedBy": {
      "DisplayName": "Roel de Regt"
    },
    "Result": "succeeded",
    "SourceBranch": "refs/heads/master",
    "SourceVersion": "449581a4a32ac61e9f684a53244703ea0121bb21",
    "Repository": {
      "Id": "7e06ad15-43b5-4281-b482-152cbd8e6e06",
      "Name": "IntraOffice"
    }
  },
  {
    "BuildNumber": "7.11.17046.2",
    "Definition": {
      "Name": "Version 7 Build"
    },
    "StartTime": "2017-02-15T10:53:38.3735404Z",
    "FinishTime": "2017-02-15T11:34:58.7776046Z",
    "RequestedBy": {
      "DisplayName": "Roel de Regt"
    },
    "Result": "succeeded",
    "SourceBranch": "refs/heads/Releases/7.11",
    "SourceVersion": "fbb4954dbe048a5a0a2e5f0eea0f77b93e2d94be",
    "Repository": {
      "Id": "7e06ad15-43b5-4281-b482-152cbd8e6e06",
      "Name": "IntraOffice"
    }
  },
  {
    "BuildNumber": "8.15.16348.1",
    "Definition": {
      "Name": "Version 8 Build"
    },
    "StartTime": "2016-12-13T10:38:36.6486133Z",
    "FinishTime": "2016-12-13T10:48:32.3834387Z",
    "RequestedBy": {
      "DisplayName": "Tjeerd de Haas"
    },
    "Result": "succeeded",
    "SourceBranch": "refs/heads/Releases/8.15",
    "SourceVersion": "d38cf7368cf4c9ce7511449d10c53bae05c9f107",
    "Repository": {
      "Id": "7e06ad15-43b5-4281-b482-152cbd8e6e06",
      "Name": "IntraOffice"
    }
  }
]
]]></output>
                  </test-case>
                  <test-case id="1-1025" name="Get_All_Builds_For_Specific_Build_Definition" fullname="Mtch.VstsClient.IntTests.UseCases.Builds.ListBuilds.HappyTests.Get_All_Builds_For_Specific_Build_Definition" methodname="Get_All_Builds_For_Specific_Build_Definition" classname="Mtch.VstsClient.IntTests.UseCases.Builds.ListBuilds.HappyTests" runstate="Runnable" seed="76314320" result="Passed" start-time="2020-01-30 11:00:34Z" end-time="2020-01-30 11:00:39Z" duration="5.100937" asserts="1">
                    <properties />
                    <output><![CDATA[[
  {
    "BuildNumber": "20200129.2",
    "Definition": {
      "Name": "IntraOffice2018 CI Build (Master)"
    },
    "StartTime": "2020-01-29T15:25:28.0288022Z",
    "FinishTime": "2020-01-29T15:29:21.6627165Z",
    "RequestedBy": {
      "DisplayName": "Microsoft.VisualStudio.Services.TFS"
    },
    "Result": "failed",
    "SourceBranch": "refs/heads/master",
    "SourceVersion": "51b9a15fdd41dee3a5ff560542c69d93666df5aa",
    "Repository": {
      "Id": "4d45f1cb-3e01-4fcb-aac0-f7b35c5f3a0c",
      "Name": "IntraOffice2018"
    }
  },
  {
    "BuildNumber": "20200129.1",
    "Definition": {
      "Name": "IntraOffice2018 CI Build (Master)"
    },
    "StartTime": "2020-01-29T12:54:51.4937295Z",
    "FinishTime": "2020-01-29T12:58:45.8319416Z",
    "RequestedBy": {
      "DisplayName": "Microsoft.VisualStudio.Services.TFS"
    },
    "Result": "failed",
    "SourceBranch": "refs/heads/master",
    "SourceVersion": "c059318403815ecff13810bdf1489fbfae7a5eba",
    "Repository": {
      "Id": "4d45f1cb-3e01-4fcb-aac0-f7b35c5f3a0c",
      "Name": "IntraOffice2018"
    }
  },
  {
    "BuildNumber": "20200107.1",
    "Definition": {
      "Name": "IntraOffice2018 CI Build (Master)"
    },
    "StartTime": "2020-01-07T09:23:37.7014998Z",
    "FinishTime": "2020-01-07T09:32:29.0422876Z",
    "RequestedBy": {
      "DisplayName": "Microsoft.VisualStudio.Services.TFS"
    },
    "Result": "succeeded",
    "SourceBranch": "refs/heads/master",
    "SourceVersion": "f2423784442c02c576a76a603f5f74daf2ee8f33",
    "Repository": {
      "Id": "4d45f1cb-3e01-4fcb-aac0-f7b35c5f3a0c",
      "Name": "IntraOffice2018"
    }
  },
  {
    "BuildNumber": "20200106.1",
    "Definition": {
      "Name": "IntraOffice2018 CI Build (Master)"
    },
    "StartTime": "2020-01-06T14:44:46.3734412Z",
    "FinishTime": "2020-01-06T14:53:39.5222813Z",
    "RequestedBy": {
      "DisplayName": "Microsoft.VisualStudio.Services.TFS"
    },
    "Result": "succeeded",
    "SourceBranch": "refs/heads/master",
    "SourceVersion": "1321ee94749490b9f3ae2eb764b4ddd5551158b0",
    "Repository": {
      "Id": "4d45f1cb-3e01-4fcb-aac0-f7b35c5f3a0c",
      "Name": "IntraOffice2018"
    }
  },
  {
    "BuildNumber": "20191209.1",
    "Definition": {
      "Name": "IntraOffice2018 CI Build (Master)"
    },
    "StartTime": "2019-12-09T12:22:08.3846553Z",
    "FinishTime": "2019-12-09T12:30:57.3351534Z",
    "RequestedBy": {
      "DisplayName": "Microsoft.VisualStudio.Services.TFS"
    },
    "Result": "succeeded",
    "SourceBranch": "refs/heads/master",
    "SourceVersion": "e9fa5032acf44cc3e27b2bee18c3b818e410c23a",
    "Repository": {
      "Id": "4d45f1cb-3e01-4fcb-aac0-f7b35c5f3a0c",
      "Name": "IntraOffice2018"
    }
  }
]
]]></output>
                  </test-case>
                </test-suite>
                <test-suite type="TestFixture" id="1-1026" name="UnhappyTests" fullname="Mtch.VstsClient.IntTests.UseCases.Builds.ListBuilds.UnhappyTests" classname="Mtch.VstsClient.IntTests.UseCases.Builds.ListBuilds.UnhappyTests" runstate="Runnable" testcasecount="2" result="Passed" start-time="2020-01-30 11:00:39Z" end-time="2020-01-30 11:00:43Z" duration="3.479039" total="2" passed="2" failed="0" warnings="0" inconclusive="0" skipped="0" asserts="2">
                  <properties>
                    <property name="Category" value="IntegrationTest" />
                  </properties>
                  <test-case id="1-1028" name="Bad_Definition_Name" fullname="Mtch.VstsClient.IntTests.UseCases.Builds.ListBuilds.UnhappyTests.Bad_Definition_Name" methodname="Bad_Definition_Name" classname="Mtch.VstsClient.IntTests.UseCases.Builds.ListBuilds.UnhappyTests" runstate="Runnable" seed="1918849974" result="Passed" start-time="2020-01-30 11:00:39Z" end-time="2020-01-30 11:00:43Z" duration="3.407194" asserts="1">
                    <properties />
                  </test-case>
                  <test-case id="1-1027" name="Bad_Project_Name" fullname="Mtch.VstsClient.IntTests.UseCases.Builds.ListBuilds.UnhappyTests.Bad_Project_Name" methodname="Bad_Project_Name" classname="Mtch.VstsClient.IntTests.UseCases.Builds.ListBuilds.UnhappyTests" runstate="Runnable" seed="86021528" result="Passed" start-time="2020-01-30 11:00:43Z" end-time="2020-01-30 11:00:43Z" duration="0.070027" asserts="1">
                    <properties />
                    <output><![CDATA[{
  "ProjectName": "abc",
  "Message": "Requested project cannot be found",
  "Data": {},
  "InnerException": null,
  "StackTrace": "   bij Mtch.VstsClient.Services.BuildsService.<GetAllBuilds>d__4.MoveNext() in c:\\GitHub\\VstsClient\\Src\\Services\\BuildsService.cs:regel 50\r\n--- Einde van stacktracering vanaf vorige locatie waar uitzondering is opgetreden ---\r\n   bij System.Runtime.ExceptionServices.ExceptionDispatchInfo.Throw()\r\n   bij System.Runtime.CompilerServices.TaskAwaiter.HandleNonSuccessAndDebuggerNotification(Task task)\r\n   bij NUnit.Framework.Internal.TaskAwaitAdapter.GenericAdapter`1.BlockUntilCompleted() in D:\\a\\1\\s\\src\\NUnitFramework\\framework\\Internal\\TaskAwaitAdapter.cs:regel 95\r\n   bij NUnit.Framework.Internal.AsyncToSyncAdapter.Await(Func`1 invoke) in D:\\a\\1\\s\\src\\NUnitFramework\\framework\\Internal\\AsyncToSyncAdapter.cs:regel 60\r\n   bij NUnit.Framework.Assert.ThrowsAsync(IResolveConstraint expression, AsyncTestDelegate code, String message, Object[] args) in D:\\a\\1\\s\\src\\NUnitFramework\\framework\\Assert.Exceptions.Async.cs:regel 48",
  "HelpLink": null,
  "Source": "Mtch.VstsClient",
  "HResult": -2146233088
}
]]></output>
                  </test-case>
                </test-suite>
              </test-suite>
            </test-suite>
            <test-suite type="TestSuite" id="1-1042" name="Commits" fullname="Mtch.VstsClient.IntTests.UseCases.Commits" runstate="Runnable" testcasecount="3" result="Passed" start-time="2020-01-30 11:00:24Z" end-time="2020-01-30 11:00:44Z" duration="19.372345" total="3" passed="3" failed="0" warnings="0" inconclusive="0" skipped="0" asserts="3">
              <properties />
              <test-suite type="TestSuite" id="1-1043" name="ListCommits" fullname="Mtch.VstsClient.IntTests.UseCases.Commits.ListCommits" runstate="Runnable" testcasecount="3" result="Passed" start-time="2020-01-30 11:00:24Z" end-time="2020-01-30 11:00:44Z" duration="19.372340" total="3" passed="3" failed="0" warnings="0" inconclusive="0" skipped="0" asserts="3">
                <properties />
                <test-suite type="TestFixture" id="1-1006" name="HappyTests" fullname="Mtch.VstsClient.IntTests.UseCases.Commits.ListCommits.HappyTests" classname="Mtch.VstsClient.IntTests.UseCases.Commits.ListCommits.HappyTests" runstate="Explicit" testcasecount="1" result="Passed" start-time="2020-01-30 11:00:43Z" end-time="2020-01-30 11:00:43Z" duration="0.362217" total="1" passed="1" failed="0" warnings="0" inconclusive="0" skipped="0" asserts="1">
                  <properties>
                    <property name="Category" value="IntegrationTest" />
                  </properties>
                  <test-case id="1-1007" name="Happy_Case" fullname="Mtch.VstsClient.IntTests.UseCases.Commits.ListCommits.HappyTests.Happy_Case" methodname="Happy_Case" classname="Mtch.VstsClient.IntTests.UseCases.Commits.ListCommits.HappyTests" runstate="Runnable" seed="279669079" result="Passed" start-time="2020-01-30 11:00:43Z" end-time="2020-01-30 11:00:43Z" duration="0.360618" asserts="1">
                    <properties />
                    <output><![CDATA[[
  {
    "Id": "f5d7c1b911c3b9a705956e4da892840938ca3bfd",
    "Author": "Roel de Regt",
    "Date": "2018-05-17T09:24:35Z",
    "Comment": "Initial commit"
  }
]
]]></output>
                  </test-case>
                </test-suite>
                <test-suite type="TestFixture" id="1-1008" name="UnhappyTests" fullname="Mtch.VstsClient.IntTests.UseCases.Commits.ListCommits.UnhappyTests" classname="Mtch.VstsClient.IntTests.UseCases.Commits.ListCommits.UnhappyTests" runstate="Explicit" testcasecount="2" result="Passed" start-time="2020-01-30 11:00:43Z" end-time="2020-01-30 11:00:44Z" duration="0.887074" total="2" passed="2" failed="0" warnings="0" inconclusive="0" skipped="0" asserts="2">
                  <properties>
                    <property name="Category" value="IntegrationTest" />
                  </properties>
                  <test-case id="1-1009" name="Bad_Project_Name" fullname="Mtch.VstsClient.IntTests.UseCases.Commits.ListCommits.UnhappyTests.Bad_Project_Name" methodname="Bad_Project_Name" classname="Mtch.VstsClient.IntTests.UseCases.Commits.ListCommits.UnhappyTests" runstate="Runnable" seed="1047121408" result="Passed" start-time="2020-01-30 11:00:43Z" end-time="2020-01-30 11:00:43Z" duration="0.470535" asserts="1">
                    <properties />
                    <output><![CDATA[{
  "ProjectName": "abcd",
  "Message": "Requested project cannot be found",
  "Data": {},
  "InnerException": null,
  "StackTrace": "   bij Mtch.VstsClient.Services.CommitsService.<GetAllCommits>d__6.MoveNext() in c:\\GitHub\\VstsClient\\Src\\Services\\CommitsService.cs:regel 67\r\n--- Einde van stacktracering vanaf vorige locatie waar uitzondering is opgetreden ---\r\n   bij System.Runtime.ExceptionServices.ExceptionDispatchInfo.Throw()\r\n   bij System.Runtime.CompilerServices.TaskAwaiter.HandleNonSuccessAndDebuggerNotification(Task task)\r\n   bij NUnit.Framework.Internal.TaskAwaitAdapter.GenericAdapter`1.BlockUntilCompleted() in D:\\a\\1\\s\\src\\NUnitFramework\\framework\\Internal\\TaskAwaitAdapter.cs:regel 95\r\n   bij NUnit.Framework.Internal.AsyncToSyncAdapter.Await(Func`1 invoke) in D:\\a\\1\\s\\src\\NUnitFramework\\framework\\Internal\\AsyncToSyncAdapter.cs:regel 60\r\n   bij NUnit.Framework.Assert.ThrowsAsync(IResolveConstraint expression, AsyncTestDelegate code, String message, Object[] args) in D:\\a\\1\\s\\src\\NUnitFramework\\framework\\Assert.Exceptions.Async.cs:regel 48",
  "HelpLink": null,
  "Source": "Mtch.VstsClient",
  "HResult": -2146233088
}
]]></output>
                  </test-case>
                  <test-case id="1-1010" name="Bad_Repository_Id" fullname="Mtch.VstsClient.IntTests.UseCases.Commits.ListCommits.UnhappyTests.Bad_Repository_Id" methodname="Bad_Repository_Id" classname="Mtch.VstsClient.IntTests.UseCases.Commits.ListCommits.UnhappyTests" runstate="Runnable" seed="630343317" result="Passed" start-time="2020-01-30 11:00:43Z" end-time="2020-01-30 11:00:44Z" duration="0.414885" asserts="1">
                    <properties />
                    <output><![CDATA[{
  "ProjectName": "IntraOffice",
  "RepositoryId": "abcd",
  "Message": "Requested repository cannot be found",
  "Data": {},
  "InnerException": null,
  "StackTrace": "   bij Mtch.VstsClient.Services.CommitsService.<GetAllCommits>d__6.MoveNext() in c:\\GitHub\\VstsClient\\Src\\Services\\CommitsService.cs:regel 67\r\n--- Einde van stacktracering vanaf vorige locatie waar uitzondering is opgetreden ---\r\n   bij System.Runtime.ExceptionServices.ExceptionDispatchInfo.Throw()\r\n   bij System.Runtime.CompilerServices.TaskAwaiter.HandleNonSuccessAndDebuggerNotification(Task task)\r\n   bij NUnit.Framework.Internal.TaskAwaitAdapter.GenericAdapter`1.BlockUntilCompleted() in D:\\a\\1\\s\\src\\NUnitFramework\\framework\\Internal\\TaskAwaitAdapter.cs:regel 95\r\n   bij NUnit.Framework.Internal.AsyncToSyncAdapter.Await(Func`1 invoke) in D:\\a\\1\\s\\src\\NUnitFramework\\framework\\Internal\\AsyncToSyncAdapter.cs:regel 60\r\n   bij NUnit.Framework.Assert.ThrowsAsync(IResolveConstraint expression, AsyncTestDelegate code, String message, Object[] args) in D:\\a\\1\\s\\src\\NUnitFramework\\framework\\Assert.Exceptions.Async.cs:regel 48",
  "HelpLink": null,
  "Source": "Mtch.VstsClient",
  "HResult": -2146233088
}
]]></output>
                  </test-case>
                </test-suite>
              </test-suite>
            </test-suite>
            <test-suite type="TestSuite" id="1-1047" name="Feeds" fullname="Mtch.VstsClient.IntTests.UseCases.Feeds" runstate="Runnable" testcasecount="1" result="Passed" start-time="2020-01-30 11:00:24Z" end-time="2020-01-30 11:00:44Z" duration="19.503644" total="1" passed="1" failed="0" warnings="0" inconclusive="0" skipped="0" asserts="1">
              <properties />
              <test-suite type="TestSuite" id="1-1048" name="ListFeeds" fullname="Mtch.VstsClient.IntTests.UseCases.Feeds.ListFeeds" runstate="Runnable" testcasecount="1" result="Passed" start-time="2020-01-30 11:00:24Z" end-time="2020-01-30 11:00:44Z" duration="19.503637" total="1" passed="1" failed="0" warnings="0" inconclusive="0" skipped="0" asserts="1">
                <properties />
                <test-suite type="TestFixture" id="1-1021" name="HappyTests" fullname="Mtch.VstsClient.IntTests.UseCases.Feeds.ListFeeds.HappyTests" classname="Mtch.VstsClient.IntTests.UseCases.Feeds.ListFeeds.HappyTests" runstate="Explicit" testcasecount="1" result="Passed" start-time="2020-01-30 11:00:44Z" end-time="2020-01-30 11:00:44Z" duration="0.131283" total="1" passed="1" failed="0" warnings="0" inconclusive="0" skipped="0" asserts="1">
                  <properties>
                    <property name="Category" value="IntegrationTest" />
                  </properties>
                  <test-case id="1-1022" name="Happy_Case" fullname="Mtch.VstsClient.IntTests.UseCases.Feeds.ListFeeds.HappyTests.Happy_Case" methodname="Happy_Case" classname="Mtch.VstsClient.IntTests.UseCases.Feeds.ListFeeds.HappyTests" runstate="Runnable" seed="1621222724" result="Passed" start-time="2020-01-30 11:00:44Z" end-time="2020-01-30 11:00:44Z" duration="0.130009" asserts="1">
                    <properties />
                    <output><![CDATA[[
  {
    "Name": "IntraOffice"
  },
  {
    "Name": "IntraOfficeNuget(Depricated)"
  },
  {
    "Name": "IntraOfficeNuget4(Depricated)"
  },
  {
    "Name": "IntraOfficeNuget5"
  },
  {
    "Name": "IntraOfficeNuget6"
  },
  {
    "Name": "IntraOfficeNuget7"
  },
  {
    "Name": "IntraOffice-Prerelease"
  },
  {
    "Name": "test1"
  }
]
]]></output>
                  </test-case>
                </test-suite>
              </test-suite>
            </test-suite>
            <test-suite type="TestSuite" id="1-1044" name="Packages" fullname="Mtch.VstsClient.IntTests.UseCases.Packages" runstate="Runnable" testcasecount="6" result="Passed" start-time="2020-01-30 11:00:24Z" end-time="2020-01-30 11:00:46Z" duration="21.853227" total="6" passed="6" failed="0" warnings="0" inconclusive="0" skipped="0" asserts="6">
              <properties />
              <test-suite type="TestSuite" id="1-1046" name="GetPackageVersion" fullname="Mtch.VstsClient.IntTests.UseCases.Packages.GetPackageVersion" runstate="Runnable" testcasecount="4" result="Passed" start-time="2020-01-30 11:00:24Z" end-time="2020-01-30 11:00:46Z" duration="21.468948" total="4" passed="4" failed="0" warnings="0" inconclusive="0" skipped="0" asserts="4">
                <properties />
                <test-suite type="TestFixture" id="1-1015" name="HappyTests" fullname="Mtch.VstsClient.IntTests.UseCases.Packages.GetPackageVersion.HappyTests" classname="Mtch.VstsClient.IntTests.UseCases.Packages.GetPackageVersion.HappyTests" runstate="Explicit" testcasecount="1" result="Passed" start-time="2020-01-30 11:00:44Z" end-time="2020-01-30 11:00:44Z" duration="0.281309" total="1" passed="1" failed="0" warnings="0" inconclusive="0" skipped="0" asserts="1">
                  <properties>
                    <property name="Category" value="IntegrationTest" />
                  </properties>
                  <test-case id="1-1016" name="Happy_Case" fullname="Mtch.VstsClient.IntTests.UseCases.Packages.GetPackageVersion.HappyTests.Happy_Case" methodname="Happy_Case" classname="Mtch.VstsClient.IntTests.UseCases.Packages.GetPackageVersion.HappyTests" runstate="Runnable" seed="380858849" result="Passed" start-time="2020-01-30 11:00:44Z" end-time="2020-01-30 11:00:44Z" duration="0.279790" asserts="1">
                    <properties />
                    <output><![CDATA[{
  "Author": "IntraData BV",
  "Version": "10.0.22",
  "PublishDate": "2020-01-17T12:50:44.541149Z",
  "IsDeleted": false,
  "IsListed": true,
  "Dependencies": [
    {
      "PackageName": "NLog",
      "VersionRange": "[4.6.6, )"
    }
  ]
}
]]></output>
                  </test-case>
                </test-suite>
                <test-suite type="TestFixture" id="1-1017" name="UnhappyTests" fullname="Mtch.VstsClient.IntTests.UseCases.Packages.GetPackageVersion.UnhappyTests" classname="Mtch.VstsClient.IntTests.UseCases.Packages.GetPackageVersion.UnhappyTests" runstate="Explicit" testcasecount="3" result="Passed" start-time="2020-01-30 11:00:44Z" end-time="2020-01-30 11:00:46Z" duration="1.683947" total="3" passed="3" failed="0" warnings="0" inconclusive="0" skipped="0" asserts="3">
                  <properties>
                    <property name="Category" value="IntegrationTest" />
                  </properties>
                  <test-case id="1-1018" name="Bad_Feed_Name" fullname="Mtch.VstsClient.IntTests.UseCases.Packages.GetPackageVersion.UnhappyTests.Bad_Feed_Name" methodname="Bad_Feed_Name" classname="Mtch.VstsClient.IntTests.UseCases.Packages.GetPackageVersion.UnhappyTests" runstate="Runnable" seed="1818944673" result="Passed" start-time="2020-01-30 11:00:44Z" end-time="2020-01-30 11:00:45Z" duration="0.314286" asserts="1">
                    <properties />
                    <output><![CDATA[{
  "FeedName": "abcd",
  "Message": "Requested feed cannot be found",
  "Data": {},
  "InnerException": null,
  "StackTrace": "   bij Mtch.VstsClient.Services.PackagesService.<GetPackageVersionDetails>d__4.MoveNext() in c:\\GitHub\\VstsClient\\Src\\Services\\PackagesService.cs:regel 58\r\n--- Einde van stacktracering vanaf vorige locatie waar uitzondering is opgetreden ---\r\n   bij System.Runtime.ExceptionServices.ExceptionDispatchInfo.Throw()\r\n   bij System.Runtime.CompilerServices.TaskAwaiter.HandleNonSuccessAndDebuggerNotification(Task task)\r\n   bij NUnit.Framework.Internal.TaskAwaitAdapter.GenericAdapter`1.BlockUntilCompleted() in D:\\a\\1\\s\\src\\NUnitFramework\\framework\\Internal\\TaskAwaitAdapter.cs:regel 95\r\n   bij NUnit.Framework.Internal.AsyncToSyncAdapter.Await(Func`1 invoke) in D:\\a\\1\\s\\src\\NUnitFramework\\framework\\Internal\\AsyncToSyncAdapter.cs:regel 60\r\n   bij NUnit.Framework.Assert.ThrowsAsync(IResolveConstraint expression, AsyncTestDelegate code, String message, Object[] args) in D:\\a\\1\\s\\src\\NUnitFramework\\framework\\Assert.Exceptions.Async.cs:regel 48",
  "HelpLink": null,
  "Source": "Mtch.VstsClient",
  "HResult": -2146233088
}
]]></output>
                  </test-case>
                  <test-case id="1-1019" name="Bad_Package_Id" fullname="Mtch.VstsClient.IntTests.UseCases.Packages.GetPackageVersion.UnhappyTests.Bad_Package_Id" methodname="Bad_Package_Id" classname="Mtch.VstsClient.IntTests.UseCases.Packages.GetPackageVersion.UnhappyTests" runstate="Runnable" seed="1751219785" result="Passed" start-time="2020-01-30 11:00:45Z" end-time="2020-01-30 11:00:45Z" duration="0.319633" asserts="1">
                    <properties />
                    <output><![CDATA[{
  "FeedName": "IntraOffice",
  "PackageId": "abcd",
  "VersionNumber": "10.0.22",
  "Message": "Requested package cannot be found",
  "Data": {},
  "InnerException": null,
  "StackTrace": "   bij Mtch.VstsClient.Services.PackagesService.<GetPackageVersionDetails>d__4.MoveNext() in c:\\GitHub\\VstsClient\\Src\\Services\\PackagesService.cs:regel 47\r\n--- Einde van stacktracering vanaf vorige locatie waar uitzondering is opgetreden ---\r\n   bij System.Runtime.ExceptionServices.ExceptionDispatchInfo.Throw()\r\n   bij System.Runtime.CompilerServices.TaskAwaiter.HandleNonSuccessAndDebuggerNotification(Task task)\r\n   bij NUnit.Framework.Internal.TaskAwaitAdapter.GenericAdapter`1.BlockUntilCompleted() in D:\\a\\1\\s\\src\\NUnitFramework\\framework\\Internal\\TaskAwaitAdapter.cs:regel 95\r\n   bij NUnit.Framework.Internal.AsyncToSyncAdapter.Await(Func`1 invoke) in D:\\a\\1\\s\\src\\NUnitFramework\\framework\\Internal\\AsyncToSyncAdapter.cs:regel 60\r\n   bij NUnit.Framework.Assert.ThrowsAsync(IResolveConstraint expression, AsyncTestDelegate code, String message, Object[] args) in D:\\a\\1\\s\\src\\NUnitFramework\\framework\\Assert.Exceptions.Async.cs:regel 48",
  "HelpLink": null,
  "Source": "Mtch.VstsClient",
  "HResult": -2146233088
}
]]></output>
                  </test-case>
                  <test-case id="1-1020" name="Bad_Package_Version" fullname="Mtch.VstsClient.IntTests.UseCases.Packages.GetPackageVersion.UnhappyTests.Bad_Package_Version" methodname="Bad_Package_Version" classname="Mtch.VstsClient.IntTests.UseCases.Packages.GetPackageVersion.UnhappyTests" runstate="Runnable" seed="1031579761" result="Passed" start-time="2020-01-30 11:00:45Z" end-time="2020-01-30 11:00:46Z" duration="1.048573" asserts="1">
                    <properties />
                    <output><![CDATA[{
  "FeedName": "IntraOffice",
  "PackageId": "1ee509a1-d0c1-46f1-bc64-b84101963980",
  "VersionNumber": "abcd",
  "Message": "Requested package cannot be found",
  "Data": {},
  "InnerException": null,
  "StackTrace": "   bij Mtch.VstsClient.Services.PackagesService.<GetPackageVersionDetails>d__4.MoveNext() in c:\\GitHub\\VstsClient\\Src\\Services\\PackagesService.cs:regel 58\r\n--- Einde van stacktracering vanaf vorige locatie waar uitzondering is opgetreden ---\r\n   bij System.Runtime.ExceptionServices.ExceptionDispatchInfo.Throw()\r\n   bij System.Runtime.CompilerServices.TaskAwaiter.HandleNonSuccessAndDebuggerNotification(Task task)\r\n   bij NUnit.Framework.Internal.TaskAwaitAdapter.GenericAdapter`1.BlockUntilCompleted() in D:\\a\\1\\s\\src\\NUnitFramework\\framework\\Internal\\TaskAwaitAdapter.cs:regel 95\r\n   bij NUnit.Framework.Internal.AsyncToSyncAdapter.Await(Func`1 invoke) in D:\\a\\1\\s\\src\\NUnitFramework\\framework\\Internal\\AsyncToSyncAdapter.cs:regel 60\r\n   bij NUnit.Framework.Assert.ThrowsAsync(IResolveConstraint expression, AsyncTestDelegate code, String message, Object[] args) in D:\\a\\1\\s\\src\\NUnitFramework\\framework\\Assert.Exceptions.Async.cs:regel 48",
  "HelpLink": null,
  "Source": "Mtch.VstsClient",
  "HResult": -2146233088
}
]]></output>
                  </test-case>
                </test-suite>
              </test-suite>
              <test-suite type="TestSuite" id="1-1045" name="ListPackages" fullname="Mtch.VstsClient.IntTests.UseCases.Packages.ListPackages" runstate="Runnable" testcasecount="2" result="Passed" start-time="2020-01-30 11:00:24Z" end-time="2020-01-30 11:00:46Z" duration="21.853219" total="2" passed="2" failed="0" warnings="0" inconclusive="0" skipped="0" asserts="2">
                <properties />
                <test-suite type="TestFixture" id="1-1011" name="HappyTests" fullname="Mtch.VstsClient.IntTests.UseCases.Packages.ListPackages.HappyTests" classname="Mtch.VstsClient.IntTests.UseCases.Packages.ListPackages.HappyTests" runstate="Explicit" testcasecount="1" result="Passed" start-time="2020-01-30 11:00:46Z" end-time="2020-01-30 11:00:46Z" duration="0.233590" total="1" passed="1" failed="0" warnings="0" inconclusive="0" skipped="0" asserts="1">
                  <properties>
                    <property name="Category" value="IntegrationTest" />
                  </properties>
                  <test-case id="1-1012" name="Good_Feed_Name" fullname="Mtch.VstsClient.IntTests.UseCases.Packages.ListPackages.HappyTests.Good_Feed_Name" methodname="Good_Feed_Name" classname="Mtch.VstsClient.IntTests.UseCases.Packages.ListPackages.HappyTests" runstate="Runnable" seed="448863734" result="Passed" start-time="2020-01-30 11:00:46Z" end-time="2020-01-30 11:00:46Z" duration="0.232157" asserts="1">
                    <properties />
                    <output><![CDATA[[
  {
    "Id": "1ee509a1-d0c1-46f1-bc64-b84101963980",
    "Name": "IntraOffice",
    "Versions": [
      {
        "Version": "10.0.22"
      }
    ]
  },
  {
    "Id": "7cc81792-bab2-4062-81d0-ae9f3495a834",
    "Name": "IntraOffice.Archive",
    "Versions": [
      {
        "Version": "10.0.22"
      }
    ]
  },
  {
    "Id": "9873c750-bd31-47c4-905c-0119c20825d9",
    "Name": "IntraOffice.Archive.Client",
    "Versions": [
      {
        "Version": "10.0.22"
      }
    ]
  },
  {
    "Id": "6dc32979-cb09-4cb9-91f2-f47dde67c6c9",
    "Name": "IntraOffice.Compression",
    "Versions": [
      {
        "Version": "10.0.22"
      }
    ]
  },
  {
    "Id": "939a7d58-460c-4f4e-b736-47a75c5d9a6f",
    "Name": "IntraOffice.ContentRepository.Client",
    "Versions": [
      {
        "Version": "10.0.22"
      }
    ]
  },
  {
    "Id": "bbdb6848-109c-4fdb-ba2f-f73dc5265b7e",
    "Name": "IntraOffice.Data",
    "Versions": [
      {
        "Version": "10.0.22"
      }
    ]
  },
  {
    "Id": "cff45607-cf0f-45e4-91ee-a39fd7e4968a",
    "Name": "IntraOffice.Redis",
    "Versions": [
      {
        "Version": "10.0.22"
      }
    ]
  },
  {
    "Id": "67427093-5d0f-48b0-abf0-c18341c4e102",
    "Name": "IntraOffice.Web",
    "Versions": [
      {
        "Version": "10.0.22"
      }
    ]
  },
  {
    "Id": "f7e442be-518a-4b93-8960-54c88a38a518",
    "Name": "IntraOffice.Web.Client",
    "Versions": [
      {
        "Version": "10.0.22"
      }
    ]
  },
  {
    "Id": "23bb82c9-cfce-4912-ba6c-0ae5ffdeb306",
    "Name": "IntraOffice.Web.Service",
    "Versions": [
      {
        "Version": "10.0.22"
      }
    ]
  },
  {
    "Id": "e2ef7db4-e716-4e44-ae7d-380aeff296d2",
    "Name": "IntraOfficeTest",
    "Versions": [
      {
        "Version": "10.0.18"
      }
    ]
  }
]
]]></output>
                  </test-case>
                </test-suite>
                <test-suite type="TestFixture" id="1-1013" name="UnhappyTests" fullname="Mtch.VstsClient.IntTests.UseCases.Packages.ListPackages.UnhappyTests" classname="Mtch.VstsClient.IntTests.UseCases.Packages.ListPackages.UnhappyTests" runstate="Explicit" testcasecount="1" result="Passed" start-time="2020-01-30 11:00:46Z" end-time="2020-01-30 11:00:46Z" duration="0.150654" total="1" passed="1" failed="0" warnings="0" inconclusive="0" skipped="0" asserts="1">
                  <properties>
                    <property name="Category" value="IntegrationTest" />
                  </properties>
                  <test-case id="1-1014" name="Bad_Feed_Name" fullname="Mtch.VstsClient.IntTests.UseCases.Packages.ListPackages.UnhappyTests.Bad_Feed_Name" methodname="Bad_Feed_Name" classname="Mtch.VstsClient.IntTests.UseCases.Packages.ListPackages.UnhappyTests" runstate="Runnable" seed="372447508" result="Passed" start-time="2020-01-30 11:00:46Z" end-time="2020-01-30 11:00:46Z" duration="0.149184" asserts="1">
                    <properties />
                    <output><![CDATA[{
  "FeedName": "abcd",
  "Message": "Requested feed cannot be found",
  "Data": {},
  "InnerException": null,
  "StackTrace": "   bij Mtch.VstsClient.Services.PackagesService.<GetAllPackages>d__5.MoveNext() in c:\\GitHub\\VstsClient\\Src\\Services\\PackagesService.cs:regel 72\r\n--- Einde van stacktracering vanaf vorige locatie waar uitzondering is opgetreden ---\r\n   bij System.Runtime.ExceptionServices.ExceptionDispatchInfo.Throw()\r\n   bij System.Runtime.CompilerServices.TaskAwaiter.HandleNonSuccessAndDebuggerNotification(Task task)\r\n   bij NUnit.Framework.Internal.TaskAwaitAdapter.GenericAdapter`1.BlockUntilCompleted() in D:\\a\\1\\s\\src\\NUnitFramework\\framework\\Internal\\TaskAwaitAdapter.cs:regel 95\r\n   bij NUnit.Framework.Internal.AsyncToSyncAdapter.Await(Func`1 invoke) in D:\\a\\1\\s\\src\\NUnitFramework\\framework\\Internal\\AsyncToSyncAdapter.cs:regel 60\r\n   bij NUnit.Framework.Assert.ThrowsAsync(IResolveConstraint expression, AsyncTestDelegate code, String message, Object[] args) in D:\\a\\1\\s\\src\\NUnitFramework\\framework\\Assert.Exceptions.Async.cs:regel 48",
  "HelpLink": null,
  "Source": "Mtch.VstsClient",
  "HResult": -2146233088
}
]]></output>
                  </test-case>
                </test-suite>
              </test-suite>
            </test-suite>
            <test-suite type="TestSuite" id="1-1038" name="Projects" fullname="Mtch.VstsClient.IntTests.UseCases.Projects" runstate="Runnable" testcasecount="1" result="Passed" start-time="2020-01-30 11:00:24Z" end-time="2020-01-30 11:00:46Z" duration="21.928060" total="1" passed="1" failed="0" warnings="0" inconclusive="0" skipped="0" asserts="1">
              <properties />
              <test-suite type="TestSuite" id="1-1039" name="ListProjects" fullname="Mtch.VstsClient.IntTests.UseCases.Projects.ListProjects" runstate="Runnable" testcasecount="1" result="Passed" start-time="2020-01-30 11:00:24Z" end-time="2020-01-30 11:00:46Z" duration="21.928053" total="1" passed="1" failed="0" warnings="0" inconclusive="0" skipped="0" asserts="1">
                <properties />
                <test-suite type="TestFixture" id="1-1000" name="HappyTests" fullname="Mtch.VstsClient.IntTests.UseCases.Projects.ListProjects.HappyTests" classname="Mtch.VstsClient.IntTests.UseCases.Projects.ListProjects.HappyTests" runstate="Explicit" testcasecount="1" result="Passed" start-time="2020-01-30 11:00:46Z" end-time="2020-01-30 11:00:46Z" duration="0.074777" total="1" passed="1" failed="0" warnings="0" inconclusive="0" skipped="0" asserts="1">
                  <properties>
                    <property name="Category" value="IntegrationTest" />
                  </properties>
                  <test-case id="1-1001" name="Happy_Case" fullname="Mtch.VstsClient.IntTests.UseCases.Projects.ListProjects.HappyTests.Happy_Case" methodname="Happy_Case" classname="Mtch.VstsClient.IntTests.UseCases.Projects.ListProjects.HappyTests" runstate="Runnable" seed="1149139366" result="Passed" start-time="2020-01-30 11:00:46Z" end-time="2020-01-30 11:00:46Z" duration="0.073368" asserts="1">
                    <properties />
                    <output><![CDATA[[
  {
    "Id": "96cc3d48-fa25-4e6b-b3fa-0ea9ceb06c00",
    "Name": "IntraOffice"
  }
]
]]></output>
                  </test-case>
                </test-suite>
              </test-suite>
            </test-suite>
            <test-suite type="TestSuite" id="1-1040" name="Repositories" fullname="Mtch.VstsClient.IntTests.UseCases.Repositories" runstate="Runnable" testcasecount="2" result="Passed" start-time="2020-01-30 11:00:24Z" end-time="2020-01-30 11:00:47Z" duration="22.422112" total="2" passed="2" failed="0" warnings="0" inconclusive="0" skipped="0" asserts="2">
              <properties />
              <test-suite type="TestSuite" id="1-1041" name="ListRepositories" fullname="Mtch.VstsClient.IntTests.UseCases.Repositories.ListRepositories" runstate="Runnable" testcasecount="2" result="Passed" start-time="2020-01-30 11:00:24Z" end-time="2020-01-30 11:00:47Z" duration="22.422104" total="2" passed="2" failed="0" warnings="0" inconclusive="0" skipped="0" asserts="2">
                <properties />
                <test-suite type="TestFixture" id="1-1002" name="HappyTests" fullname="Mtch.VstsClient.IntTests.UseCases.Repositories.ListRepositories.HappyTests" classname="Mtch.VstsClient.IntTests.UseCases.Repositories.ListRepositories.HappyTests" runstate="Explicit" testcasecount="1" result="Passed" start-time="2020-01-30 11:00:46Z" end-time="2020-01-30 11:00:47Z" duration="0.369594" total="1" passed="1" failed="0" warnings="0" inconclusive="0" skipped="0" asserts="1">
                  <properties>
                    <property name="Category" value="IntegrationTest" />
                  </properties>
                  <test-case id="1-1003" name="Good_Project_Name" fullname="Mtch.VstsClient.IntTests.UseCases.Repositories.ListRepositories.HappyTests.Good_Project_Name" methodname="Good_Project_Name" classname="Mtch.VstsClient.IntTests.UseCases.Repositories.ListRepositories.HappyTests" runstate="Runnable" seed="1294690361" result="Passed" start-time="2020-01-30 11:00:46Z" end-time="2020-01-30 11:00:47Z" duration="0.368283" asserts="1">
                    <properties />
                    <output><![CDATA[[
  {
    "Id": "b37816bb-d2c3-4ec5-b18a-0716d7c36c71",
    "Name": "demo"
  },
  {
    "Id": "3df75da0-433e-47a2-a7ba-101c9a378642",
    "Name": "wiki"
  },
  {
    "Id": "7e06ad15-43b5-4281-b482-152cbd8e6e06",
    "Name": "IntraOffice"
  },
  {
    "Id": "b2208378-7225-4927-820c-17214967ca58",
    "Name": "carerix"
  },
  {
    "Id": "574c2a8f-dc58-4775-a7e4-1af8de71c12b",
    "Name": "raet"
  },
  {
    "Id": "82ad3047-31a7-4f65-9668-1b9a0773b6b8",
    "Name": "solipsis"
  },
  {
    "Id": "6525cebf-c7df-4ba3-b01a-265613861b33",
    "Name": "IntraOffice-Content-Repository"
  },
  {
    "Id": "98b03a2e-8b65-4221-a082-28cdf66b674d",
    "Name": "IntraOffice-Legacy"
  },
  {
    "Id": "8541db83-41d5-4826-8a79-2b517964e5d1",
    "Name": "IntraOffice-Archive"
  },
  {
    "Id": "70969d8d-9750-4936-b134-2c69c9f0e9f9",
    "Name": "accenture"
  },
  {
    "Id": "592deb78-bb09-44bb-becb-3134aebbae00",
    "Name": "sales"
  },
  {
    "Id": "af0ffbfd-f163-4846-89e3-3e3f27f7a2e1",
    "Name": "EnvelopesRegister"
  },
  {
    "Id": "1d6e4407-422d-4a5a-b650-408d64d352b4",
    "Name": "support-website"
  },
  {
    "Id": "8c32b160-74a3-4277-bb34-43ce2dd6eed6",
    "Name": "IntraOffice Audit"
  },
  {
    "Id": "038e3de4-cd0b-41f3-98ab-47272281fd81",
    "Name": "ubn"
  },
  {
    "Id": "da6b4844-d8ec-4bc3-b796-47b505cc7609",
    "Name": "inperson"
  },
  {
    "Id": "057ede52-60a7-400e-8a99-48b327275755",
    "Name": "amstelveen"
  },
  {
    "Id": "1979dcd0-a3e6-41a9-bf14-4ff96aa710ff",
    "Name": "intervalservices"
  },
  {
    "Id": "fcbf51e1-f8d0-4418-a001-5d53756028ea",
    "Name": "depot"
  },
  {
    "Id": "11294157-35bc-42d6-a13c-60104248c206",
    "Name": "Angle-BootstrapAdminTemplate"
  },
  {
    "Id": "ce375f5d-b0f8-40dd-b339-63d20fc9c13f",
    "Name": "acme"
  },
  {
    "Id": "c05312ef-c86d-44c6-ade0-6ecc8f600e74",
    "Name": "olympia"
  },
  {
    "Id": "7dd26c04-17a5-4eea-b775-707ea73e49bd",
    "Name": "dit"
  },
  {
    "Id": "07ff19ec-0184-47fc-9f9e-708f3c934049",
    "Name": "azure"
  },
  {
    "Id": "c013db00-43d1-40bd-bdcb-772cafe43e3b",
    "Name": "IntraOffice Depot"
  },
  {
    "Id": "3dfd01c4-995a-4638-9b6e-82c098141d8b",
    "Name": "adp-nl"
  },
  {
    "Id": "74104824-5eb4-456c-831f-83129a062913",
    "Name": "humares"
  },
  {
    "Id": "e51f2861-9b14-410c-a5b3-84660413a9e8",
    "Name": "wagenhof"
  },
  {
    "Id": "36920328-2759-4097-af98-889834e16b8b",
    "Name": "sherpa"
  },
  {
    "Id": "076c9846-f259-4531-b8c4-8b9e9053e074",
    "Name": "centric"
  },
  {
    "Id": "ae4c1774-a3a1-4b69-b45a-8fe1aa0ace17",
    "Name": "Krabbl"
  },
  {
    "Id": "e00262b4-56a6-45ac-942d-936535e4350e",
    "Name": "Routing Management Portal"
  },
  {
    "Id": "173da0b9-3970-4891-a480-93813e5e134d",
    "Name": "Development"
  },
  {
    "Id": "e874efba-fb92-48ba-bf6b-972ed7ab2132",
    "Name": "susa"
  },
  {
    "Id": "9705976d-359a-4f71-8c54-9f291f01c8aa",
    "Name": "digitalsigning"
  },
  {
    "Id": "cc9b1504-9a78-49d6-92fd-bfd96f3a0fb0",
    "Name": "Monitoring"
  },
  {
    "Id": "81a4badc-5500-47b5-9a1e-bfdd3efd4143",
    "Name": "bluegarden"
  },
  {
    "Id": "9e345f69-3f8e-4235-9d95-bff003d683ce",
    "Name": "Zuidgeest"
  },
  {
    "Id": "7efd6a07-8775-4f55-a233-c53439f63453",
    "Name": "DocumentApi"
  },
  {
    "Id": "cf29d81d-13bf-481c-9fd4-cbee9ea05961",
    "Name": "IntraOffice-Base"
  },
  {
    "Id": "746ebc7c-aae3-40ee-85e2-cc7e38a23a7a",
    "Name": "sheerenloo"
  },
  {
    "Id": "e71ab3fa-2e72-469c-b58e-ce8cd3f6795b",
    "Name": "IntraOffice-Routing"
  },
  {
    "Id": "1878cfcc-dbbf-45d8-b1b2-d3aea2d079b6",
    "Name": "Nuget"
  },
  {
    "Id": "679b9a7c-1b0d-49cd-8162-d479aa4076b2",
    "Name": "bpd"
  },
  {
    "Id": "e6d94765-79a8-4c35-ab43-d70d25762bfd",
    "Name": "ntree"
  },
  {
    "Id": "d353a231-91e0-48ab-8129-e376e016e0dd",
    "Name": "IntraOffice-Routing-Portal"
  },
  {
    "Id": "cc1f5d45-d40b-427c-9d57-f2a8aeaa4f43",
    "Name": "alfa"
  },
  {
    "Id": "81c0387e-3794-43f5-9bbe-f556f5b008ba",
    "Name": "otto"
  },
  {
    "Id": "4d45f1cb-3e01-4fcb-aac0-f7b35c5f3a0c",
    "Name": "IntraOffice2018"
  },
  {
    "Id": "3de1e094-ee35-4f73-aff6-fa7c46391bc9",
    "Name": "actiefwerkt"
  },
  {
    "Id": "bc5a01cb-3b65-4983-8bd2-fd53fcd862a0",
    "Name": "IntraOffice-Service-Fabric"
  },
  {
    "Id": "ac9349de-f7c9-4aa5-911d-ffd49fc78313",
    "Name": "adp-it"
  }
]
]]></output>
                  </test-case>
                </test-suite>
                <test-suite type="TestFixture" id="1-1004" name="UnhappyTests" fullname="Mtch.VstsClient.IntTests.UseCases.Repositories.ListRepositories.UnhappyTests" classname="Mtch.VstsClient.IntTests.UseCases.Repositories.ListRepositories.UnhappyTests" runstate="Explicit" testcasecount="1" result="Passed" start-time="2020-01-30 11:00:47Z" end-time="2020-01-30 11:00:47Z" duration="0.124410" total="1" passed="1" failed="0" warnings="0" inconclusive="0" skipped="0" asserts="1">
                  <properties>
                    <property name="Category" value="IntegrationTest" />
                  </properties>
                  <test-case id="1-1005" name="Bad_Project_Name" fullname="Mtch.VstsClient.IntTests.UseCases.Repositories.ListRepositories.UnhappyTests.Bad_Project_Name" methodname="Bad_Project_Name" classname="Mtch.VstsClient.IntTests.UseCases.Repositories.ListRepositories.UnhappyTests" runstate="Runnable" seed="163662922" result="Passed" start-time="2020-01-30 11:00:47Z" end-time="2020-01-30 11:00:47Z" duration="0.123104" asserts="1">
                    <properties />
                    <output><![CDATA[{
  "ProjectName": "abcd",
  "Message": "Requested project cannot be found",
  "Data": {},
  "InnerException": null,
  "StackTrace": "   bij Mtch.VstsClient.Services.RepositoriesService.<GetAllRepositories>d__4.MoveNext() in c:\\GitHub\\VstsClient\\Src\\Services\\RepositoriesService.cs:regel 46\r\n--- Einde van stacktracering vanaf vorige locatie waar uitzondering is opgetreden ---\r\n   bij System.Runtime.ExceptionServices.ExceptionDispatchInfo.Throw()\r\n   bij System.Runtime.CompilerServices.TaskAwaiter.HandleNonSuccessAndDebuggerNotification(Task task)\r\n   bij NUnit.Framework.Internal.TaskAwaitAdapter.GenericAdapter`1.BlockUntilCompleted() in D:\\a\\1\\s\\src\\NUnitFramework\\framework\\Internal\\TaskAwaitAdapter.cs:regel 95\r\n   bij NUnit.Framework.Internal.AsyncToSyncAdapter.Await(Func`1 invoke) in D:\\a\\1\\s\\src\\NUnitFramework\\framework\\Internal\\AsyncToSyncAdapter.cs:regel 60\r\n   bij NUnit.Framework.Assert.ThrowsAsync(IResolveConstraint expression, AsyncTestDelegate code, String message, Object[] args) in D:\\a\\1\\s\\src\\NUnitFramework\\framework\\Assert.Exceptions.Async.cs:regel 48",
  "HelpLink": null,
  "Source": "Mtch.VstsClient",
  "HResult": -2146233088
}
]]></output>
                  </test-case>
                </test-suite>
              </test-suite>
            </test-suite>
          </test-suite>
        </test-suite>
      </test-suite>
    </test-suite>
  </test-suite>
</test-run>