<?xml version="1.0" encoding="utf-8" standalone="no"?>
<test-run id="2" testcasecount="22" result="Passed" total="22" passed="22" failed="0" inconclusive="0" skipped="0" asserts="22" engine-version="3.9.0.0" clr-version="4.0.30319.42000" start-time="2020-03-25 20:48:09Z" end-time="2020-03-25 20:48:28Z" duration="19.418465">
  <command-line><![CDATA["nunit3-console"  Tch.VstsClient.IntTests.csproj --where "cat==IntegrationTest"]]></command-line>
  <filter>
    <cat>IntegrationTest</cat>
  </filter>
  <test-suite type="Assembly" id="1-1038" name="Tch.VstsClient.IntTests.dll" fullname="C:\GitHub\Vsts-client\Tests\Tch.VstsClient.IntTests\bin\Debug\Tch.VstsClient.IntTests.dll" runstate="Runnable" testcasecount="22" result="Passed" start-time="2020-03-25 20:48:10Z" end-time="2020-03-25 20:48:28Z" duration="18.128908" total="22" passed="22" failed="0" warnings="0" inconclusive="0" skipped="0" asserts="22">
    <environment framework-version="3.12.0.0" clr-version="4.0.30319.42000" os-version="Microsoft Windows NT 10.0.14393.0" platform="Win32NT" cwd="C:\GitHub\Vsts-client\Tests\Tch.VstsClient.IntTests" machine-name="W10ID09" user="tchesnokov" user-domain="BRAKEL" culture="en-NL" uiculture="nl-NL" os-architecture="x64" />
    <settings>
      <setting name="BasePath" value="C:\GitHub\Vsts-client\Tests\Tch.VstsClient.IntTests\bin\Debug\" />
      <setting name="DisposeRunners" value="True" />
      <setting name="WorkDirectory" value="C:\GitHub\Vsts-client\Tests\Tch.VstsClient.IntTests" />
      <setting name="ImageRuntimeVersion" value="4.0.30319" />
      <setting name="ImageTargetFrameworkName" value=".NETFramework,Version=v4.7.2" />
      <setting name="ImageRequiresX86" value="False" />
      <setting name="ImageRequiresDefaultAppDomainAssemblyResolver" value="False" />
      <setting name="NumberOfTestWorkers" value="8" />
    </settings>
    <properties>
      <property name="_PID" value="16932" />
      <property name="_APPDOMAIN" value="domain-c58ee503-Tch.VstsClient.IntTests.csproj" />
    </properties>
    <test-suite type="TestSuite" id="1-1039" name="Tch" fullname="Tch" runstate="Runnable" testcasecount="22" result="Passed" start-time="2020-03-25 20:48:10Z" end-time="2020-03-25 20:48:28Z" duration="18.112054" total="22" passed="22" failed="0" warnings="0" inconclusive="0" skipped="0" asserts="22">
      <properties />
      <test-suite type="TestSuite" id="1-1040" name="VstsClient" fullname="Tch.VstsClient" runstate="Runnable" testcasecount="22" result="Passed" start-time="2020-03-25 20:48:10Z" end-time="2020-03-25 20:48:28Z" duration="18.111575" total="22" passed="22" failed="0" warnings="0" inconclusive="0" skipped="0" asserts="22">
        <properties />
        <test-suite type="TestSuite" id="1-1041" name="IntTests" fullname="Tch.VstsClient.IntTests" runstate="Runnable" testcasecount="22" result="Passed" start-time="2020-03-25 20:48:10Z" end-time="2020-03-25 20:48:28Z" duration="18.111550" total="22" passed="22" failed="0" warnings="0" inconclusive="0" skipped="0" asserts="22">
          <properties />
          <test-suite type="TestSuite" id="1-1042" name="UseCases" fullname="Tch.VstsClient.IntTests.UseCases" runstate="Runnable" testcasecount="22" result="Passed" start-time="2020-03-25 20:48:10Z" end-time="2020-03-25 20:48:28Z" duration="18.111545" total="22" passed="22" failed="0" warnings="0" inconclusive="0" skipped="0" asserts="22">
            <properties />
            <test-suite type="TestSuite" id="1-1053" name="Builds" fullname="Tch.VstsClient.IntTests.UseCases.Builds" runstate="Runnable" testcasecount="6" result="Passed" start-time="2020-03-25 20:48:10Z" end-time="2020-03-25 20:48:24Z" duration="14.503578" total="6" passed="6" failed="0" warnings="0" inconclusive="0" skipped="0" asserts="6">
              <properties />
              <test-suite type="TestSuite" id="1-1055" name="ListBuildDefinitions" fullname="Tch.VstsClient.IntTests.UseCases.Builds.ListBuildDefinitions" runstate="Runnable" testcasecount="2" result="Passed" start-time="2020-03-25 20:48:10Z" end-time="2020-03-25 20:48:12Z" duration="2.334033" total="2" passed="2" failed="0" warnings="0" inconclusive="0" skipped="0" asserts="2">
                <properties />
                <test-suite type="TestFixture" id="1-1034" name="HappyTests" fullname="Tch.VstsClient.IntTests.UseCases.Builds.ListBuildDefinitions.HappyTests" classname="Tch.VstsClient.IntTests.UseCases.Builds.ListBuildDefinitions.HappyTests" runstate="Runnable" testcasecount="1" result="Passed" start-time="2020-03-25 20:48:10Z" end-time="2020-03-25 20:48:12Z" duration="2.094772" total="1" passed="1" failed="0" warnings="0" inconclusive="0" skipped="0" asserts="1">
                  <properties>
                    <property name="Category" value="IntegrationTest" />
                  </properties>
                  <test-case id="1-1035" name="Happy_Case" fullname="Tch.VstsClient.IntTests.UseCases.Builds.ListBuildDefinitions.HappyTests.Happy_Case" methodname="Happy_Case" classname="Tch.VstsClient.IntTests.UseCases.Builds.ListBuildDefinitions.HappyTests" runstate="Runnable" seed="1585698321" result="Passed" start-time="2020-03-25 20:48:10Z" end-time="2020-03-25 20:48:12Z" duration="1.923428" asserts="1">
                    <properties />
                    <output><![CDATA[Project: IntraOffice
[
  {
    "Id": 3,
    "Name": "Version 8 Build"
  },
  {
    "Id": 4,
    "Name": "Version 7 Build"
  },
  {
    "Id": 8,
    "Name": "IntraOffice2018 CI Build (Master)"
  },
  {
    "Id": 9,
    "Name": "Version 9 Build"
  },
  {
    "Id": 11,
    "Name": "Version 9.0-9.4 Azure Build"
  },
  {
    "Id": 12,
    "Name": "Nuget CI Build (Master)"
  },
  {
    "Id": 13,
    "Name": "Archive RAET REST API (Iopk)"
  },
  {
    "Id": 14,
    "Name": "Archive Shared REST API (WebDeploy)"
  },
  {
    "Id": 21,
    "Name": "Depot Portal Frontend"
  },
  {
    "Id": 22,
    "Name": "Depot Portal Backend"
  },
  {
    "Id": 23,
    "Name": "IntraOffice Service Fabric build"
  },
  {
    "Id": 24,
    "Name": "sms-service-digitalsigning - CI"
  },
  {
    "Id": 26,
    "Name": "IntraOffice2018 CI Build (Development)"
  },
  {
    "Id": 27,
    "Name": "DEPRECATED Routing Shared REST API (WebDeploy)-Old"
  },
  {
    "Id": 28,
    "Name": "Identity Server"
  },
  {
    "Id": 30,
    "Name": "IntraOffice-Content-Repository (old)"
  },
  {
    "Id": 31,
    "Name": "Routing Shared REST API (WebDeploy)"
  },
  {
    "Id": 32,
    "Name": "Version 9.0-9.4 Build"
  },
  {
    "Id": 33,
    "Name": "Version 9 Azure Build"
  },
  {
    "Id": 36,
    "Name": "DocumentApi CI Build (Development)"
  },
  {
    "Id": 37,
    "Name": "DocumentApi CI Build (Master)"
  },
  {
    "Id": 38,
    "Name": "Routing API Nightly Build (Master)"
  },
  {
    "Id": 39,
    "Name": "Routing Management Portal"
  },
  {
    "Id": 40,
    "Name": "Development CI Build (Master)"
  },
  {
    "Id": 41,
    "Name": "Document API Release Build"
  },
  {
    "Id": 47,
    "Name": "Version 10 Build"
  },
  {
    "Id": 49,
    "Name": "Document API Nightly Build (Master)"
  },
  {
    "Id": 50,
    "Name": "EnvelopesRegister CI Build (Master)"
  },
  {
    "Id": 51,
    "Name": "EnvelopesRegister Release Build"
  },
  {
    "Id": 55,
    "Name": "MonitorCM - CI"
  },
  {
    "Id": 56,
    "Name": "EnvelopesRegister CI Build (Development)"
  },
  {
    "Id": 57,
    "Name": "Version 9 Azure Build and Test"
  },
  {
    "Id": 63,
    "Name": "IntraOffice-Base"
  },
  {
    "Id": 64,
    "Name": "IntraOffice-Archive"
  },
  {
    "Id": 66,
    "Name": "Nuget CI Build (Development)"
  },
  {
    "Id": 67,
    "Name": "SendGridReceiver - CI"
  },
  {
    "Id": 68,
    "Name": "IntraOffice"
  },
  {
    "Id": 69,
    "Name": "IntraOffice-Content-Repository"
  },
  {
    "Id": 70,
    "Name": "SmsFunction Azure CI"
  },
  {
    "Id": 71,
    "Name": "AuditFunction Azure CI"
  },
  {
    "Id": 72,
    "Name": "IntraOffice-Routing"
  },
  {
    "Id": 73,
    "Name": "IntraOffice-Routing-Portal"
  },
  {
    "Id": 74,
    "Name": "IntraOffice-Signing CI Build (Master)"
  },
  {
    "Id": 75,
    "Name": "Sign API Release Build"
  }
]
]]></output>
                  </test-case>
                </test-suite>
                <test-suite type="TestFixture" id="1-1036" name="UnhappyTests" fullname="Tch.VstsClient.IntTests.UseCases.Builds.ListBuildDefinitions.UnhappyTests" classname="Tch.VstsClient.IntTests.UseCases.Builds.ListBuildDefinitions.UnhappyTests" runstate="Runnable" testcasecount="1" result="Passed" start-time="2020-03-25 20:48:12Z" end-time="2020-03-25 20:48:12Z" duration="0.232637" total="1" passed="1" failed="0" warnings="0" inconclusive="0" skipped="0" asserts="1">
                  <properties>
                    <property name="Category" value="IntegrationTest" />
                  </properties>
                  <test-case id="1-1037" name="Bad_Project_Name" fullname="Tch.VstsClient.IntTests.UseCases.Builds.ListBuildDefinitions.UnhappyTests.Bad_Project_Name" methodname="Bad_Project_Name" classname="Tch.VstsClient.IntTests.UseCases.Builds.ListBuildDefinitions.UnhappyTests" runstate="Runnable" seed="1921805921" result="Passed" start-time="2020-03-25 20:48:12Z" end-time="2020-03-25 20:48:12Z" duration="0.231211" asserts="1">
                    <properties />
                    <output><![CDATA[{
  "ProjectName": "abc",
  "Message": "Requested project cannot be found",
  "Data": {},
  "InnerException": null,
  "StackTrace": "   bij Tch.VstsClient.Services.Helpers.LocalExceptionService.TryMatch[TTargetException](BadStatusCodeReturned originalException, Object context) in c:\\GitHub\\Vsts-client\\Src\\Services\\Helpers\\LocalExceptionService.cs:regel 43\r\n   bij Tch.VstsClient.Services.BuildsService.<GetAllBuildDefinitions>d__7.MoveNext() in c:\\GitHub\\Vsts-client\\Src\\Services\\BuildsService.cs:regel 77\r\n--- Einde van stacktracering vanaf vorige locatie waar uitzondering is opgetreden ---\r\n   bij System.Runtime.ExceptionServices.ExceptionDispatchInfo.Throw()\r\n   bij System.Runtime.CompilerServices.TaskAwaiter.HandleNonSuccessAndDebuggerNotification(Task task)\r\n   bij NUnit.Framework.Internal.TaskAwaitAdapter.GenericAdapter`1.BlockUntilCompleted() in D:\\a\\1\\s\\src\\NUnitFramework\\framework\\Internal\\TaskAwaitAdapter.cs:regel 95\r\n   bij NUnit.Framework.Internal.AsyncToSyncAdapter.Await(Func`1 invoke) in D:\\a\\1\\s\\src\\NUnitFramework\\framework\\Internal\\AsyncToSyncAdapter.cs:regel 60\r\n   bij NUnit.Framework.Assert.ThrowsAsync(IResolveConstraint expression, AsyncTestDelegate code, String message, Object[] args) in D:\\a\\1\\s\\src\\NUnitFramework\\framework\\Assert.Exceptions.Async.cs:regel 48",
  "HelpLink": null,
  "Source": "Tch.VstsClient",
  "HResult": -2146233088
}
]]></output>
                  </test-case>
                </test-suite>
              </test-suite>
              <test-suite type="TestSuite" id="1-1054" name="ListBuilds" fullname="Tch.VstsClient.IntTests.UseCases.Builds.ListBuilds" runstate="Runnable" testcasecount="4" result="Passed" start-time="2020-03-25 20:48:10Z" end-time="2020-03-25 20:48:24Z" duration="14.503558" total="4" passed="4" failed="0" warnings="0" inconclusive="0" skipped="0" asserts="4">
                <properties />
                <test-suite type="TestFixture" id="1-1028" name="HappyTests" fullname="Tch.VstsClient.IntTests.UseCases.Builds.ListBuilds.HappyTests" classname="Tch.VstsClient.IntTests.UseCases.Builds.ListBuilds.HappyTests" runstate="Runnable" testcasecount="2" result="Passed" start-time="2020-03-25 20:48:12Z" end-time="2020-03-25 20:48:21Z" duration="9.076530" total="2" passed="2" failed="0" warnings="0" inconclusive="0" skipped="0" asserts="2">
                  <properties>
                    <property name="Category" value="IntegrationTest" />
                  </properties>
                  <test-case id="1-1029" name="Get_All_Builds" fullname="Tch.VstsClient.IntTests.UseCases.Builds.ListBuilds.HappyTests.Get_All_Builds" methodname="Get_All_Builds" classname="Tch.VstsClient.IntTests.UseCases.Builds.ListBuilds.HappyTests" runstate="Runnable" seed="1825956384" result="Passed" start-time="2020-03-25 20:48:12Z" end-time="2020-03-25 20:48:16Z" duration="3.631959" asserts="1">
                    <properties />
                    <output><![CDATA[[
  {
    "Id": 4617,
    "BuildNumber": "20200325.1",
    "Definition": {
      "Id": 66,
      "Name": "Nuget CI Build (Development)"
    },
    "StartTime": "2020-03-25T19:15:10.4478346Z",
    "FinishTime": "2020-03-25T19:20:32.1444879Z",
    "RequestedBy": {
      "DisplayName": "Microsoft.VisualStudio.Services.TFS"
    },
    "Result": "succeeded",
    "SourceBranch": "refs/heads/development",
    "SourceVersion": "5dfe7371231eaf10495b6bf4bab874adbb49d31f",
    "Repository": {
      "Id": "1878cfcc-dbbf-45d8-b1b2-d3aea2d079b6",
      "Name": "Nuget"
    }
  },
  {
    "Id": 4616,
    "BuildNumber": "20200325.2",
    "Definition": {
      "Id": 56,
      "Name": "EnvelopesRegister CI Build (Development)"
    },
    "StartTime": "2020-03-25T12:41:05.9512768Z",
    "FinishTime": "2020-03-25T12:42:54.7961861Z",
    "RequestedBy": {
      "DisplayName": "Microsoft.VisualStudio.Services.TFS"
    },
    "Result": "succeeded",
    "SourceBranch": "refs/heads/development",
    "SourceVersion": "df2790fb20d545ae509714aa725d8c8da8016fb1",
    "Repository": {
      "Id": "af0ffbfd-f163-4846-89e3-3e3f27f7a2e1",
      "Name": "EnvelopesRegister"
    }
  },
  {
    "Id": 4613,
    "BuildNumber": "20200324.1",
    "Definition": {
      "Id": 41,
      "Name": "Document API Release Build"
    },
    "StartTime": "2020-03-24T15:08:12.7367724Z",
    "FinishTime": "2020-03-24T15:12:32.5650031Z",
    "RequestedBy": {
      "DisplayName": "Mikhail.Tchesnokov"
    },
    "Result": "succeeded",
    "SourceBranch": "refs/heads/master",
    "SourceVersion": "b0a8ed2ebc43377c590364c450c5d160b3b3d873",
    "Repository": {
      "Id": "7efd6a07-8775-4f55-a233-c53439f63453",
      "Name": "DocumentApi"
    }
  },
  {
    "Id": 4611,
    "BuildNumber": "20200324.2",
    "Definition": {
      "Id": 36,
      "Name": "DocumentApi CI Build (Development)"
    },
    "StartTime": "2020-03-24T14:30:51.8547558Z",
    "FinishTime": "2020-03-24T14:39:59.3692032Z",
    "RequestedBy": {
      "DisplayName": "Mikhail.Tchesnokov"
    },
    "Result": "succeeded",
    "SourceBranch": "refs/heads/development",
    "SourceVersion": "b81cce66296eb1218d165d0f18f78347741f0278",
    "Repository": {
      "Id": "7efd6a07-8775-4f55-a233-c53439f63453",
      "Name": "DocumentApi"
    }
  },
  {
    "Id": 4612,
    "BuildNumber": "20200324.1",
    "Definition": {
      "Id": 37,
      "Name": "DocumentApi CI Build (Master)"
    },
    "StartTime": "2020-03-24T13:51:39.6771039Z",
    "FinishTime": "2020-03-24T14:01:50.7858744Z",
    "RequestedBy": {
      "DisplayName": "Microsoft.VisualStudio.Services.TFS"
    },
    "Result": "succeeded",
    "SourceBranch": "refs/heads/master",
    "SourceVersion": "b0a8ed2ebc43377c590364c450c5d160b3b3d873",
    "Repository": {
      "Id": "7efd6a07-8775-4f55-a233-c53439f63453",
      "Name": "DocumentApi"
    }
  },
  {
    "Id": 4610,
    "BuildNumber": "20200324.1",
    "Definition": {
      "Id": 36,
      "Name": "DocumentApi CI Build (Development)"
    },
    "StartTime": "2020-03-24T13:32:14.8912487Z",
    "FinishTime": "2020-03-24T13:32:14.8912487Z",
    "RequestedBy": {
      "DisplayName": "Microsoft.VisualStudio.Services.TFS"
    },
    "Result": "canceled",
    "SourceBranch": "refs/heads/development",
    "SourceVersion": "b81cce66296eb1218d165d0f18f78347741f0278",
    "Repository": {
      "Id": "7efd6a07-8775-4f55-a233-c53439f63453",
      "Name": "DocumentApi"
    }
  },
  {
    "Id": 4609,
    "BuildNumber": "20200324.1",
    "Definition": {
      "Id": 28,
      "Name": "Identity Server"
    },
    "StartTime": "2020-03-24T08:55:41.725432Z",
    "FinishTime": "2020-03-24T09:00:12.7162128Z",
    "RequestedBy": {
      "DisplayName": "Tjeerd de Haas"
    },
    "Result": "succeeded",
    "SourceBranch": "refs/heads/master",
    "SourceVersion": "b35bc9dc6a7723884e2bfb2f7e9cb83fb59785cf",
    "Repository": {
      "Id": "4d45f1cb-3e01-4fcb-aac0-f7b35c5f3a0c",
      "Name": "IntraOffice2018"
    }
  },
  {
    "Id": 4606,
    "BuildNumber": "20200323.1",
    "Definition": {
      "Id": 66,
      "Name": "Nuget CI Build (Development)"
    },
    "StartTime": "2020-03-23T12:39:41.28195Z",
    "FinishTime": "2020-03-23T12:45:09.4733206Z",
    "RequestedBy": {
      "DisplayName": "Microsoft.VisualStudio.Services.TFS"
    },
    "Result": "succeeded",
    "SourceBranch": "refs/heads/development",
    "SourceVersion": "5c524f62e8373ac4e290df41997bccfca4d86fa9",
    "Repository": {
      "Id": "1878cfcc-dbbf-45d8-b1b2-d3aea2d079b6",
      "Name": "Nuget"
    }
  },
  {
    "Id": 4601,
    "BuildNumber": "20200320.4",
    "Definition": {
      "Id": 66,
      "Name": "Nuget CI Build (Development)"
    },
    "StartTime": "2020-03-20T13:29:43.3248427Z",
    "FinishTime": "2020-03-20T13:34:46.420643Z",
    "RequestedBy": {
      "DisplayName": "Microsoft.VisualStudio.Services.TFS"
    },
    "Result": "succeeded",
    "SourceBranch": "refs/heads/development",
    "SourceVersion": "9c3462b5eadb1aa31c2e32e000f8f2f0376fe7bc",
    "Repository": {
      "Id": "1878cfcc-dbbf-45d8-b1b2-d3aea2d079b6",
      "Name": "Nuget"
    }
  },
  {
    "Id": 4600,
    "BuildNumber": "20200320.3",
    "Definition": {
      "Id": 66,
      "Name": "Nuget CI Build (Development)"
    },
    "StartTime": "2020-03-20T11:42:52.7026542Z",
    "FinishTime": "2020-03-20T11:49:03.9665676Z",
    "RequestedBy": {
      "DisplayName": "Microsoft.VisualStudio.Services.TFS"
    },
    "Result": "succeeded",
    "SourceBranch": "refs/heads/development",
    "SourceVersion": "1282a29d7cc1b0731adfacfc3520a737bbf67740",
    "Repository": {
      "Id": "1878cfcc-dbbf-45d8-b1b2-d3aea2d079b6",
      "Name": "Nuget"
    }
  },
  {
    "Id": 4599,
    "BuildNumber": "20200320.2",
    "Definition": {
      "Id": 66,
      "Name": "Nuget CI Build (Development)"
    },
    "StartTime": "2020-03-20T09:49:37.8070134Z",
    "FinishTime": "2020-03-20T09:54:50.2740585Z",
    "RequestedBy": {
      "DisplayName": "Microsoft.VisualStudio.Services.TFS"
    },
    "Result": "succeeded",
    "SourceBranch": "refs/heads/development",
    "SourceVersion": "5f6ffa1cce2e6c50368ed54d9d6a639a9e926098",
    "Repository": {
      "Id": "1878cfcc-dbbf-45d8-b1b2-d3aea2d079b6",
      "Name": "Nuget"
    }
  },
  {
    "Id": 4598,
    "BuildNumber": "20200320.1",
    "Definition": {
      "Id": 66,
      "Name": "Nuget CI Build (Development)"
    },
    "StartTime": "2020-03-20T08:58:28.0063243Z",
    "FinishTime": "2020-03-20T09:03:15.6106051Z",
    "RequestedBy": {
      "DisplayName": "Microsoft.VisualStudio.Services.TFS"
    },
    "Result": "succeeded",
    "SourceBranch": "refs/heads/development",
    "SourceVersion": "e7a711f8d791662dde33f10e795bbf1518dafcdd",
    "Repository": {
      "Id": "1878cfcc-dbbf-45d8-b1b2-d3aea2d079b6",
      "Name": "Nuget"
    }
  },
  {
    "Id": 4597,
    "BuildNumber": "master-10.0.20079.1",
    "Definition": {
      "Id": 72,
      "Name": "IntraOffice-Routing"
    },
    "StartTime": "2020-03-19T16:43:20.9395015Z",
    "FinishTime": "2020-03-19T16:51:59.7223103Z",
    "RequestedBy": {
      "DisplayName": "Roel de Regt"
    },
    "Result": "succeeded",
    "SourceBranch": "refs/heads/master",
    "SourceVersion": "e64e7ea2e618a6f4bdc03bed42556ec8dacdb7ce",
    "Repository": {
      "Id": "e71ab3fa-2e72-469c-b58e-ce8cd3f6795b",
      "Name": "IntraOffice-Routing"
    }
  },
  {
    "Id": 4595,
    "BuildNumber": "20200318.1",
    "Definition": {
      "Id": 75,
      "Name": "Sign API Release Build"
    },
    "StartTime": "2020-03-18T11:14:06.4775727Z",
    "FinishTime": "2020-03-18T11:17:23.3772864Z",
    "RequestedBy": {
      "DisplayName": "Mikhail.Tchesnokov"
    },
    "Result": "succeeded",
    "SourceBranch": "refs/heads/master",
    "SourceVersion": "2ea58ea68b3ef0069a7891c2136b1edf1eccd197",
    "Repository": {
      "Id": "8e1e1164-f24d-4967-9b44-c6ea43178415",
      "Name": "IntraOffice-Signing"
    }
  },
  {
    "Id": 4594,
    "BuildNumber": "20200318.1",
    "Definition": {
      "Id": 74,
      "Name": "IntraOffice-Signing CI Build (Master)"
    },
    "StartTime": "2020-03-18T11:09:35.6337803Z",
    "FinishTime": "2020-03-18T11:13:45.4051994Z",
    "RequestedBy": {
      "DisplayName": "Microsoft.VisualStudio.Services.TFS"
    },
    "Result": "succeeded",
    "SourceBranch": "refs/heads/master",
    "SourceVersion": "2ea58ea68b3ef0069a7891c2136b1edf1eccd197",
    "Repository": {
      "Id": "8e1e1164-f24d-4967-9b44-c6ea43178415",
      "Name": "IntraOffice-Signing"
    }
  },
  {
    "Id": 4593,
    "BuildNumber": "20200317.2",
    "Definition": {
      "Id": 75,
      "Name": "Sign API Release Build"
    },
    "StartTime": "2020-03-17T21:03:07.2690272Z",
    "FinishTime": "2020-03-17T21:05:47.7855779Z",
    "RequestedBy": {
      "DisplayName": "Mikhail.Tchesnokov"
    },
    "Result": "succeeded",
    "SourceBranch": "refs/heads/master",
    "SourceVersion": "d6359d2efeb5fb6670a43e97c1b013afd1bec4fa",
    "Repository": {
      "Id": "8e1e1164-f24d-4967-9b44-c6ea43178415",
      "Name": "IntraOffice-Signing"
    }
  },
  {
    "Id": 4592,
    "BuildNumber": "20200317.4",
    "Definition": {
      "Id": 74,
      "Name": "IntraOffice-Signing CI Build (Master)"
    },
    "StartTime": "2020-03-17T20:56:18.005286Z",
    "FinishTime": "2020-03-17T20:59:13.9008734Z",
    "RequestedBy": {
      "DisplayName": "Microsoft.VisualStudio.Services.TFS"
    },
    "Result": "succeeded",
    "SourceBranch": "refs/heads/master",
    "SourceVersion": "d6359d2efeb5fb6670a43e97c1b013afd1bec4fa",
    "Repository": {
      "Id": "8e1e1164-f24d-4967-9b44-c6ea43178415",
      "Name": "IntraOffice-Signing"
    }
  },
  {
    "Id": 4590,
    "BuildNumber": "development-9.6.20077.1",
    "Definition": {
      "Id": 68,
      "Name": "IntraOffice"
    },
    "StartTime": "2020-03-17T14:36:56.6468381Z",
    "FinishTime": "2020-03-17T14:48:45.5260943Z",
    "RequestedBy": {
      "DisplayName": "Roel de Regt"
    },
    "Result": "succeeded",
    "SourceBranch": "refs/heads/development",
    "SourceVersion": "9651a96cbd9b62ea86e89c8b7d96859ba514d917",
    "Repository": {
      "Id": "7e06ad15-43b5-4281-b482-152cbd8e6e06",
      "Name": "IntraOffice"
    }
  },
  {
    "Id": 4588,
    "BuildNumber": "20200317.5",
    "Definition": {
      "Id": 66,
      "Name": "Nuget CI Build (Development)"
    },
    "StartTime": "2020-03-17T13:59:36.6432726Z",
    "FinishTime": "2020-03-17T14:05:14.0426351Z",
    "RequestedBy": {
      "DisplayName": "Microsoft.VisualStudio.Services.TFS"
    },
    "Result": "succeeded",
    "SourceBranch": "refs/heads/development",
    "SourceVersion": "b1e8e2882f3105f8eb106c8495c0375787e090d7",
    "Repository": {
      "Id": "1878cfcc-dbbf-45d8-b1b2-d3aea2d079b6",
      "Name": "Nuget"
    }
  },
  {
    "Id": 4587,
    "BuildNumber": "20200317.4",
    "Definition": {
      "Id": 66,
      "Name": "Nuget CI Build (Development)"
    },
    "StartTime": "2020-03-17T13:49:40.4339499Z",
    "FinishTime": "2020-03-17T13:55:11.5801863Z",
    "RequestedBy": {
      "DisplayName": "Microsoft.VisualStudio.Services.TFS"
    },
    "Result": "succeeded",
    "SourceBranch": "refs/heads/development",
    "SourceVersion": "04f8b859e32cf2c08f62a9384aa8f099362b766a",
    "Repository": {
      "Id": "1878cfcc-dbbf-45d8-b1b2-d3aea2d079b6",
      "Name": "Nuget"
    }
  },
  {
    "Id": 4585,
    "BuildNumber": "20200317.3",
    "Definition": {
      "Id": 66,
      "Name": "Nuget CI Build (Development)"
    },
    "StartTime": "2020-03-17T13:05:12.7215595Z",
    "FinishTime": "2020-03-17T13:10:25.3711783Z",
    "RequestedBy": {
      "DisplayName": "Microsoft.VisualStudio.Services.TFS"
    },
    "Result": "succeeded",
    "SourceBranch": "refs/heads/development",
    "SourceVersion": "e5d20ec43dc03878e7d8e9f317691558b87f9f66",
    "Repository": {
      "Id": "1878cfcc-dbbf-45d8-b1b2-d3aea2d079b6",
      "Name": "Nuget"
    }
  },
  {
    "Id": 4584,
    "BuildNumber": "20200317.2",
    "Definition": {
      "Id": 66,
      "Name": "Nuget CI Build (Development)"
    },
    "StartTime": "2020-03-17T13:03:01.2547237Z",
    "FinishTime": "2020-03-17T13:08:30.7910403Z",
    "RequestedBy": {
      "DisplayName": "Microsoft.VisualStudio.Services.TFS"
    },
    "Result": "succeeded",
    "SourceBranch": "refs/heads/development",
    "SourceVersion": "825f4bb9d6e05f8dd589ccca492f3d1ed0516f2a",
    "Repository": {
      "Id": "1878cfcc-dbbf-45d8-b1b2-d3aea2d079b6",
      "Name": "Nuget"
    }
  },
  {
    "Id": 4583,
    "BuildNumber": "20200317.1",
    "Definition": {
      "Id": 74,
      "Name": "IntraOffice-Signing CI Build (Master)"
    },
    "StartTime": "2020-03-17T08:51:25.1237008Z",
    "FinishTime": "2020-03-17T08:55:03.2991003Z",
    "RequestedBy": {
      "DisplayName": "Microsoft.VisualStudio.Services.TFS"
    },
    "Result": "succeeded",
    "SourceBranch": "refs/heads/master",
    "SourceVersion": "e2b8640416e74dfcec5f666747b6e04a6a2662a0",
    "Repository": {
      "Id": "8e1e1164-f24d-4967-9b44-c6ea43178415",
      "Name": "IntraOffice-Signing"
    }
  },
  {
    "Id": 4582,
    "BuildNumber": "20200317.1",
    "Definition": {
      "Id": 66,
      "Name": "Nuget CI Build (Development)"
    },
    "StartTime": "2020-03-17T07:49:39.80328Z",
    "FinishTime": "2020-03-17T07:54:58.7950946Z",
    "RequestedBy": {
      "DisplayName": "Microsoft.VisualStudio.Services.TFS"
    },
    "Result": "succeeded",
    "SourceBranch": "refs/heads/development",
    "SourceVersion": "e68cac18437d56cac1448fb8bd1ec6a9f196e092",
    "Repository": {
      "Id": "1878cfcc-dbbf-45d8-b1b2-d3aea2d079b6",
      "Name": "Nuget"
    }
  },
  {
    "Id": 4580,
    "BuildNumber": "9.1-9.1.20076.1",
    "Definition": {
      "Id": 9,
      "Name": "Version 9 Build"
    },
    "StartTime": "2020-03-16T16:38:33.428466Z",
    "FinishTime": "2020-03-16T16:48:29.172127Z",
    "RequestedBy": {
      "DisplayName": "Corne Los"
    },
    "Result": "succeeded",
    "SourceBranch": "refs/heads/Releases/9.1",
    "SourceVersion": "fc4b9f9d01eb596c2eda2d76b9beef800b4bbf94",
    "Repository": {
      "Id": "7e06ad15-43b5-4281-b482-152cbd8e6e06",
      "Name": "IntraOffice"
    }
  },
  {
    "Id": 4579,
    "BuildNumber": "20200316.1",
    "Definition": {
      "Id": 74,
      "Name": "IntraOffice-Signing CI Build (Master)"
    },
    "StartTime": "2020-03-16T08:50:16.273046Z",
    "FinishTime": "2020-03-16T08:53:43.9116137Z",
    "RequestedBy": {
      "DisplayName": "Microsoft.VisualStudio.Services.TFS"
    },
    "Result": "succeeded",
    "SourceBranch": "refs/heads/master",
    "SourceVersion": "520c2dfc69f5fdeee435c1426b1573345dba9820",
    "Repository": {
      "Id": "8e1e1164-f24d-4967-9b44-c6ea43178415",
      "Name": "IntraOffice-Signing"
    }
  },
  {
    "Id": 4577,
    "BuildNumber": "20200313.1",
    "Definition": {
      "Id": 74,
      "Name": "IntraOffice-Signing CI Build (Master)"
    },
    "StartTime": "2020-03-13T12:20:25.1397671Z",
    "FinishTime": "2020-03-13T12:24:20.2184862Z",
    "RequestedBy": {
      "DisplayName": "Microsoft.VisualStudio.Services.TFS"
    },
    "Result": "succeeded",
    "SourceBranch": "refs/heads/master",
    "SourceVersion": "9db69403f4b065326c08daa6f38ca119df34702a",
    "Repository": {
      "Id": "8e1e1164-f24d-4967-9b44-c6ea43178415",
      "Name": "IntraOffice-Signing"
    }
  },
  {
    "Id": 4576,
    "BuildNumber": "20200312.4",
    "Definition": {
      "Id": 74,
      "Name": "IntraOffice-Signing CI Build (Master)"
    },
    "StartTime": "2020-03-12T15:58:33.7758744Z",
    "FinishTime": "2020-03-12T16:01:53.0061175Z",
    "RequestedBy": {
      "DisplayName": "Microsoft.VisualStudio.Services.TFS"
    },
    "Result": "succeeded",
    "SourceBranch": "refs/heads/master",
    "SourceVersion": "82d541db049d35733173dd35f9defa17c56c4a3a",
    "Repository": {
      "Id": "8e1e1164-f24d-4967-9b44-c6ea43178415",
      "Name": "IntraOffice-Signing"
    }
  },
  {
    "Id": 4575,
    "BuildNumber": "20200312.3",
    "Definition": {
      "Id": 74,
      "Name": "IntraOffice-Signing CI Build (Master)"
    },
    "StartTime": "2020-03-12T15:12:55.9866975Z",
    "FinishTime": "2020-03-12T15:16:21.2042521Z",
    "RequestedBy": {
      "DisplayName": "Microsoft.VisualStudio.Services.TFS"
    },
    "Result": "succeeded",
    "SourceBranch": "refs/heads/master",
    "SourceVersion": "6d24afe479634f70d26b78546666141cc1728d67",
    "Repository": {
      "Id": "8e1e1164-f24d-4967-9b44-c6ea43178415",
      "Name": "IntraOffice-Signing"
    }
  },
  {
    "Id": 4574,
    "BuildNumber": "20200312.2",
    "Definition": {
      "Id": 74,
      "Name": "IntraOffice-Signing CI Build (Master)"
    },
    "StartTime": "2020-03-12T13:42:03.1884133Z",
    "FinishTime": "2020-03-12T13:45:24.4174987Z",
    "RequestedBy": {
      "DisplayName": "Microsoft.VisualStudio.Services.TFS"
    },
    "Result": "succeeded",
    "SourceBranch": "refs/heads/master",
    "SourceVersion": "326698295826cdd8721be553bde8400f44c342ec",
    "Repository": {
      "Id": "8e1e1164-f24d-4967-9b44-c6ea43178415",
      "Name": "IntraOffice-Signing"
    }
  },
  {
    "Id": 4573,
    "BuildNumber": "9.2-9.2.20072.1",
    "Definition": {
      "Id": 9,
      "Name": "Version 9 Build"
    },
    "StartTime": "2020-03-12T12:55:30.9339371Z",
    "FinishTime": "2020-03-12T13:13:22.1203447Z",
    "RequestedBy": {
      "DisplayName": "Roel de Regt"
    },
    "Result": "succeeded",
    "SourceBranch": "refs/heads/Releases/9.2",
    "SourceVersion": "41a2ba818b00c7cfa48c314e928ce3aafd65d4d8",
    "Repository": {
      "Id": "7e06ad15-43b5-4281-b482-152cbd8e6e06",
      "Name": "IntraOffice"
    }
  },
  {
    "Id": 4572,
    "BuildNumber": "20200312.1",
    "Definition": {
      "Id": 74,
      "Name": "IntraOffice-Signing CI Build (Master)"
    },
    "StartTime": "2020-03-12T09:51:42.3169916Z",
    "FinishTime": "2020-03-12T09:55:11.2007812Z",
    "RequestedBy": {
      "DisplayName": "Microsoft.VisualStudio.Services.TFS"
    },
    "Result": "succeeded",
    "SourceBranch": "refs/heads/master",
    "SourceVersion": "eaf4bd633d44980d482bc4bf788ee88527c28d57",
    "Repository": {
      "Id": "8e1e1164-f24d-4967-9b44-c6ea43178415",
      "Name": "IntraOffice-Signing"
    }
  },
  {
    "Id": 4571,
    "BuildNumber": "20200311.8",
    "Definition": {
      "Id": 74,
      "Name": "IntraOffice-Signing CI Build (Master)"
    },
    "StartTime": "2020-03-11T19:12:29.2162386Z",
    "FinishTime": "2020-03-11T19:16:12.4202576Z",
    "RequestedBy": {
      "DisplayName": "Microsoft.VisualStudio.Services.TFS"
    },
    "Result": "succeeded",
    "SourceBranch": "refs/heads/master",
    "SourceVersion": "b3e04eb166d28500956e46c1ff464a469a098291",
    "Repository": {
      "Id": "8e1e1164-f24d-4967-9b44-c6ea43178415",
      "Name": "IntraOffice-Signing"
    }
  },
  {
    "Id": 4570,
    "BuildNumber": "20200311.7",
    "Definition": {
      "Id": 74,
      "Name": "IntraOffice-Signing CI Build (Master)"
    },
    "StartTime": "2020-03-11T19:01:47.3660107Z",
    "FinishTime": "2020-03-11T19:05:20.3956784Z",
    "RequestedBy": {
      "DisplayName": "Microsoft.VisualStudio.Services.TFS"
    },
    "Result": "succeeded",
    "SourceBranch": "refs/heads/master",
    "SourceVersion": "745a1a5de9fb64f04af16faa2efe992069f36dbf",
    "Repository": {
      "Id": "8e1e1164-f24d-4967-9b44-c6ea43178415",
      "Name": "IntraOffice-Signing"
    }
  },
  {
    "Id": 4568,
    "BuildNumber": "20200311.5",
    "Definition": {
      "Id": 74,
      "Name": "IntraOffice-Signing CI Build (Master)"
    },
    "StartTime": "2020-03-11T09:34:34.4524223Z",
    "FinishTime": "2020-03-11T09:37:55.250708Z",
    "RequestedBy": {
      "DisplayName": "Microsoft.VisualStudio.Services.TFS"
    },
    "Result": "succeeded",
    "SourceBranch": "refs/heads/master",
    "SourceVersion": "49a9acca55e055e72b9d2c061255346629fcdbf5",
    "Repository": {
      "Id": "8e1e1164-f24d-4967-9b44-c6ea43178415",
      "Name": "IntraOffice-Signing"
    }
  },
  {
    "Id": 4567,
    "BuildNumber": "20200311.4",
    "Definition": {
      "Id": 74,
      "Name": "IntraOffice-Signing CI Build (Master)"
    },
    "StartTime": "2020-03-11T09:27:21.8939772Z",
    "FinishTime": "2020-03-11T09:30:42.0486894Z",
    "RequestedBy": {
      "DisplayName": "Microsoft.VisualStudio.Services.TFS"
    },
    "Result": "succeeded",
    "SourceBranch": "refs/heads/master",
    "SourceVersion": "ca38bd4a578320d2f3693797a9d9b1ce816d78d2",
    "Repository": {
      "Id": "8e1e1164-f24d-4967-9b44-c6ea43178415",
      "Name": "IntraOffice-Signing"
    }
  },
  {
    "Id": 4566,
    "BuildNumber": "20200311.3",
    "Definition": {
      "Id": 74,
      "Name": "IntraOffice-Signing CI Build (Master)"
    },
    "StartTime": "2020-03-11T09:21:14.5784432Z",
    "FinishTime": "2020-03-11T09:24:40.1460852Z",
    "RequestedBy": {
      "DisplayName": "Microsoft.VisualStudio.Services.TFS"
    },
    "Result": "succeeded",
    "SourceBranch": "refs/heads/master",
    "SourceVersion": "e864ef180465d9e2eb3eac05b0cec0fa1bf1ab7d",
    "Repository": {
      "Id": "8e1e1164-f24d-4967-9b44-c6ea43178415",
      "Name": "IntraOffice-Signing"
    }
  },
  {
    "Id": 4560,
    "BuildNumber": "20200310.2",
    "Definition": {
      "Id": 74,
      "Name": "IntraOffice-Signing CI Build (Master)"
    },
    "StartTime": "2020-03-10T08:28:32.9345115Z",
    "FinishTime": "2020-03-10T08:31:30.8888144Z",
    "RequestedBy": {
      "DisplayName": "Microsoft.VisualStudio.Services.TFS"
    },
    "Result": "succeeded",
    "SourceBranch": "refs/heads/master",
    "SourceVersion": "734a1580793ca73e5a80fab3cbc52f7464c33eff",
    "Repository": {
      "Id": "8e1e1164-f24d-4967-9b44-c6ea43178415",
      "Name": "IntraOffice-Signing"
    }
  },
  {
    "Id": 4559,
    "BuildNumber": "20200310.1",
    "Definition": {
      "Id": 74,
      "Name": "IntraOffice-Signing CI Build (Master)"
    },
    "StartTime": "2020-03-10T08:22:57.8660186Z",
    "FinishTime": "2020-03-10T08:26:18.6574995Z",
    "RequestedBy": {
      "DisplayName": "Microsoft.VisualStudio.Services.TFS"
    },
    "Result": "succeeded",
    "SourceBranch": "refs/heads/master",
    "SourceVersion": "6a1bb8f74bb9da5f5c28b65e08d01b132e362f92",
    "Repository": {
      "Id": "8e1e1164-f24d-4967-9b44-c6ea43178415",
      "Name": "IntraOffice-Signing"
    }
  },
  {
    "Id": 4558,
    "BuildNumber": "9.2-9.2.20069.1",
    "Definition": {
      "Id": 9,
      "Name": "Version 9 Build"
    },
    "StartTime": "2020-03-09T15:44:08.0960316Z",
    "FinishTime": "2020-03-09T16:02:20.9092119Z",
    "RequestedBy": {
      "DisplayName": "Corne Los"
    },
    "Result": "succeeded",
    "SourceBranch": "refs/heads/Releases/9.2",
    "SourceVersion": "c71e1c1d025557ff150a7f7f7d89ac31d54792b2",
    "Repository": {
      "Id": "7e06ad15-43b5-4281-b482-152cbd8e6e06",
      "Name": "IntraOffice"
    }
  },
  {
    "Id": 4557,
    "BuildNumber": "20200309.3",
    "Definition": {
      "Id": 74,
      "Name": "IntraOffice-Signing CI Build (Master)"
    },
    "StartTime": "2020-03-09T14:42:55.8103428Z",
    "FinishTime": "2020-03-09T14:46:09.807154Z",
    "RequestedBy": {
      "DisplayName": "Microsoft.VisualStudio.Services.TFS"
    },
    "Result": "succeeded",
    "SourceBranch": "refs/heads/master",
    "SourceVersion": "5b8c5d09e3f67af563e94ba7ff445c1d88547b01",
    "Repository": {
      "Id": "8e1e1164-f24d-4967-9b44-c6ea43178415",
      "Name": "IntraOffice-Signing"
    }
  },
  {
    "Id": 4556,
    "BuildNumber": "20200309.2",
    "Definition": {
      "Id": 74,
      "Name": "IntraOffice-Signing CI Build (Master)"
    },
    "StartTime": "2020-03-09T14:27:23.4665935Z",
    "FinishTime": "2020-03-09T14:30:36.2980628Z",
    "RequestedBy": {
      "DisplayName": "Microsoft.VisualStudio.Services.TFS"
    },
    "Result": "succeeded",
    "SourceBranch": "refs/heads/master",
    "SourceVersion": "267ae00429b98adc1a8127112dd795893dbd998c",
    "Repository": {
      "Id": "8e1e1164-f24d-4967-9b44-c6ea43178415",
      "Name": "IntraOffice-Signing"
    }
  },
  {
    "Id": 4555,
    "BuildNumber": "20200309.1",
    "Definition": {
      "Id": 75,
      "Name": "Sign API Release Build"
    },
    "StartTime": "2020-03-09T13:48:54.8223011Z",
    "FinishTime": "2020-03-09T13:51:48.4693662Z",
    "RequestedBy": {
      "DisplayName": "Mikhail.Tchesnokov"
    },
    "Result": "succeeded",
    "SourceBranch": "refs/heads/master",
    "SourceVersion": "d2ef9fee62e0fec4eddb4240db9ba5cb1f169402",
    "Repository": {
      "Id": "8e1e1164-f24d-4967-9b44-c6ea43178415",
      "Name": "IntraOffice-Signing"
    }
  },
  {
    "Id": 4554,
    "BuildNumber": "20200309.1",
    "Definition": {
      "Id": 74,
      "Name": "IntraOffice-Signing CI Build (Master)"
    },
    "StartTime": "2020-03-09T13:35:01.4531627Z",
    "FinishTime": "2020-03-09T13:37:55.2388878Z",
    "RequestedBy": {
      "DisplayName": "Microsoft.VisualStudio.Services.TFS"
    },
    "Result": "succeeded",
    "SourceBranch": "refs/heads/master",
    "SourceVersion": "d2ef9fee62e0fec4eddb4240db9ba5cb1f169402",
    "Repository": {
      "Id": "8e1e1164-f24d-4967-9b44-c6ea43178415",
      "Name": "IntraOffice-Signing"
    }
  },
  {
    "Id": 4553,
    "BuildNumber": "20200309.3",
    "Definition": {
      "Id": 66,
      "Name": "Nuget CI Build (Development)"
    },
    "StartTime": "2020-03-09T13:09:48.3042405Z",
    "FinishTime": "2020-03-09T13:14:55.8356243Z",
    "RequestedBy": {
      "DisplayName": "Microsoft.VisualStudio.Services.TFS"
    },
    "Result": "succeeded",
    "SourceBranch": "refs/heads/development",
    "SourceVersion": "30c641e76084566fa1132d08ea30032c34c35e8b",
    "Repository": {
      "Id": "1878cfcc-dbbf-45d8-b1b2-d3aea2d079b6",
      "Name": "Nuget"
    }
  },
  {
    "Id": 4549,
    "BuildNumber": "master-10.1.20066.2",
    "Definition": {
      "Id": 69,
      "Name": "IntraOffice-Content-Repository"
    },
    "StartTime": "2020-03-06T14:20:53.8149953Z",
    "FinishTime": "2020-03-06T22:06:11.3299742Z",
    "RequestedBy": {
      "DisplayName": "Roel de Regt"
    },
    "Result": "succeeded",
    "SourceBranch": "refs/heads/master",
    "SourceVersion": "34d6a72c775a78ef12317585aa69d12f60d6f717",
    "Repository": {
      "Id": "6525cebf-c7df-4ba3-b01a-265613861b33",
      "Name": "IntraOffice-Content-Repository"
    }
  },
  {
    "Id": 4550,
    "BuildNumber": "development-9.6.20066.3",
    "Definition": {
      "Id": 68,
      "Name": "IntraOffice"
    },
    "StartTime": "2020-03-06T15:24:11.199893Z",
    "FinishTime": "2020-03-06T15:35:48.9377743Z",
    "RequestedBy": {
      "DisplayName": "Roel de Regt"
    },
    "Result": "succeeded",
    "SourceBranch": "refs/heads/development",
    "SourceVersion": "094bcf90248e8e28105f6ca48e2d7443d6d0085e",
    "Repository": {
      "Id": "7e06ad15-43b5-4281-b482-152cbd8e6e06",
      "Name": "IntraOffice"
    }
  },
  {
    "Id": 4548,
    "BuildNumber": "development-10.1.20066.1",
    "Definition": {
      "Id": 69,
      "Name": "IntraOffice-Content-Repository"
    },
    "StartTime": "2020-03-06T13:42:06.8460505Z",
    "FinishTime": "2020-03-06T13:45:36.9803614Z",
    "RequestedBy": {
      "DisplayName": "Roel de Regt"
    },
    "Result": "succeeded",
    "SourceBranch": "refs/heads/development",
    "SourceVersion": "5895d1d8018e55274d6b7b39eb18370cf939115e",
    "Repository": {
      "Id": "6525cebf-c7df-4ba3-b01a-265613861b33",
      "Name": "IntraOffice-Content-Repository"
    }
  },
  {
    "Id": 4547,
    "BuildNumber": "master-10.1.20066.1",
    "Definition": {
      "Id": 69,
      "Name": "IntraOffice-Content-Repository"
    },
    "StartTime": "2020-03-06T13:41:19.3167029Z",
    "FinishTime": "2020-03-06T13:41:37.9248218Z",
    "RequestedBy": {
      "DisplayName": "Roel de Regt"
    },
    "Result": "canceled",
    "SourceBranch": "refs/heads/master",
    "SourceVersion": "662549a00fbce54d5e92008b0602c61636251f3b",
    "Repository": {
      "Id": "6525cebf-c7df-4ba3-b01a-265613861b33",
      "Name": "IntraOffice-Content-Repository"
    }
  },
  {
    "Id": 4546,
    "BuildNumber": "20200306.5",
    "Definition": {
      "Id": 66,
      "Name": "Nuget CI Build (Development)"
    },
    "StartTime": "2020-03-06T13:14:26.6439771Z",
    "FinishTime": "2020-03-06T13:19:49.8100202Z",
    "RequestedBy": {
      "DisplayName": "Microsoft.VisualStudio.Services.TFS"
    },
    "Result": "succeeded",
    "SourceBranch": "refs/heads/development",
    "SourceVersion": "feed1490ea460e8a883ec40897bff78e82d07d9f",
    "Repository": {
      "Id": "1878cfcc-dbbf-45d8-b1b2-d3aea2d079b6",
      "Name": "Nuget"
    }
  },
  {
    "Id": 4545,
    "BuildNumber": "20200306.4",
    "Definition": {
      "Id": 66,
      "Name": "Nuget CI Build (Development)"
    },
    "StartTime": "2020-03-06T12:54:39.1753483Z",
    "FinishTime": "2020-03-06T12:59:40.3948971Z",
    "RequestedBy": {
      "DisplayName": "Microsoft.VisualStudio.Services.TFS"
    },
    "Result": "succeeded",
    "SourceBranch": "refs/heads/development",
    "SourceVersion": "eeb0afdf1684ab11f24b0a731376f77e44fd2e44",
    "Repository": {
      "Id": "1878cfcc-dbbf-45d8-b1b2-d3aea2d079b6",
      "Name": "Nuget"
    }
  },
  {
    "Id": 4544,
    "BuildNumber": "20200306.3",
    "Definition": {
      "Id": 66,
      "Name": "Nuget CI Build (Development)"
    },
    "StartTime": "2020-03-06T12:08:41.8848894Z",
    "FinishTime": "2020-03-06T12:13:40.2435563Z",
    "RequestedBy": {
      "DisplayName": "Microsoft.VisualStudio.Services.TFS"
    },
    "Result": "succeeded",
    "SourceBranch": "refs/heads/development",
    "SourceVersion": "6a27e51356ddff22063a5b1b0018838bfcd6fa2d",
    "Repository": {
      "Id": "1878cfcc-dbbf-45d8-b1b2-d3aea2d079b6",
      "Name": "Nuget"
    }
  },
  {
    "Id": 4543,
    "BuildNumber": "development-9.6.20066.2",
    "Definition": {
      "Id": 68,
      "Name": "IntraOffice"
    },
    "StartTime": "2020-03-06T10:46:36.4506113Z",
    "FinishTime": "2020-03-06T10:57:29.4593795Z",
    "RequestedBy": {
      "DisplayName": "Tjeerd de Haas"
    },
    "Result": "succeeded",
    "SourceBranch": "refs/heads/development",
    "SourceVersion": "183b84f54feafa24f1559906cdc56bf48ab8660a",
    "Repository": {
      "Id": "7e06ad15-43b5-4281-b482-152cbd8e6e06",
      "Name": "IntraOffice"
    }
  },
  {
    "Id": 4542,
    "BuildNumber": "development-9.6.20066.1",
    "Definition": {
      "Id": 68,
      "Name": "IntraOffice"
    },
    "StartTime": "2020-03-06T10:45:54.8795254Z",
    "FinishTime": "2020-03-06T10:46:30.0957565Z",
    "RequestedBy": {
      "DisplayName": "Tjeerd de Haas"
    },
    "Result": "canceled",
    "SourceBranch": "refs/heads/development",
    "SourceVersion": "985a8e97f78b9a2a2938c98a221a44a9ed2ad799",
    "Repository": {
      "Id": "7e06ad15-43b5-4281-b482-152cbd8e6e06",
      "Name": "IntraOffice"
    }
  },
  {
    "Id": 4541,
    "BuildNumber": "20200306.2",
    "Definition": {
      "Id": 66,
      "Name": "Nuget CI Build (Development)"
    },
    "StartTime": "2020-03-06T09:54:53.8563205Z",
    "FinishTime": "2020-03-06T10:00:06.9929376Z",
    "RequestedBy": {
      "DisplayName": "Microsoft.VisualStudio.Services.TFS"
    },
    "Result": "succeeded",
    "SourceBranch": "refs/heads/development",
    "SourceVersion": "11f691ab626662d5550dc0cc21ca1ba1ed93d81c",
    "Repository": {
      "Id": "1878cfcc-dbbf-45d8-b1b2-d3aea2d079b6",
      "Name": "Nuget"
    }
  },
  {
    "Id": 4540,
    "BuildNumber": "20200306.1",
    "Definition": {
      "Id": 66,
      "Name": "Nuget CI Build (Development)"
    },
    "StartTime": "2020-03-06T08:58:20.071236Z",
    "FinishTime": "2020-03-06T09:03:17.1167125Z",
    "RequestedBy": {
      "DisplayName": "Microsoft.VisualStudio.Services.TFS"
    },
    "Result": "succeeded",
    "SourceBranch": "refs/heads/development",
    "SourceVersion": "45a1cd927cf26ca054ab44276ea181dbe47f6bde",
    "Repository": {
      "Id": "1878cfcc-dbbf-45d8-b1b2-d3aea2d079b6",
      "Name": "Nuget"
    }
  },
  {
    "Id": 4539,
    "BuildNumber": "20200305.3",
    "Definition": {
      "Id": 66,
      "Name": "Nuget CI Build (Development)"
    },
    "StartTime": "2020-03-05T15:12:22.1850585Z",
    "FinishTime": "2020-03-05T15:17:34.3564208Z",
    "RequestedBy": {
      "DisplayName": "Microsoft.VisualStudio.Services.TFS"
    },
    "Result": "succeeded",
    "SourceBranch": "refs/heads/development",
    "SourceVersion": "d2807f1516e7f3d6d513660fc1e1251ba4c5f20d",
    "Repository": {
      "Id": "1878cfcc-dbbf-45d8-b1b2-d3aea2d079b6",
      "Name": "Nuget"
    }
  },
  {
    "Id": 4538,
    "BuildNumber": "20200305.2",
    "Definition": {
      "Id": 66,
      "Name": "Nuget CI Build (Development)"
    },
    "StartTime": "2020-03-05T13:50:43.6886598Z",
    "FinishTime": "2020-03-05T13:56:22.0765513Z",
    "RequestedBy": {
      "DisplayName": "Microsoft.VisualStudio.Services.TFS"
    },
    "Result": "succeeded",
    "SourceBranch": "refs/heads/development",
    "SourceVersion": "d809bd62840bb5350332f332015b3f39f32ec914",
    "Repository": {
      "Id": "1878cfcc-dbbf-45d8-b1b2-d3aea2d079b6",
      "Name": "Nuget"
    }
  },
  {
    "Id": 4536,
    "BuildNumber": "20200304.3",
    "Definition": {
      "Id": 66,
      "Name": "Nuget CI Build (Development)"
    },
    "StartTime": "2020-03-04T15:42:35.1324197Z",
    "FinishTime": "2020-03-04T15:47:40.8621224Z",
    "RequestedBy": {
      "DisplayName": "Microsoft.VisualStudio.Services.TFS"
    },
    "Result": "succeeded",
    "SourceBranch": "refs/heads/development",
    "SourceVersion": "9c8c6dad58944007b6431e6d8ddad9acea343e17",
    "Repository": {
      "Id": "1878cfcc-dbbf-45d8-b1b2-d3aea2d079b6",
      "Name": "Nuget"
    }
  },
  {
    "Id": 4533,
    "BuildNumber": "9.1-9.1.20064.2",
    "Definition": {
      "Id": 9,
      "Name": "Version 9 Build"
    },
    "StartTime": "2020-03-04T14:25:13.8841121Z",
    "FinishTime": "2020-03-04T14:35:27.3647682Z",
    "RequestedBy": {
      "DisplayName": "Corne Los"
    },
    "Result": "succeeded",
    "SourceBranch": "refs/heads/Releases/9.1",
    "SourceVersion": "f0980c63641ba66b43f0063f9f6ac5aac35dc4ac",
    "Repository": {
      "Id": "7e06ad15-43b5-4281-b482-152cbd8e6e06",
      "Name": "IntraOffice"
    }
  },
  {
    "Id": 4532,
    "BuildNumber": "9.2-9.2.20064.1",
    "Definition": {
      "Id": 9,
      "Name": "Version 9 Build"
    },
    "StartTime": "2020-03-04T09:36:00.4255611Z",
    "FinishTime": "2020-03-04T09:53:43.1479162Z",
    "RequestedBy": {
      "DisplayName": "Roel de Regt"
    },
    "Result": "succeeded",
    "SourceBranch": "refs/heads/Releases/9.2",
    "SourceVersion": "79b7ad3b3980b95eff8aefc75037f7f94a402f4d",
    "Repository": {
      "Id": "7e06ad15-43b5-4281-b482-152cbd8e6e06",
      "Name": "IntraOffice"
    }
  },
  {
    "Id": 4531,
    "BuildNumber": "9.1-9.1.20064.1",
    "Definition": {
      "Id": 9,
      "Name": "Version 9 Build"
    },
    "StartTime": "2020-03-04T08:48:32.3518184Z",
    "FinishTime": "2020-03-04T08:59:23.4660316Z",
    "RequestedBy": {
      "DisplayName": "Corne Los"
    },
    "Result": "succeeded",
    "SourceBranch": "refs/heads/Releases/9.1",
    "SourceVersion": "c332746bfe3c335fb1c739f51d02060eaf87d58d",
    "Repository": {
      "Id": "7e06ad15-43b5-4281-b482-152cbd8e6e06",
      "Name": "IntraOffice"
    }
  },
  {
    "Id": 4530,
    "BuildNumber": "20200303.5",
    "Definition": {
      "Id": 66,
      "Name": "Nuget CI Build (Development)"
    },
    "StartTime": "2020-03-03T14:29:53.8705465Z",
    "FinishTime": "2020-03-03T14:35:41.1123913Z",
    "RequestedBy": {
      "DisplayName": "Mikhail.Tchesnokov"
    },
    "Result": "succeeded",
    "SourceBranch": "refs/heads/development",
    "SourceVersion": "9843822b8cdde86b995fc147a78243fc7cf96c73",
    "Repository": {
      "Id": "1878cfcc-dbbf-45d8-b1b2-d3aea2d079b6",
      "Name": "Nuget"
    }
  },
  {
    "Id": 4529,
    "BuildNumber": "20200303.4",
    "Definition": {
      "Id": 66,
      "Name": "Nuget CI Build (Development)"
    },
    "StartTime": "2020-03-03T14:20:22.8357731Z",
    "FinishTime": "2020-03-03T14:24:36.0702359Z",
    "RequestedBy": {
      "DisplayName": "Microsoft.VisualStudio.Services.TFS"
    },
    "Result": "succeeded",
    "SourceBranch": "refs/heads/development",
    "SourceVersion": "9843822b8cdde86b995fc147a78243fc7cf96c73",
    "Repository": {
      "Id": "1878cfcc-dbbf-45d8-b1b2-d3aea2d079b6",
      "Name": "Nuget"
    }
  },
  {
    "Id": 4528,
    "BuildNumber": "20200303.3",
    "Definition": {
      "Id": 66,
      "Name": "Nuget CI Build (Development)"
    },
    "StartTime": "2020-03-03T14:19:03.3387693Z",
    "FinishTime": "2020-03-03T14:23:09.4851225Z",
    "RequestedBy": {
      "DisplayName": "Microsoft.VisualStudio.Services.TFS"
    },
    "Result": "succeeded",
    "SourceBranch": "refs/heads/development",
    "SourceVersion": "d153858e842890b2c66ff4946392bef228dbaf74",
    "Repository": {
      "Id": "1878cfcc-dbbf-45d8-b1b2-d3aea2d079b6",
      "Name": "Nuget"
    }
  },
  {
    "Id": 4527,
    "BuildNumber": "20200303.2",
    "Definition": {
      "Id": 66,
      "Name": "Nuget CI Build (Development)"
    },
    "StartTime": "2020-03-03T12:44:20.1463435Z",
    "FinishTime": "2020-03-03T12:48:36.0983797Z",
    "RequestedBy": {
      "DisplayName": "Microsoft.VisualStudio.Services.TFS"
    },
    "Result": "succeeded",
    "SourceBranch": "refs/heads/development",
    "SourceVersion": "c9d1aa77a22dc5188dd825656715cd928141f11b",
    "Repository": {
      "Id": "1878cfcc-dbbf-45d8-b1b2-d3aea2d079b6",
      "Name": "Nuget"
    }
  },
  {
    "Id": 4526,
    "BuildNumber": "20200303.1",
    "Definition": {
      "Id": 66,
      "Name": "Nuget CI Build (Development)"
    },
    "StartTime": "2020-03-03T08:47:53.8458055Z",
    "FinishTime": "2020-03-03T08:52:00.005123Z",
    "RequestedBy": {
      "DisplayName": "Microsoft.VisualStudio.Services.TFS"
    },
    "Result": "succeeded",
    "SourceBranch": "refs/heads/development",
    "SourceVersion": "011d411cf2c4b9285ef565d62173a4a861434481",
    "Repository": {
      "Id": "1878cfcc-dbbf-45d8-b1b2-d3aea2d079b6",
      "Name": "Nuget"
    }
  },
  {
    "Id": 4525,
    "BuildNumber": "20200302.16",
    "Definition": {
      "Id": 66,
      "Name": "Nuget CI Build (Development)"
    },
    "StartTime": "2020-03-02T14:05:12.5454501Z",
    "FinishTime": "2020-03-02T14:08:56.0309237Z",
    "RequestedBy": {
      "DisplayName": "Microsoft.VisualStudio.Services.TFS"
    },
    "Result": "succeeded",
    "SourceBranch": "refs/heads/development",
    "SourceVersion": "88f938ef2568682f26934c1720c5b309e14f3f6d",
    "Repository": {
      "Id": "1878cfcc-dbbf-45d8-b1b2-d3aea2d079b6",
      "Name": "Nuget"
    }
  },
  {
    "Id": 4521,
    "BuildNumber": "20200302.12",
    "Definition": {
      "Id": 66,
      "Name": "Nuget CI Build (Development)"
    },
    "StartTime": "2020-03-02T12:27:14.5192991Z",
    "FinishTime": "2020-03-02T12:29:46.8501373Z",
    "RequestedBy": {
      "DisplayName": "Mikhail.Tchesnokov"
    },
    "Result": "succeeded",
    "SourceBranch": "refs/heads/development",
    "SourceVersion": "e4946f74966bf4b2c71018b1d2c9cec8c8506a66",
    "Repository": {
      "Id": "1878cfcc-dbbf-45d8-b1b2-d3aea2d079b6",
      "Name": "Nuget"
    }
  },
  {
    "Id": 4520,
    "BuildNumber": "20200302.11",
    "Definition": {
      "Id": 66,
      "Name": "Nuget CI Build (Development)"
    },
    "StartTime": "2020-03-02T12:23:48.8924286Z",
    "FinishTime": "2020-03-02T12:25:37.4387415Z",
    "RequestedBy": {
      "DisplayName": "Mikhail.Tchesnokov"
    },
    "Result": "succeeded",
    "SourceBranch": "refs/heads/development",
    "SourceVersion": "e4946f74966bf4b2c71018b1d2c9cec8c8506a66",
    "Repository": {
      "Id": "1878cfcc-dbbf-45d8-b1b2-d3aea2d079b6",
      "Name": "Nuget"
    }
  },
  {
    "Id": 4519,
    "BuildNumber": "20200302.10",
    "Definition": {
      "Id": 66,
      "Name": "Nuget CI Build (Development)"
    },
    "StartTime": "2020-03-02T12:20:55.2942883Z",
    "FinishTime": "2020-03-02T12:22:51.1284778Z",
    "RequestedBy": {
      "DisplayName": "Microsoft.VisualStudio.Services.TFS"
    },
    "Result": "succeeded",
    "SourceBranch": "refs/heads/development",
    "SourceVersion": "e4946f74966bf4b2c71018b1d2c9cec8c8506a66",
    "Repository": {
      "Id": "1878cfcc-dbbf-45d8-b1b2-d3aea2d079b6",
      "Name": "Nuget"
    }
  },
  {
    "Id": 4509,
    "BuildNumber": "9.1-9.1.20059.1",
    "Definition": {
      "Id": 9,
      "Name": "Version 9 Build"
    },
    "StartTime": "2020-02-28T08:46:31.5251913Z",
    "FinishTime": "2020-02-28T08:56:24.9413876Z",
    "RequestedBy": {
      "DisplayName": "Corne Los"
    },
    "Result": "succeeded",
    "SourceBranch": "refs/heads/Releases/9.1",
    "SourceVersion": "f156d2845415967b86bd83d9a3104bd5f684ba54",
    "Repository": {
      "Id": "7e06ad15-43b5-4281-b482-152cbd8e6e06",
      "Name": "IntraOffice"
    }
  },
  {
    "Id": 4508,
    "BuildNumber": "9.1-9.1.20058.4",
    "Definition": {
      "Id": 9,
      "Name": "Version 9 Build"
    },
    "StartTime": "2020-02-27T15:24:28.5006621Z",
    "FinishTime": "2020-02-27T15:34:14.3573352Z",
    "RequestedBy": {
      "DisplayName": "Corne Los"
    },
    "Result": "succeeded",
    "SourceBranch": "refs/heads/Releases/9.1",
    "SourceVersion": "ac931e5be8359dfd73c2e0f36696c8ea1034278a",
    "Repository": {
      "Id": "7e06ad15-43b5-4281-b482-152cbd8e6e06",
      "Name": "IntraOffice"
    }
  },
  {
    "Id": 4507,
    "BuildNumber": "9.1-9.1.20058.3",
    "Definition": {
      "Id": 9,
      "Name": "Version 9 Build"
    },
    "StartTime": "2020-02-27T15:14:04.4468893Z",
    "FinishTime": "2020-02-27T15:22:02.2452903Z",
    "RequestedBy": {
      "DisplayName": "Corne Los"
    },
    "Result": "failed",
    "SourceBranch": "refs/heads/Releases/9.1",
    "SourceVersion": "bf837f8734670b08263e5465ca750a594ae29b6c",
    "Repository": {
      "Id": "7e06ad15-43b5-4281-b482-152cbd8e6e06",
      "Name": "IntraOffice"
    }
  },
  {
    "Id": 4506,
    "BuildNumber": "9.1-9.1.20058.2",
    "Definition": {
      "Id": 9,
      "Name": "Version 9 Build"
    },
    "StartTime": "2020-02-27T14:59:49.5896601Z",
    "FinishTime": "2020-02-27T15:01:25.0105779Z",
    "RequestedBy": {
      "DisplayName": "Corne Los"
    },
    "Result": "failed",
    "SourceBranch": "refs/heads/Releases/9.1",
    "SourceVersion": "032565476a133c5c682fe9d0c4d8c394b3ed4a7f",
    "Repository": {
      "Id": "7e06ad15-43b5-4281-b482-152cbd8e6e06",
      "Name": "IntraOffice"
    }
  },
  {
    "Id": 4504,
    "BuildNumber": "9.1.20058.3",
    "Definition": {
      "Id": 32,
      "Name": "Version 9.0-9.4 Build"
    },
    "StartTime": "2020-02-27T14:28:36.8173148Z",
    "FinishTime": "2020-02-27T14:36:25.395219Z",
    "RequestedBy": {
      "DisplayName": "Corne Los"
    },
    "Result": "failed",
    "SourceBranch": "refs/heads/Releases/9.1",
    "SourceVersion": "bc2a4a8e337f41345b7ea0cc986fb2c16cda4d6e",
    "Repository": {
      "Id": "7e06ad15-43b5-4281-b482-152cbd8e6e06",
      "Name": "IntraOffice"
    }
  },
  {
    "Id": 4503,
    "BuildNumber": "9.1.20058.2",
    "Definition": {
      "Id": 32,
      "Name": "Version 9.0-9.4 Build"
    },
    "StartTime": "2020-02-27T14:21:07.8540501Z",
    "FinishTime": "2020-02-27T14:22:40.9333532Z",
    "RequestedBy": {
      "DisplayName": "Corne Los"
    },
    "Result": "failed",
    "SourceBranch": "refs/heads/Releases/9.1",
    "SourceVersion": "bc2a4a8e337f41345b7ea0cc986fb2c16cda4d6e",
    "Repository": {
      "Id": "7e06ad15-43b5-4281-b482-152cbd8e6e06",
      "Name": "IntraOffice"
    }
  },
  {
    "Id": 4502,
    "BuildNumber": "9.1.20058.1",
    "Definition": {
      "Id": 32,
      "Name": "Version 9.0-9.4 Build"
    },
    "StartTime": "2020-02-27T13:51:26.2696901Z",
    "FinishTime": "2020-02-27T13:53:27.9275305Z",
    "RequestedBy": {
      "DisplayName": "Corne Los"
    },
    "Result": "failed",
    "SourceBranch": "refs/heads/Releases/9.1",
    "SourceVersion": "bc2a4a8e337f41345b7ea0cc986fb2c16cda4d6e",
    "Repository": {
      "Id": "7e06ad15-43b5-4281-b482-152cbd8e6e06",
      "Name": "IntraOffice"
    }
  },
  {
    "Id": 4501,
    "BuildNumber": "9.1-9.1.20058.1",
    "Definition": {
      "Id": 9,
      "Name": "Version 9 Build"
    },
    "StartTime": "2020-02-27T13:44:42.9691855Z",
    "FinishTime": "2020-02-27T13:46:53.2768868Z",
    "RequestedBy": {
      "DisplayName": "Corne Los"
    },
    "Result": "failed",
    "SourceBranch": "refs/heads/Releases/9.1",
    "SourceVersion": "bc2a4a8e337f41345b7ea0cc986fb2c16cda4d6e",
    "Repository": {
      "Id": "7e06ad15-43b5-4281-b482-152cbd8e6e06",
      "Name": "IntraOffice"
    }
  },
  {
    "Id": 4500,
    "BuildNumber": "development-10.0.20058.1",
    "Definition": {
      "Id": 64,
      "Name": "IntraOffice-Archive"
    },
    "StartTime": "2020-02-27T10:21:07.0952603Z",
    "FinishTime": "2020-02-27T10:42:02.1981097Z",
    "RequestedBy": {
      "DisplayName": "Roel de Regt"
    },
    "Result": "succeeded",
    "SourceBranch": "refs/heads/development",
    "SourceVersion": "3f6edc8eb2a39ead1788efcf7f85b245f8a49b52",
    "Repository": {
      "Id": "8541db83-41d5-4826-8a79-2b517964e5d1",
      "Name": "IntraOffice-Archive"
    }
  },
  {
    "Id": 4496,
    "BuildNumber": "development-10.0.20057.2",
    "Definition": {
      "Id": 64,
      "Name": "IntraOffice-Archive"
    },
    "StartTime": "2020-02-26T15:20:56.5870459Z",
    "FinishTime": "2020-02-26T15:41:45.1599436Z",
    "RequestedBy": {
      "DisplayName": "Roel de Regt"
    },
    "Result": "succeeded",
    "SourceBranch": "refs/heads/development",
    "SourceVersion": "41ef2deee93db8f83a9c299dbeb4781bc797175c",
    "Repository": {
      "Id": "8541db83-41d5-4826-8a79-2b517964e5d1",
      "Name": "IntraOffice-Archive"
    }
  },
  {
    "Id": 4494,
    "BuildNumber": "development-10.0.20057.1",
    "Definition": {
      "Id": 64,
      "Name": "IntraOffice-Archive"
    },
    "StartTime": "2020-02-26T14:04:44.7582743Z",
    "FinishTime": "2020-02-26T14:07:35.2879618Z",
    "RequestedBy": {
      "DisplayName": "Roel de Regt"
    },
    "Result": "failed",
    "SourceBranch": "refs/heads/development",
    "SourceVersion": "decf2356cc0506adb54e682e86b5ee6f598d40ad",
    "Repository": {
      "Id": "8541db83-41d5-4826-8a79-2b517964e5d1",
      "Name": "IntraOffice-Archive"
    }
  },
  {
    "Id": 4493,
    "BuildNumber": "20200225.3",
    "Definition": {
      "Id": 66,
      "Name": "Nuget CI Build (Development)"
    },
    "StartTime": "2020-02-25T14:34:21.0392392Z",
    "FinishTime": "2020-02-25T14:48:31.0920648Z",
    "RequestedBy": {
      "DisplayName": "Microsoft.VisualStudio.Services.TFS"
    },
    "Result": "succeeded",
    "SourceBranch": "refs/heads/development",
    "SourceVersion": "027978a743f5d5d03293a9026c8fb8d3b43ef46b",
    "Repository": {
      "Id": "1878cfcc-dbbf-45d8-b1b2-d3aea2d079b6",
      "Name": "Nuget"
    }
  },
  {
    "Id": 4492,
    "BuildNumber": "development-10.0.20056.6",
    "Definition": {
      "Id": 64,
      "Name": "IntraOffice-Archive"
    },
    "StartTime": "2020-02-25T13:34:36.1467389Z",
    "FinishTime": "2020-02-25T13:36:44.3718221Z",
    "RequestedBy": {
      "DisplayName": "Corne Los"
    },
    "Result": "failed",
    "SourceBranch": "refs/heads/development",
    "SourceVersion": "f8b765335dfe5fdbccf10e2c5b196ea6f6b8c01a",
    "Repository": {
      "Id": "8541db83-41d5-4826-8a79-2b517964e5d1",
      "Name": "IntraOffice-Archive"
    }
  },
  {
    "Id": 4491,
    "BuildNumber": "20200225.4",
    "Definition": {
      "Id": 74,
      "Name": "IntraOffice-Signing CI Build (Master)"
    },
    "StartTime": "2020-02-25T13:01:23.1096657Z",
    "FinishTime": "2020-02-25T13:03:14.2892397Z",
    "RequestedBy": {
      "DisplayName": "Microsoft.VisualStudio.Services.TFS"
    },
    "Result": "succeeded",
    "SourceBranch": "refs/heads/master",
    "SourceVersion": "d8b360b156f64542b2ece9ccad13075ebea90618",
    "Repository": {
      "Id": "8e1e1164-f24d-4967-9b44-c6ea43178415",
      "Name": "IntraOffice-Signing"
    }
  },
  {
    "Id": 4490,
    "BuildNumber": "20200225.3",
    "Definition": {
      "Id": 74,
      "Name": "IntraOffice-Signing CI Build (Master)"
    },
    "StartTime": "2020-02-25T11:20:28.6318079Z",
    "FinishTime": "2020-02-25T11:22:22.6867526Z",
    "RequestedBy": {
      "DisplayName": "Microsoft.VisualStudio.Services.TFS"
    },
    "Result": "succeeded",
    "SourceBranch": "refs/heads/master",
    "SourceVersion": "0551eccb64768ec2c23d1d13770f8e74a52b27fb",
    "Repository": {
      "Id": "8e1e1164-f24d-4967-9b44-c6ea43178415",
      "Name": "IntraOffice-Signing"
    }
  },
  {
    "Id": 4489,
    "BuildNumber": "20200225.2",
    "Definition": {
      "Id": 74,
      "Name": "IntraOffice-Signing CI Build (Master)"
    },
    "StartTime": "2020-02-25T10:54:09.5736358Z",
    "FinishTime": "2020-02-25T10:56:21.5737125Z",
    "RequestedBy": {
      "DisplayName": "Microsoft.VisualStudio.Services.TFS"
    },
    "Result": "succeeded",
    "SourceBranch": "refs/heads/master",
    "SourceVersion": "e7aacf3b0cd24d598345d6b06b2ee8a21e8f8cb4",
    "Repository": {
      "Id": "8e1e1164-f24d-4967-9b44-c6ea43178415",
      "Name": "IntraOffice-Signing"
    }
  },
  {
    "Id": 4488,
    "BuildNumber": "development-10.0.20056.5",
    "Definition": {
      "Id": 64,
      "Name": "IntraOffice-Archive"
    },
    "StartTime": "2020-02-25T10:47:47.4128505Z",
    "FinishTime": "2020-02-25T10:51:27.7157003Z",
    "RequestedBy": {
      "DisplayName": "Corne Los"
    },
    "Result": "failed",
    "SourceBranch": "refs/heads/development",
    "SourceVersion": "f8b765335dfe5fdbccf10e2c5b196ea6f6b8c01a",
    "Repository": {
      "Id": "8541db83-41d5-4826-8a79-2b517964e5d1",
      "Name": "IntraOffice-Archive"
    }
  },
  {
    "Id": 4487,
    "BuildNumber": "20200225.2",
    "Definition": {
      "Id": 66,
      "Name": "Nuget CI Build (Development)"
    },
    "StartTime": "2020-02-25T10:34:27.0415136Z",
    "FinishTime": "2020-02-25T10:48:52.9395419Z",
    "RequestedBy": {
      "DisplayName": "Microsoft.VisualStudio.Services.TFS"
    },
    "Result": "succeeded",
    "SourceBranch": "refs/heads/development",
    "SourceVersion": "63c0fd220e18afea06e733a06eb0b0aa15ad3b6b",
    "Repository": {
      "Id": "1878cfcc-dbbf-45d8-b1b2-d3aea2d079b6",
      "Name": "Nuget"
    }
  },
  {
    "Id": 4486,
    "BuildNumber": "development-10.0.20056.4",
    "Definition": {
      "Id": 64,
      "Name": "IntraOffice-Archive"
    },
    "StartTime": "2020-02-25T10:21:44.9443816Z",
    "FinishTime": "2020-02-25T10:31:45.7478776Z",
    "RequestedBy": {
      "DisplayName": "Corne Los"
    },
    "Result": "failed",
    "SourceBranch": "refs/heads/development",
    "SourceVersion": "f8b765335dfe5fdbccf10e2c5b196ea6f6b8c01a",
    "Repository": {
      "Id": "8541db83-41d5-4826-8a79-2b517964e5d1",
      "Name": "IntraOffice-Archive"
    }
  },
  {
    "Id": 4485,
    "BuildNumber": "20200225.1",
    "Definition": {
      "Id": 66,
      "Name": "Nuget CI Build (Development)"
    },
    "StartTime": "2020-02-25T09:47:17.1825873Z",
    "FinishTime": "2020-02-25T10:01:27.6085081Z",
    "RequestedBy": {
      "DisplayName": "Microsoft.VisualStudio.Services.TFS"
    },
    "Result": "succeeded",
    "SourceBranch": "refs/heads/development",
    "SourceVersion": "5c7ba41ef89e32f467fbc275cfdfa70c4c5c798a",
    "Repository": {
      "Id": "1878cfcc-dbbf-45d8-b1b2-d3aea2d079b6",
      "Name": "Nuget"
    }
  },
  {
    "Id": 4484,
    "BuildNumber": "development-10.0.20056.3",
    "Definition": {
      "Id": 64,
      "Name": "IntraOffice-Archive"
    },
    "StartTime": "2020-02-25T08:42:07.4144015Z",
    "FinishTime": "2020-02-25T08:44:11.5690195Z",
    "RequestedBy": {
      "DisplayName": "Corne Los"
    },
    "Result": "failed",
    "SourceBranch": "refs/heads/development",
    "SourceVersion": "f8b765335dfe5fdbccf10e2c5b196ea6f6b8c01a",
    "Repository": {
      "Id": "8541db83-41d5-4826-8a79-2b517964e5d1",
      "Name": "IntraOffice-Archive"
    }
  },
  {
    "Id": 4483,
    "BuildNumber": "development-10.0.20056.2",
    "Definition": {
      "Id": 64,
      "Name": "IntraOffice-Archive"
    },
    "StartTime": "2020-02-25T08:28:10.4909328Z",
    "FinishTime": "2020-02-25T08:30:16.2543963Z",
    "RequestedBy": {
      "DisplayName": "Corne Los"
    },
    "Result": "failed",
    "SourceBranch": "refs/heads/development",
    "SourceVersion": "f8b765335dfe5fdbccf10e2c5b196ea6f6b8c01a",
    "Repository": {
      "Id": "8541db83-41d5-4826-8a79-2b517964e5d1",
      "Name": "IntraOffice-Archive"
    }
  },
  {
    "Id": 4482,
    "BuildNumber": "development-10.0.20056.1",
    "Definition": {
      "Id": 64,
      "Name": "IntraOffice-Archive"
    },
    "StartTime": "2020-02-25T08:12:07.1182495Z",
    "FinishTime": "2020-02-25T08:14:45.7466428Z",
    "RequestedBy": {
      "DisplayName": "Corne Los"
    },
    "Result": "failed",
    "SourceBranch": "refs/heads/development",
    "SourceVersion": "f8b765335dfe5fdbccf10e2c5b196ea6f6b8c01a",
    "Repository": {
      "Id": "8541db83-41d5-4826-8a79-2b517964e5d1",
      "Name": "IntraOffice-Archive"
    }
  },
  {
    "Id": 4481,
    "BuildNumber": "20200225.1",
    "Definition": {
      "Id": 74,
      "Name": "IntraOffice-Signing CI Build (Master)"
    },
    "StartTime": "2020-02-25T07:26:50.9528168Z",
    "FinishTime": "2020-02-25T07:29:15.2302468Z",
    "RequestedBy": {
      "DisplayName": "Microsoft.VisualStudio.Services.TFS"
    },
    "Result": "succeeded",
    "SourceBranch": "refs/heads/master",
    "SourceVersion": "e86b3adad0258b27772d08d9241cf393e27c4ea9",
    "Repository": {
      "Id": "8e1e1164-f24d-4967-9b44-c6ea43178415",
      "Name": "IntraOffice-Signing"
    }
  },
  {
    "Id": 4480,
    "BuildNumber": "20200224.2",
    "Definition": {
      "Id": 74,
      "Name": "IntraOffice-Signing CI Build (Master)"
    },
    "StartTime": "2020-02-24T15:33:04.5553563Z",
    "FinishTime": "2020-02-24T15:35:19.6833323Z",
    "RequestedBy": {
      "DisplayName": "Microsoft.VisualStudio.Services.TFS"
    },
    "Result": "succeeded",
    "SourceBranch": "refs/heads/master",
    "SourceVersion": "8d3e8f374a8c4eca870d332bcea58907d3df2709",
    "Repository": {
      "Id": "8e1e1164-f24d-4967-9b44-c6ea43178415",
      "Name": "IntraOffice-Signing"
    }
  },
  {
    "Id": 4463,
    "BuildNumber": "master-9.6.20050.1",
    "Definition": {
      "Id": 9,
      "Name": "Version 9 Build"
    },
    "StartTime": "2020-02-19T12:45:43.3638553Z",
    "FinishTime": "2020-02-19T13:05:03.9354219Z",
    "RequestedBy": {
      "DisplayName": "Eric Goldstein"
    },
    "Result": "succeeded",
    "SourceBranch": "refs/heads/master",
    "SourceVersion": "b94630a7e411c3469d27b44668bbbab2c61562d2",
    "Repository": {
      "Id": "7e06ad15-43b5-4281-b482-152cbd8e6e06",
      "Name": "IntraOffice"
    }
  },
  {
    "Id": 4459,
    "BuildNumber": "development-9.6.20049.1",
    "Definition": {
      "Id": 68,
      "Name": "IntraOffice"
    },
    "StartTime": "2020-02-18T12:36:58.6883325Z",
    "FinishTime": "2020-02-18T12:54:57.5179915Z",
    "RequestedBy": {
      "DisplayName": "Roel de Regt"
    },
    "Result": "succeeded",
    "SourceBranch": "refs/heads/development",
    "SourceVersion": "c178efaf4a185e1410a62ee85449234fa7978a48",
    "Repository": {
      "Id": "7e06ad15-43b5-4281-b482-152cbd8e6e06",
      "Name": "IntraOffice"
    }
  },
  {
    "Id": 4452,
    "BuildNumber": "master-10.1.20048.1",
    "Definition": {
      "Id": 69,
      "Name": "IntraOffice-Content-Repository"
    },
    "StartTime": "2020-02-17T14:09:23.3594195Z",
    "FinishTime": "2020-02-17T14:19:28.2211662Z",
    "RequestedBy": {
      "DisplayName": "Roel de Regt"
    },
    "Result": "succeeded",
    "SourceBranch": "refs/heads/master",
    "SourceVersion": "662549a00fbce54d5e92008b0602c61636251f3b",
    "Repository": {
      "Id": "6525cebf-c7df-4ba3-b01a-265613861b33",
      "Name": "IntraOffice-Content-Repository"
    }
  },
  {
    "Id": 4436,
    "BuildNumber": "20200214.1",
    "Definition": {
      "Id": 28,
      "Name": "Identity Server"
    },
    "StartTime": "2020-02-14T09:32:00.6627558Z",
    "FinishTime": "2020-02-14T09:36:47.1158689Z",
    "RequestedBy": {
      "DisplayName": "Mikhail.Tchesnokov"
    },
    "Result": "succeeded",
    "SourceBranch": "refs/heads/master",
    "SourceVersion": "b35bc9dc6a7723884e2bfb2f7e9cb83fb59785cf",
    "Repository": {
      "Id": "4d45f1cb-3e01-4fcb-aac0-f7b35c5f3a0c",
      "Name": "IntraOffice2018"
    }
  },
  {
    "Id": 4435,
    "BuildNumber": "20200214.1",
    "Definition": {
      "Id": 8,
      "Name": "IntraOffice2018 CI Build (Master)"
    },
    "StartTime": "2020-02-14T09:23:30.4179501Z",
    "FinishTime": "2020-02-14T09:35:02.6590011Z",
    "RequestedBy": {
      "DisplayName": "Microsoft.VisualStudio.Services.TFS"
    },
    "Result": "succeeded",
    "SourceBranch": "refs/heads/master",
    "SourceVersion": "b35bc9dc6a7723884e2bfb2f7e9cb83fb59785cf",
    "Repository": {
      "Id": "4d45f1cb-3e01-4fcb-aac0-f7b35c5f3a0c",
      "Name": "IntraOffice2018"
    }
  },
  {
    "Id": 4434,
    "BuildNumber": "20200214.1",
    "Definition": {
      "Id": 26,
      "Name": "IntraOffice2018 CI Build (Development)"
    },
    "StartTime": "2020-02-14T09:20:29.036691Z",
    "FinishTime": "2020-02-14T09:30:10.7711416Z",
    "RequestedBy": {
      "DisplayName": "Microsoft.VisualStudio.Services.TFS"
    },
    "Result": "succeeded",
    "SourceBranch": "refs/heads/development",
    "SourceVersion": "b35bc9dc6a7723884e2bfb2f7e9cb83fb59785cf",
    "Repository": {
      "Id": "4d45f1cb-3e01-4fcb-aac0-f7b35c5f3a0c",
      "Name": "IntraOffice2018"
    }
  },
  {
    "Id": 4430,
    "BuildNumber": "20200213.1",
    "Definition": {
      "Id": 8,
      "Name": "IntraOffice2018 CI Build (Master)"
    },
    "StartTime": "2020-02-13T15:07:02.6151335Z",
    "FinishTime": "2020-02-13T15:16:20.5485073Z",
    "RequestedBy": {
      "DisplayName": "Microsoft.VisualStudio.Services.TFS"
    },
    "Result": "succeeded",
    "SourceBranch": "refs/heads/master",
    "SourceVersion": "2b2c89ad0c1d7de1cbdf790cda6a18507e4695f9",
    "Repository": {
      "Id": "4d45f1cb-3e01-4fcb-aac0-f7b35c5f3a0c",
      "Name": "IntraOffice2018"
    }
  },
  {
    "Id": 4431,
    "BuildNumber": "20200213.1",
    "Definition": {
      "Id": 28,
      "Name": "Identity Server"
    },
    "StartTime": "2020-02-13T15:11:48.3427535Z",
    "FinishTime": "2020-02-13T15:15:53.678225Z",
    "RequestedBy": {
      "DisplayName": "Mikhail.Tchesnokov"
    },
    "Result": "succeeded",
    "SourceBranch": "refs/heads/master",
    "SourceVersion": "2b2c89ad0c1d7de1cbdf790cda6a18507e4695f9",
    "Repository": {
      "Id": "4d45f1cb-3e01-4fcb-aac0-f7b35c5f3a0c",
      "Name": "IntraOffice2018"
    }
  },
  {
    "Id": 4429,
    "BuildNumber": "20200213.2",
    "Definition": {
      "Id": 26,
      "Name": "IntraOffice2018 CI Build (Development)"
    },
    "StartTime": "2020-02-13T15:01:15.2858135Z",
    "FinishTime": "2020-02-13T15:10:24.7560175Z",
    "RequestedBy": {
      "DisplayName": "Microsoft.VisualStudio.Services.TFS"
    },
    "Result": "succeeded",
    "SourceBranch": "refs/heads/development",
    "SourceVersion": "2b2c89ad0c1d7de1cbdf790cda6a18507e4695f9",
    "Repository": {
      "Id": "4d45f1cb-3e01-4fcb-aac0-f7b35c5f3a0c",
      "Name": "IntraOffice2018"
    }
  },
  {
    "Id": 4428,
    "BuildNumber": "20200213.1",
    "Definition": {
      "Id": 26,
      "Name": "IntraOffice2018 CI Build (Development)"
    },
    "StartTime": "2020-02-13T10:06:17.3186506Z",
    "FinishTime": "2020-02-13T10:16:12.0783499Z",
    "RequestedBy": {
      "DisplayName": "Microsoft.VisualStudio.Services.TFS"
    },
    "Result": "succeeded",
    "SourceBranch": "refs/heads/development",
    "SourceVersion": "e361062be8663c450b4899a107724b14ec5b9f5f",
    "Repository": {
      "Id": "4d45f1cb-3e01-4fcb-aac0-f7b35c5f3a0c",
      "Name": "IntraOffice2018"
    }
  },
  {
    "Id": 4414,
    "BuildNumber": "development-9.6.20042.2",
    "Definition": {
      "Id": 68,
      "Name": "IntraOffice"
    },
    "StartTime": "2020-02-11T13:18:03.4232998Z",
    "FinishTime": "2020-02-11T13:29:05.668187Z",
    "RequestedBy": {
      "DisplayName": "Tjeerd de Haas"
    },
    "Result": "succeeded",
    "SourceBranch": "refs/heads/development",
    "SourceVersion": "c542a8d224d3bcf2495e33709842a77ca1410930",
    "Repository": {
      "Id": "7e06ad15-43b5-4281-b482-152cbd8e6e06",
      "Name": "IntraOffice"
    }
  },
  {
    "Id": 4413,
    "BuildNumber": "master-10.0.20042.1",
    "Definition": {
      "Id": 69,
      "Name": "IntraOffice-Content-Repository"
    },
    "StartTime": "2020-02-11T13:17:13.6976315Z",
    "FinishTime": "2020-02-11T13:22:06.9013237Z",
    "RequestedBy": {
      "DisplayName": "Tjeerd de Haas"
    },
    "Result": "succeeded",
    "SourceBranch": "refs/heads/master",
    "SourceVersion": "ec58e129d9ed2c23d7346a216a8243794a3b2a4f",
    "Repository": {
      "Id": "6525cebf-c7df-4ba3-b01a-265613861b33",
      "Name": "IntraOffice-Content-Repository"
    }
  },
  {
    "Id": 4411,
    "BuildNumber": "development-9.6.20042.1",
    "Definition": {
      "Id": 68,
      "Name": "IntraOffice"
    },
    "StartTime": "2020-02-11T09:48:14.9840487Z",
    "FinishTime": "2020-02-11T10:00:11.6690502Z",
    "RequestedBy": {
      "DisplayName": "Tjeerd de Haas"
    },
    "Result": "succeeded",
    "SourceBranch": "refs/heads/development",
    "SourceVersion": "efc79cc08a588e3d32c095f3fb0fb764ada49858",
    "Repository": {
      "Id": "7e06ad15-43b5-4281-b482-152cbd8e6e06",
      "Name": "IntraOffice"
    }
  },
  {
    "Id": 4406,
    "BuildNumber": "development-10.0.20041.1",
    "Definition": {
      "Id": 64,
      "Name": "IntraOffice-Archive"
    },
    "StartTime": "2020-02-10T13:19:12.8392969Z",
    "FinishTime": "2020-02-10T13:40:58.3236377Z",
    "RequestedBy": {
      "DisplayName": "Roel de Regt"
    },
    "Result": "succeeded",
    "SourceBranch": "refs/heads/development",
    "SourceVersion": "fe351961a2ba0e3caed7eec75996de29030077b1",
    "Repository": {
      "Id": "8541db83-41d5-4826-8a79-2b517964e5d1",
      "Name": "IntraOffice-Archive"
    }
  },
  {
    "Id": 4405,
    "BuildNumber": "development-9.6.20041.1",
    "Definition": {
      "Id": 68,
      "Name": "IntraOffice"
    },
    "StartTime": "2020-02-10T08:41:57.7086942Z",
    "FinishTime": "2020-02-10T08:54:56.5049194Z",
    "RequestedBy": {
      "DisplayName": "Tjeerd de Haas"
    },
    "Result": "succeeded",
    "SourceBranch": "refs/heads/development",
    "SourceVersion": "5583c9160365f4ab5250902b436530d12ba7df5b",
    "Repository": {
      "Id": "7e06ad15-43b5-4281-b482-152cbd8e6e06",
      "Name": "IntraOffice"
    }
  },
  {
    "Id": 4404,
    "BuildNumber": "10.0.25-master-20038-01",
    "Definition": {
      "Id": 63,
      "Name": "IntraOffice-Base"
    },
    "StartTime": "2020-02-07T14:26:40.0778928Z",
    "FinishTime": "2020-02-07T14:36:20.432805Z",
    "RequestedBy": {
      "DisplayName": "Roel de Regt"
    },
    "Result": "succeeded",
    "SourceBranch": "refs/heads/master",
    "SourceVersion": "47d9a1dc0e8fadf6be76f1dad6f51092260b3ed5",
    "Repository": {
      "Id": "cf29d81d-13bf-481c-9fd4-cbee9ea05961",
      "Name": "IntraOffice-Base"
    }
  },
  {
    "Id": 4402,
    "BuildNumber": "10.0.24-master-20038-01",
    "Definition": {
      "Id": 63,
      "Name": "IntraOffice-Base"
    },
    "StartTime": "2020-02-07T09:26:00.8252979Z",
    "FinishTime": "2020-02-07T09:34:32.7820234Z",
    "RequestedBy": {
      "DisplayName": "Roel de Regt"
    },
    "Result": "succeeded",
    "SourceBranch": "refs/heads/master",
    "SourceVersion": "b83a647543362bafeb32efab6cc13210f065867f",
    "Repository": {
      "Id": "cf29d81d-13bf-481c-9fd4-cbee9ea05961",
      "Name": "IntraOffice-Base"
    }
  },
  {
    "Id": 4401,
    "BuildNumber": "20200207.1",
    "Definition": {
      "Id": 56,
      "Name": "EnvelopesRegister CI Build (Development)"
    },
    "StartTime": "2020-02-07T08:58:21.0861728Z",
    "FinishTime": "2020-02-07T09:00:59.0995736Z",
    "RequestedBy": {
      "DisplayName": "Microsoft.VisualStudio.Services.TFS"
    },
    "Result": "succeeded",
    "SourceBranch": "refs/heads/development",
    "SourceVersion": "45e586fb4f63aa4372a35e9bcdc5e9bbd9724f0c",
    "Repository": {
      "Id": "af0ffbfd-f163-4846-89e3-3e3f27f7a2e1",
      "Name": "EnvelopesRegister"
    }
  },
  {
    "Id": 4395,
    "BuildNumber": "10.0.23-master-20034-01",
    "Definition": {
      "Id": 63,
      "Name": "IntraOffice-Base"
    },
    "StartTime": "2020-02-03T15:30:19.1214394Z",
    "FinishTime": "2020-02-03T15:52:26.3903368Z",
    "RequestedBy": {
      "DisplayName": "Roel de Regt"
    },
    "Result": "succeeded",
    "SourceBranch": "refs/heads/master",
    "SourceVersion": "16da166ec9e331b8f6623944b4d739373cb82208",
    "Repository": {
      "Id": "cf29d81d-13bf-481c-9fd4-cbee9ea05961",
      "Name": "IntraOffice-Base"
    }
  },
  {
    "Id": 4394,
    "BuildNumber": "development-9.6.20034.4",
    "Definition": {
      "Id": 68,
      "Name": "IntraOffice"
    },
    "StartTime": "2020-02-03T13:59:37.089051Z",
    "FinishTime": "2020-02-03T14:10:50.3205462Z",
    "RequestedBy": {
      "DisplayName": "Tjeerd de Haas"
    },
    "Result": "succeeded",
    "SourceBranch": "refs/heads/development",
    "SourceVersion": "b6f32491f36e528888392aad950bd19ce8e93bcb",
    "Repository": {
      "Id": "7e06ad15-43b5-4281-b482-152cbd8e6e06",
      "Name": "IntraOffice"
    }
  },
  {
    "Id": 4393,
    "BuildNumber": "20200203.1",
    "Definition": {
      "Id": 51,
      "Name": "EnvelopesRegister Release Build"
    },
    "StartTime": "2020-02-03T13:49:59.577118Z",
    "FinishTime": "2020-02-03T13:57:27.7267581Z",
    "RequestedBy": {
      "DisplayName": "Mikhail.Tchesnokov"
    },
    "Result": "succeeded",
    "SourceBranch": "refs/heads/master",
    "SourceVersion": "45e586fb4f63aa4372a35e9bcdc5e9bbd9724f0c",
    "Repository": {
      "Id": "af0ffbfd-f163-4846-89e3-3e3f27f7a2e1",
      "Name": "EnvelopesRegister"
    }
  },
  {
    "Id": 4392,
    "BuildNumber": "20200203.1",
    "Definition": {
      "Id": 50,
      "Name": "EnvelopesRegister CI Build (Master)"
    },
    "StartTime": "2020-02-03T13:46:34.4893522Z",
    "FinishTime": "2020-02-03T13:48:59.3117352Z",
    "RequestedBy": {
      "DisplayName": "Microsoft.VisualStudio.Services.TFS"
    },
    "Result": "succeeded",
    "SourceBranch": "refs/heads/master",
    "SourceVersion": "45e586fb4f63aa4372a35e9bcdc5e9bbd9724f0c",
    "Repository": {
      "Id": "af0ffbfd-f163-4846-89e3-3e3f27f7a2e1",
      "Name": "EnvelopesRegister"
    }
  },
  {
    "Id": 4389,
    "BuildNumber": "development-9.6.20034.2",
    "Definition": {
      "Id": 68,
      "Name": "IntraOffice"
    },
    "StartTime": "2020-02-03T10:27:43.0462558Z",
    "FinishTime": "2020-02-03T10:38:47.9916122Z",
    "RequestedBy": {
      "DisplayName": "Tjeerd de Haas"
    },
    "Result": "succeeded",
    "SourceBranch": "refs/heads/development",
    "SourceVersion": "9ca30220b832fa2905bb629fd527c23925a3ece0",
    "Repository": {
      "Id": "7e06ad15-43b5-4281-b482-152cbd8e6e06",
      "Name": "IntraOffice"
    }
  },
  {
    "Id": 4385,
    "BuildNumber": "20200131.5",
    "Definition": {
      "Id": 8,
      "Name": "IntraOffice2018 CI Build (Master)"
    },
    "StartTime": "2020-01-31T15:55:21.3876651Z",
    "FinishTime": "2020-01-31T16:04:38.216756Z",
    "RequestedBy": {
      "DisplayName": "Microsoft.VisualStudio.Services.TFS"
    },
    "Result": "succeeded",
    "SourceBranch": "refs/heads/master",
    "SourceVersion": "e361062be8663c450b4899a107724b14ec5b9f5f",
    "Repository": {
      "Id": "4d45f1cb-3e01-4fcb-aac0-f7b35c5f3a0c",
      "Name": "IntraOffice2018"
    }
  },
  {
    "Id": 4386,
    "BuildNumber": "20200131.6",
    "Definition": {
      "Id": 28,
      "Name": "Identity Server"
    },
    "StartTime": "2020-01-31T15:55:41.526499Z",
    "FinishTime": "2020-01-31T16:00:27.7960038Z",
    "RequestedBy": {
      "DisplayName": "Tjeerd de Haas"
    },
    "Result": "succeeded",
    "SourceBranch": "refs/heads/master",
    "SourceVersion": "e361062be8663c450b4899a107724b14ec5b9f5f",
    "Repository": {
      "Id": "4d45f1cb-3e01-4fcb-aac0-f7b35c5f3a0c",
      "Name": "IntraOffice2018"
    }
  },
  {
    "Id": 4384,
    "BuildNumber": "20200131.5",
    "Definition": {
      "Id": 28,
      "Name": "Identity Server"
    },
    "StartTime": "2020-01-31T15:36:59.1195123Z",
    "FinishTime": "2020-01-31T15:41:10.1810455Z",
    "RequestedBy": {
      "DisplayName": "Tjeerd de Haas"
    },
    "Result": "succeeded",
    "SourceBranch": "refs/heads/master",
    "SourceVersion": "153fb9035e2f248ea5cd4051fb9e95eb1749237c",
    "Repository": {
      "Id": "4d45f1cb-3e01-4fcb-aac0-f7b35c5f3a0c",
      "Name": "IntraOffice2018"
    }
  },
  {
    "Id": 4379,
    "BuildNumber": "20200131.3",
    "Definition": {
      "Id": 28,
      "Name": "Identity Server"
    },
    "StartTime": "2020-01-31T14:51:34.8643417Z",
    "FinishTime": "2020-01-31T14:56:02.9794436Z",
    "RequestedBy": {
      "DisplayName": "Tjeerd de Haas"
    },
    "Result": "succeeded",
    "SourceBranch": "refs/heads/master",
    "SourceVersion": "8d05056a1459713ceed596932c3d5b07b60be754",
    "Repository": {
      "Id": "4d45f1cb-3e01-4fcb-aac0-f7b35c5f3a0c",
      "Name": "IntraOffice2018"
    }
  },
  {
    "Id": 4376,
    "BuildNumber": "20200131.1",
    "Definition": {
      "Id": 28,
      "Name": "Identity Server"
    },
    "StartTime": "2020-01-31T14:35:48.4763282Z",
    "FinishTime": "2020-01-31T14:37:25.074535Z",
    "RequestedBy": {
      "DisplayName": "Tjeerd de Haas"
    },
    "Result": "succeeded",
    "SourceBranch": "refs/heads/master",
    "SourceVersion": "4eb638201999c59f44acd715e58ac33455eca270",
    "Repository": {
      "Id": "4d45f1cb-3e01-4fcb-aac0-f7b35c5f3a0c",
      "Name": "IntraOffice2018"
    }
  },
  {
    "Id": 4375,
    "BuildNumber": "development-9.7.20031.2",
    "Definition": {
      "Id": 68,
      "Name": "IntraOffice"
    },
    "StartTime": "2020-01-31T13:18:04.7209072Z",
    "FinishTime": "2020-01-31T13:29:34.8668773Z",
    "RequestedBy": {
      "DisplayName": "Roel de Regt"
    },
    "Result": "succeeded",
    "SourceBranch": "refs/heads/development",
    "SourceVersion": "cc6727ac05084155c14b8d945bad283c0aa7eeeb",
    "Repository": {
      "Id": "7e06ad15-43b5-4281-b482-152cbd8e6e06",
      "Name": "IntraOffice"
    }
  },
  {
    "Id": 4374,
    "BuildNumber": "20200131.2",
    "Definition": {
      "Id": 31,
      "Name": "Routing Shared REST API (WebDeploy)"
    },
    "StartTime": "2020-01-31T11:17:59.3954498Z",
    "FinishTime": "2020-01-31T11:22:23.9928234Z",
    "RequestedBy": {
      "DisplayName": "Mikhail.Tchesnokov"
    },
    "Result": "succeeded",
    "SourceBranch": "refs/heads/master",
    "SourceVersion": "4eb638201999c59f44acd715e58ac33455eca270",
    "Repository": {
      "Id": "4d45f1cb-3e01-4fcb-aac0-f7b35c5f3a0c",
      "Name": "IntraOffice2018"
    }
  },
  {
    "Id": 4372,
    "BuildNumber": "20200131.2",
    "Definition": {
      "Id": 36,
      "Name": "DocumentApi CI Build (Development)"
    },
    "StartTime": "2020-01-31T11:07:51.3019726Z",
    "FinishTime": "2020-01-31T11:17:52.6054645Z",
    "RequestedBy": {
      "DisplayName": "Microsoft.VisualStudio.Services.TFS"
    },
    "Result": "succeeded",
    "SourceBranch": "refs/heads/development",
    "SourceVersion": "b56dff0740f498611c935facb3c34d238b64746f",
    "Repository": {
      "Id": "7efd6a07-8775-4f55-a233-c53439f63453",
      "Name": "DocumentApi"
    }
  },
  {
    "Id": 4371,
    "BuildNumber": "20200131.1",
    "Definition": {
      "Id": 36,
      "Name": "DocumentApi CI Build (Development)"
    },
    "StartTime": "2020-01-31T11:05:52.7747747Z",
    "FinishTime": "2020-01-31T11:15:49.6597043Z",
    "RequestedBy": {
      "DisplayName": "Microsoft.VisualStudio.Services.TFS"
    },
    "Result": "succeeded",
    "SourceBranch": "refs/heads/development",
    "SourceVersion": "e01d4f798a00079c5ac712351ab69f6efdbcb893",
    "Repository": {
      "Id": "7efd6a07-8775-4f55-a233-c53439f63453",
      "Name": "DocumentApi"
    }
  },
  {
    "Id": 4369,
    "BuildNumber": "development-9.7.20031.1",
    "Definition": {
      "Id": 68,
      "Name": "IntraOffice"
    },
    "StartTime": "2020-01-31T10:49:53.9025394Z",
    "FinishTime": "2020-01-31T11:01:34.3213551Z",
    "RequestedBy": {
      "DisplayName": "Roel de Regt"
    },
    "Result": "succeeded",
    "SourceBranch": "refs/heads/development",
    "SourceVersion": "9c8bd62b22fa727eb64d08b6f5caff5fca6b6379",
    "Repository": {
      "Id": "7e06ad15-43b5-4281-b482-152cbd8e6e06",
      "Name": "IntraOffice"
    }
  },
  {
    "Id": 4367,
    "BuildNumber": "20200129.2",
    "Definition": {
      "Id": 28,
      "Name": "Identity Server"
    },
    "StartTime": "2020-01-29T15:25:52.7545942Z",
    "FinishTime": "2020-01-29T15:27:24.1633647Z",
    "RequestedBy": {
      "DisplayName": "Tjeerd de Haas"
    },
    "Result": "succeeded",
    "SourceBranch": "refs/heads/master",
    "SourceVersion": "51b9a15fdd41dee3a5ff560542c69d93666df5aa",
    "Repository": {
      "Id": "4d45f1cb-3e01-4fcb-aac0-f7b35c5f3a0c",
      "Name": "IntraOffice2018"
    }
  },
  {
    "Id": 4365,
    "BuildNumber": "20200129.1",
    "Definition": {
      "Id": 28,
      "Name": "Identity Server"
    },
    "StartTime": "2020-01-29T13:07:31.0016955Z",
    "FinishTime": "2020-01-29T13:09:26.13332Z",
    "RequestedBy": {
      "DisplayName": "Tjeerd de Haas"
    },
    "Result": "succeeded",
    "SourceBranch": "refs/heads/master",
    "SourceVersion": "c059318403815ecff13810bdf1489fbfae7a5eba",
    "Repository": {
      "Id": "4d45f1cb-3e01-4fcb-aac0-f7b35c5f3a0c",
      "Name": "IntraOffice2018"
    }
  },
  {
    "Id": 4363,
    "BuildNumber": "20200129.1",
    "Definition": {
      "Id": 56,
      "Name": "EnvelopesRegister CI Build (Development)"
    },
    "StartTime": "2020-01-29T10:00:49.0430726Z",
    "FinishTime": "2020-01-29T10:03:04.7326524Z",
    "RequestedBy": {
      "DisplayName": "Microsoft.VisualStudio.Services.TFS"
    },
    "Result": "succeeded",
    "SourceBranch": "refs/heads/development",
    "SourceVersion": "0c17e0598e90a1ce93f9820fe28d01f5bb5f8006",
    "Repository": {
      "Id": "af0ffbfd-f163-4846-89e3-3e3f27f7a2e1",
      "Name": "EnvelopesRegister"
    }
  },
  {
    "Id": 4362,
    "BuildNumber": "20200129.1",
    "Definition": {
      "Id": 12,
      "Name": "Nuget CI Build (Master)"
    },
    "StartTime": "2020-01-29T08:48:46.454126Z",
    "FinishTime": "2020-01-29T09:03:06.607069Z",
    "RequestedBy": {
      "DisplayName": "Microsoft.VisualStudio.Services.TFS"
    },
    "Result": "succeeded",
    "SourceBranch": "refs/heads/master",
    "SourceVersion": "42f619b41ce5ec3def4f6104f992a6685833ccf1",
    "Repository": {
      "Id": "1878cfcc-dbbf-45d8-b1b2-d3aea2d079b6",
      "Name": "Nuget"
    }
  },
  {
    "Id": 4361,
    "BuildNumber": "20200128.3",
    "Definition": {
      "Id": 51,
      "Name": "EnvelopesRegister Release Build"
    },
    "StartTime": "2020-01-28T19:35:08.962284Z",
    "FinishTime": "2020-01-28T19:41:52.0910221Z",
    "RequestedBy": {
      "DisplayName": "Mikhail.Tchesnokov"
    },
    "Result": "succeeded",
    "SourceBranch": "refs/heads/master",
    "SourceVersion": "0c17e0598e90a1ce93f9820fe28d01f5bb5f8006",
    "Repository": {
      "Id": "af0ffbfd-f163-4846-89e3-3e3f27f7a2e1",
      "Name": "EnvelopesRegister"
    }
  },
  {
    "Id": 4360,
    "BuildNumber": "20200128.3",
    "Definition": {
      "Id": 50,
      "Name": "EnvelopesRegister CI Build (Master)"
    },
    "StartTime": "2020-01-28T19:27:26.5722456Z",
    "FinishTime": "2020-01-28T19:30:35.8729921Z",
    "RequestedBy": {
      "DisplayName": "Microsoft.VisualStudio.Services.TFS"
    },
    "Result": "succeeded",
    "SourceBranch": "refs/heads/master",
    "SourceVersion": "0c17e0598e90a1ce93f9820fe28d01f5bb5f8006",
    "Repository": {
      "Id": "af0ffbfd-f163-4846-89e3-3e3f27f7a2e1",
      "Name": "EnvelopesRegister"
    }
  },
  {
    "Id": 4359,
    "BuildNumber": "20200128.2",
    "Definition": {
      "Id": 51,
      "Name": "EnvelopesRegister Release Build"
    },
    "StartTime": "2020-01-28T12:50:30.6544087Z",
    "FinishTime": "2020-01-28T12:57:21.7489197Z",
    "RequestedBy": {
      "DisplayName": "Mikhail.Tchesnokov"
    },
    "Result": "succeeded",
    "SourceBranch": "refs/heads/master",
    "SourceVersion": "57953b6791404ca4a97dbc4d232ae45411914f1d",
    "Repository": {
      "Id": "af0ffbfd-f163-4846-89e3-3e3f27f7a2e1",
      "Name": "EnvelopesRegister"
    }
  },
  {
    "Id": 4356,
    "BuildNumber": "20200128.2",
    "Definition": {
      "Id": 50,
      "Name": "EnvelopesRegister CI Build (Master)"
    },
    "StartTime": "2020-01-28T11:55:26.8826112Z",
    "FinishTime": "2020-01-28T11:57:25.1557498Z",
    "RequestedBy": {
      "DisplayName": "Microsoft.VisualStudio.Services.TFS"
    },
    "Result": "succeeded",
    "SourceBranch": "refs/heads/master",
    "SourceVersion": "57953b6791404ca4a97dbc4d232ae45411914f1d",
    "Repository": {
      "Id": "af0ffbfd-f163-4846-89e3-3e3f27f7a2e1",
      "Name": "EnvelopesRegister"
    }
  },
  {
    "Id": 4355,
    "BuildNumber": "development-9.6.20028.1",
    "Definition": {
      "Id": 68,
      "Name": "IntraOffice"
    },
    "StartTime": "2020-01-28T10:09:16.9111368Z",
    "FinishTime": "2020-01-28T10:21:34.0181072Z",
    "RequestedBy": {
      "DisplayName": "Tjeerd de Haas"
    },
    "Result": "succeeded",
    "SourceBranch": "refs/heads/development",
    "SourceVersion": "b5b5cacf7a692357e90c3e419b86ca7c5dc840ba",
    "Repository": {
      "Id": "7e06ad15-43b5-4281-b482-152cbd8e6e06",
      "Name": "IntraOffice"
    }
  },
  {
    "Id": 4344,
    "BuildNumber": "20200127.6",
    "Definition": {
      "Id": 56,
      "Name": "EnvelopesRegister CI Build (Development)"
    },
    "StartTime": "2020-01-27T14:45:52.593358Z",
    "FinishTime": "2020-01-27T14:48:17.4446755Z",
    "RequestedBy": {
      "DisplayName": "Microsoft.VisualStudio.Services.TFS"
    },
    "Result": "succeeded",
    "SourceBranch": "refs/heads/development",
    "SourceVersion": "00a8108ae41e105ff7e13b835d65cff01dc30ce6",
    "Repository": {
      "Id": "af0ffbfd-f163-4846-89e3-3e3f27f7a2e1",
      "Name": "EnvelopesRegister"
    }
  },
  {
    "Id": 4319,
    "BuildNumber": "development-9.6.20021.1",
    "Definition": {
      "Id": 68,
      "Name": "IntraOffice"
    },
    "StartTime": "2020-01-21T10:28:25.955329Z",
    "FinishTime": "2020-01-21T10:40:02.6268068Z",
    "RequestedBy": {
      "DisplayName": "Corne Los"
    },
    "Result": "succeeded",
    "SourceBranch": "refs/heads/development",
    "SourceVersion": "8cd275eb3db3cc384c649198bc8a3e1ff4cdab2a",
    "Repository": {
      "Id": "7e06ad15-43b5-4281-b482-152cbd8e6e06",
      "Name": "IntraOffice"
    }
  },
  {
    "Id": 4317,
    "BuildNumber": "20200117.1",
    "Definition": {
      "Id": 12,
      "Name": "Nuget CI Build (Master)"
    },
    "StartTime": "2020-01-17T10:58:20.3459448Z",
    "FinishTime": "2020-01-17T11:11:32.4778458Z",
    "RequestedBy": {
      "DisplayName": "Microsoft.VisualStudio.Services.TFS"
    },
    "Result": "succeeded",
    "SourceBranch": "refs/heads/master",
    "SourceVersion": "90911c3c4651115b1374efa16a135dc2108eeb28",
    "Repository": {
      "Id": "1878cfcc-dbbf-45d8-b1b2-d3aea2d079b6",
      "Name": "Nuget"
    }
  },
  {
    "Id": 4306,
    "BuildNumber": "master-10.0.20016.1",
    "Definition": {
      "Id": 69,
      "Name": "IntraOffice-Content-Repository"
    },
    "StartTime": "2020-01-16T15:56:23.9398336Z",
    "FinishTime": "2020-01-16T16:02:06.0658089Z",
    "RequestedBy": {
      "DisplayName": "Roel de Regt"
    },
    "Result": "succeeded",
    "SourceBranch": "refs/heads/master",
    "SourceVersion": "ec58e129d9ed2c23d7346a216a8243794a3b2a4f",
    "Repository": {
      "Id": "6525cebf-c7df-4ba3-b01a-265613861b33",
      "Name": "IntraOffice-Content-Repository"
    }
  },
  {
    "Id": 4305,
    "BuildNumber": "20200116.2",
    "Definition": {
      "Id": 12,
      "Name": "Nuget CI Build (Master)"
    },
    "StartTime": "2020-01-16T07:35:24.1918421Z",
    "FinishTime": "2020-01-16T07:48:09.0754356Z",
    "RequestedBy": {
      "DisplayName": "admin"
    },
    "Result": "succeeded",
    "SourceBranch": "refs/heads/master",
    "SourceVersion": "8b1f3b60f20cd7ff395abc75476116b05a7bf822",
    "Repository": {
      "Id": "1878cfcc-dbbf-45d8-b1b2-d3aea2d079b6",
      "Name": "Nuget"
    }
  },
  {
    "Id": 4287,
    "BuildNumber": "20200113.2",
    "Definition": {
      "Id": 70,
      "Name": "SmsFunction Azure CI"
    },
    "StartTime": "2020-01-13T15:11:07.1334524Z",
    "FinishTime": "2020-01-13T15:14:24.9235191Z",
    "RequestedBy": {
      "DisplayName": "Microsoft.VisualStudio.Services.TFS"
    },
    "Result": "succeeded",
    "SourceBranch": "refs/heads/master",
    "SourceVersion": "8f5312607938bc36dad7878e61ed5a1a9463d67f",
    "Repository": {
      "Id": "bc5a01cb-3b65-4983-8bd2-fd53fcd862a0",
      "Name": "IntraOffice-Service-Fabric"
    }
  },
  {
    "Id": 4288,
    "BuildNumber": "20200113.2",
    "Definition": {
      "Id": 71,
      "Name": "AuditFunction Azure CI"
    },
    "StartTime": "2020-01-13T15:11:06.5828565Z",
    "FinishTime": "2020-01-13T15:13:46.6371278Z",
    "RequestedBy": {
      "DisplayName": "Microsoft.VisualStudio.Services.TFS"
    },
    "Result": "succeeded",
    "SourceBranch": "refs/heads/master",
    "SourceVersion": "8f5312607938bc36dad7878e61ed5a1a9463d67f",
    "Repository": {
      "Id": "bc5a01cb-3b65-4983-8bd2-fd53fcd862a0",
      "Name": "IntraOffice-Service-Fabric"
    }
  },
  {
    "Id": 4285,
    "BuildNumber": "20200113.1",
    "Definition": {
      "Id": 70,
      "Name": "SmsFunction Azure CI"
    },
    "StartTime": "2020-01-13T13:55:07.4017503Z",
    "FinishTime": "2020-01-13T13:58:07.0045698Z",
    "RequestedBy": {
      "DisplayName": "Microsoft.VisualStudio.Services.TFS"
    },
    "Result": "succeeded",
    "SourceBranch": "refs/heads/master",
    "SourceVersion": "3c9e36af9e6bfc0181ebf7f0da3ec18b6408dca4",
    "Repository": {
      "Id": "bc5a01cb-3b65-4983-8bd2-fd53fcd862a0",
      "Name": "IntraOffice-Service-Fabric"
    }
  },
  {
    "Id": 4286,
    "BuildNumber": "20200113.1",
    "Definition": {
      "Id": 71,
      "Name": "AuditFunction Azure CI"
    },
    "StartTime": "2020-01-13T13:55:08.0690189Z",
    "FinishTime": "2020-01-13T13:57:44.5981145Z",
    "RequestedBy": {
      "DisplayName": "Microsoft.VisualStudio.Services.TFS"
    },
    "Result": "succeeded",
    "SourceBranch": "refs/heads/master",
    "SourceVersion": "3c9e36af9e6bfc0181ebf7f0da3ec18b6408dca4",
    "Repository": {
      "Id": "bc5a01cb-3b65-4983-8bd2-fd53fcd862a0",
      "Name": "IntraOffice-Service-Fabric"
    }
  },
  {
    "Id": 4280,
    "BuildNumber": "development-9.6.20010.2",
    "Definition": {
      "Id": 68,
      "Name": "IntraOffice"
    },
    "StartTime": "2020-01-10T10:48:26.9066357Z",
    "FinishTime": "2020-01-10T11:00:54.5032582Z",
    "RequestedBy": {
      "DisplayName": "Roel de Regt"
    },
    "Result": "succeeded",
    "SourceBranch": "refs/heads/development",
    "SourceVersion": "27152ebc16758b3c02cbec3041bfc8537571ce9e",
    "Repository": {
      "Id": "7e06ad15-43b5-4281-b482-152cbd8e6e06",
      "Name": "IntraOffice"
    }
  },
  {
    "Id": 4281,
    "BuildNumber": "20200110.3",
    "Definition": {
      "Id": 67,
      "Name": "SendGridReceiver - CI"
    },
    "StartTime": "2020-01-10T10:47:32.6139323Z",
    "FinishTime": "2020-01-10T10:51:18.5861226Z",
    "RequestedBy": {
      "DisplayName": "Microsoft.VisualStudio.Services.TFS"
    },
    "Result": "succeeded",
    "SourceBranch": "refs/heads/development",
    "SourceVersion": "27152ebc16758b3c02cbec3041bfc8537571ce9e",
    "Repository": {
      "Id": "7e06ad15-43b5-4281-b482-152cbd8e6e06",
      "Name": "IntraOffice"
    }
  },
  {
    "Id": 4278,
    "BuildNumber": "20200110.2",
    "Definition": {
      "Id": 67,
      "Name": "SendGridReceiver - CI"
    },
    "StartTime": "2020-01-10T10:43:48.6593334Z",
    "FinishTime": "2020-01-10T10:47:16.8663239Z",
    "RequestedBy": {
      "DisplayName": "Microsoft.VisualStudio.Services.TFS"
    },
    "Result": "succeeded",
    "SourceBranch": "refs/heads/development",
    "SourceVersion": "e43b34d0ce49e59f4273e658d9b6a09b7dc7cd41",
    "Repository": {
      "Id": "7e06ad15-43b5-4281-b482-152cbd8e6e06",
      "Name": "IntraOffice"
    }
  },
  {
    "Id": 4277,
    "BuildNumber": "20200110.1",
    "Definition": {
      "Id": 67,
      "Name": "SendGridReceiver - CI"
    },
    "StartTime": "2020-01-10T10:40:06.1466861Z",
    "FinishTime": "2020-01-10T10:43:34.7959632Z",
    "RequestedBy": {
      "DisplayName": "Microsoft.VisualStudio.Services.TFS"
    },
    "Result": "succeeded",
    "SourceBranch": "refs/heads/development",
    "SourceVersion": "c16509c888cbdc7f2d012f2bf6d36edfe5adbab4",
    "Repository": {
      "Id": "7e06ad15-43b5-4281-b482-152cbd8e6e06",
      "Name": "IntraOffice"
    }
  },
  {
    "Id": 4269,
    "BuildNumber": "20200108.2",
    "Definition": {
      "Id": 67,
      "Name": "SendGridReceiver - CI"
    },
    "StartTime": "2020-01-08T13:17:30.3451144Z",
    "FinishTime": "2020-01-08T13:20:54.383574Z",
    "RequestedBy": {
      "DisplayName": "Microsoft.VisualStudio.Services.TFS"
    },
    "Result": "succeeded",
    "SourceBranch": "refs/heads/development",
    "SourceVersion": "ea71ee30f66f5cda4faea84017a2b18d8f735542",
    "Repository": {
      "Id": "7e06ad15-43b5-4281-b482-152cbd8e6e06",
      "Name": "IntraOffice"
    }
  },
  {
    "Id": 4268,
    "BuildNumber": "20200108.1",
    "Definition": {
      "Id": 67,
      "Name": "SendGridReceiver - CI"
    },
    "StartTime": "2020-01-08T13:09:39.1163813Z",
    "FinishTime": "2020-01-08T13:12:46.0181008Z",
    "RequestedBy": {
      "DisplayName": "Microsoft.VisualStudio.Services.TFS"
    },
    "Result": "succeeded",
    "SourceBranch": "refs/heads/development",
    "SourceVersion": "bc957e3d65a906ad752b2d4bab48087dd4cfc854",
    "Repository": {
      "Id": "7e06ad15-43b5-4281-b482-152cbd8e6e06",
      "Name": "IntraOffice"
    }
  },
  {
    "Id": 4258,
    "BuildNumber": "20200107.2",
    "Definition": {
      "Id": 28,
      "Name": "Identity Server"
    },
    "StartTime": "2020-01-07T09:24:12.1498921Z",
    "FinishTime": "2020-01-07T09:25:50.9796392Z",
    "RequestedBy": {
      "DisplayName": "Tjeerd de Haas"
    },
    "Result": "succeeded",
    "SourceBranch": "refs/heads/master",
    "SourceVersion": "f2423784442c02c576a76a603f5f74daf2ee8f33",
    "Repository": {
      "Id": "4d45f1cb-3e01-4fcb-aac0-f7b35c5f3a0c",
      "Name": "IntraOffice2018"
    }
  },
  {
    "Id": 4256,
    "BuildNumber": "20200107.1",
    "Definition": {
      "Id": 28,
      "Name": "Identity Server"
    },
    "StartTime": "2020-01-07T08:38:34.8204408Z",
    "FinishTime": "2020-01-07T08:41:50.4107642Z",
    "RequestedBy": {
      "DisplayName": "Tjeerd de Haas"
    },
    "Result": "succeeded",
    "SourceBranch": "refs/heads/master",
    "SourceVersion": "1321ee94749490b9f3ae2eb764b4ddd5551158b0",
    "Repository": {
      "Id": "4d45f1cb-3e01-4fcb-aac0-f7b35c5f3a0c",
      "Name": "IntraOffice2018"
    }
  },
  {
    "Id": 4249,
    "BuildNumber": "20200106.1",
    "Definition": {
      "Id": 71,
      "Name": "AuditFunction Azure CI"
    },
    "StartTime": "2020-01-06T09:17:11.4895328Z",
    "FinishTime": "2020-01-06T09:20:04.1902807Z",
    "RequestedBy": {
      "DisplayName": "Microsoft.VisualStudio.Services.TFS"
    },
    "Result": "succeeded",
    "SourceBranch": "refs/heads/master",
    "SourceVersion": "e2a97c4e76cb900733046b95971c37e8e012be8d",
    "Repository": {
      "Id": "bc5a01cb-3b65-4983-8bd2-fd53fcd862a0",
      "Name": "IntraOffice-Service-Fabric"
    }
  },
  {
    "Id": 4248,
    "BuildNumber": "20200106.1",
    "Definition": {
      "Id": 70,
      "Name": "SmsFunction Azure CI"
    },
    "StartTime": "2020-01-06T09:17:09.5245182Z",
    "FinishTime": "2020-01-06T09:20:02.9478665Z",
    "RequestedBy": {
      "DisplayName": "Microsoft.VisualStudio.Services.TFS"
    },
    "Result": "succeeded",
    "SourceBranch": "refs/heads/master",
    "SourceVersion": "e2a97c4e76cb900733046b95971c37e8e012be8d",
    "Repository": {
      "Id": "bc5a01cb-3b65-4983-8bd2-fd53fcd862a0",
      "Name": "IntraOffice-Service-Fabric"
    }
  },
  {
    "Id": 4242,
    "BuildNumber": "20200102.1",
    "Definition": {
      "Id": 67,
      "Name": "SendGridReceiver - CI"
    },
    "StartTime": "2020-01-02T10:23:02.2660411Z",
    "FinishTime": "2020-01-02T10:26:04.064516Z",
    "RequestedBy": {
      "DisplayName": "Microsoft.VisualStudio.Services.TFS"
    },
    "Result": "succeeded",
    "SourceBranch": "refs/heads/development",
    "SourceVersion": "53c260c01b3195ff33c5684237ca3d4ac7b953b2",
    "Repository": {
      "Id": "7e06ad15-43b5-4281-b482-152cbd8e6e06",
      "Name": "IntraOffice"
    }
  },
  {
    "Id": 4236,
    "BuildNumber": "20191230.1",
    "Definition": {
      "Id": 67,
      "Name": "SendGridReceiver - CI"
    },
    "StartTime": "2019-12-30T10:52:14.7789225Z",
    "FinishTime": "2019-12-30T10:55:04.4373285Z",
    "RequestedBy": {
      "DisplayName": "Microsoft.VisualStudio.Services.TFS"
    },
    "Result": "succeeded",
    "SourceBranch": "refs/heads/development",
    "SourceVersion": "a27e5465a76255f56f3898b26a7bf38de6bc3f01",
    "Repository": {
      "Id": "7e06ad15-43b5-4281-b482-152cbd8e6e06",
      "Name": "IntraOffice"
    }
  },
  {
    "Id": 4228,
    "BuildNumber": "20191224.3",
    "Definition": {
      "Id": 73,
      "Name": "IntraOffice-Routing-Portal"
    },
    "StartTime": "2019-12-24T07:45:03.1185473Z",
    "FinishTime": "2019-12-24T07:50:52.2683953Z",
    "RequestedBy": {
      "DisplayName": "Corne Los"
    },
    "Result": "succeeded",
    "SourceBranch": "refs/heads/master",
    "SourceVersion": "24c84e79d113efa29cf5fe85ee35b8b1307aa53b",
    "Repository": {
      "Id": "d353a231-91e0-48ab-8129-e376e016e0dd",
      "Name": "IntraOffice-Routing-Portal"
    }
  },
  {
    "Id": 4227,
    "BuildNumber": "20191224.2",
    "Definition": {
      "Id": 73,
      "Name": "IntraOffice-Routing-Portal"
    },
    "StartTime": "2019-12-24T07:30:26.3284327Z",
    "FinishTime": "2019-12-24T07:37:18.7614134Z",
    "RequestedBy": {
      "DisplayName": "Corne Los"
    },
    "Result": "succeeded",
    "SourceBranch": "refs/heads/master",
    "SourceVersion": "22d81bb7ddaa827d2edb36d954148908cca46b40",
    "Repository": {
      "Id": "d353a231-91e0-48ab-8129-e376e016e0dd",
      "Name": "IntraOffice-Routing-Portal"
    }
  },
  {
    "Id": 4221,
    "BuildNumber": "20191223.15",
    "Definition": {
      "Id": 73,
      "Name": "IntraOffice-Routing-Portal"
    },
    "StartTime": "2019-12-23T16:04:42.4925301Z",
    "FinishTime": "2019-12-23T16:05:57.822471Z",
    "RequestedBy": {
      "DisplayName": "Corne Los"
    },
    "Result": "succeeded",
    "SourceBranch": "refs/heads/master",
    "SourceVersion": "134629390917ce7261eb9bc4c8b7a907a668a768",
    "Repository": {
      "Id": "d353a231-91e0-48ab-8129-e376e016e0dd",
      "Name": "IntraOffice-Routing-Portal"
    }
  },
  {
    "Id": 4206,
    "BuildNumber": "20191223.1",
    "Definition": {
      "Id": 67,
      "Name": "SendGridReceiver - CI"
    },
    "StartTime": "2019-12-23T13:30:34.7527755Z",
    "FinishTime": "2019-12-23T13:33:27.775026Z",
    "RequestedBy": {
      "DisplayName": "Microsoft.VisualStudio.Services.TFS"
    },
    "Result": "succeeded",
    "SourceBranch": "refs/heads/development",
    "SourceVersion": "2a3346b5a508a57f8140a61fffbad89017954a71",
    "Repository": {
      "Id": "7e06ad15-43b5-4281-b482-152cbd8e6e06",
      "Name": "IntraOffice"
    }
  },
  {
    "Id": 4205,
    "BuildNumber": "master-10.0.19354.13",
    "Definition": {
      "Id": 72,
      "Name": "IntraOffice-Routing"
    },
    "StartTime": "2019-12-20T15:20:48.4339675Z",
    "FinishTime": "2019-12-20T15:27:11.0311676Z",
    "RequestedBy": {
      "DisplayName": "Corne Los"
    },
    "Result": "succeeded",
    "SourceBranch": "refs/heads/master",
    "SourceVersion": "d6bea51b59da86f8e5ccc1abf3a947c0cc0036de",
    "Repository": {
      "Id": "e71ab3fa-2e72-469c-b58e-ce8cd3f6795b",
      "Name": "IntraOffice-Routing"
    }
  },
  {
    "Id": 4199,
    "BuildNumber": "master-10.0.19354.7",
    "Definition": {
      "Id": 72,
      "Name": "IntraOffice-Routing"
    },
    "StartTime": "2019-12-20T13:12:21.4160316Z",
    "FinishTime": "2019-12-20T13:19:15.9264282Z",
    "RequestedBy": {
      "DisplayName": "Corne Los"
    },
    "Result": "succeeded",
    "SourceBranch": "refs/heads/master",
    "SourceVersion": "bfb88ae8fe93fa240d54d3cd818099feaf9a5960",
    "Repository": {
      "Id": "e71ab3fa-2e72-469c-b58e-ce8cd3f6795b",
      "Name": "IntraOffice-Routing"
    }
  },
  {
    "Id": 4185,
    "BuildNumber": "20191218.3",
    "Definition": {
      "Id": 67,
      "Name": "SendGridReceiver - CI"
    },
    "StartTime": "2019-12-18T14:41:44.1607274Z",
    "FinishTime": "2019-12-18T14:45:59.4209846Z",
    "RequestedBy": {
      "DisplayName": "Microsoft.VisualStudio.Services.TFS"
    },
    "Result": "succeeded",
    "SourceBranch": "refs/heads/development",
    "SourceVersion": "93c9099a305c0443c896567fe435d52b849a281c",
    "Repository": {
      "Id": "7e06ad15-43b5-4281-b482-152cbd8e6e06",
      "Name": "IntraOffice"
    }
  },
  {
    "Id": 4183,
    "BuildNumber": "20191218.2",
    "Definition": {
      "Id": 67,
      "Name": "SendGridReceiver - CI"
    },
    "StartTime": "2019-12-18T13:34:36.0683123Z",
    "FinishTime": "2019-12-18T13:37:58.1284802Z",
    "RequestedBy": {
      "DisplayName": "Microsoft.VisualStudio.Services.TFS"
    },
    "Result": "succeeded",
    "SourceBranch": "refs/heads/development",
    "SourceVersion": "dee2d97d48357f93568a8534074f7934b44e4045",
    "Repository": {
      "Id": "7e06ad15-43b5-4281-b482-152cbd8e6e06",
      "Name": "IntraOffice"
    }
  },
  {
    "Id": 4179,
    "BuildNumber": "20191218.1",
    "Definition": {
      "Id": 67,
      "Name": "SendGridReceiver - CI"
    },
    "StartTime": "2019-12-18T10:58:45.8956423Z",
    "FinishTime": "2019-12-18T11:01:39.7316812Z",
    "RequestedBy": {
      "DisplayName": "Microsoft.VisualStudio.Services.TFS"
    },
    "Result": "succeeded",
    "SourceBranch": "refs/heads/development",
    "SourceVersion": "2fbf60ea380b904d2f5ea4431d1de47c8c668220",
    "Repository": {
      "Id": "7e06ad15-43b5-4281-b482-152cbd8e6e06",
      "Name": "IntraOffice"
    }
  },
  {
    "Id": 4172,
    "BuildNumber": "20191217.4",
    "Definition": {
      "Id": 67,
      "Name": "SendGridReceiver - CI"
    },
    "StartTime": "2019-12-17T16:17:21.9796222Z",
    "FinishTime": "2019-12-17T16:20:11.1249144Z",
    "RequestedBy": {
      "DisplayName": "Microsoft.VisualStudio.Services.TFS"
    },
    "Result": "succeeded",
    "SourceBranch": "refs/heads/development",
    "SourceVersion": "b923da80bc67b25751cad49ed9ed9a1dbb380943",
    "Repository": {
      "Id": "7e06ad15-43b5-4281-b482-152cbd8e6e06",
      "Name": "IntraOffice"
    }
  },
  {
    "Id": 4171,
    "BuildNumber": "20191217.3",
    "Definition": {
      "Id": 67,
      "Name": "SendGridReceiver - CI"
    },
    "StartTime": "2019-12-17T15:42:50.9601314Z",
    "FinishTime": "2019-12-17T15:45:25.6908706Z",
    "RequestedBy": {
      "DisplayName": "Microsoft.VisualStudio.Services.TFS"
    },
    "Result": "succeeded",
    "SourceBranch": "refs/heads/development",
    "SourceVersion": "c3658581b0b07cf8458f8d558c55c819fa6c189b",
    "Repository": {
      "Id": "7e06ad15-43b5-4281-b482-152cbd8e6e06",
      "Name": "IntraOffice"
    }
  },
  {
    "Id": 4170,
    "BuildNumber": "20191217.2",
    "Definition": {
      "Id": 67,
      "Name": "SendGridReceiver - CI"
    },
    "StartTime": "2019-12-17T15:36:53.8909445Z",
    "FinishTime": "2019-12-17T15:39:58.6627904Z",
    "RequestedBy": {
      "DisplayName": "Microsoft.VisualStudio.Services.TFS"
    },
    "Result": "succeeded",
    "SourceBranch": "refs/heads/development",
    "SourceVersion": "b9fe617b24515675babcbc40ca3494833f3d6520",
    "Repository": {
      "Id": "7e06ad15-43b5-4281-b482-152cbd8e6e06",
      "Name": "IntraOffice"
    }
  },
  {
    "Id": 4169,
    "BuildNumber": "20191217.1",
    "Definition": {
      "Id": 67,
      "Name": "SendGridReceiver - CI"
    },
    "StartTime": "2019-12-17T13:56:30.8260989Z",
    "FinishTime": "2019-12-17T13:59:36.9539425Z",
    "RequestedBy": {
      "DisplayName": "Microsoft.VisualStudio.Services.TFS"
    },
    "Result": "succeeded",
    "SourceBranch": "refs/heads/development",
    "SourceVersion": "87a7141d0a69246c700d4d03287159318b8a60ed",
    "Repository": {
      "Id": "7e06ad15-43b5-4281-b482-152cbd8e6e06",
      "Name": "IntraOffice"
    }
  },
  {
    "Id": 4163,
    "BuildNumber": "20191216.1",
    "Definition": {
      "Id": 67,
      "Name": "SendGridReceiver - CI"
    },
    "StartTime": "2019-12-16T16:10:14.1073618Z",
    "FinishTime": "2019-12-16T16:13:09.919024Z",
    "RequestedBy": {
      "DisplayName": "Microsoft.VisualStudio.Services.TFS"
    },
    "Result": "succeeded",
    "SourceBranch": "refs/heads/development",
    "SourceVersion": "6f0fbfc32e35a2db05af86032adeed289ac81802",
    "Repository": {
      "Id": "7e06ad15-43b5-4281-b482-152cbd8e6e06",
      "Name": "IntraOffice"
    }
  },
  {
    "Id": 4161,
    "BuildNumber": "master-9.6.19350.2",
    "Definition": {
      "Id": 68,
      "Name": "IntraOffice"
    },
    "StartTime": "2019-12-16T13:42:05.7798894Z",
    "FinishTime": "2019-12-16T14:01:08.5511229Z",
    "RequestedBy": {
      "DisplayName": "Roel de Regt"
    },
    "Result": "succeeded",
    "SourceBranch": "refs/heads/master",
    "SourceVersion": "b94630a7e411c3469d27b44668bbbab2c61562d2",
    "Repository": {
      "Id": "7e06ad15-43b5-4281-b482-152cbd8e6e06",
      "Name": "IntraOffice"
    }
  },
  {
    "Id": 4155,
    "BuildNumber": "20191213.2",
    "Definition": {
      "Id": 67,
      "Name": "SendGridReceiver - CI"
    },
    "StartTime": "2019-12-13T15:00:36.4709406Z",
    "FinishTime": "2019-12-13T15:03:25.6375342Z",
    "RequestedBy": {
      "DisplayName": "Microsoft.VisualStudio.Services.TFS"
    },
    "Result": "succeeded",
    "SourceBranch": "refs/heads/development",
    "SourceVersion": "be7a14884e4a837c37458e356b40512b6aecc66c",
    "Repository": {
      "Id": "7e06ad15-43b5-4281-b482-152cbd8e6e06",
      "Name": "IntraOffice"
    }
  },
  {
    "Id": 4152,
    "BuildNumber": "20191213.1",
    "Definition": {
      "Id": 67,
      "Name": "SendGridReceiver - CI"
    },
    "StartTime": "2019-12-13T14:27:43.988379Z",
    "FinishTime": "2019-12-13T14:30:19.2845192Z",
    "RequestedBy": {
      "DisplayName": "Microsoft.VisualStudio.Services.TFS"
    },
    "Result": "succeeded",
    "SourceBranch": "refs/heads/development",
    "SourceVersion": "e5da48d07c781606b13c53043517d38b97000eab",
    "Repository": {
      "Id": "7e06ad15-43b5-4281-b482-152cbd8e6e06",
      "Name": "IntraOffice"
    }
  },
  {
    "Id": 4145,
    "BuildNumber": "20191212.1",
    "Definition": {
      "Id": 67,
      "Name": "SendGridReceiver - CI"
    },
    "StartTime": "2019-12-12T14:23:54.0946357Z",
    "FinishTime": "2019-12-12T14:26:58.3770179Z",
    "RequestedBy": {
      "DisplayName": "Microsoft.VisualStudio.Services.TFS"
    },
    "Result": "succeeded",
    "SourceBranch": "refs/heads/development",
    "SourceVersion": "ab913ea7277694648d0e49e11e6afec52f16e93b",
    "Repository": {
      "Id": "7e06ad15-43b5-4281-b482-152cbd8e6e06",
      "Name": "IntraOffice"
    }
  },
  {
    "Id": 4137,
    "BuildNumber": "20191211.1",
    "Definition": {
      "Id": 41,
      "Name": "Document API Release Build"
    },
    "StartTime": "2019-12-11T10:43:32.8078023Z",
    "FinishTime": "2019-12-11T10:48:18.7739992Z",
    "RequestedBy": {
      "DisplayName": "Mikhail.Tchesnokov"
    },
    "Result": "succeeded",
    "SourceBranch": "refs/heads/master",
    "SourceVersion": "ee4949908db031009aecab60d734c515104dcc68",
    "Repository": {
      "Id": "7efd6a07-8775-4f55-a233-c53439f63453",
      "Name": "DocumentApi"
    }
  },
  {
    "Id": 4136,
    "BuildNumber": "20191211.1",
    "Definition": {
      "Id": 37,
      "Name": "DocumentApi CI Build (Master)"
    },
    "StartTime": "2019-12-11T10:23:27.1839981Z",
    "FinishTime": "2019-12-11T10:32:34.2187828Z",
    "RequestedBy": {
      "DisplayName": "Microsoft.VisualStudio.Services.TFS"
    },
    "Result": "succeeded",
    "SourceBranch": "refs/heads/master",
    "SourceVersion": "ee4949908db031009aecab60d734c515104dcc68",
    "Repository": {
      "Id": "7efd6a07-8775-4f55-a233-c53439f63453",
      "Name": "DocumentApi"
    }
  },
  {
    "Id": 4122,
    "BuildNumber": "20191209.1",
    "Definition": {
      "Id": 28,
      "Name": "Identity Server"
    },
    "StartTime": "2019-12-09T12:22:44.9146888Z",
    "FinishTime": "2019-12-09T12:27:27.1410109Z",
    "RequestedBy": {
      "DisplayName": "Tjeerd de Haas"
    },
    "Result": "succeeded",
    "SourceBranch": "refs/heads/master",
    "SourceVersion": "e9fa5032acf44cc3e27b2bee18c3b818e410c23a",
    "Repository": {
      "Id": "4d45f1cb-3e01-4fcb-aac0-f7b35c5f3a0c",
      "Name": "IntraOffice2018"
    }
  },
  {
    "Id": 4114,
    "BuildNumber": "20191209.1",
    "Definition": {
      "Id": 51,
      "Name": "EnvelopesRegister Release Build"
    },
    "StartTime": "2019-12-09T08:36:37.813368Z",
    "FinishTime": "2019-12-09T08:43:59.8814103Z",
    "RequestedBy": {
      "DisplayName": "Mikhail.Tchesnokov"
    },
    "Result": "succeeded",
    "SourceBranch": "refs/heads/master",
    "SourceVersion": "a21e90cd6a2d1c69f7b37513c795465bdab91a98",
    "Repository": {
      "Id": "af0ffbfd-f163-4846-89e3-3e3f27f7a2e1",
      "Name": "EnvelopesRegister"
    }
  },
  {
    "Id": 4111,
    "BuildNumber": "20191206.1",
    "Definition": {
      "Id": 28,
      "Name": "Identity Server"
    },
    "StartTime": "2019-12-06T14:00:35.1906536Z",
    "FinishTime": "2019-12-06T14:05:15.2703235Z",
    "RequestedBy": {
      "DisplayName": "Tjeerd de Haas"
    },
    "Result": "succeeded",
    "SourceBranch": "refs/heads/master",
    "SourceVersion": "fb7d6c78b634ac0900615eb076d4cfeb181feafc",
    "Repository": {
      "Id": "4d45f1cb-3e01-4fcb-aac0-f7b35c5f3a0c",
      "Name": "IntraOffice2018"
    }
  },
  {
    "Id": 4089,
    "BuildNumber": "20191204.3",
    "Definition": {
      "Id": 28,
      "Name": "Identity Server"
    },
    "StartTime": "2019-12-04T15:55:37.9810896Z",
    "FinishTime": "2019-12-04T15:59:58.9467595Z",
    "RequestedBy": {
      "DisplayName": "Mikhail.Tchesnokov"
    },
    "Result": "succeeded",
    "SourceBranch": "refs/heads/master",
    "SourceVersion": "f79b5390047a684333345a859bfd3de8b40f4b57",
    "Repository": {
      "Id": "4d45f1cb-3e01-4fcb-aac0-f7b35c5f3a0c",
      "Name": "IntraOffice2018"
    }
  },
  {
    "Id": 4060,
    "BuildNumber": "master-9.6.19331.1",
    "Definition": {
      "Id": 68,
      "Name": "IntraOffice"
    },
    "StartTime": "2019-11-27T10:51:46.415506Z",
    "FinishTime": "2019-11-27T11:12:05.8076474Z",
    "RequestedBy": {
      "DisplayName": "Tjeerd de Haas"
    },
    "Result": "succeeded",
    "SourceBranch": "refs/heads/master",
    "SourceVersion": "b94630a7e411c3469d27b44668bbbab2c61562d2",
    "Repository": {
      "Id": "7e06ad15-43b5-4281-b482-152cbd8e6e06",
      "Name": "IntraOffice"
    }
  },
  {
    "Id": 4054,
    "BuildNumber": "master-10.0.19329.7",
    "Definition": {
      "Id": 64,
      "Name": "IntraOffice-Archive"
    },
    "StartTime": "2019-11-25T16:37:43.6854391Z",
    "FinishTime": "2019-11-25T17:02:16.4686221Z",
    "RequestedBy": {
      "DisplayName": "Roel de Regt"
    },
    "Result": "succeeded",
    "SourceBranch": "refs/heads/master",
    "SourceVersion": "af6256dc0872b700a96a779bb910e874063e3cc4",
    "Repository": {
      "Id": "8541db83-41d5-4826-8a79-2b517964e5d1",
      "Name": "IntraOffice-Archive"
    }
  },
  {
    "Id": 4053,
    "BuildNumber": "20191125.1",
    "Definition": {
      "Id": 67,
      "Name": "SendGridReceiver - CI"
    },
    "StartTime": "2019-11-25T16:22:26.93128Z",
    "FinishTime": "2019-11-25T16:25:28.7804727Z",
    "RequestedBy": {
      "DisplayName": "Microsoft.VisualStudio.Services.TFS"
    },
    "Result": "succeeded",
    "SourceBranch": "refs/heads/development",
    "SourceVersion": "9be3b23259eebcdfbb10b1ab5574455399637579",
    "Repository": {
      "Id": "7e06ad15-43b5-4281-b482-152cbd8e6e06",
      "Name": "IntraOffice"
    }
  },
  {
    "Id": 4036,
    "BuildNumber": "20191119.1",
    "Definition": {
      "Id": 67,
      "Name": "SendGridReceiver - CI"
    },
    "StartTime": "2019-11-19T14:03:41.1811077Z",
    "FinishTime": "2019-11-19T14:07:17.6329282Z",
    "RequestedBy": {
      "DisplayName": "Microsoft.VisualStudio.Services.TFS"
    },
    "Result": "succeeded",
    "SourceBranch": "refs/heads/development",
    "SourceVersion": "56eb1e3b465d7f1aa16412b77edfbc7b2573a20a",
    "Repository": {
      "Id": "7e06ad15-43b5-4281-b482-152cbd8e6e06",
      "Name": "IntraOffice"
    }
  },
  {
    "Id": 4028,
    "BuildNumber": "20191115.1",
    "Definition": {
      "Id": 67,
      "Name": "SendGridReceiver - CI"
    },
    "StartTime": "2019-11-15T15:23:41.5766637Z",
    "FinishTime": "2019-11-15T15:26:38.9275631Z",
    "RequestedBy": {
      "DisplayName": "Microsoft.VisualStudio.Services.TFS"
    },
    "Result": "succeeded",
    "SourceBranch": "refs/heads/development",
    "SourceVersion": "0d4716df28b15db3efedeaeff6b6016e03c30c2e",
    "Repository": {
      "Id": "7e06ad15-43b5-4281-b482-152cbd8e6e06",
      "Name": "IntraOffice"
    }
  },
  {
    "Id": 4023,
    "BuildNumber": "20191115.1",
    "Definition": {
      "Id": 37,
      "Name": "DocumentApi CI Build (Master)"
    },
    "StartTime": "2019-11-15T08:38:00.1218271Z",
    "FinishTime": "2019-11-15T08:46:54.471788Z",
    "RequestedBy": {
      "DisplayName": "Microsoft.VisualStudio.Services.TFS"
    },
    "Result": "succeeded",
    "SourceBranch": "refs/heads/master",
    "SourceVersion": "59807533af3cafe751b1fc28088c71322f78203f",
    "Repository": {
      "Id": "7efd6a07-8775-4f55-a233-c53439f63453",
      "Name": "DocumentApi"
    }
  },
  {
    "Id": 4017,
    "BuildNumber": "20191114.3",
    "Definition": {
      "Id": 67,
      "Name": "SendGridReceiver - CI"
    },
    "StartTime": "2019-11-14T10:10:42.7018496Z",
    "FinishTime": "2019-11-14T10:13:46.2508825Z",
    "RequestedBy": {
      "DisplayName": "Tjeerd de Haas"
    },
    "Result": "succeeded",
    "SourceBranch": "refs/heads/development",
    "SourceVersion": "a50e132bc5fe8dafe74633942af75a34eaba8c74",
    "Repository": {
      "Id": "7e06ad15-43b5-4281-b482-152cbd8e6e06",
      "Name": "IntraOffice"
    }
  },
  {
    "Id": 4015,
    "BuildNumber": "20191114.2",
    "Definition": {
      "Id": 67,
      "Name": "SendGridReceiver - CI"
    },
    "StartTime": "2019-11-14T09:50:14.9235964Z",
    "FinishTime": "2019-11-14T09:53:40.0494795Z",
    "RequestedBy": {
      "DisplayName": "Tjeerd de Haas"
    },
    "Result": "succeeded",
    "SourceBranch": "refs/heads/development",
    "SourceVersion": "a3664c827eeaf0317b725615a29c1e42c1933a47",
    "Repository": {
      "Id": "7e06ad15-43b5-4281-b482-152cbd8e6e06",
      "Name": "IntraOffice"
    }
  },
  {
    "Id": 4012,
    "BuildNumber": "20191114.1",
    "Definition": {
      "Id": 41,
      "Name": "Document API Release Build"
    },
    "StartTime": "2019-11-14T08:46:48.3214579Z",
    "FinishTime": "2019-11-14T08:51:09.5649681Z",
    "RequestedBy": {
      "DisplayName": "admin"
    },
    "Result": "succeeded",
    "SourceBranch": "refs/heads/master",
    "SourceVersion": "bbae77e7dc4edad301412eea1a71a47967533e85",
    "Repository": {
      "Id": "7efd6a07-8775-4f55-a233-c53439f63453",
      "Name": "DocumentApi"
    }
  },
  {
    "Id": 4010,
    "BuildNumber": "20191114.1",
    "Definition": {
      "Id": 49,
      "Name": "Document API Nightly Build (Master)"
    },
    "StartTime": "2019-11-14T01:00:31.16956Z",
    "FinishTime": "2019-11-14T01:07:46.8669479Z",
    "RequestedBy": {
      "DisplayName": "Microsoft.VisualStudio.Services.TFS"
    },
    "Result": "succeeded",
    "SourceBranch": "refs/heads/master",
    "SourceVersion": "e2f0e2ce6bdf29f88264f90ebd6a2597fa9e31b5",
    "Repository": {
      "Id": "7efd6a07-8775-4f55-a233-c53439f63453",
      "Name": "DocumentApi"
    }
  },
  {
    "Id": 4001,
    "BuildNumber": "20191113.1",
    "Definition": {
      "Id": 49,
      "Name": "Document API Nightly Build (Master)"
    },
    "StartTime": "2019-11-13T01:00:30.7989333Z",
    "FinishTime": "2019-11-13T01:08:43.2611202Z",
    "RequestedBy": {
      "DisplayName": "Microsoft.VisualStudio.Services.TFS"
    },
    "Result": "succeeded",
    "SourceBranch": "refs/heads/master",
    "SourceVersion": "e2f0e2ce6bdf29f88264f90ebd6a2597fa9e31b5",
    "Repository": {
      "Id": "7efd6a07-8775-4f55-a233-c53439f63453",
      "Name": "DocumentApi"
    }
  },
  {
    "Id": 3993,
    "BuildNumber": "20191112.1",
    "Definition": {
      "Id": 49,
      "Name": "Document API Nightly Build (Master)"
    },
    "StartTime": "2019-11-12T01:00:24.2068424Z",
    "FinishTime": "2019-11-12T01:09:44.5844199Z",
    "RequestedBy": {
      "DisplayName": "Microsoft.VisualStudio.Services.TFS"
    },
    "Result": "succeeded",
    "SourceBranch": "refs/heads/master",
    "SourceVersion": "e2f0e2ce6bdf29f88264f90ebd6a2597fa9e31b5",
    "Repository": {
      "Id": "7efd6a07-8775-4f55-a233-c53439f63453",
      "Name": "DocumentApi"
    }
  },
  {
    "Id": 3979,
    "BuildNumber": "master-10.0.19312.2",
    "Definition": {
      "Id": 64,
      "Name": "IntraOffice-Archive"
    },
    "StartTime": "2019-11-08T13:00:35.9014861Z",
    "FinishTime": "2019-11-08T13:27:21.6840832Z",
    "RequestedBy": {
      "DisplayName": "Roel de Regt"
    },
    "Result": "succeeded",
    "SourceBranch": "refs/heads/master",
    "SourceVersion": "7a0628f7c3ba89254c5e46b2ab822e5dd7bf635f",
    "Repository": {
      "Id": "8541db83-41d5-4826-8a79-2b517964e5d1",
      "Name": "IntraOffice-Archive"
    }
  },
  {
    "Id": 3978,
    "BuildNumber": "master-10.0.19312.1",
    "Definition": {
      "Id": 64,
      "Name": "IntraOffice-Archive"
    },
    "StartTime": "2019-11-08T10:54:58.5208966Z",
    "FinishTime": "2019-11-08T11:23:58.9329643Z",
    "RequestedBy": {
      "DisplayName": "Roel de Regt"
    },
    "Result": "succeeded",
    "SourceBranch": "refs/heads/master",
    "SourceVersion": "737731da6cec34413be5441ba0a0101dbf73d6d1",
    "Repository": {
      "Id": "8541db83-41d5-4826-8a79-2b517964e5d1",
      "Name": "IntraOffice-Archive"
    }
  },
  {
    "Id": 3974,
    "BuildNumber": "20191107.1",
    "Definition": {
      "Id": 13,
      "Name": "Archive RAET REST API (Iopk)"
    },
    "StartTime": "2019-11-07T23:47:57.9875396Z",
    "FinishTime": "2019-11-07T23:51:43.0251388Z",
    "RequestedBy": {
      "DisplayName": "Roel de Regt"
    },
    "Result": "succeeded",
    "SourceBranch": "refs/heads/master",
    "SourceVersion": "4584c5e103f212eee0594604e55df5c2ad1f3d09",
    "Repository": {
      "Id": "4d45f1cb-3e01-4fcb-aac0-f7b35c5f3a0c",
      "Name": "IntraOffice2018"
    }
  },
  {
    "Id": 3959,
    "BuildNumber": "development-9.6.19310.1",
    "Definition": {
      "Id": 33,
      "Name": "Version 9 Azure Build"
    },
    "StartTime": "2019-11-06T09:34:30.402283Z",
    "FinishTime": "2019-11-06T09:54:38.3818254Z",
    "RequestedBy": {
      "DisplayName": "admin"
    },
    "Result": "succeeded",
    "SourceBranch": "refs/heads/development",
    "SourceVersion": "e0a9d1f0439c2c0432045785963a4117494291a5",
    "Repository": {
      "Id": "7e06ad15-43b5-4281-b482-152cbd8e6e06",
      "Name": "IntraOffice"
    }
  },
  {
    "Id": 3903,
    "BuildNumber": "10.0.19295.3",
    "Definition": {
      "Id": 30,
      "Name": "IntraOffice-Content-Repository (old)"
    },
    "StartTime": "2019-10-22T13:33:02.4266725Z",
    "FinishTime": "2019-10-22T13:36:59.57893Z",
    "RequestedBy": {
      "DisplayName": "Roel de Regt"
    },
    "Result": "succeeded",
    "SourceBranch": "refs/heads/master",
    "SourceVersion": "8dfe3b91d899c639fae89644cbdd3b0d9e3b4919",
    "Repository": {
      "Id": "6525cebf-c7df-4ba3-b01a-265613861b33",
      "Name": "IntraOffice-Content-Repository"
    }
  },
  {
    "Id": 3876,
    "BuildNumber": "20191015.3",
    "Definition": {
      "Id": 14,
      "Name": "Archive Shared REST API (WebDeploy)"
    },
    "StartTime": "2019-10-15T11:53:10.2791787Z",
    "FinishTime": "2019-10-15T11:59:08.0099516Z",
    "RequestedBy": {
      "DisplayName": "Mikhail.Tchesnokov"
    },
    "Result": "succeeded",
    "SourceBranch": "refs/heads/master",
    "SourceVersion": "df4836ce41c629ee9b786964f3347b711b0eb430",
    "Repository": {
      "Id": "4d45f1cb-3e01-4fcb-aac0-f7b35c5f3a0c",
      "Name": "IntraOffice2018"
    }
  },
  {
    "Id": 3808,
    "BuildNumber": "development-9.6.19282.1",
    "Definition": {
      "Id": 33,
      "Name": "Version 9 Azure Build"
    },
    "StartTime": "2019-10-09T08:30:05.381068Z",
    "FinishTime": "2019-10-09T08:46:58.2339163Z",
    "RequestedBy": {
      "DisplayName": "Corne Los"
    },
    "Result": "succeeded",
    "SourceBranch": "refs/heads/development",
    "SourceVersion": "9c13237168a17bb368be1948ed3c8739b9fa8e6a",
    "Repository": {
      "Id": "7e06ad15-43b5-4281-b482-152cbd8e6e06",
      "Name": "IntraOffice"
    }
  },
  {
    "Id": 3807,
    "BuildNumber": "master-9.6.19282.1",
    "Definition": {
      "Id": 33,
      "Name": "Version 9 Azure Build"
    },
    "StartTime": "2019-10-09T07:45:44.3839657Z",
    "FinishTime": "2019-10-09T08:03:55.048445Z",
    "RequestedBy": {
      "DisplayName": "Corne Los"
    },
    "Result": "succeeded",
    "SourceBranch": "refs/heads/master",
    "SourceVersion": "deebacfe5612c961b96f3e43e19029f6cb6f1dd9",
    "Repository": {
      "Id": "7e06ad15-43b5-4281-b482-152cbd8e6e06",
      "Name": "IntraOffice"
    }
  },
  {
    "Id": 3804,
    "BuildNumber": "master-9.6.19281.1",
    "Definition": {
      "Id": 33,
      "Name": "Version 9 Azure Build"
    },
    "StartTime": "2019-10-08T14:50:12.2497352Z",
    "FinishTime": "2019-10-08T15:07:50.9305812Z",
    "RequestedBy": {
      "DisplayName": "Roel de Regt"
    },
    "Result": "succeeded",
    "SourceBranch": "refs/heads/master",
    "SourceVersion": "deebacfe5612c961b96f3e43e19029f6cb6f1dd9",
    "Repository": {
      "Id": "7e06ad15-43b5-4281-b482-152cbd8e6e06",
      "Name": "IntraOffice"
    }
  },
  {
    "Id": 3788,
    "BuildNumber": "master-9.6.19280.1",
    "Definition": {
      "Id": 9,
      "Name": "Version 9 Build"
    },
    "StartTime": "2019-10-07T09:09:27.5895989Z",
    "FinishTime": "2019-10-07T09:43:23.7814659Z",
    "RequestedBy": {
      "DisplayName": "Roel de Regt"
    },
    "Result": "succeeded",
    "SourceBranch": "refs/heads/master",
    "SourceVersion": "42541c7a91707db81593177ea26bfd9928995ade",
    "Repository": {
      "Id": "7e06ad15-43b5-4281-b482-152cbd8e6e06",
      "Name": "IntraOffice"
    }
  },
  {
    "Id": 3787,
    "BuildNumber": "master-9.6.19280.1",
    "Definition": {
      "Id": 33,
      "Name": "Version 9 Azure Build"
    },
    "StartTime": "2019-10-07T08:10:57.8011569Z",
    "FinishTime": "2019-10-07T08:30:49.6534744Z",
    "RequestedBy": {
      "DisplayName": "Roel de Regt"
    },
    "Result": "succeeded",
    "SourceBranch": "refs/heads/master",
    "SourceVersion": "42541c7a91707db81593177ea26bfd9928995ade",
    "Repository": {
      "Id": "7e06ad15-43b5-4281-b482-152cbd8e6e06",
      "Name": "IntraOffice"
    }
  },
  {
    "Id": 3738,
    "BuildNumber": "master-9.6.19273.1",
    "Definition": {
      "Id": 33,
      "Name": "Version 9 Azure Build"
    },
    "StartTime": "2019-09-30T08:41:09.4724164Z",
    "FinishTime": "2019-09-30T08:59:15.3056408Z",
    "RequestedBy": {
      "DisplayName": "admin"
    },
    "Result": "succeeded",
    "SourceBranch": "refs/heads/master",
    "SourceVersion": "4952111224645c76c314c3fcb5bb0c810fd3df93",
    "Repository": {
      "Id": "7e06ad15-43b5-4281-b482-152cbd8e6e06",
      "Name": "IntraOffice"
    }
  },
  {
    "Id": 3731,
    "BuildNumber": "development-9.6.19270.1",
    "Definition": {
      "Id": 57,
      "Name": "Version 9 Azure Build and Test"
    },
    "StartTime": "2019-09-27T09:19:19.8034689Z",
    "FinishTime": "2019-09-27T09:36:45.9290503Z",
    "RequestedBy": {
      "DisplayName": "Tjeerd de Haas"
    },
    "Result": "succeeded",
    "SourceBranch": "refs/heads/development",
    "SourceVersion": "ea8362e9910aa2cdc41a718d887fc2b5118386dd",
    "Repository": {
      "Id": "7e06ad15-43b5-4281-b482-152cbd8e6e06",
      "Name": "IntraOffice"
    }
  },
  {
    "Id": 3697,
    "BuildNumber": "development-9.6.19261.5",
    "Definition": {
      "Id": 33,
      "Name": "Version 9 Azure Build"
    },
    "StartTime": "2019-09-18T15:09:11.1259567Z",
    "FinishTime": "2019-09-18T15:24:49.3123916Z",
    "RequestedBy": {
      "DisplayName": "Mikhail.Tchesnokov"
    },
    "Result": "succeeded",
    "SourceBranch": "refs/heads/development",
    "SourceVersion": "16ba608e531eb780850a50ed183f982d3d451e98",
    "Repository": {
      "Id": "7e06ad15-43b5-4281-b482-152cbd8e6e06",
      "Name": "IntraOffice"
    }
  },
  {
    "Id": 3614,
    "BuildNumber": "master-9.6.19254.1",
    "Definition": {
      "Id": 33,
      "Name": "Version 9 Azure Build"
    },
    "StartTime": "2019-09-11T08:06:27.3887399Z",
    "FinishTime": "2019-09-11T08:28:31.1096428Z",
    "RequestedBy": {
      "DisplayName": "Roel de Regt"
    },
    "Result": "succeeded",
    "SourceBranch": "refs/heads/master",
    "SourceVersion": "31e2de883dd620f4629c61567678896d4f453876",
    "Repository": {
      "Id": "7e06ad15-43b5-4281-b482-152cbd8e6e06",
      "Name": "IntraOffice"
    }
  },
  {
    "Id": 3410,
    "BuildNumber": "20190724.1",
    "Definition": {
      "Id": 55,
      "Name": "MonitorCM - CI"
    },
    "StartTime": "2019-07-24T08:45:19.5921367Z",
    "FinishTime": "2019-07-24T08:47:41.5657332Z",
    "RequestedBy": {
      "DisplayName": "Microsoft.VisualStudio.Services.TFS"
    },
    "Result": "succeeded",
    "SourceBranch": "refs/heads/master",
    "SourceVersion": "deaa43c36665f5064c7ff91dbf0a6cc7866acdf7",
    "Repository": {
      "Id": "cc9b1504-9a78-49d6-92fd-bfd96f3a0fb0",
      "Name": "Monitoring"
    }
  },
  {
    "Id": 3403,
    "BuildNumber": "20190722.2",
    "Definition": {
      "Id": 55,
      "Name": "MonitorCM - CI"
    },
    "StartTime": "2019-07-22T13:10:18.0791311Z",
    "FinishTime": "2019-07-22T13:11:23.4902831Z",
    "RequestedBy": {
      "DisplayName": "Microsoft.VisualStudio.Services.TFS"
    },
    "Result": "succeeded",
    "SourceBranch": "refs/heads/master",
    "SourceVersion": "1ad9a568b5f13e27f7d0a9174bb92070469ee380",
    "Repository": {
      "Id": "cc9b1504-9a78-49d6-92fd-bfd96f3a0fb0",
      "Name": "Monitoring"
    }
  },
  {
    "Id": 3402,
    "BuildNumber": "20190722.1",
    "Definition": {
      "Id": 55,
      "Name": "MonitorCM - CI"
    },
    "StartTime": "2019-07-22T13:08:35.4412118Z",
    "FinishTime": "2019-07-22T13:09:09.4708239Z",
    "RequestedBy": {
      "DisplayName": "admin"
    },
    "Result": "succeeded",
    "SourceBranch": "refs/heads/master",
    "SourceVersion": "713c3639d5e409824831d54f24277dcebd9d03ed",
    "Repository": {
      "Id": "cc9b1504-9a78-49d6-92fd-bfd96f3a0fb0",
      "Name": "Monitoring"
    }
  },
  {
    "Id": 3277,
    "BuildNumber": "20190626.3",
    "Definition": {
      "Id": 51,
      "Name": "EnvelopesRegister Release Build"
    },
    "StartTime": "2019-06-26T10:54:25.2256845Z",
    "FinishTime": "2019-06-26T10:59:16.818354Z",
    "RequestedBy": {
      "DisplayName": "admin"
    },
    "Result": "succeeded",
    "SourceBranch": "refs/heads/master",
    "SourceVersion": "3cd56bfdb3d75d0e9ce865059965fff8b38647b9",
    "Repository": {
      "Id": "af0ffbfd-f163-4846-89e3-3e3f27f7a2e1",
      "Name": "EnvelopesRegister"
    }
  },
  {
    "Id": 3247,
    "BuildNumber": "10.0.19171.1",
    "Definition": {
      "Id": 30,
      "Name": "IntraOffice-Content-Repository (old)"
    },
    "StartTime": "2019-06-20T11:54:27.6123144Z",
    "FinishTime": "2019-06-20T11:56:38.4218736Z",
    "RequestedBy": {
      "DisplayName": "Roel de Regt"
    },
    "Result": "succeeded",
    "SourceBranch": "refs/heads/master",
    "SourceVersion": "7b0b562b138b2501a1430050a9fa77ee362e133c",
    "Repository": {
      "Id": "6525cebf-c7df-4ba3-b01a-265613861b33",
      "Name": "IntraOffice-Content-Repository"
    }
  },
  {
    "Id": 3211,
    "BuildNumber": "development-9.6.19168.1",
    "Definition": {
      "Id": 33,
      "Name": "Version 9 Azure Build"
    },
    "StartTime": "2019-06-17T07:23:28.6782987Z",
    "FinishTime": "2019-06-17T07:38:44.1086893Z",
    "RequestedBy": {
      "DisplayName": "Corne Los"
    },
    "Result": "succeeded",
    "SourceBranch": "refs/heads/development",
    "SourceVersion": "c10d9e8c33de06d4e0db2883f6eb754d0c9d637d",
    "Repository": {
      "Id": "7e06ad15-43b5-4281-b482-152cbd8e6e06",
      "Name": "IntraOffice"
    }
  },
  {
    "Id": 3191,
    "BuildNumber": "development-9.6.19164.2",
    "Definition": {
      "Id": 33,
      "Name": "Version 9 Azure Build"
    },
    "StartTime": "2019-06-13T08:35:08.8040328Z",
    "FinishTime": "2019-06-13T08:51:05.9855758Z",
    "RequestedBy": {
      "DisplayName": "Tjeerd de Haas"
    },
    "Result": "succeeded",
    "SourceBranch": "refs/heads/development",
    "SourceVersion": "b66e932c43ac4314da24e768ca4493b4448953c2",
    "Repository": {
      "Id": "7e06ad15-43b5-4281-b482-152cbd8e6e06",
      "Name": "IntraOffice"
    }
  },
  {
    "Id": 3173,
    "BuildNumber": "20190611.1",
    "Definition": {
      "Id": 31,
      "Name": "Routing Shared REST API (WebDeploy)"
    },
    "StartTime": "2019-06-11T07:24:42.2702018Z",
    "FinishTime": "2019-06-11T07:34:51.1453585Z",
    "RequestedBy": {
      "DisplayName": "admin"
    },
    "Result": "succeeded",
    "SourceBranch": "refs/heads/master",
    "SourceVersion": "6bb44152f0ea9b5c93771928c352868e16007905",
    "Repository": {
      "Id": "4d45f1cb-3e01-4fcb-aac0-f7b35c5f3a0c",
      "Name": "IntraOffice2018"
    }
  },
  {
    "Id": 3073,
    "BuildNumber": "20190521.1",
    "Definition": {
      "Id": 28,
      "Name": "Identity Server"
    },
    "StartTime": "2019-05-21T13:16:53.8353243Z",
    "FinishTime": "2019-05-21T13:21:39.3485488Z",
    "RequestedBy": {
      "DisplayName": "admin"
    },
    "Result": "succeeded",
    "SourceBranch": "refs/heads/master",
    "SourceVersion": "0f9577a98ea243721ba379d4aa1fa032ee4875d9",
    "Repository": {
      "Id": "4d45f1cb-3e01-4fcb-aac0-f7b35c5f3a0c",
      "Name": "IntraOffice2018"
    }
  },
  {
    "Id": 3067,
    "BuildNumber": "20190521.1",
    "Definition": {
      "Id": 31,
      "Name": "Routing Shared REST API (WebDeploy)"
    },
    "StartTime": "2019-05-21T10:15:58.44558Z",
    "FinishTime": "2019-05-21T10:22:11.8893879Z",
    "RequestedBy": {
      "DisplayName": "admin"
    },
    "Result": "succeeded",
    "SourceBranch": "refs/heads/master",
    "SourceVersion": "cf2029cd298537af9760760d38e645da689eb017",
    "Repository": {
      "Id": "4d45f1cb-3e01-4fcb-aac0-f7b35c5f3a0c",
      "Name": "IntraOffice2018"
    }
  },
  {
    "Id": 3022,
    "BuildNumber": "10.0-Customization-10.0.19134.2",
    "Definition": {
      "Id": 47,
      "Name": "Version 10 Build"
    },
    "StartTime": "2019-05-14T15:15:56.5404522Z",
    "FinishTime": "2019-05-14T15:50:39.4111585Z",
    "RequestedBy": {
      "DisplayName": "Roel de Regt"
    },
    "Result": "succeeded",
    "SourceBranch": "refs/heads/Features/10.0-Customization",
    "SourceVersion": "5f97cdd26efbada1d77baf732f30d2951dcf000e",
    "Repository": {
      "Id": "7e06ad15-43b5-4281-b482-152cbd8e6e06",
      "Name": "IntraOffice"
    }
  },
  {
    "Id": 2982,
    "BuildNumber": "20190506.1",
    "Definition": {
      "Id": 28,
      "Name": "Identity Server"
    },
    "StartTime": "2019-05-06T11:55:57.4418559Z",
    "FinishTime": "2019-05-06T12:03:58.5159807Z",
    "RequestedBy": {
      "DisplayName": "Tjeerd de Haas"
    },
    "Result": "succeeded",
    "SourceBranch": "refs/heads/master",
    "SourceVersion": "50b4af30aba6c1a9e819683760a47e321185c9bf",
    "Repository": {
      "Id": "4d45f1cb-3e01-4fcb-aac0-f7b35c5f3a0c",
      "Name": "IntraOffice2018"
    }
  },
  {
    "Id": 2977,
    "BuildNumber": "development-9.6.19123.1",
    "Definition": {
      "Id": 33,
      "Name": "Version 9 Azure Build"
    },
    "StartTime": "2019-05-03T13:59:43.9153703Z",
    "FinishTime": "2019-05-03T14:10:02.3532788Z",
    "RequestedBy": {
      "DisplayName": "IntraData Azure administrator"
    },
    "Result": "succeeded",
    "SourceBranch": "refs/heads/development",
    "SourceVersion": "98cb1c01bb513962181203697c0c9e6e9d5275b4",
    "Repository": {
      "Id": "7e06ad15-43b5-4281-b482-152cbd8e6e06",
      "Name": "IntraOffice"
    }
  },
  {
    "Id": 2853,
    "BuildNumber": "development-9.5.19093.2",
    "Definition": {
      "Id": 33,
      "Name": "Version 9 Azure Build"
    },
    "StartTime": "2019-04-03T10:21:41.3477933Z",
    "FinishTime": "2019-04-03T10:32:22.4294581Z",
    "RequestedBy": {
      "DisplayName": "IntraData Azure administrator"
    },
    "Result": "succeeded",
    "SourceBranch": "refs/heads/development",
    "SourceVersion": "393743b5664c5d79b09aa5fef0fd9697d13e52d2",
    "Repository": {
      "Id": "7e06ad15-43b5-4281-b482-152cbd8e6e06",
      "Name": "IntraOffice"
    }
  },
  {
    "Id": 2842,
    "BuildNumber": "20190401.1",
    "Definition": {
      "Id": 28,
      "Name": "Identity Server"
    },
    "StartTime": "2019-04-01T09:22:56.6623734Z",
    "FinishTime": "2019-04-01T09:31:06.3852674Z",
    "RequestedBy": {
      "DisplayName": "Mikhail.Tchesnokov"
    },
    "Result": "succeeded",
    "SourceBranch": "refs/heads/master",
    "SourceVersion": "459c4ef581ff16b88721f6adc2b546e5b22e2631",
    "Repository": {
      "Id": "4d45f1cb-3e01-4fcb-aac0-f7b35c5f3a0c",
      "Name": "IntraOffice2018"
    }
  },
  {
    "Id": 2826,
    "BuildNumber": "20190328.1",
    "Definition": {
      "Id": 31,
      "Name": "Routing Shared REST API (WebDeploy)"
    },
    "StartTime": "2019-03-28T12:40:58.0540171Z",
    "FinishTime": "2019-03-28T12:46:53.7624777Z",
    "RequestedBy": {
      "DisplayName": "Mikhail.Tchesnokov"
    },
    "Result": "succeeded",
    "SourceBranch": "refs/heads/master",
    "SourceVersion": "e612f7d229b01513275b71a53a2f11bdb8ec27db",
    "Repository": {
      "Id": "4d45f1cb-3e01-4fcb-aac0-f7b35c5f3a0c",
      "Name": "IntraOffice2018"
    }
  },
  {
    "Id": 2771,
    "BuildNumber": "development-9.5.19074.1",
    "Definition": {
      "Id": 33,
      "Name": "Version 9 Azure Build"
    },
    "StartTime": "2019-03-15T14:15:20.5153579Z",
    "FinishTime": "2019-03-15T14:26:37.018399Z",
    "RequestedBy": {
      "DisplayName": "IntraData Azure administrator"
    },
    "Result": "succeeded",
    "SourceBranch": "refs/heads/development",
    "SourceVersion": "a63742baa116162060263c6b9f7f98d655e14721",
    "Repository": {
      "Id": "7e06ad15-43b5-4281-b482-152cbd8e6e06",
      "Name": "IntraOffice"
    }
  },
  {
    "Id": 2772,
    "BuildNumber": "20190315.1",
    "Definition": {
      "Id": 39,
      "Name": "Routing Management Portal"
    },
    "StartTime": "2019-03-15T14:20:01.0660733Z",
    "FinishTime": "2019-03-15T14:21:17.0678648Z",
    "RequestedBy": {
      "DisplayName": "IntraData Azure administrator"
    },
    "Result": "succeeded",
    "SourceBranch": "refs/heads/master",
    "SourceVersion": "64b40116725565bbe8dfae344bcd9eb8f55b657c",
    "Repository": {
      "Id": "e00262b4-56a6-45ac-942d-936535e4350e",
      "Name": "Routing Management Portal"
    }
  },
  {
    "Id": 2685,
    "BuildNumber": "20190218.1",
    "Definition": {
      "Id": 14,
      "Name": "Archive Shared REST API (WebDeploy)"
    },
    "StartTime": "2019-02-18T15:33:33.7756359Z",
    "FinishTime": "2019-02-18T15:38:02.5994555Z",
    "RequestedBy": {
      "DisplayName": "Mikhail.Tchesnokov"
    },
    "Result": "succeeded",
    "SourceBranch": "refs/heads/master",
    "SourceVersion": "ae54790349f71d25c3f52653c81d0b52f647bd60",
    "Repository": {
      "Id": "4d45f1cb-3e01-4fcb-aac0-f7b35c5f3a0c",
      "Name": "IntraOffice2018"
    }
  },
  {
    "Id": 2617,
    "BuildNumber": "20190125.4",
    "Definition": {
      "Id": 22,
      "Name": "Depot Portal Backend"
    },
    "StartTime": "2019-01-25T11:27:31.1363334Z",
    "FinishTime": "2019-01-25T11:28:06.0834883Z",
    "RequestedBy": {
      "DisplayName": "Corne Los"
    },
    "Result": "succeeded",
    "SourceBranch": "refs/heads/master",
    "SourceVersion": "3efdd4db605f37b2bba285c29a0361be0a399672",
    "Repository": {
      "Id": "c013db00-43d1-40bd-bdcb-772cafe43e3b",
      "Name": "IntraOffice Depot"
    }
  },
  {
    "Id": 2609,
    "BuildNumber": "2609",
    "Definition": {
      "Id": 21,
      "Name": "Depot Portal Frontend"
    },
    "StartTime": "2019-01-24T13:11:56.9133923Z",
    "FinishTime": "2019-01-24T13:19:06.3514516Z",
    "RequestedBy": {
      "DisplayName": "Corne Los"
    },
    "Result": "succeeded",
    "SourceBranch": "refs/heads/master",
    "SourceVersion": "5883f01af4ae1eabc964cb543412bdc424df1c59",
    "Repository": {
      "Id": "c013db00-43d1-40bd-bdcb-772cafe43e3b",
      "Name": "IntraOffice Depot"
    }
  },
  {
    "Id": 2596,
    "BuildNumber": "development-9.5.19021.1",
    "Definition": {
      "Id": 33,
      "Name": "Version 9 Azure Build"
    },
    "StartTime": "2019-01-21T11:42:02.8485198Z",
    "FinishTime": "2019-01-21T11:51:54.9067138Z",
    "RequestedBy": {
      "DisplayName": "IntraData Azure administrator"
    },
    "Result": "succeeded",
    "SourceBranch": "refs/heads/development",
    "SourceVersion": "0de4fc518c237a1c258308d61270689290ffe744",
    "Repository": {
      "Id": "7e06ad15-43b5-4281-b482-152cbd8e6e06",
      "Name": "IntraOffice"
    }
  },
  {
    "Id": 2475,
    "BuildNumber": "ProjectType-9.5.18347.3",
    "Definition": {
      "Id": 33,
      "Name": "Version 9 Azure Build"
    },
    "StartTime": "2018-12-13T10:06:34.3864717Z",
    "FinishTime": "2018-12-13T10:16:26.090014Z",
    "RequestedBy": {
      "DisplayName": "Roel de Regt"
    },
    "Result": "succeeded",
    "SourceBranch": "refs/heads/Fixes/ProjectType",
    "SourceVersion": "0fd9011684a75232fa2bc83b3a6654b5b0cd0c45",
    "Repository": {
      "Id": "7e06ad15-43b5-4281-b482-152cbd8e6e06",
      "Name": "IntraOffice"
    }
  },
  {
    "Id": 2414,
    "BuildNumber": "20181130.1",
    "Definition": {
      "Id": 28,
      "Name": "Identity Server"
    },
    "StartTime": "2018-11-30T08:54:34.4528487Z",
    "FinishTime": "2018-11-30T08:58:30.5895772Z",
    "RequestedBy": {
      "DisplayName": "IntraData Azure administrator"
    },
    "Result": "succeeded",
    "SourceBranch": "refs/heads/master",
    "SourceVersion": "1ee85c6f4fa7306bffd477f22be22440cf623b71",
    "Repository": {
      "Id": "4d45f1cb-3e01-4fcb-aac0-f7b35c5f3a0c",
      "Name": "IntraOffice2018"
    }
  },
  {
    "Id": 2413,
    "BuildNumber": "20181130.1",
    "Definition": {
      "Id": 14,
      "Name": "Archive Shared REST API (WebDeploy)"
    },
    "StartTime": "2018-11-30T08:10:17.4667877Z",
    "FinishTime": "2018-11-30T08:14:14.4322311Z",
    "RequestedBy": {
      "DisplayName": "IntraData Azure administrator"
    },
    "Result": "succeeded",
    "SourceBranch": "refs/heads/master",
    "SourceVersion": "1ee85c6f4fa7306bffd477f22be22440cf623b71",
    "Repository": {
      "Id": "4d45f1cb-3e01-4fcb-aac0-f7b35c5f3a0c",
      "Name": "IntraOffice2018"
    }
  },
  {
    "Id": 2412,
    "BuildNumber": "20181130.1",
    "Definition": {
      "Id": 31,
      "Name": "Routing Shared REST API (WebDeploy)"
    },
    "StartTime": "2018-11-30T08:05:29.5716229Z",
    "FinishTime": "2018-11-30T08:09:32.6760598Z",
    "RequestedBy": {
      "DisplayName": "IntraData Azure administrator"
    },
    "Result": "succeeded",
    "SourceBranch": "refs/heads/master",
    "SourceVersion": "1ee85c6f4fa7306bffd477f22be22440cf623b71",
    "Repository": {
      "Id": "4d45f1cb-3e01-4fcb-aac0-f7b35c5f3a0c",
      "Name": "IntraOffice2018"
    }
  },
  {
    "Id": 2384,
    "BuildNumber": "20181120.2",
    "Definition": {
      "Id": 14,
      "Name": "Archive Shared REST API (WebDeploy)"
    },
    "StartTime": "2018-11-20T10:02:11.4281087Z",
    "FinishTime": "2018-11-20T10:06:38.9907437Z",
    "RequestedBy": {
      "DisplayName": "Mikhail Tchesnokov"
    },
    "Result": "succeeded",
    "SourceBranch": "refs/heads/master",
    "SourceVersion": "056d337acddf6009f4fde441c768d6286018e001",
    "Repository": {
      "Id": "4d45f1cb-3e01-4fcb-aac0-f7b35c5f3a0c",
      "Name": "IntraOffice2018"
    }
  },
  {
    "Id": 2341,
    "BuildNumber": "20181108.1",
    "Definition": {
      "Id": 28,
      "Name": "Identity Server"
    },
    "StartTime": "2018-11-08T04:52:13.3425635Z",
    "FinishTime": "2018-11-08T04:57:33.7722716Z",
    "RequestedBy": {
      "DisplayName": "Mikhail Tchesnokov"
    },
    "Result": "succeeded",
    "SourceBranch": "refs/heads/master",
    "SourceVersion": "0582ab47a5a5b137b84133487df619221ab2c531",
    "Repository": {
      "Id": "4d45f1cb-3e01-4fcb-aac0-f7b35c5f3a0c",
      "Name": "IntraOffice2018"
    }
  },
  {
    "Id": 2340,
    "BuildNumber": "20181108.1",
    "Definition": {
      "Id": 14,
      "Name": "Archive Shared REST API (WebDeploy)"
    },
    "StartTime": "2018-11-08T04:47:19.2095993Z",
    "FinishTime": "2018-11-08T04:52:06.2456604Z",
    "RequestedBy": {
      "DisplayName": "Mikhail Tchesnokov"
    },
    "Result": "succeeded",
    "SourceBranch": "refs/heads/master",
    "SourceVersion": "0582ab47a5a5b137b84133487df619221ab2c531",
    "Repository": {
      "Id": "4d45f1cb-3e01-4fcb-aac0-f7b35c5f3a0c",
      "Name": "IntraOffice2018"
    }
  },
  {
    "Id": 2339,
    "BuildNumber": "20181108.1",
    "Definition": {
      "Id": 31,
      "Name": "Routing Shared REST API (WebDeploy)"
    },
    "StartTime": "2018-11-08T04:42:45.2317394Z",
    "FinishTime": "2018-11-08T04:47:11.683003Z",
    "RequestedBy": {
      "DisplayName": "Mikhail Tchesnokov"
    },
    "Result": "succeeded",
    "SourceBranch": "refs/heads/master",
    "SourceVersion": "0582ab47a5a5b137b84133487df619221ab2c531",
    "Repository": {
      "Id": "4d45f1cb-3e01-4fcb-aac0-f7b35c5f3a0c",
      "Name": "IntraOffice2018"
    }
  },
  {
    "Id": 2334,
    "BuildNumber": "9.4.18311.1",
    "Definition": {
      "Id": 11,
      "Name": "Version 9.0-9.4 Azure Build"
    },
    "StartTime": "2018-11-07T10:25:38.9473171Z",
    "FinishTime": "2018-11-07T10:32:59.0608516Z",
    "RequestedBy": {
      "DisplayName": "Tjeerd de Haas"
    },
    "Result": "succeeded",
    "SourceBranch": "refs/heads/Releases/9.4",
    "SourceVersion": "b567308f69bd03f91dd0336e539a4e979b2cb704",
    "Repository": {
      "Id": "7e06ad15-43b5-4281-b482-152cbd8e6e06",
      "Name": "IntraOffice"
    }
  },
  {
    "Id": 2332,
    "BuildNumber": "20181106.1",
    "Definition": {
      "Id": 22,
      "Name": "Depot Portal Backend"
    },
    "StartTime": "2018-11-06T16:51:08.5356094Z",
    "FinishTime": "2018-11-06T16:52:23.5098662Z",
    "RequestedBy": {
      "DisplayName": "Corne Los"
    },
    "Result": "succeeded",
    "SourceBranch": "refs/heads/master",
    "SourceVersion": "355d55a2f949e3e3fe13fadd5843928aad975157",
    "Repository": {
      "Id": "c013db00-43d1-40bd-bdcb-772cafe43e3b",
      "Name": "IntraOffice Depot"
    }
  },
  {
    "Id": 2258,
    "BuildNumber": "2258",
    "Definition": {
      "Id": 21,
      "Name": "Depot Portal Frontend"
    },
    "StartTime": "2018-10-24T14:43:44.4313266Z",
    "FinishTime": "2018-10-24T14:49:02.3771639Z",
    "RequestedBy": {
      "DisplayName": "Corne Los"
    },
    "Result": "succeeded",
    "SourceBranch": "refs/heads/master",
    "SourceVersion": "cb0788aa930ba1143e740477289c3483a3b39b53",
    "Repository": {
      "Id": "c013db00-43d1-40bd-bdcb-772cafe43e3b",
      "Name": "IntraOffice Depot"
    }
  },
  {
    "Id": 2198,
    "BuildNumber": "9.3.18281.1",
    "Definition": {
      "Id": 11,
      "Name": "Version 9.0-9.4 Azure Build"
    },
    "StartTime": "2018-10-08T09:12:07.6308095Z",
    "FinishTime": "2018-10-08T09:19:00.5344796Z",
    "RequestedBy": {
      "DisplayName": "Roel de Regt"
    },
    "Result": "succeeded",
    "SourceBranch": "refs/heads/Releases/9.3",
    "SourceVersion": "be6dd24259929b09e447572044a8186b34d5a792",
    "Repository": {
      "Id": "7e06ad15-43b5-4281-b482-152cbd8e6e06",
      "Name": "IntraOffice"
    }
  },
  {
    "Id": 2165,
    "BuildNumber": "10.0.18269.1",
    "Definition": {
      "Id": 30,
      "Name": "IntraOffice-Content-Repository (old)"
    },
    "StartTime": "2018-09-26T08:04:41.8087937Z",
    "FinishTime": "2018-09-26T08:09:04.8182163Z",
    "RequestedBy": {
      "DisplayName": "Roel de Regt"
    },
    "Result": "succeeded",
    "SourceBranch": "refs/heads/master",
    "SourceVersion": "6095a70b0c307fcc5d96ac27e3b1d8de3bb507f7",
    "Repository": {
      "Id": "6525cebf-c7df-4ba3-b01a-265613861b33",
      "Name": "IntraOffice-Content-Repository"
    }
  },
  {
    "Id": 2146,
    "BuildNumber": "20180921.1",
    "Definition": {
      "Id": 28,
      "Name": "Identity Server"
    },
    "StartTime": "2018-09-21T08:43:28.3388845Z",
    "FinishTime": "2018-09-21T08:48:42.2670137Z",
    "RequestedBy": {
      "DisplayName": "Mikhail.Tchesnokov"
    },
    "Result": "succeeded",
    "SourceBranch": "refs/heads/master",
    "SourceVersion": "796528454c1f690f81fa4a3d6273c161e7dfd605",
    "Repository": {
      "Id": "4d45f1cb-3e01-4fcb-aac0-f7b35c5f3a0c",
      "Name": "IntraOffice2018"
    }
  },
  {
    "Id": 2047,
    "BuildNumber": "2047",
    "Definition": {
      "Id": 21,
      "Name": "Depot Portal Frontend"
    },
    "StartTime": "2018-09-05T09:06:57.0809519Z",
    "FinishTime": "2018-09-05T09:12:33.4506262Z",
    "RequestedBy": {
      "DisplayName": "Corne Los"
    },
    "Result": "succeeded",
    "SourceBranch": "refs/heads/master",
    "SourceVersion": "5fd04aad486a00daaa7efcb1c89ad8adf00b71ae",
    "Repository": {
      "Id": "c013db00-43d1-40bd-bdcb-772cafe43e3b",
      "Name": "IntraOffice Depot"
    }
  },
  {
    "Id": 2037,
    "BuildNumber": "20180820.1",
    "Definition": {
      "Id": 22,
      "Name": "Depot Portal Backend"
    },
    "StartTime": "2018-08-20T12:09:20.8469801Z",
    "FinishTime": "2018-08-20T12:10:44.045829Z",
    "RequestedBy": {
      "DisplayName": "Corne Los"
    },
    "Result": "succeeded",
    "SourceBranch": "refs/heads/master",
    "SourceVersion": "7e33eab1ab049c8aca5ec7a9039901ca08486b89",
    "Repository": {
      "Id": "c013db00-43d1-40bd-bdcb-772cafe43e3b",
      "Name": "IntraOffice Depot"
    }
  },
  {
    "Id": 1801,
    "BuildNumber": "9.3.18158.2",
    "Definition": {
      "Id": 11,
      "Name": "Version 9.0-9.4 Azure Build"
    },
    "StartTime": "2018-06-07T13:57:06.5716788Z",
    "FinishTime": "2018-06-07T14:03:40.00675Z",
    "RequestedBy": {
      "DisplayName": "IntraData Azure administrator"
    },
    "Result": "succeeded",
    "SourceBranch": "refs/heads/Releases/9.3",
    "SourceVersion": "c68355edfbcb67d1262df83f790ba4ff0d49bfaf",
    "Repository": {
      "Id": "7e06ad15-43b5-4281-b482-152cbd8e6e06",
      "Name": "IntraOffice"
    }
  },
  {
    "Id": 1800,
    "BuildNumber": "20180607.2",
    "Definition": {
      "Id": 28,
      "Name": "Identity Server"
    },
    "StartTime": "2018-06-07T10:06:22.4136867Z",
    "FinishTime": "2018-06-07T10:08:59.5531435Z",
    "RequestedBy": {
      "DisplayName": "IntraData Azure administrator"
    },
    "Result": "succeeded",
    "SourceBranch": "refs/heads/master",
    "SourceVersion": "ad82029dcb2b35eefa818fb8c225bc5e76fa2739",
    "Repository": {
      "Id": "4d45f1cb-3e01-4fcb-aac0-f7b35c5f3a0c",
      "Name": "IntraOffice2018"
    }
  },
  {
    "Id": 1785,
    "BuildNumber": "20180605.1",
    "Definition": {
      "Id": 27,
      "Name": "DEPRECATED Routing Shared REST API (WebDeploy)-Old"
    },
    "StartTime": "2018-06-05T09:34:44.8367351Z",
    "FinishTime": "2018-06-05T09:37:00.9992635Z",
    "RequestedBy": {
      "DisplayName": "IntraData Azure administrator"
    },
    "Result": "succeeded",
    "SourceBranch": "refs/heads/master",
    "SourceVersion": "cc3a8a2f57d23ff9fd816298d55f0632a676e144",
    "Repository": {
      "Id": "4d45f1cb-3e01-4fcb-aac0-f7b35c5f3a0c",
      "Name": "IntraOffice2018"
    }
  },
  {
    "Id": 1783,
    "BuildNumber": "20180604.1",
    "Definition": {
      "Id": 23,
      "Name": "IntraOffice Service Fabric build"
    },
    "StartTime": "2018-06-04T09:56:02.1378626Z",
    "FinishTime": "2018-06-04T09:58:21.7544586Z",
    "RequestedBy": {
      "DisplayName": "IntraData Azure administrator"
    },
    "Result": "succeeded",
    "SourceBranch": "refs/heads/master",
    "SourceVersion": "4fc3416e264dbc49eb0261f2b3acf854f19ec168",
    "Repository": {
      "Id": "bc5a01cb-3b65-4983-8bd2-fd53fcd862a0",
      "Name": "IntraOffice-Service-Fabric"
    }
  },
  {
    "Id": 1467,
    "BuildNumber": "20180216.3",
    "Definition": {
      "Id": 27,
      "Name": "DEPRECATED Routing Shared REST API (WebDeploy)-Old"
    },
    "StartTime": "2018-02-16T14:54:36.1128869Z",
    "FinishTime": "2018-02-16T14:56:55.2691014Z",
    "RequestedBy": {
      "DisplayName": "Roel de Regt"
    },
    "Result": "succeeded",
    "SourceBranch": "refs/heads/master",
    "SourceVersion": "d30a2e6862c5f8ccba53e0bc41c1204db78099c6",
    "Repository": {
      "Id": "4d45f1cb-3e01-4fcb-aac0-f7b35c5f3a0c",
      "Name": "IntraOffice2018"
    }
  },
  {
    "Id": 1465,
    "BuildNumber": "20180216.2",
    "Definition": {
      "Id": 27,
      "Name": "DEPRECATED Routing Shared REST API (WebDeploy)-Old"
    },
    "StartTime": "2018-02-16T13:23:42.0088822Z",
    "FinishTime": "2018-02-16T13:25:48.2081553Z",
    "RequestedBy": {
      "DisplayName": "Roel de Regt"
    },
    "Result": "succeeded",
    "SourceBranch": "refs/heads/master",
    "SourceVersion": "7b7330fa9d66f03fea0839852c6cdafd3bdc2ffb",
    "Repository": {
      "Id": "4d45f1cb-3e01-4fcb-aac0-f7b35c5f3a0c",
      "Name": "IntraOffice2018"
    }
  },
  {
    "Id": 1463,
    "BuildNumber": "9.3.18047.3",
    "Definition": {
      "Id": 11,
      "Name": "Version 9.0-9.4 Azure Build"
    },
    "StartTime": "2018-02-16T11:42:35.2715867Z",
    "FinishTime": "2018-02-16T11:49:51.6696063Z",
    "RequestedBy": {
      "DisplayName": "Roel de Regt"
    },
    "Result": "succeeded",
    "SourceBranch": "refs/heads/master",
    "SourceVersion": "ca4c975c3fbdc6690d7dffd1d087ecc798e457ab",
    "Repository": {
      "Id": "7e06ad15-43b5-4281-b482-152cbd8e6e06",
      "Name": "IntraOffice"
    }
  },
  {
    "Id": 1435,
    "BuildNumber": "20180208.1",
    "Definition": {
      "Id": 14,
      "Name": "Archive Shared REST API (WebDeploy)"
    },
    "StartTime": "2018-02-08T13:39:38.6269355Z",
    "FinishTime": "2018-02-08T13:42:08.4504473Z",
    "RequestedBy": {
      "DisplayName": "IntraData Azure administrator"
    },
    "Result": "succeeded",
    "SourceBranch": "refs/heads/master",
    "SourceVersion": "8efd0de5209a1acb1dcc967aac83ecad96959087",
    "Repository": {
      "Id": "4d45f1cb-3e01-4fcb-aac0-f7b35c5f3a0c",
      "Name": "IntraOffice2018"
    }
  },
  {
    "Id": 1341,
    "BuildNumber": "20180119.1",
    "Definition": {
      "Id": 22,
      "Name": "Depot Portal Backend"
    },
    "StartTime": "2018-01-19T13:03:32.2319126Z",
    "FinishTime": "2018-01-19T13:04:07.4541936Z",
    "RequestedBy": {
      "DisplayName": "Corne Los"
    },
    "Result": "succeeded",
    "SourceBranch": "refs/heads/master",
    "SourceVersion": "06017d7227b68ae94a651bf214b6371c02259bd0",
    "Repository": {
      "Id": "c013db00-43d1-40bd-bdcb-772cafe43e3b",
      "Name": "IntraOffice Depot"
    }
  },
  {
    "Id": 1335,
    "BuildNumber": "1335",
    "Definition": {
      "Id": 21,
      "Name": "Depot Portal Frontend"
    },
    "StartTime": "2018-01-17T15:52:25.0471774Z",
    "FinishTime": "2018-01-17T15:56:32.0731141Z",
    "RequestedBy": {
      "DisplayName": "Corne Los"
    },
    "Result": "succeeded",
    "SourceBranch": "refs/heads/master",
    "SourceVersion": "1c4a32116e24f59e9c345b398a1b878a097e5cf4",
    "Repository": {
      "Id": "c013db00-43d1-40bd-bdcb-772cafe43e3b",
      "Name": "IntraOffice Depot"
    }
  },
  {
    "Id": 1298,
    "BuildNumber": "20180105.1",
    "Definition": {
      "Id": 14,
      "Name": "Archive Shared REST API (WebDeploy)"
    },
    "StartTime": "2018-01-05T14:49:29.2921924Z",
    "FinishTime": "2018-01-05T14:52:07.4911275Z",
    "RequestedBy": {
      "DisplayName": "Roel de Regt"
    },
    "Result": "succeeded",
    "SourceBranch": "refs/heads/master",
    "SourceVersion": "98037f9672f665bb16d84270743df95e1bf8d379",
    "Repository": {
      "Id": "4d45f1cb-3e01-4fcb-aac0-f7b35c5f3a0c",
      "Name": "IntraOffice2018"
    }
  },
  {
    "Id": 1287,
    "BuildNumber": "9.3.18004.1",
    "Definition": {
      "Id": 11,
      "Name": "Version 9.0-9.4 Azure Build"
    },
    "StartTime": "2018-01-04T10:55:38.0664798Z",
    "FinishTime": "2018-01-04T11:03:37.163077Z",
    "RequestedBy": {
      "DisplayName": "Roel de Regt"
    },
    "Result": "succeeded",
    "SourceBranch": "refs/heads/Features/Amstelveen",
    "SourceVersion": "a5483ac94d1226a3ae84d117df924460f6e04269",
    "Repository": {
      "Id": "7e06ad15-43b5-4281-b482-152cbd8e6e06",
      "Name": "IntraOffice"
    }
  },
  {
    "Id": 1285,
    "BuildNumber": "1285",
    "Definition": {
      "Id": 21,
      "Name": "Depot Portal Frontend"
    },
    "StartTime": "2018-01-04T09:52:33.4441848Z",
    "FinishTime": "2018-01-04T09:58:18.2518002Z",
    "RequestedBy": {
      "DisplayName": "Corne Los"
    },
    "Result": "succeeded",
    "SourceBranch": "refs/heads/master",
    "SourceVersion": "ba19175231e00133c43f4d1730d15b6f1c8c934f",
    "Repository": {
      "Id": "c013db00-43d1-40bd-bdcb-772cafe43e3b",
      "Name": "IntraOffice Depot"
    }
  },
  {
    "Id": 1284,
    "BuildNumber": "20180104.1",
    "Definition": {
      "Id": 22,
      "Name": "Depot Portal Backend"
    },
    "StartTime": "2018-01-04T09:51:12.2591203Z",
    "FinishTime": "2018-01-04T09:52:32.0535875Z",
    "RequestedBy": {
      "DisplayName": "Corne Los"
    },
    "Result": "succeeded",
    "SourceBranch": "refs/heads/master",
    "SourceVersion": "ba19175231e00133c43f4d1730d15b6f1c8c934f",
    "Repository": {
      "Id": "c013db00-43d1-40bd-bdcb-772cafe43e3b",
      "Name": "IntraOffice Depot"
    }
  },
  {
    "Id": 1258,
    "BuildNumber": "20171221.1",
    "Definition": {
      "Id": 24,
      "Name": "sms-service-digitalsigning - CI"
    },
    "StartTime": "2017-12-21T11:37:23.4315385Z",
    "FinishTime": "2017-12-21T11:40:11.0050039Z",
    "RequestedBy": {
      "DisplayName": "Microsoft.VisualStudio.Services.TFS"
    },
    "Result": "succeeded",
    "SourceBranch": "refs/heads/master",
    "SourceVersion": "8fb7b8194fd0cbd2a9dd7959da9620efa3e65735",
    "Repository": {
      "Id": "e5c84ce0-394d-4713-b3b3-c72963d5e60e",
      "Name": null
    }
  },
  {
    "Id": 1198,
    "BuildNumber": "9.1.17342.3",
    "Definition": {
      "Id": 11,
      "Name": "Version 9.0-9.4 Azure Build"
    },
    "StartTime": "2017-12-08T14:01:09.383035Z",
    "FinishTime": "2017-12-08T14:08:35.6321464Z",
    "RequestedBy": {
      "DisplayName": "IntraData Azure administrator"
    },
    "Result": "succeeded",
    "SourceBranch": "refs/heads/Features/Amstelveen",
    "SourceVersion": "cd27be5203ea11e3ce2f84386dcff52087d01628",
    "Repository": {
      "Id": "7e06ad15-43b5-4281-b482-152cbd8e6e06",
      "Name": "IntraOffice"
    }
  },
  {
    "Id": 1197,
    "BuildNumber": "20171208.3",
    "Definition": {
      "Id": 14,
      "Name": "Archive Shared REST API (WebDeploy)"
    },
    "StartTime": "2017-12-08T13:32:08.0837492Z",
    "FinishTime": "2017-12-08T13:34:28.5579557Z",
    "RequestedBy": {
      "DisplayName": "Corne Los"
    },
    "Result": "succeeded",
    "SourceBranch": "refs/heads/master",
    "SourceVersion": "aae28c23b628e0da7b47899e8bc8db7e0e0d1601",
    "Repository": {
      "Id": "4d45f1cb-3e01-4fcb-aac0-f7b35c5f3a0c",
      "Name": "IntraOffice2018"
    }
  },
  {
    "Id": 1194,
    "BuildNumber": "1194",
    "Definition": {
      "Id": 21,
      "Name": "Depot Portal Frontend"
    },
    "StartTime": "2017-12-08T11:31:01.5969237Z",
    "FinishTime": "2017-12-08T11:34:18.4562803Z",
    "RequestedBy": {
      "DisplayName": "IntraData Azure administrator"
    },
    "Result": "succeeded",
    "SourceBranch": "refs/heads/master",
    "SourceVersion": "4a93474a19421d08106f5b051f25b00a549434ea",
    "Repository": {
      "Id": "c013db00-43d1-40bd-bdcb-772cafe43e3b",
      "Name": "IntraOffice Depot"
    }
  },
  {
    "Id": 1193,
    "BuildNumber": "20171208.1",
    "Definition": {
      "Id": 22,
      "Name": "Depot Portal Backend"
    },
    "StartTime": "2017-12-08T11:30:23.2032295Z",
    "FinishTime": "2017-12-08T11:30:59.8313096Z",
    "RequestedBy": {
      "DisplayName": "IntraData Azure administrator"
    },
    "Result": "succeeded",
    "SourceBranch": "refs/heads/master",
    "SourceVersion": "4a93474a19421d08106f5b051f25b00a549434ea",
    "Repository": {
      "Id": "c013db00-43d1-40bd-bdcb-772cafe43e3b",
      "Name": "IntraOffice Depot"
    }
  },
  {
    "Id": 1180,
    "BuildNumber": "9.1.17341.2",
    "Definition": {
      "Id": 11,
      "Name": "Version 9.0-9.4 Azure Build"
    },
    "StartTime": "2017-12-07T14:17:17.8678124Z",
    "FinishTime": "2017-12-07T14:24:37.1735809Z",
    "RequestedBy": {
      "DisplayName": "Corne Los"
    },
    "Result": "succeeded",
    "SourceBranch": "refs/heads/Features/Amstelveen",
    "SourceVersion": "99969395d840c25732ea2404ebcf1e26a2bb40b5",
    "Repository": {
      "Id": "7e06ad15-43b5-4281-b482-152cbd8e6e06",
      "Name": "IntraOffice"
    }
  },
  {
    "Id": 1177,
    "BuildNumber": "1177",
    "Definition": {
      "Id": 21,
      "Name": "Depot Portal Frontend"
    },
    "StartTime": "2017-12-07T13:19:02.8834726Z",
    "FinishTime": "2017-12-07T13:22:40.4431153Z",
    "RequestedBy": {
      "DisplayName": "Corne Los"
    },
    "Result": "succeeded",
    "SourceBranch": "refs/heads/master",
    "SourceVersion": "ec32bebcc19f5cb47298fee1b6fa233ceb36e9dd",
    "Repository": {
      "Id": "c013db00-43d1-40bd-bdcb-772cafe43e3b",
      "Name": "IntraOffice Depot"
    }
  },
  {
    "Id": 1174,
    "BuildNumber": "20171207.1",
    "Definition": {
      "Id": 22,
      "Name": "Depot Portal Backend"
    },
    "StartTime": "2017-12-07T13:06:39.6493438Z",
    "FinishTime": "2017-12-07T13:07:44.7246057Z",
    "RequestedBy": {
      "DisplayName": "Corne Los"
    },
    "Result": "succeeded",
    "SourceBranch": "refs/heads/master",
    "SourceVersion": "ec32bebcc19f5cb47298fee1b6fa233ceb36e9dd",
    "Repository": {
      "Id": "c013db00-43d1-40bd-bdcb-772cafe43e3b",
      "Name": "IntraOffice Depot"
    }
  },
  {
    "Id": 1171,
    "BuildNumber": "9.1.17340.1",
    "Definition": {
      "Id": 11,
      "Name": "Version 9.0-9.4 Azure Build"
    },
    "StartTime": "2017-12-06T07:37:10.6568817Z",
    "FinishTime": "2017-12-06T07:45:26.9568889Z",
    "RequestedBy": {
      "DisplayName": "Roel de Regt"
    },
    "Result": "succeeded",
    "SourceBranch": "refs/heads/Features/Amstelveen",
    "SourceVersion": "e3c4ee0428500b878b4f3fc54b43a1d3071d246f",
    "Repository": {
      "Id": "7e06ad15-43b5-4281-b482-152cbd8e6e06",
      "Name": "IntraOffice"
    }
  },
  {
    "Id": 1113,
    "BuildNumber": "20171122.7",
    "Definition": {
      "Id": 23,
      "Name": "IntraOffice Service Fabric build"
    },
    "StartTime": "2017-11-22T10:52:58.3656001Z",
    "FinishTime": "2017-11-22T10:54:43.3300866Z",
    "RequestedBy": {
      "DisplayName": "Tjeerd de Haas"
    },
    "Result": "succeeded",
    "SourceBranch": "refs/heads/master",
    "SourceVersion": "48797215d9b5511316ad5ec933917e319454bbb8",
    "Repository": {
      "Id": "e5c84ce0-394d-4713-b3b3-c72963d5e60e",
      "Name": null
    }
  },
  {
    "Id": 1092,
    "BuildNumber": "9.1.17325.12",
    "Definition": {
      "Id": 11,
      "Name": "Version 9.0-9.4 Azure Build"
    },
    "StartTime": "2017-11-21T13:04:46.7746817Z",
    "FinishTime": "2017-11-21T13:12:21.5195536Z",
    "RequestedBy": {
      "DisplayName": "Tjeerd de Haas"
    },
    "Result": "succeeded",
    "SourceBranch": "refs/heads/master",
    "SourceVersion": "e3067a82682a44d9820c2633770cb8446e9bc99e",
    "Repository": {
      "Id": "7e06ad15-43b5-4281-b482-152cbd8e6e06",
      "Name": "IntraOffice"
    }
  },
  {
    "Id": 968,
    "BuildNumber": "20171027.1",
    "Definition": {
      "Id": 14,
      "Name": "Archive Shared REST API (WebDeploy)"
    },
    "StartTime": "2017-10-27T07:16:58.1186854Z",
    "FinishTime": "2017-10-27T07:19:05.3151916Z",
    "RequestedBy": {
      "DisplayName": "Mikhail.Tchesnokov"
    },
    "Result": "succeeded",
    "SourceBranch": "refs/heads/master",
    "SourceVersion": "2e0c894be3e01ec05e7dcb5419c2e22217f92ed5",
    "Repository": {
      "Id": "4d45f1cb-3e01-4fcb-aac0-f7b35c5f3a0c",
      "Name": "IntraOffice2018"
    }
  },
  {
    "Id": 949,
    "BuildNumber": "9.1.17296.1",
    "Definition": {
      "Id": 11,
      "Name": "Version 9.0-9.4 Azure Build"
    },
    "StartTime": "2017-10-23T08:34:29.0887461Z",
    "FinishTime": "2017-10-23T08:42:37.411344Z",
    "RequestedBy": {
      "DisplayName": "Tjeerd de Haas"
    },
    "Result": "succeeded",
    "SourceBranch": "refs/heads/master",
    "SourceVersion": "2af62dbc9f0165b1f4309bef2316c7f44f012741",
    "Repository": {
      "Id": "7e06ad15-43b5-4281-b482-152cbd8e6e06",
      "Name": "IntraOffice"
    }
  },
  {
    "Id": 931,
    "BuildNumber": "9.0.17289.2",
    "Definition": {
      "Id": 11,
      "Name": "Version 9.0-9.4 Azure Build"
    },
    "StartTime": "2017-10-16T11:36:03.896939Z",
    "FinishTime": "2017-10-16T11:43:00.5422306Z",
    "RequestedBy": {
      "DisplayName": "Tjeerd de Haas"
    },
    "Result": "succeeded",
    "SourceBranch": "refs/heads/master",
    "SourceVersion": "921f82f18b5d9a089fe2ef1924ae99f1ef98dadc",
    "Repository": {
      "Id": "7e06ad15-43b5-4281-b482-152cbd8e6e06",
      "Name": "IntraOffice"
    }
  },
  {
    "Id": 930,
    "BuildNumber": "9.0.17289.1",
    "Definition": {
      "Id": 11,
      "Name": "Version 9.0-9.4 Azure Build"
    },
    "StartTime": "2017-10-16T08:49:33.1701695Z",
    "FinishTime": "2017-10-16T08:58:15.4097733Z",
    "RequestedBy": {
      "DisplayName": "Tjeerd de Haas"
    },
    "Result": "succeeded",
    "SourceBranch": "refs/heads/master",
    "SourceVersion": "bf6e9cf90d60b4ed8c871f964e76b32a932f815f",
    "Repository": {
      "Id": "7e06ad15-43b5-4281-b482-152cbd8e6e06",
      "Name": "IntraOffice"
    }
  },
  {
    "Id": 916,
    "BuildNumber": "9.0.17282.1",
    "Definition": {
      "Id": 11,
      "Name": "Version 9.0-9.4 Azure Build"
    },
    "StartTime": "2017-10-09T07:37:31.5620633Z",
    "FinishTime": "2017-10-09T07:45:24.6670272Z",
    "RequestedBy": {
      "DisplayName": "IntraData Azure administrator"
    },
    "Result": "succeeded",
    "SourceBranch": "refs/heads/master",
    "SourceVersion": "50b0c4dfdcd12625c9b8e0b626f6db68a7d1a960",
    "Repository": {
      "Id": "7e06ad15-43b5-4281-b482-152cbd8e6e06",
      "Name": "IntraOffice"
    }
  },
  {
    "Id": 903,
    "BuildNumber": "9.0.17270.2",
    "Definition": {
      "Id": 11,
      "Name": "Version 9.0-9.4 Azure Build"
    },
    "StartTime": "2017-09-27T13:03:25.2001182Z",
    "FinishTime": "2017-09-27T13:10:27.7558785Z",
    "RequestedBy": {
      "DisplayName": "IntraData Azure administrator"
    },
    "Result": "succeeded",
    "SourceBranch": "refs/heads/master",
    "SourceVersion": "29ac5e07c4e116001cdc34aaa9ed0618b3a2a0a8",
    "Repository": {
      "Id": "7e06ad15-43b5-4281-b482-152cbd8e6e06",
      "Name": "IntraOffice"
    }
  },
  {
    "Id": 763,
    "BuildNumber": "9.0.17223.3",
    "Definition": {
      "Id": 11,
      "Name": "Version 9.0-9.4 Azure Build"
    },
    "StartTime": "2017-08-11T10:11:31.1429787Z",
    "FinishTime": "2017-08-11T10:25:16.4123526Z",
    "RequestedBy": {
      "DisplayName": "Tjeerd de Haas"
    },
    "Result": "succeeded",
    "SourceBranch": "refs/heads/Features/AzureRelease",
    "SourceVersion": "bb9bc9f74af679ba6a726cfea1203a91e44b6366",
    "Repository": {
      "Id": "7e06ad15-43b5-4281-b482-152cbd8e6e06",
      "Name": "IntraOffice"
    }
  },
  {
    "Id": 761,
    "BuildNumber": "9.0.17223.2",
    "Definition": {
      "Id": 11,
      "Name": "Version 9.0-9.4 Azure Build"
    },
    "StartTime": "2017-08-11T09:05:08.5918595Z",
    "FinishTime": "2017-08-11T09:18:15.665944Z",
    "RequestedBy": {
      "DisplayName": "Tjeerd de Haas"
    },
    "Result": "succeeded",
    "SourceBranch": "refs/heads/Features/AzureRelease",
    "SourceVersion": "f59d1292e4e1f9f253589cfb65cb7c25409fd61f",
    "Repository": {
      "Id": "7e06ad15-43b5-4281-b482-152cbd8e6e06",
      "Name": "IntraOffice"
    }
  },
  {
    "Id": 597,
    "BuildNumber": "8.13.17192.1",
    "Definition": {
      "Id": 3,
      "Name": "Version 8 Build"
    },
    "StartTime": "2017-07-11T07:34:51.060473Z",
    "FinishTime": "2017-07-11T07:41:53.5682251Z",
    "RequestedBy": {
      "DisplayName": "Tjeerd de Haas"
    },
    "Result": "succeeded",
    "SourceBranch": "refs/heads/Features/parsepdffix",
    "SourceVersion": "c323d2617dff39ca43aa1c384604cfa50a580fb1",
    "Repository": {
      "Id": "7e06ad15-43b5-4281-b482-152cbd8e6e06",
      "Name": "IntraOffice"
    }
  },
  {
    "Id": 474,
    "BuildNumber": "7.11.17159.3",
    "Definition": {
      "Id": 4,
      "Name": "Version 7 Build"
    },
    "StartTime": "2017-06-08T14:10:50.1258934Z",
    "FinishTime": "2017-06-08T14:50:26.8762442Z",
    "RequestedBy": {
      "DisplayName": "Roel de Regt"
    },
    "Result": "succeeded",
    "SourceBranch": "refs/heads/Releases/7.11",
    "SourceVersion": "8f780823c3435eebc76609d6b2ced40bc76ac666",
    "Repository": {
      "Id": "7e06ad15-43b5-4281-b482-152cbd8e6e06",
      "Name": "IntraOffice"
    }
  },
  {
    "Id": 341,
    "BuildNumber": "7.11.17115.2",
    "Definition": {
      "Id": 4,
      "Name": "Version 7 Build"
    },
    "StartTime": "2017-04-25T10:37:43.9427047Z",
    "FinishTime": "2017-04-25T11:18:36.0017676Z",
    "RequestedBy": {
      "DisplayName": "Roel de Regt"
    },
    "Result": "succeeded",
    "SourceBranch": "refs/heads/Releases/7.11",
    "SourceVersion": "223e8946c2320e37d66d55d9b54ea199d8e3bfed",
    "Repository": {
      "Id": "7e06ad15-43b5-4281-b482-152cbd8e6e06",
      "Name": "IntraOffice"
    }
  },
  {
    "Id": 183,
    "BuildNumber": "8.17.17080.1",
    "Definition": {
      "Id": 3,
      "Name": "Version 8 Build"
    },
    "StartTime": "2017-03-21T09:14:40.0582482Z",
    "FinishTime": "2017-03-21T09:22:49.1539875Z",
    "RequestedBy": {
      "DisplayName": "Roel de Regt"
    },
    "Result": "succeeded",
    "SourceBranch": "refs/heads/master",
    "SourceVersion": "7daf8ab237e067b4a465669d946a8482485843b7",
    "Repository": {
      "Id": "7e06ad15-43b5-4281-b482-152cbd8e6e06",
      "Name": "IntraOffice"
    }
  },
  {
    "Id": 124,
    "BuildNumber": "8.17.17068.1",
    "Definition": {
      "Id": 3,
      "Name": "Version 8 Build"
    },
    "StartTime": "2017-03-09T14:24:49.0972361Z",
    "FinishTime": "2017-03-09T14:35:42.2829039Z",
    "RequestedBy": {
      "DisplayName": "Roel de Regt"
    },
    "Result": "succeeded",
    "SourceBranch": "refs/heads/master",
    "SourceVersion": "449581a4a32ac61e9f684a53244703ea0121bb21",
    "Repository": {
      "Id": "7e06ad15-43b5-4281-b482-152cbd8e6e06",
      "Name": "IntraOffice"
    }
  },
  {
    "Id": 87,
    "BuildNumber": "7.11.17046.2",
    "Definition": {
      "Id": 4,
      "Name": "Version 7 Build"
    },
    "StartTime": "2017-02-15T10:53:38.3735404Z",
    "FinishTime": "2017-02-15T11:34:58.7776046Z",
    "RequestedBy": {
      "DisplayName": "Roel de Regt"
    },
    "Result": "succeeded",
    "SourceBranch": "refs/heads/Releases/7.11",
    "SourceVersion": "fbb4954dbe048a5a0a2e5f0eea0f77b93e2d94be",
    "Repository": {
      "Id": "7e06ad15-43b5-4281-b482-152cbd8e6e06",
      "Name": "IntraOffice"
    }
  },
  {
    "Id": 29,
    "BuildNumber": "8.15.16348.1",
    "Definition": {
      "Id": 3,
      "Name": "Version 8 Build"
    },
    "StartTime": "2016-12-13T10:38:36.6486133Z",
    "FinishTime": "2016-12-13T10:48:32.3834387Z",
    "RequestedBy": {
      "DisplayName": "Tjeerd de Haas"
    },
    "Result": "succeeded",
    "SourceBranch": "refs/heads/Releases/8.15",
    "SourceVersion": "d38cf7368cf4c9ce7511449d10c53bae05c9f107",
    "Repository": {
      "Id": "7e06ad15-43b5-4281-b482-152cbd8e6e06",
      "Name": "IntraOffice"
    }
  }
]
]]></output>
                  </test-case>
                  <test-case id="1-1030" name="Get_All_Builds_For_Specific_Build_Definition" fullname="Tch.VstsClient.IntTests.UseCases.Builds.ListBuilds.HappyTests.Get_All_Builds_For_Specific_Build_Definition" methodname="Get_All_Builds_For_Specific_Build_Definition" classname="Tch.VstsClient.IntTests.UseCases.Builds.ListBuilds.HappyTests" runstate="Runnable" seed="1064502799" result="Passed" start-time="2020-03-25 20:48:16Z" end-time="2020-03-25 20:48:21Z" duration="5.443156" asserts="1">
                    <properties />
                    <output><![CDATA[[
  {
    "Id": 4617,
    "BuildNumber": "20200325.1",
    "Definition": {
      "Id": 66,
      "Name": "Nuget CI Build (Development)"
    },
    "StartTime": "2020-03-25T19:15:10.4478346Z",
    "FinishTime": "2020-03-25T19:20:32.1444879Z",
    "RequestedBy": {
      "DisplayName": "Microsoft.VisualStudio.Services.TFS"
    },
    "Result": "succeeded",
    "SourceBranch": "refs/heads/development",
    "SourceVersion": "5dfe7371231eaf10495b6bf4bab874adbb49d31f",
    "Repository": {
      "Id": "1878cfcc-dbbf-45d8-b1b2-d3aea2d079b6",
      "Name": "Nuget"
    }
  },
  {
    "Id": 4606,
    "BuildNumber": "20200323.1",
    "Definition": {
      "Id": 66,
      "Name": "Nuget CI Build (Development)"
    },
    "StartTime": "2020-03-23T12:39:41.28195Z",
    "FinishTime": "2020-03-23T12:45:09.4733206Z",
    "RequestedBy": {
      "DisplayName": "Microsoft.VisualStudio.Services.TFS"
    },
    "Result": "succeeded",
    "SourceBranch": "refs/heads/development",
    "SourceVersion": "5c524f62e8373ac4e290df41997bccfca4d86fa9",
    "Repository": {
      "Id": "1878cfcc-dbbf-45d8-b1b2-d3aea2d079b6",
      "Name": "Nuget"
    }
  },
  {
    "Id": 4601,
    "BuildNumber": "20200320.4",
    "Definition": {
      "Id": 66,
      "Name": "Nuget CI Build (Development)"
    },
    "StartTime": "2020-03-20T13:29:43.3248427Z",
    "FinishTime": "2020-03-20T13:34:46.420643Z",
    "RequestedBy": {
      "DisplayName": "Microsoft.VisualStudio.Services.TFS"
    },
    "Result": "succeeded",
    "SourceBranch": "refs/heads/development",
    "SourceVersion": "9c3462b5eadb1aa31c2e32e000f8f2f0376fe7bc",
    "Repository": {
      "Id": "1878cfcc-dbbf-45d8-b1b2-d3aea2d079b6",
      "Name": "Nuget"
    }
  },
  {
    "Id": 4600,
    "BuildNumber": "20200320.3",
    "Definition": {
      "Id": 66,
      "Name": "Nuget CI Build (Development)"
    },
    "StartTime": "2020-03-20T11:42:52.7026542Z",
    "FinishTime": "2020-03-20T11:49:03.9665676Z",
    "RequestedBy": {
      "DisplayName": "Microsoft.VisualStudio.Services.TFS"
    },
    "Result": "succeeded",
    "SourceBranch": "refs/heads/development",
    "SourceVersion": "1282a29d7cc1b0731adfacfc3520a737bbf67740",
    "Repository": {
      "Id": "1878cfcc-dbbf-45d8-b1b2-d3aea2d079b6",
      "Name": "Nuget"
    }
  },
  {
    "Id": 4599,
    "BuildNumber": "20200320.2",
    "Definition": {
      "Id": 66,
      "Name": "Nuget CI Build (Development)"
    },
    "StartTime": "2020-03-20T09:49:37.8070134Z",
    "FinishTime": "2020-03-20T09:54:50.2740585Z",
    "RequestedBy": {
      "DisplayName": "Microsoft.VisualStudio.Services.TFS"
    },
    "Result": "succeeded",
    "SourceBranch": "refs/heads/development",
    "SourceVersion": "5f6ffa1cce2e6c50368ed54d9d6a639a9e926098",
    "Repository": {
      "Id": "1878cfcc-dbbf-45d8-b1b2-d3aea2d079b6",
      "Name": "Nuget"
    }
  },
  {
    "Id": 4598,
    "BuildNumber": "20200320.1",
    "Definition": {
      "Id": 66,
      "Name": "Nuget CI Build (Development)"
    },
    "StartTime": "2020-03-20T08:58:28.0063243Z",
    "FinishTime": "2020-03-20T09:03:15.6106051Z",
    "RequestedBy": {
      "DisplayName": "Microsoft.VisualStudio.Services.TFS"
    },
    "Result": "succeeded",
    "SourceBranch": "refs/heads/development",
    "SourceVersion": "e7a711f8d791662dde33f10e795bbf1518dafcdd",
    "Repository": {
      "Id": "1878cfcc-dbbf-45d8-b1b2-d3aea2d079b6",
      "Name": "Nuget"
    }
  },
  {
    "Id": 4588,
    "BuildNumber": "20200317.5",
    "Definition": {
      "Id": 66,
      "Name": "Nuget CI Build (Development)"
    },
    "StartTime": "2020-03-17T13:59:36.6432726Z",
    "FinishTime": "2020-03-17T14:05:14.0426351Z",
    "RequestedBy": {
      "DisplayName": "Microsoft.VisualStudio.Services.TFS"
    },
    "Result": "succeeded",
    "SourceBranch": "refs/heads/development",
    "SourceVersion": "b1e8e2882f3105f8eb106c8495c0375787e090d7",
    "Repository": {
      "Id": "1878cfcc-dbbf-45d8-b1b2-d3aea2d079b6",
      "Name": "Nuget"
    }
  },
  {
    "Id": 4587,
    "BuildNumber": "20200317.4",
    "Definition": {
      "Id": 66,
      "Name": "Nuget CI Build (Development)"
    },
    "StartTime": "2020-03-17T13:49:40.4339499Z",
    "FinishTime": "2020-03-17T13:55:11.5801863Z",
    "RequestedBy": {
      "DisplayName": "Microsoft.VisualStudio.Services.TFS"
    },
    "Result": "succeeded",
    "SourceBranch": "refs/heads/development",
    "SourceVersion": "04f8b859e32cf2c08f62a9384aa8f099362b766a",
    "Repository": {
      "Id": "1878cfcc-dbbf-45d8-b1b2-d3aea2d079b6",
      "Name": "Nuget"
    }
  },
  {
    "Id": 4585,
    "BuildNumber": "20200317.3",
    "Definition": {
      "Id": 66,
      "Name": "Nuget CI Build (Development)"
    },
    "StartTime": "2020-03-17T13:05:12.7215595Z",
    "FinishTime": "2020-03-17T13:10:25.3711783Z",
    "RequestedBy": {
      "DisplayName": "Microsoft.VisualStudio.Services.TFS"
    },
    "Result": "succeeded",
    "SourceBranch": "refs/heads/development",
    "SourceVersion": "e5d20ec43dc03878e7d8e9f317691558b87f9f66",
    "Repository": {
      "Id": "1878cfcc-dbbf-45d8-b1b2-d3aea2d079b6",
      "Name": "Nuget"
    }
  },
  {
    "Id": 4584,
    "BuildNumber": "20200317.2",
    "Definition": {
      "Id": 66,
      "Name": "Nuget CI Build (Development)"
    },
    "StartTime": "2020-03-17T13:03:01.2547237Z",
    "FinishTime": "2020-03-17T13:08:30.7910403Z",
    "RequestedBy": {
      "DisplayName": "Microsoft.VisualStudio.Services.TFS"
    },
    "Result": "succeeded",
    "SourceBranch": "refs/heads/development",
    "SourceVersion": "825f4bb9d6e05f8dd589ccca492f3d1ed0516f2a",
    "Repository": {
      "Id": "1878cfcc-dbbf-45d8-b1b2-d3aea2d079b6",
      "Name": "Nuget"
    }
  },
  {
    "Id": 4582,
    "BuildNumber": "20200317.1",
    "Definition": {
      "Id": 66,
      "Name": "Nuget CI Build (Development)"
    },
    "StartTime": "2020-03-17T07:49:39.80328Z",
    "FinishTime": "2020-03-17T07:54:58.7950946Z",
    "RequestedBy": {
      "DisplayName": "Microsoft.VisualStudio.Services.TFS"
    },
    "Result": "succeeded",
    "SourceBranch": "refs/heads/development",
    "SourceVersion": "e68cac18437d56cac1448fb8bd1ec6a9f196e092",
    "Repository": {
      "Id": "1878cfcc-dbbf-45d8-b1b2-d3aea2d079b6",
      "Name": "Nuget"
    }
  },
  {
    "Id": 4553,
    "BuildNumber": "20200309.3",
    "Definition": {
      "Id": 66,
      "Name": "Nuget CI Build (Development)"
    },
    "StartTime": "2020-03-09T13:09:48.3042405Z",
    "FinishTime": "2020-03-09T13:14:55.8356243Z",
    "RequestedBy": {
      "DisplayName": "Microsoft.VisualStudio.Services.TFS"
    },
    "Result": "succeeded",
    "SourceBranch": "refs/heads/development",
    "SourceVersion": "30c641e76084566fa1132d08ea30032c34c35e8b",
    "Repository": {
      "Id": "1878cfcc-dbbf-45d8-b1b2-d3aea2d079b6",
      "Name": "Nuget"
    }
  },
  {
    "Id": 4546,
    "BuildNumber": "20200306.5",
    "Definition": {
      "Id": 66,
      "Name": "Nuget CI Build (Development)"
    },
    "StartTime": "2020-03-06T13:14:26.6439771Z",
    "FinishTime": "2020-03-06T13:19:49.8100202Z",
    "RequestedBy": {
      "DisplayName": "Microsoft.VisualStudio.Services.TFS"
    },
    "Result": "succeeded",
    "SourceBranch": "refs/heads/development",
    "SourceVersion": "feed1490ea460e8a883ec40897bff78e82d07d9f",
    "Repository": {
      "Id": "1878cfcc-dbbf-45d8-b1b2-d3aea2d079b6",
      "Name": "Nuget"
    }
  },
  {
    "Id": 4545,
    "BuildNumber": "20200306.4",
    "Definition": {
      "Id": 66,
      "Name": "Nuget CI Build (Development)"
    },
    "StartTime": "2020-03-06T12:54:39.1753483Z",
    "FinishTime": "2020-03-06T12:59:40.3948971Z",
    "RequestedBy": {
      "DisplayName": "Microsoft.VisualStudio.Services.TFS"
    },
    "Result": "succeeded",
    "SourceBranch": "refs/heads/development",
    "SourceVersion": "eeb0afdf1684ab11f24b0a731376f77e44fd2e44",
    "Repository": {
      "Id": "1878cfcc-dbbf-45d8-b1b2-d3aea2d079b6",
      "Name": "Nuget"
    }
  },
  {
    "Id": 4544,
    "BuildNumber": "20200306.3",
    "Definition": {
      "Id": 66,
      "Name": "Nuget CI Build (Development)"
    },
    "StartTime": "2020-03-06T12:08:41.8848894Z",
    "FinishTime": "2020-03-06T12:13:40.2435563Z",
    "RequestedBy": {
      "DisplayName": "Microsoft.VisualStudio.Services.TFS"
    },
    "Result": "succeeded",
    "SourceBranch": "refs/heads/development",
    "SourceVersion": "6a27e51356ddff22063a5b1b0018838bfcd6fa2d",
    "Repository": {
      "Id": "1878cfcc-dbbf-45d8-b1b2-d3aea2d079b6",
      "Name": "Nuget"
    }
  },
  {
    "Id": 4541,
    "BuildNumber": "20200306.2",
    "Definition": {
      "Id": 66,
      "Name": "Nuget CI Build (Development)"
    },
    "StartTime": "2020-03-06T09:54:53.8563205Z",
    "FinishTime": "2020-03-06T10:00:06.9929376Z",
    "RequestedBy": {
      "DisplayName": "Microsoft.VisualStudio.Services.TFS"
    },
    "Result": "succeeded",
    "SourceBranch": "refs/heads/development",
    "SourceVersion": "11f691ab626662d5550dc0cc21ca1ba1ed93d81c",
    "Repository": {
      "Id": "1878cfcc-dbbf-45d8-b1b2-d3aea2d079b6",
      "Name": "Nuget"
    }
  },
  {
    "Id": 4540,
    "BuildNumber": "20200306.1",
    "Definition": {
      "Id": 66,
      "Name": "Nuget CI Build (Development)"
    },
    "StartTime": "2020-03-06T08:58:20.071236Z",
    "FinishTime": "2020-03-06T09:03:17.1167125Z",
    "RequestedBy": {
      "DisplayName": "Microsoft.VisualStudio.Services.TFS"
    },
    "Result": "succeeded",
    "SourceBranch": "refs/heads/development",
    "SourceVersion": "45a1cd927cf26ca054ab44276ea181dbe47f6bde",
    "Repository": {
      "Id": "1878cfcc-dbbf-45d8-b1b2-d3aea2d079b6",
      "Name": "Nuget"
    }
  },
  {
    "Id": 4539,
    "BuildNumber": "20200305.3",
    "Definition": {
      "Id": 66,
      "Name": "Nuget CI Build (Development)"
    },
    "StartTime": "2020-03-05T15:12:22.1850585Z",
    "FinishTime": "2020-03-05T15:17:34.3564208Z",
    "RequestedBy": {
      "DisplayName": "Microsoft.VisualStudio.Services.TFS"
    },
    "Result": "succeeded",
    "SourceBranch": "refs/heads/development",
    "SourceVersion": "d2807f1516e7f3d6d513660fc1e1251ba4c5f20d",
    "Repository": {
      "Id": "1878cfcc-dbbf-45d8-b1b2-d3aea2d079b6",
      "Name": "Nuget"
    }
  },
  {
    "Id": 4538,
    "BuildNumber": "20200305.2",
    "Definition": {
      "Id": 66,
      "Name": "Nuget CI Build (Development)"
    },
    "StartTime": "2020-03-05T13:50:43.6886598Z",
    "FinishTime": "2020-03-05T13:56:22.0765513Z",
    "RequestedBy": {
      "DisplayName": "Microsoft.VisualStudio.Services.TFS"
    },
    "Result": "succeeded",
    "SourceBranch": "refs/heads/development",
    "SourceVersion": "d809bd62840bb5350332f332015b3f39f32ec914",
    "Repository": {
      "Id": "1878cfcc-dbbf-45d8-b1b2-d3aea2d079b6",
      "Name": "Nuget"
    }
  },
  {
    "Id": 4536,
    "BuildNumber": "20200304.3",
    "Definition": {
      "Id": 66,
      "Name": "Nuget CI Build (Development)"
    },
    "StartTime": "2020-03-04T15:42:35.1324197Z",
    "FinishTime": "2020-03-04T15:47:40.8621224Z",
    "RequestedBy": {
      "DisplayName": "Microsoft.VisualStudio.Services.TFS"
    },
    "Result": "succeeded",
    "SourceBranch": "refs/heads/development",
    "SourceVersion": "9c8c6dad58944007b6431e6d8ddad9acea343e17",
    "Repository": {
      "Id": "1878cfcc-dbbf-45d8-b1b2-d3aea2d079b6",
      "Name": "Nuget"
    }
  },
  {
    "Id": 4530,
    "BuildNumber": "20200303.5",
    "Definition": {
      "Id": 66,
      "Name": "Nuget CI Build (Development)"
    },
    "StartTime": "2020-03-03T14:29:53.8705465Z",
    "FinishTime": "2020-03-03T14:35:41.1123913Z",
    "RequestedBy": {
      "DisplayName": "Mikhail.Tchesnokov"
    },
    "Result": "succeeded",
    "SourceBranch": "refs/heads/development",
    "SourceVersion": "9843822b8cdde86b995fc147a78243fc7cf96c73",
    "Repository": {
      "Id": "1878cfcc-dbbf-45d8-b1b2-d3aea2d079b6",
      "Name": "Nuget"
    }
  },
  {
    "Id": 4529,
    "BuildNumber": "20200303.4",
    "Definition": {
      "Id": 66,
      "Name": "Nuget CI Build (Development)"
    },
    "StartTime": "2020-03-03T14:20:22.8357731Z",
    "FinishTime": "2020-03-03T14:24:36.0702359Z",
    "RequestedBy": {
      "DisplayName": "Microsoft.VisualStudio.Services.TFS"
    },
    "Result": "succeeded",
    "SourceBranch": "refs/heads/development",
    "SourceVersion": "9843822b8cdde86b995fc147a78243fc7cf96c73",
    "Repository": {
      "Id": "1878cfcc-dbbf-45d8-b1b2-d3aea2d079b6",
      "Name": "Nuget"
    }
  },
  {
    "Id": 4528,
    "BuildNumber": "20200303.3",
    "Definition": {
      "Id": 66,
      "Name": "Nuget CI Build (Development)"
    },
    "StartTime": "2020-03-03T14:19:03.3387693Z",
    "FinishTime": "2020-03-03T14:23:09.4851225Z",
    "RequestedBy": {
      "DisplayName": "Microsoft.VisualStudio.Services.TFS"
    },
    "Result": "succeeded",
    "SourceBranch": "refs/heads/development",
    "SourceVersion": "d153858e842890b2c66ff4946392bef228dbaf74",
    "Repository": {
      "Id": "1878cfcc-dbbf-45d8-b1b2-d3aea2d079b6",
      "Name": "Nuget"
    }
  },
  {
    "Id": 4527,
    "BuildNumber": "20200303.2",
    "Definition": {
      "Id": 66,
      "Name": "Nuget CI Build (Development)"
    },
    "StartTime": "2020-03-03T12:44:20.1463435Z",
    "FinishTime": "2020-03-03T12:48:36.0983797Z",
    "RequestedBy": {
      "DisplayName": "Microsoft.VisualStudio.Services.TFS"
    },
    "Result": "succeeded",
    "SourceBranch": "refs/heads/development",
    "SourceVersion": "c9d1aa77a22dc5188dd825656715cd928141f11b",
    "Repository": {
      "Id": "1878cfcc-dbbf-45d8-b1b2-d3aea2d079b6",
      "Name": "Nuget"
    }
  },
  {
    "Id": 4526,
    "BuildNumber": "20200303.1",
    "Definition": {
      "Id": 66,
      "Name": "Nuget CI Build (Development)"
    },
    "StartTime": "2020-03-03T08:47:53.8458055Z",
    "FinishTime": "2020-03-03T08:52:00.005123Z",
    "RequestedBy": {
      "DisplayName": "Microsoft.VisualStudio.Services.TFS"
    },
    "Result": "succeeded",
    "SourceBranch": "refs/heads/development",
    "SourceVersion": "011d411cf2c4b9285ef565d62173a4a861434481",
    "Repository": {
      "Id": "1878cfcc-dbbf-45d8-b1b2-d3aea2d079b6",
      "Name": "Nuget"
    }
  },
  {
    "Id": 4525,
    "BuildNumber": "20200302.16",
    "Definition": {
      "Id": 66,
      "Name": "Nuget CI Build (Development)"
    },
    "StartTime": "2020-03-02T14:05:12.5454501Z",
    "FinishTime": "2020-03-02T14:08:56.0309237Z",
    "RequestedBy": {
      "DisplayName": "Microsoft.VisualStudio.Services.TFS"
    },
    "Result": "succeeded",
    "SourceBranch": "refs/heads/development",
    "SourceVersion": "88f938ef2568682f26934c1720c5b309e14f3f6d",
    "Repository": {
      "Id": "1878cfcc-dbbf-45d8-b1b2-d3aea2d079b6",
      "Name": "Nuget"
    }
  },
  {
    "Id": 4521,
    "BuildNumber": "20200302.12",
    "Definition": {
      "Id": 66,
      "Name": "Nuget CI Build (Development)"
    },
    "StartTime": "2020-03-02T12:27:14.5192991Z",
    "FinishTime": "2020-03-02T12:29:46.8501373Z",
    "RequestedBy": {
      "DisplayName": "Mikhail.Tchesnokov"
    },
    "Result": "succeeded",
    "SourceBranch": "refs/heads/development",
    "SourceVersion": "e4946f74966bf4b2c71018b1d2c9cec8c8506a66",
    "Repository": {
      "Id": "1878cfcc-dbbf-45d8-b1b2-d3aea2d079b6",
      "Name": "Nuget"
    }
  },
  {
    "Id": 4520,
    "BuildNumber": "20200302.11",
    "Definition": {
      "Id": 66,
      "Name": "Nuget CI Build (Development)"
    },
    "StartTime": "2020-03-02T12:23:48.8924286Z",
    "FinishTime": "2020-03-02T12:25:37.4387415Z",
    "RequestedBy": {
      "DisplayName": "Mikhail.Tchesnokov"
    },
    "Result": "succeeded",
    "SourceBranch": "refs/heads/development",
    "SourceVersion": "e4946f74966bf4b2c71018b1d2c9cec8c8506a66",
    "Repository": {
      "Id": "1878cfcc-dbbf-45d8-b1b2-d3aea2d079b6",
      "Name": "Nuget"
    }
  },
  {
    "Id": 4519,
    "BuildNumber": "20200302.10",
    "Definition": {
      "Id": 66,
      "Name": "Nuget CI Build (Development)"
    },
    "StartTime": "2020-03-02T12:20:55.2942883Z",
    "FinishTime": "2020-03-02T12:22:51.1284778Z",
    "RequestedBy": {
      "DisplayName": "Microsoft.VisualStudio.Services.TFS"
    },
    "Result": "succeeded",
    "SourceBranch": "refs/heads/development",
    "SourceVersion": "e4946f74966bf4b2c71018b1d2c9cec8c8506a66",
    "Repository": {
      "Id": "1878cfcc-dbbf-45d8-b1b2-d3aea2d079b6",
      "Name": "Nuget"
    }
  },
  {
    "Id": 4493,
    "BuildNumber": "20200225.3",
    "Definition": {
      "Id": 66,
      "Name": "Nuget CI Build (Development)"
    },
    "StartTime": "2020-02-25T14:34:21.0392392Z",
    "FinishTime": "2020-02-25T14:48:31.0920648Z",
    "RequestedBy": {
      "DisplayName": "Microsoft.VisualStudio.Services.TFS"
    },
    "Result": "succeeded",
    "SourceBranch": "refs/heads/development",
    "SourceVersion": "027978a743f5d5d03293a9026c8fb8d3b43ef46b",
    "Repository": {
      "Id": "1878cfcc-dbbf-45d8-b1b2-d3aea2d079b6",
      "Name": "Nuget"
    }
  },
  {
    "Id": 4487,
    "BuildNumber": "20200225.2",
    "Definition": {
      "Id": 66,
      "Name": "Nuget CI Build (Development)"
    },
    "StartTime": "2020-02-25T10:34:27.0415136Z",
    "FinishTime": "2020-02-25T10:48:52.9395419Z",
    "RequestedBy": {
      "DisplayName": "Microsoft.VisualStudio.Services.TFS"
    },
    "Result": "succeeded",
    "SourceBranch": "refs/heads/development",
    "SourceVersion": "63c0fd220e18afea06e733a06eb0b0aa15ad3b6b",
    "Repository": {
      "Id": "1878cfcc-dbbf-45d8-b1b2-d3aea2d079b6",
      "Name": "Nuget"
    }
  },
  {
    "Id": 4485,
    "BuildNumber": "20200225.1",
    "Definition": {
      "Id": 66,
      "Name": "Nuget CI Build (Development)"
    },
    "StartTime": "2020-02-25T09:47:17.1825873Z",
    "FinishTime": "2020-02-25T10:01:27.6085081Z",
    "RequestedBy": {
      "DisplayName": "Microsoft.VisualStudio.Services.TFS"
    },
    "Result": "succeeded",
    "SourceBranch": "refs/heads/development",
    "SourceVersion": "5c7ba41ef89e32f467fbc275cfdfa70c4c5c798a",
    "Repository": {
      "Id": "1878cfcc-dbbf-45d8-b1b2-d3aea2d079b6",
      "Name": "Nuget"
    }
  }
]
]]></output>
                  </test-case>
                </test-suite>
                <test-suite type="TestFixture" id="1-1031" name="UnhappyTests" fullname="Tch.VstsClient.IntTests.UseCases.Builds.ListBuilds.UnhappyTests" classname="Tch.VstsClient.IntTests.UseCases.Builds.ListBuilds.UnhappyTests" runstate="Runnable" testcasecount="2" result="Passed" start-time="2020-03-25 20:48:21Z" end-time="2020-03-25 20:48:24Z" duration="3.092960" total="2" passed="2" failed="0" warnings="0" inconclusive="0" skipped="0" asserts="2">
                  <properties>
                    <property name="Category" value="IntegrationTest" />
                  </properties>
                  <test-case id="1-1033" name="Bad_Definition_Name" fullname="Tch.VstsClient.IntTests.UseCases.Builds.ListBuilds.UnhappyTests.Bad_Definition_Name" methodname="Bad_Definition_Name" classname="Tch.VstsClient.IntTests.UseCases.Builds.ListBuilds.UnhappyTests" runstate="Runnable" seed="1800472840" result="Passed" start-time="2020-03-25 20:48:21Z" end-time="2020-03-25 20:48:24Z" duration="3.026916" asserts="1">
                    <properties />
                  </test-case>
                  <test-case id="1-1032" name="Bad_Project_Name" fullname="Tch.VstsClient.IntTests.UseCases.Builds.ListBuilds.UnhappyTests.Bad_Project_Name" methodname="Bad_Project_Name" classname="Tch.VstsClient.IntTests.UseCases.Builds.ListBuilds.UnhappyTests" runstate="Runnable" seed="466564514" result="Passed" start-time="2020-03-25 20:48:24Z" end-time="2020-03-25 20:48:24Z" duration="0.064821" asserts="1">
                    <properties />
                    <output><![CDATA[{
  "ProjectName": "abc",
  "Message": "Requested project cannot be found",
  "Data": {},
  "InnerException": null,
  "StackTrace": "   bij Tch.VstsClient.Services.Helpers.LocalExceptionService.TryMatch[TTargetException](BadStatusCodeReturned originalException, Object context) in c:\\GitHub\\Vsts-client\\Src\\Services\\Helpers\\LocalExceptionService.cs:regel 43\r\n   bij Tch.VstsClient.Services.BuildsService.<GetAllBuilds>d__6.MoveNext() in c:\\GitHub\\Vsts-client\\Src\\Services\\BuildsService.cs:regel 54\r\n--- Einde van stacktracering vanaf vorige locatie waar uitzondering is opgetreden ---\r\n   bij System.Runtime.ExceptionServices.ExceptionDispatchInfo.Throw()\r\n   bij System.Runtime.CompilerServices.TaskAwaiter.HandleNonSuccessAndDebuggerNotification(Task task)\r\n   bij NUnit.Framework.Internal.TaskAwaitAdapter.GenericAdapter`1.BlockUntilCompleted() in D:\\a\\1\\s\\src\\NUnitFramework\\framework\\Internal\\TaskAwaitAdapter.cs:regel 95\r\n   bij NUnit.Framework.Internal.AsyncToSyncAdapter.Await(Func`1 invoke) in D:\\a\\1\\s\\src\\NUnitFramework\\framework\\Internal\\AsyncToSyncAdapter.cs:regel 60\r\n   bij NUnit.Framework.Assert.ThrowsAsync(IResolveConstraint expression, AsyncTestDelegate code, String message, Object[] args) in D:\\a\\1\\s\\src\\NUnitFramework\\framework\\Assert.Exceptions.Async.cs:regel 48",
  "HelpLink": null,
  "Source": "Tch.VstsClient",
  "HResult": -2146233088
}
]]></output>
                  </test-case>
                </test-suite>
              </test-suite>
            </test-suite>
            <test-suite type="TestSuite" id="1-1049" name="Packages" fullname="Tch.VstsClient.IntTests.UseCases.Packages" runstate="Runnable" testcasecount="6" result="Passed" start-time="2020-03-25 20:48:10Z" end-time="2020-03-25 20:48:25Z" duration="15.497742" total="6" passed="6" failed="0" warnings="0" inconclusive="0" skipped="0" asserts="6">
              <properties />
              <test-suite type="TestSuite" id="1-1050" name="ListFeeds" fullname="Tch.VstsClient.IntTests.UseCases.Packages.ListFeeds" runstate="Runnable" testcasecount="1" result="Passed" start-time="2020-03-25 20:48:10Z" end-time="2020-03-25 20:48:25Z" duration="14.598824" total="1" passed="1" failed="0" warnings="0" inconclusive="0" skipped="0" asserts="1">
                <properties />
                <test-suite type="TestFixture" id="1-1017" name="HappyTests" fullname="Tch.VstsClient.IntTests.UseCases.Packages.ListFeeds.HappyTests" classname="Tch.VstsClient.IntTests.UseCases.Packages.ListFeeds.HappyTests" runstate="Explicit" testcasecount="1" result="Passed" start-time="2020-03-25 20:48:24Z" end-time="2020-03-25 20:48:25Z" duration="0.095238" total="1" passed="1" failed="0" warnings="0" inconclusive="0" skipped="0" asserts="1">
                  <properties>
                    <property name="Category" value="IntegrationTest" />
                  </properties>
                  <test-case id="1-1018" name="Happy_Case" fullname="Tch.VstsClient.IntTests.UseCases.Packages.ListFeeds.HappyTests.Happy_Case" methodname="Happy_Case" classname="Tch.VstsClient.IntTests.UseCases.Packages.ListFeeds.HappyTests" runstate="Runnable" seed="1478204484" result="Passed" start-time="2020-03-25 20:48:24Z" end-time="2020-03-25 20:48:25Z" duration="0.093606" asserts="1">
                    <properties />
                    <output><![CDATA[[
  {
    "Id": "05acdd07-28b7-4991-80f3-61233969fdbd",
    "Name": "IntraOffice"
  },
  {
    "Id": "dfdf73f1-5ef8-413e-bed1-1df14578f3b7",
    "Name": "IntraOfficeNuget(Depricated)"
  },
  {
    "Id": "75dbba75-5604-4a70-8d0a-5625d574a388",
    "Name": "IntraOfficeNuget4(Depricated)"
  },
  {
    "Id": "066c7c10-28f9-490b-9b07-b626f8796236",
    "Name": "IntraOfficeNuget5"
  },
  {
    "Id": "97ac3d62-2f12-424b-a209-bfba26a8ce8a",
    "Name": "IntraOfficeNuget6"
  },
  {
    "Id": "cc0ca9cc-a615-4c4a-98d2-a29cc31c18b6",
    "Name": "IntraOfficeNuget7"
  },
  {
    "Id": "4296139d-7544-48d8-8181-02c54b4f5767",
    "Name": "IntraOffice-Prerelease"
  },
  {
    "Id": "476d52d7-4805-4ffe-b855-d1daa01df567",
    "Name": "test1"
  }
]
]]></output>
                  </test-case>
                </test-suite>
              </test-suite>
              <test-suite type="TestSuite" id="1-1051" name="ListPackages" fullname="Tch.VstsClient.IntTests.UseCases.Packages.ListPackages" runstate="Runnable" testcasecount="2" result="Passed" start-time="2020-03-25 20:48:10Z" end-time="2020-03-25 20:48:25Z" duration="14.882545" total="2" passed="2" failed="0" warnings="0" inconclusive="0" skipped="0" asserts="2">
                <properties />
                <test-suite type="TestFixture" id="1-1019" name="HappyTests" fullname="Tch.VstsClient.IntTests.UseCases.Packages.ListPackages.HappyTests" classname="Tch.VstsClient.IntTests.UseCases.Packages.ListPackages.HappyTests" runstate="Explicit" testcasecount="1" result="Passed" start-time="2020-03-25 20:48:25Z" end-time="2020-03-25 20:48:25Z" duration="0.186571" total="1" passed="1" failed="0" warnings="0" inconclusive="0" skipped="0" asserts="1">
                  <properties>
                    <property name="Category" value="IntegrationTest" />
                  </properties>
                  <test-case id="1-1020" name="Happy_Case" fullname="Tch.VstsClient.IntTests.UseCases.Packages.ListPackages.HappyTests.Happy_Case" methodname="Happy_Case" classname="Tch.VstsClient.IntTests.UseCases.Packages.ListPackages.HappyTests" runstate="Runnable" seed="1556801917" result="Passed" start-time="2020-03-25 20:48:25Z" end-time="2020-03-25 20:48:25Z" duration="0.183727" asserts="1">
                    <properties />
                    <output><![CDATA[Feed: IntraOffice
[
  {
    "Id": "1ee509a1-d0c1-46f1-bc64-b84101963980",
    "Name": "IntraOffice"
  },
  {
    "Id": "7cc81792-bab2-4062-81d0-ae9f3495a834",
    "Name": "IntraOffice.Archive"
  },
  {
    "Id": "9873c750-bd31-47c4-905c-0119c20825d9",
    "Name": "IntraOffice.Archive.Client"
  },
  {
    "Id": "6dc32979-cb09-4cb9-91f2-f47dde67c6c9",
    "Name": "IntraOffice.Compression"
  },
  {
    "Id": "939a7d58-460c-4f4e-b736-47a75c5d9a6f",
    "Name": "IntraOffice.ContentRepository.Client"
  },
  {
    "Id": "bbdb6848-109c-4fdb-ba2f-f73dc5265b7e",
    "Name": "IntraOffice.Data"
  },
  {
    "Id": "cff45607-cf0f-45e4-91ee-a39fd7e4968a",
    "Name": "IntraOffice.Redis"
  },
  {
    "Id": "67427093-5d0f-48b0-abf0-c18341c4e102",
    "Name": "IntraOffice.Web"
  },
  {
    "Id": "f7e442be-518a-4b93-8960-54c88a38a518",
    "Name": "IntraOffice.Web.Client"
  },
  {
    "Id": "23bb82c9-cfce-4912-ba6c-0ae5ffdeb306",
    "Name": "IntraOffice.Web.Service"
  }
]
]]></output>
                  </test-case>
                </test-suite>
                <test-suite type="TestFixture" id="1-1021" name="UnhappyTests" fullname="Tch.VstsClient.IntTests.UseCases.Packages.ListPackages.UnhappyTests" classname="Tch.VstsClient.IntTests.UseCases.Packages.ListPackages.UnhappyTests" runstate="Explicit" testcasecount="1" result="Passed" start-time="2020-03-25 20:48:25Z" end-time="2020-03-25 20:48:25Z" duration="0.097128" total="1" passed="1" failed="0" warnings="0" inconclusive="0" skipped="0" asserts="1">
                  <properties>
                    <property name="Category" value="IntegrationTest" />
                  </properties>
                  <test-case id="1-1022" name="Bad_Feed_Name" fullname="Tch.VstsClient.IntTests.UseCases.Packages.ListPackages.UnhappyTests.Bad_Feed_Name" methodname="Bad_Feed_Name" classname="Tch.VstsClient.IntTests.UseCases.Packages.ListPackages.UnhappyTests" runstate="Runnable" seed="164750741" result="Passed" start-time="2020-03-25 20:48:25Z" end-time="2020-03-25 20:48:25Z" duration="0.095727" asserts="1">
                    <properties />
                    <output><![CDATA[{
  "FeedName": "abcd",
  "Message": "Requested feed cannot be found",
  "Data": {},
  "InnerException": null,
  "StackTrace": "   bij Tch.VstsClient.Services.Helpers.LocalExceptionService.TryMatch[TTargetException](BadStatusCodeReturned originalException, Object context) in c:\\GitHub\\Vsts-client\\Src\\Services\\Helpers\\LocalExceptionService.cs:regel 43\r\n   bij Tch.VstsClient.Services.PackagesService.<GetAllPackages>d__8.MoveNext() in c:\\GitHub\\Vsts-client\\Src\\Services\\PackagesService.cs:regel 61\r\n--- Einde van stacktracering vanaf vorige locatie waar uitzondering is opgetreden ---\r\n   bij System.Runtime.ExceptionServices.ExceptionDispatchInfo.Throw()\r\n   bij System.Runtime.CompilerServices.TaskAwaiter.HandleNonSuccessAndDebuggerNotification(Task task)\r\n   bij NUnit.Framework.Internal.TaskAwaitAdapter.GenericAdapter`1.BlockUntilCompleted() in D:\\a\\1\\s\\src\\NUnitFramework\\framework\\Internal\\TaskAwaitAdapter.cs:regel 95\r\n   bij NUnit.Framework.Internal.AsyncToSyncAdapter.Await(Func`1 invoke) in D:\\a\\1\\s\\src\\NUnitFramework\\framework\\Internal\\AsyncToSyncAdapter.cs:regel 60\r\n   bij NUnit.Framework.Assert.ThrowsAsync(IResolveConstraint expression, AsyncTestDelegate code, String message, Object[] args) in D:\\a\\1\\s\\src\\NUnitFramework\\framework\\Assert.Exceptions.Async.cs:regel 48",
  "HelpLink": null,
  "Source": "Tch.VstsClient",
  "HResult": -2146233088
}
]]></output>
                  </test-case>
                </test-suite>
              </test-suite>
              <test-suite type="TestSuite" id="1-1052" name="ListPackageVersions" fullname="Tch.VstsClient.IntTests.UseCases.Packages.ListPackageVersions" runstate="Runnable" testcasecount="3" result="Passed" start-time="2020-03-25 20:48:10Z" end-time="2020-03-25 20:48:25Z" duration="15.497712" total="3" passed="3" failed="0" warnings="0" inconclusive="0" skipped="0" asserts="3">
                <properties />
                <test-suite type="TestFixture" id="1-1023" name="HappyTests" fullname="Tch.VstsClient.IntTests.UseCases.Packages.ListPackageVersions.HappyTests" classname="Tch.VstsClient.IntTests.UseCases.Packages.ListPackageVersions.HappyTests" runstate="Explicit" testcasecount="1" result="Passed" start-time="2020-03-25 20:48:25Z" end-time="2020-03-25 20:48:25Z" duration="0.186716" total="1" passed="1" failed="0" warnings="0" inconclusive="0" skipped="0" asserts="1">
                  <properties>
                    <property name="Category" value="IntegrationTest" />
                  </properties>
                  <test-case id="1-1024" name="Happy_Case" fullname="Tch.VstsClient.IntTests.UseCases.Packages.ListPackageVersions.HappyTests.Happy_Case" methodname="Happy_Case" classname="Tch.VstsClient.IntTests.UseCases.Packages.ListPackageVersions.HappyTests" runstate="Runnable" seed="964075377" result="Passed" start-time="2020-03-25 20:48:25Z" end-time="2020-03-25 20:48:25Z" duration="0.183022" asserts="1">
                    <properties />
                    <output><![CDATA[Feed: IntraOffice
Package: IntraOffice
[
  {
    "Id": "9d20f2f3-85f9-448f-a10c-37a3e3545179",
    "Version": "10.0.25",
    "PublishDate": "2020-02-07T14:34:50.3362602Z",
    "Dependencies": [
      {
        "PackageName": "NLog",
        "VersionRange": "[4.6.6, )"
      }
    ]
  },
  {
    "Id": "381c972b-3dde-4b5c-8f77-7bc5061677b6",
    "Version": "10.0.24",
    "PublishDate": "2020-02-07T09:33:56.5000409Z",
    "Dependencies": [
      {
        "PackageName": "NLog",
        "VersionRange": "[4.6.6, )"
      }
    ]
  },
  {
    "Id": "1a353440-b543-4057-b437-9fdef3cc0f42",
    "Version": "10.0.23",
    "PublishDate": "2020-02-03T15:51:52.7242888Z",
    "Dependencies": [
      {
        "PackageName": "NLog",
        "VersionRange": "[4.6.6, )"
      }
    ]
  },
  {
    "Id": "9786bcf2-1eca-4f43-8e01-8ead11af3ade",
    "Version": "10.0.22",
    "PublishDate": "2020-01-17T12:50:44.541149Z",
    "Dependencies": [
      {
        "PackageName": "NLog",
        "VersionRange": "[4.6.6, )"
      }
    ]
  },
  {
    "Id": "b612c64d-2aaf-4396-aa9d-b6e45d1923c7",
    "Version": "10.0.21",
    "PublishDate": "2020-01-17T11:25:41.1363757Z",
    "Dependencies": [
      {
        "PackageName": "NLog",
        "VersionRange": "[4.6.6, )"
      }
    ]
  },
  {
    "Id": "3bd956e7-3a91-4132-bd30-dbcfb1493b93",
    "Version": "10.0.20",
    "PublishDate": "2019-10-29T11:14:33.8006531Z",
    "Dependencies": [
      {
        "PackageName": "NLog",
        "VersionRange": "[4.6.6, )"
      }
    ]
  },
  {
    "Id": "02e8200d-7baf-4c01-abaf-0dec8ed5201d",
    "Version": "10.0.19",
    "PublishDate": "2019-10-11T14:18:01.2003385Z",
    "Dependencies": [
      {
        "PackageName": "NLog",
        "VersionRange": "[4.6.6, )"
      }
    ]
  },
  {
    "Id": "d0570b4a-f2dd-453b-a68d-c47d21801b68",
    "Version": "10.0.18",
    "PublishDate": "2019-10-17T11:53:46.9000155Z",
    "Dependencies": [
      {
        "PackageName": "NLog",
        "VersionRange": "[4.6.6, )"
      }
    ]
  },
  {
    "Id": "349203ef-b581-43c5-b2ab-0e674fd6b489",
    "Version": "10.0.17",
    "PublishDate": "2019-10-15T14:53:19.964789Z",
    "Dependencies": [
      {
        "PackageName": "NLog",
        "VersionRange": "[4.6.6, )"
      }
    ]
  },
  {
    "Id": "da47e75b-6d0d-4c04-9d4a-cf5c48b3c43c",
    "Version": "10.0.16",
    "PublishDate": "2019-10-11T14:48:55.3863321Z",
    "Dependencies": [
      {
        "PackageName": "NLog",
        "VersionRange": "[4.6.6, )"
      }
    ]
  },
  {
    "Id": "bb69cb7c-0918-44a5-a528-3cc74784ce65",
    "Version": "10.0.15",
    "PublishDate": "2019-10-11T14:17:58.5279902Z",
    "Dependencies": [
      {
        "PackageName": "NLog",
        "VersionRange": "[4.6.6, )"
      }
    ]
  },
  {
    "Id": "ae6c2a7a-d323-4ec6-9fa7-b86ea9d82bba",
    "Version": "10.0.14",
    "PublishDate": "2019-10-10T14:20:22.6187087Z",
    "Dependencies": [
      {
        "PackageName": "NLog",
        "VersionRange": "[4.6.0, )"
      }
    ]
  }
]
]]></output>
                  </test-case>
                </test-suite>
                <test-suite type="TestFixture" id="1-1025" name="UnhappyTests" fullname="Tch.VstsClient.IntTests.UseCases.Packages.ListPackageVersions.UnhappyTests" classname="Tch.VstsClient.IntTests.UseCases.Packages.ListPackageVersions.UnhappyTests" runstate="Explicit" testcasecount="2" result="Passed" start-time="2020-03-25 20:48:25Z" end-time="2020-03-25 20:48:25Z" duration="0.428404" total="2" passed="2" failed="0" warnings="0" inconclusive="0" skipped="0" asserts="2">
                  <properties>
                    <property name="Category" value="IntegrationTest" />
                  </properties>
                  <test-case id="1-1026" name="Bad_Feed_Name" fullname="Tch.VstsClient.IntTests.UseCases.Packages.ListPackageVersions.UnhappyTests.Bad_Feed_Name" methodname="Bad_Feed_Name" classname="Tch.VstsClient.IntTests.UseCases.Packages.ListPackageVersions.UnhappyTests" runstate="Runnable" seed="29126726" result="Passed" start-time="2020-03-25 20:48:25Z" end-time="2020-03-25 20:48:25Z" duration="0.209149" asserts="1">
                    <properties />
                    <output><![CDATA[{
  "FeedName": "abc",
  "Message": "Requested feed cannot be found",
  "Data": {},
  "InnerException": null,
  "StackTrace": "   bij Tch.VstsClient.Services.Helpers.LocalExceptionService.TryMatch[TTargetException](BadStatusCodeReturned originalException, Object context) in c:\\GitHub\\Vsts-client\\Src\\Services\\Helpers\\LocalExceptionService.cs:regel 43\r\n   bij Tch.VstsClient.Services.PackagesService.<GetAllPackageVersions>d__9.MoveNext() in c:\\GitHub\\Vsts-client\\Src\\Services\\PackagesService.cs:regel 76\r\n--- Einde van stacktracering vanaf vorige locatie waar uitzondering is opgetreden ---\r\n   bij System.Runtime.ExceptionServices.ExceptionDispatchInfo.Throw()\r\n   bij System.Runtime.CompilerServices.TaskAwaiter.HandleNonSuccessAndDebuggerNotification(Task task)\r\n   bij NUnit.Framework.Internal.TaskAwaitAdapter.GenericAdapter`1.BlockUntilCompleted() in D:\\a\\1\\s\\src\\NUnitFramework\\framework\\Internal\\TaskAwaitAdapter.cs:regel 95\r\n   bij NUnit.Framework.Internal.AsyncToSyncAdapter.Await(Func`1 invoke) in D:\\a\\1\\s\\src\\NUnitFramework\\framework\\Internal\\AsyncToSyncAdapter.cs:regel 60\r\n   bij NUnit.Framework.Assert.ThrowsAsync(IResolveConstraint expression, AsyncTestDelegate code, String message, Object[] args) in D:\\a\\1\\s\\src\\NUnitFramework\\framework\\Assert.Exceptions.Async.cs:regel 48",
  "HelpLink": null,
  "Source": "Tch.VstsClient",
  "HResult": -2146233088
}
]]></output>
                  </test-case>
                  <test-case id="1-1027" name="Bad_Package_Id" fullname="Tch.VstsClient.IntTests.UseCases.Packages.ListPackageVersions.UnhappyTests.Bad_Package_Id" methodname="Bad_Package_Id" classname="Tch.VstsClient.IntTests.UseCases.Packages.ListPackageVersions.UnhappyTests" runstate="Runnable" seed="1630647525" result="Passed" start-time="2020-03-25 20:48:25Z" end-time="2020-03-25 20:48:25Z" duration="0.217520" asserts="1">
                    <properties />
                    <output><![CDATA[{
  "FeedName": "IntraOffice",
  "PackageId": "abc",
  "VersionNumber": null,
  "Message": "Requested package cannot be found",
  "Data": {},
  "InnerException": null,
  "StackTrace": "   bij Tch.VstsClient.Services.Helpers.LocalExceptionService.TryMatch[TTargetException](BadStatusCodeReturned originalException, Object context) in c:\\GitHub\\Vsts-client\\Src\\Services\\Helpers\\LocalExceptionService.cs:regel 43\r\n   bij Tch.VstsClient.Services.PackagesService.<GetAllPackageVersions>d__9.MoveNext() in c:\\GitHub\\Vsts-client\\Src\\Services\\PackagesService.cs:regel 75\r\n--- Einde van stacktracering vanaf vorige locatie waar uitzondering is opgetreden ---\r\n   bij System.Runtime.ExceptionServices.ExceptionDispatchInfo.Throw()\r\n   bij System.Runtime.CompilerServices.TaskAwaiter.HandleNonSuccessAndDebuggerNotification(Task task)\r\n   bij NUnit.Framework.Internal.TaskAwaitAdapter.GenericAdapter`1.BlockUntilCompleted() in D:\\a\\1\\s\\src\\NUnitFramework\\framework\\Internal\\TaskAwaitAdapter.cs:regel 95\r\n   bij NUnit.Framework.Internal.AsyncToSyncAdapter.Await(Func`1 invoke) in D:\\a\\1\\s\\src\\NUnitFramework\\framework\\Internal\\AsyncToSyncAdapter.cs:regel 60\r\n   bij NUnit.Framework.Assert.ThrowsAsync(IResolveConstraint expression, AsyncTestDelegate code, String message, Object[] args) in D:\\a\\1\\s\\src\\NUnitFramework\\framework\\Assert.Exceptions.Async.cs:regel 48",
  "HelpLink": null,
  "Source": "Tch.VstsClient",
  "HResult": -2146233088
}
]]></output>
                  </test-case>
                </test-suite>
              </test-suite>
            </test-suite>
            <test-suite type="TestSuite" id="1-1043" name="Projects" fullname="Tch.VstsClient.IntTests.UseCases.Projects" runstate="Runnable" testcasecount="1" result="Passed" start-time="2020-03-25 20:48:10Z" end-time="2020-03-25 20:48:26Z" duration="15.735032" total="1" passed="1" failed="0" warnings="0" inconclusive="0" skipped="0" asserts="1">
              <properties />
              <test-suite type="TestSuite" id="1-1044" name="ListProjects" fullname="Tch.VstsClient.IntTests.UseCases.Projects.ListProjects" runstate="Runnable" testcasecount="1" result="Passed" start-time="2020-03-25 20:48:10Z" end-time="2020-03-25 20:48:26Z" duration="15.735028" total="1" passed="1" failed="0" warnings="0" inconclusive="0" skipped="0" asserts="1">
                <properties />
                <test-suite type="TestFixture" id="1-1000" name="HappyTests" fullname="Tch.VstsClient.IntTests.UseCases.Projects.ListProjects.HappyTests" classname="Tch.VstsClient.IntTests.UseCases.Projects.ListProjects.HappyTests" runstate="Explicit" testcasecount="1" result="Passed" start-time="2020-03-25 20:48:25Z" end-time="2020-03-25 20:48:26Z" duration="0.237300" total="1" passed="1" failed="0" warnings="0" inconclusive="0" skipped="0" asserts="1">
                  <properties>
                    <property name="Category" value="IntegrationTest" />
                  </properties>
                  <test-case id="1-1001" name="List_All_Projects" fullname="Tch.VstsClient.IntTests.UseCases.Projects.ListProjects.HappyTests.List_All_Projects" methodname="List_All_Projects" classname="Tch.VstsClient.IntTests.UseCases.Projects.ListProjects.HappyTests" runstate="Runnable" seed="415550798" result="Passed" start-time="2020-03-25 20:48:25Z" end-time="2020-03-25 20:48:26Z" duration="0.236204" asserts="1">
                    <properties />
                    <output><![CDATA[[
  {
    "Id": "96cc3d48-fa25-4e6b-b3fa-0ea9ceb06c00",
    "Name": "IntraOffice"
  }
]
]]></output>
                  </test-case>
                </test-suite>
              </test-suite>
            </test-suite>
            <test-suite type="TestSuite" id="1-1045" name="Repositories" fullname="Tch.VstsClient.IntTests.UseCases.Repositories" runstate="Runnable" testcasecount="9" result="Passed" start-time="2020-03-25 20:48:10Z" end-time="2020-03-25 20:48:28Z" duration="18.111466" total="9" passed="9" failed="0" warnings="0" inconclusive="0" skipped="0" asserts="9">
              <properties />
              <test-suite type="TestSuite" id="1-1047" name="ListBranches" fullname="Tch.VstsClient.IntTests.UseCases.Repositories.ListBranches" runstate="Runnable" testcasecount="3" result="Passed" start-time="2020-03-25 20:48:10Z" end-time="2020-03-25 20:48:27Z" duration="16.620916" total="3" passed="3" failed="0" warnings="0" inconclusive="0" skipped="0" asserts="3">
                <properties />
                <test-suite type="TestFixture" id="1-1006" name="HappyTests" fullname="Tch.VstsClient.IntTests.UseCases.Repositories.ListBranches.HappyTests" classname="Tch.VstsClient.IntTests.UseCases.Repositories.ListBranches.HappyTests" runstate="Explicit" testcasecount="1" result="Passed" start-time="2020-03-25 20:48:26Z" end-time="2020-03-25 20:48:26Z" duration="0.248030" total="1" passed="1" failed="0" warnings="0" inconclusive="0" skipped="0" asserts="1">
                  <properties>
                    <property name="Category" value="IntegrationTest" />
                  </properties>
                  <test-case id="1-1007" name="Happy_Case" fullname="Tch.VstsClient.IntTests.UseCases.Repositories.ListBranches.HappyTests.Happy_Case" methodname="Happy_Case" classname="Tch.VstsClient.IntTests.UseCases.Repositories.ListBranches.HappyTests" runstate="Runnable" seed="1691457896" result="Passed" start-time="2020-03-25 20:48:26Z" end-time="2020-03-25 20:48:26Z" duration="0.246782" asserts="1">
                    <properties />
                    <output><![CDATA[Project: IntraOffice
Repository: demo
[
  {
    "Name": "master"
  }
]
]]></output>
                  </test-case>
                </test-suite>
                <test-suite type="TestFixture" id="1-1008" name="UnhappyTests" fullname="Tch.VstsClient.IntTests.UseCases.Repositories.ListBranches.UnhappyTests" classname="Tch.VstsClient.IntTests.UseCases.Repositories.ListBranches.UnhappyTests" runstate="Explicit" testcasecount="2" result="Passed" start-time="2020-03-25 20:48:26Z" end-time="2020-03-25 20:48:27Z" duration="0.637837" total="2" passed="2" failed="0" warnings="0" inconclusive="0" skipped="0" asserts="2">
                  <properties>
                    <property name="Category" value="IntegrationTest" />
                  </properties>
                  <test-case id="1-1009" name="Bad_Project_Name" fullname="Tch.VstsClient.IntTests.UseCases.Repositories.ListBranches.UnhappyTests.Bad_Project_Name" methodname="Bad_Project_Name" classname="Tch.VstsClient.IntTests.UseCases.Repositories.ListBranches.UnhappyTests" runstate="Runnable" seed="1873101559" result="Passed" start-time="2020-03-25 20:48:26Z" end-time="2020-03-25 20:48:26Z" duration="0.417279" asserts="1">
                    <properties />
                    <output><![CDATA[{
  "ProjectName": "abcd",
  "Message": "Requested project cannot be found",
  "Data": {},
  "InnerException": null,
  "StackTrace": "   bij Tch.VstsClient.Services.Helpers.LocalExceptionService.TryMatch[TTargetException](BadStatusCodeReturned originalException, Object context) in c:\\GitHub\\Vsts-client\\Src\\Services\\Helpers\\LocalExceptionService.cs:regel 43\r\n   bij Tch.VstsClient.Services.RepositoriesService.<GetAllBranches>d__10.MoveNext() in c:\\GitHub\\Vsts-client\\Src\\Services\\RepositoriesService.cs:regel 87\r\n--- Einde van stacktracering vanaf vorige locatie waar uitzondering is opgetreden ---\r\n   bij System.Runtime.ExceptionServices.ExceptionDispatchInfo.Throw()\r\n   bij System.Runtime.CompilerServices.TaskAwaiter.HandleNonSuccessAndDebuggerNotification(Task task)\r\n   bij NUnit.Framework.Internal.TaskAwaitAdapter.GenericAdapter`1.BlockUntilCompleted() in D:\\a\\1\\s\\src\\NUnitFramework\\framework\\Internal\\TaskAwaitAdapter.cs:regel 95\r\n   bij NUnit.Framework.Internal.AsyncToSyncAdapter.Await(Func`1 invoke) in D:\\a\\1\\s\\src\\NUnitFramework\\framework\\Internal\\AsyncToSyncAdapter.cs:regel 60\r\n   bij NUnit.Framework.Assert.ThrowsAsync(IResolveConstraint expression, AsyncTestDelegate code, String message, Object[] args) in D:\\a\\1\\s\\src\\NUnitFramework\\framework\\Assert.Exceptions.Async.cs:regel 48",
  "HelpLink": null,
  "Source": "Tch.VstsClient",
  "HResult": -2146233088
}
]]></output>
                  </test-case>
                  <test-case id="1-1010" name="Bad_Repository_Id" fullname="Tch.VstsClient.IntTests.UseCases.Repositories.ListBranches.UnhappyTests.Bad_Repository_Id" methodname="Bad_Repository_Id" classname="Tch.VstsClient.IntTests.UseCases.Repositories.ListBranches.UnhappyTests" runstate="Runnable" seed="1817676433" result="Passed" start-time="2020-03-25 20:48:26Z" end-time="2020-03-25 20:48:27Z" duration="0.219522" asserts="1">
                    <properties />
                    <output><![CDATA[{
  "ProjectName": "IntraOffice",
  "RepositoryId": "abcd",
  "Message": "Requested repository cannot be found",
  "Data": {},
  "InnerException": null,
  "StackTrace": "   bij Tch.VstsClient.Services.Helpers.LocalExceptionService.TryMatch[TTargetException](BadStatusCodeReturned originalException, Object context) in c:\\GitHub\\Vsts-client\\Src\\Services\\Helpers\\LocalExceptionService.cs:regel 43\r\n   bij Tch.VstsClient.Services.RepositoriesService.<GetAllBranches>d__10.MoveNext() in c:\\GitHub\\Vsts-client\\Src\\Services\\RepositoriesService.cs:regel 88\r\n--- Einde van stacktracering vanaf vorige locatie waar uitzondering is opgetreden ---\r\n   bij System.Runtime.ExceptionServices.ExceptionDispatchInfo.Throw()\r\n   bij System.Runtime.CompilerServices.TaskAwaiter.HandleNonSuccessAndDebuggerNotification(Task task)\r\n   bij NUnit.Framework.Internal.TaskAwaitAdapter.GenericAdapter`1.BlockUntilCompleted() in D:\\a\\1\\s\\src\\NUnitFramework\\framework\\Internal\\TaskAwaitAdapter.cs:regel 95\r\n   bij NUnit.Framework.Internal.AsyncToSyncAdapter.Await(Func`1 invoke) in D:\\a\\1\\s\\src\\NUnitFramework\\framework\\Internal\\AsyncToSyncAdapter.cs:regel 60\r\n   bij NUnit.Framework.Assert.ThrowsAsync(IResolveConstraint expression, AsyncTestDelegate code, String message, Object[] args) in D:\\a\\1\\s\\src\\NUnitFramework\\framework\\Assert.Exceptions.Async.cs:regel 48",
  "HelpLink": null,
  "Source": "Tch.VstsClient",
  "HResult": -2146233088
}
]]></output>
                  </test-case>
                </test-suite>
              </test-suite>
              <test-suite type="TestSuite" id="1-1048" name="ListCommits" fullname="Tch.VstsClient.IntTests.UseCases.Repositories.ListCommits" runstate="Runnable" testcasecount="4" result="Passed" start-time="2020-03-25 20:48:10Z" end-time="2020-03-25 20:48:28Z" duration="17.880267" total="4" passed="4" failed="0" warnings="0" inconclusive="0" skipped="0" asserts="4">
                <properties />
                <test-suite type="TestFixture" id="1-1011" name="HappyTests" fullname="Tch.VstsClient.IntTests.UseCases.Repositories.ListCommits.HappyTests" classname="Tch.VstsClient.IntTests.UseCases.Repositories.ListCommits.HappyTests" runstate="Explicit" testcasecount="1" result="Passed" start-time="2020-03-25 20:48:27Z" end-time="2020-03-25 20:48:27Z" duration="0.319800" total="1" passed="1" failed="0" warnings="0" inconclusive="0" skipped="0" asserts="1">
                  <properties>
                    <property name="Category" value="IntegrationTest" />
                  </properties>
                  <test-case id="1-1012" name="Happy_Case" fullname="Tch.VstsClient.IntTests.UseCases.Repositories.ListCommits.HappyTests.Happy_Case" methodname="Happy_Case" classname="Tch.VstsClient.IntTests.UseCases.Repositories.ListCommits.HappyTests" runstate="Runnable" seed="599554807" result="Passed" start-time="2020-03-25 20:48:27Z" end-time="2020-03-25 20:48:27Z" duration="0.318610" asserts="1">
                    <properties />
                    <output><![CDATA[Project: IntraOffice
Repository: demo
[
  {
    "Id": "f5d7c1b911c3b9a705956e4da892840938ca3bfd",
    "Author": "Roel de Regt",
    "Date": "2018-05-17T09:24:35Z",
    "Comment": "Initial commit"
  }
]
]]></output>
                  </test-case>
                </test-suite>
                <test-suite type="TestFixture" id="1-1013" name="UnhappyTests" fullname="Tch.VstsClient.IntTests.UseCases.Repositories.ListCommits.UnhappyTests" classname="Tch.VstsClient.IntTests.UseCases.Repositories.ListCommits.UnhappyTests" runstate="Explicit" testcasecount="3" result="Passed" start-time="2020-03-25 20:48:27Z" end-time="2020-03-25 20:48:28Z" duration="0.939522" total="3" passed="3" failed="0" warnings="0" inconclusive="0" skipped="0" asserts="3">
                  <properties>
                    <property name="Category" value="IntegrationTest" />
                  </properties>
                  <test-case id="1-1016" name="Bad_Branch_Name" fullname="Tch.VstsClient.IntTests.UseCases.Repositories.ListCommits.UnhappyTests.Bad_Branch_Name" methodname="Bad_Branch_Name" classname="Tch.VstsClient.IntTests.UseCases.Repositories.ListCommits.UnhappyTests" runstate="Runnable" seed="651654556" result="Passed" start-time="2020-03-25 20:48:27Z" end-time="2020-03-25 20:48:27Z" duration="0.263975" asserts="1">
                    <properties />
                    <output><![CDATA[{
  "ProjectName": "IntraOffice",
  "RepositoryId": "b37816bb-d2c3-4ec5-b18a-0716d7c36c71",
  "BranchName": "abcd",
  "Message": "Requested repository cannot be found",
  "Data": {},
  "InnerException": null,
  "StackTrace": "   bij Tch.VstsClient.Services.Helpers.LocalExceptionService.TryMatch[TTargetException](BadStatusCodeReturned originalException, Object context) in c:\\GitHub\\Vsts-client\\Src\\Services\\Helpers\\LocalExceptionService.cs:regel 43\r\n   bij Tch.VstsClient.Services.RepositoriesService.<GetAllCommits>d__11.MoveNext() in c:\\GitHub\\Vsts-client\\Src\\Services\\RepositoriesService.cs:regel 105\r\n--- Einde van stacktracering vanaf vorige locatie waar uitzondering is opgetreden ---\r\n   bij System.Runtime.ExceptionServices.ExceptionDispatchInfo.Throw()\r\n   bij System.Runtime.CompilerServices.TaskAwaiter.HandleNonSuccessAndDebuggerNotification(Task task)\r\n   bij NUnit.Framework.Internal.TaskAwaitAdapter.GenericAdapter`1.BlockUntilCompleted() in D:\\a\\1\\s\\src\\NUnitFramework\\framework\\Internal\\TaskAwaitAdapter.cs:regel 95\r\n   bij NUnit.Framework.Internal.AsyncToSyncAdapter.Await(Func`1 invoke) in D:\\a\\1\\s\\src\\NUnitFramework\\framework\\Internal\\AsyncToSyncAdapter.cs:regel 60\r\n   bij NUnit.Framework.Assert.ThrowsAsync(IResolveConstraint expression, AsyncTestDelegate code, String message, Object[] args) in D:\\a\\1\\s\\src\\NUnitFramework\\framework\\Assert.Exceptions.Async.cs:regel 48",
  "HelpLink": null,
  "Source": "Tch.VstsClient",
  "HResult": -2146233088
}
]]></output>
                  </test-case>
                  <test-case id="1-1014" name="Bad_Project_Name" fullname="Tch.VstsClient.IntTests.UseCases.Repositories.ListCommits.UnhappyTests.Bad_Project_Name" methodname="Bad_Project_Name" classname="Tch.VstsClient.IntTests.UseCases.Repositories.ListCommits.UnhappyTests" runstate="Runnable" seed="240464906" result="Passed" start-time="2020-03-25 20:48:27Z" end-time="2020-03-25 20:48:28Z" duration="0.444688" asserts="1">
                    <properties />
                    <output><![CDATA[{
  "ProjectName": "abcd",
  "Message": "Requested project cannot be found",
  "Data": {},
  "InnerException": null,
  "StackTrace": "   bij Tch.VstsClient.Services.Helpers.LocalExceptionService.TryMatch[TTargetException](BadStatusCodeReturned originalException, Object context) in c:\\GitHub\\Vsts-client\\Src\\Services\\Helpers\\LocalExceptionService.cs:regel 43\r\n   bij Tch.VstsClient.Services.RepositoriesService.<GetAllCommits>d__11.MoveNext() in c:\\GitHub\\Vsts-client\\Src\\Services\\RepositoriesService.cs:regel 103\r\n--- Einde van stacktracering vanaf vorige locatie waar uitzondering is opgetreden ---\r\n   bij System.Runtime.ExceptionServices.ExceptionDispatchInfo.Throw()\r\n   bij System.Runtime.CompilerServices.TaskAwaiter.HandleNonSuccessAndDebuggerNotification(Task task)\r\n   bij NUnit.Framework.Internal.TaskAwaitAdapter.GenericAdapter`1.BlockUntilCompleted() in D:\\a\\1\\s\\src\\NUnitFramework\\framework\\Internal\\TaskAwaitAdapter.cs:regel 95\r\n   bij NUnit.Framework.Internal.AsyncToSyncAdapter.Await(Func`1 invoke) in D:\\a\\1\\s\\src\\NUnitFramework\\framework\\Internal\\AsyncToSyncAdapter.cs:regel 60\r\n   bij NUnit.Framework.Assert.ThrowsAsync(IResolveConstraint expression, AsyncTestDelegate code, String message, Object[] args) in D:\\a\\1\\s\\src\\NUnitFramework\\framework\\Assert.Exceptions.Async.cs:regel 48",
  "HelpLink": null,
  "Source": "Tch.VstsClient",
  "HResult": -2146233088
}
]]></output>
                  </test-case>
                  <test-case id="1-1015" name="Bad_Repository_Id" fullname="Tch.VstsClient.IntTests.UseCases.Repositories.ListCommits.UnhappyTests.Bad_Repository_Id" methodname="Bad_Repository_Id" classname="Tch.VstsClient.IntTests.UseCases.Repositories.ListCommits.UnhappyTests" runstate="Runnable" seed="1990093971" result="Passed" start-time="2020-03-25 20:48:28Z" end-time="2020-03-25 20:48:28Z" duration="0.229598" asserts="1">
                    <properties />
                    <output><![CDATA[{
  "ProjectName": "IntraOffice",
  "RepositoryId": "abcd",
  "Message": "Requested repository cannot be found",
  "Data": {},
  "InnerException": null,
  "StackTrace": "   bij Tch.VstsClient.Services.Helpers.LocalExceptionService.TryMatch[TTargetException](BadStatusCodeReturned originalException, Object context) in c:\\GitHub\\Vsts-client\\Src\\Services\\Helpers\\LocalExceptionService.cs:regel 43\r\n   bij Tch.VstsClient.Services.RepositoriesService.<GetAllCommits>d__11.MoveNext() in c:\\GitHub\\Vsts-client\\Src\\Services\\RepositoriesService.cs:regel 104\r\n--- Einde van stacktracering vanaf vorige locatie waar uitzondering is opgetreden ---\r\n   bij System.Runtime.ExceptionServices.ExceptionDispatchInfo.Throw()\r\n   bij System.Runtime.CompilerServices.TaskAwaiter.HandleNonSuccessAndDebuggerNotification(Task task)\r\n   bij NUnit.Framework.Internal.TaskAwaitAdapter.GenericAdapter`1.BlockUntilCompleted() in D:\\a\\1\\s\\src\\NUnitFramework\\framework\\Internal\\TaskAwaitAdapter.cs:regel 95\r\n   bij NUnit.Framework.Internal.AsyncToSyncAdapter.Await(Func`1 invoke) in D:\\a\\1\\s\\src\\NUnitFramework\\framework\\Internal\\AsyncToSyncAdapter.cs:regel 60\r\n   bij NUnit.Framework.Assert.ThrowsAsync(IResolveConstraint expression, AsyncTestDelegate code, String message, Object[] args) in D:\\a\\1\\s\\src\\NUnitFramework\\framework\\Assert.Exceptions.Async.cs:regel 48",
  "HelpLink": null,
  "Source": "Tch.VstsClient",
  "HResult": -2146233088
}
]]></output>
                  </test-case>
                </test-suite>
              </test-suite>
              <test-suite type="TestSuite" id="1-1046" name="ListRepositories" fullname="Tch.VstsClient.IntTests.UseCases.Repositories.ListRepositories" runstate="Runnable" testcasecount="2" result="Passed" start-time="2020-03-25 20:48:10Z" end-time="2020-03-25 20:48:28Z" duration="18.111452" total="2" passed="2" failed="0" warnings="0" inconclusive="0" skipped="0" asserts="2">
                <properties />
                <test-suite type="TestFixture" id="1-1002" name="HappyTests" fullname="Tch.VstsClient.IntTests.UseCases.Repositories.ListRepositories.HappyTests" classname="Tch.VstsClient.IntTests.UseCases.Repositories.ListRepositories.HappyTests" runstate="Explicit" testcasecount="1" result="Passed" start-time="2020-03-25 20:48:28Z" end-time="2020-03-25 20:48:28Z" duration="0.166550" total="1" passed="1" failed="0" warnings="0" inconclusive="0" skipped="0" asserts="1">
                  <properties>
                    <property name="Category" value="IntegrationTest" />
                  </properties>
                  <test-case id="1-1003" name="Happy_Case" fullname="Tch.VstsClient.IntTests.UseCases.Repositories.ListRepositories.HappyTests.Happy_Case" methodname="Happy_Case" classname="Tch.VstsClient.IntTests.UseCases.Repositories.ListRepositories.HappyTests" runstate="Runnable" seed="1666447666" result="Passed" start-time="2020-03-25 20:48:28Z" end-time="2020-03-25 20:48:28Z" duration="0.165192" asserts="1">
                    <properties />
                    <output><![CDATA[[
  {
    "Id": "b37816bb-d2c3-4ec5-b18a-0716d7c36c71",
    "Name": "demo"
  },
  {
    "Id": "3df75da0-433e-47a2-a7ba-101c9a378642",
    "Name": "wiki"
  },
  {
    "Id": "7e06ad15-43b5-4281-b482-152cbd8e6e06",
    "Name": "IntraOffice"
  },
  {
    "Id": "b2208378-7225-4927-820c-17214967ca58",
    "Name": "carerix"
  },
  {
    "Id": "574c2a8f-dc58-4775-a7e4-1af8de71c12b",
    "Name": "raet"
  },
  {
    "Id": "82ad3047-31a7-4f65-9668-1b9a0773b6b8",
    "Name": "solipsis"
  },
  {
    "Id": "6525cebf-c7df-4ba3-b01a-265613861b33",
    "Name": "IntraOffice-Content-Repository"
  },
  {
    "Id": "98b03a2e-8b65-4221-a082-28cdf66b674d",
    "Name": "IntraOffice-Legacy"
  },
  {
    "Id": "8541db83-41d5-4826-8a79-2b517964e5d1",
    "Name": "IntraOffice-Archive"
  },
  {
    "Id": "70969d8d-9750-4936-b134-2c69c9f0e9f9",
    "Name": "accenture"
  },
  {
    "Id": "592deb78-bb09-44bb-becb-3134aebbae00",
    "Name": "sales"
  },
  {
    "Id": "af0ffbfd-f163-4846-89e3-3e3f27f7a2e1",
    "Name": "EnvelopesRegister"
  },
  {
    "Id": "1d6e4407-422d-4a5a-b650-408d64d352b4",
    "Name": "support-website"
  },
  {
    "Id": "8c32b160-74a3-4277-bb34-43ce2dd6eed6",
    "Name": "IntraOffice Audit"
  },
  {
    "Id": "038e3de4-cd0b-41f3-98ab-47272281fd81",
    "Name": "ubn"
  },
  {
    "Id": "da6b4844-d8ec-4bc3-b796-47b505cc7609",
    "Name": "inperson"
  },
  {
    "Id": "057ede52-60a7-400e-8a99-48b327275755",
    "Name": "amstelveen"
  },
  {
    "Id": "1979dcd0-a3e6-41a9-bf14-4ff96aa710ff",
    "Name": "intervalservices"
  },
  {
    "Id": "5b007b56-373d-4089-a7f1-52f8f5b20a1d",
    "Name": "Document Creation"
  },
  {
    "Id": "fcbf51e1-f8d0-4418-a001-5d53756028ea",
    "Name": "depot"
  },
  {
    "Id": "11294157-35bc-42d6-a13c-60104248c206",
    "Name": "Angle-BootstrapAdminTemplate"
  },
  {
    "Id": "ce375f5d-b0f8-40dd-b339-63d20fc9c13f",
    "Name": "acme"
  },
  {
    "Id": "c05312ef-c86d-44c6-ade0-6ecc8f600e74",
    "Name": "olympia"
  },
  {
    "Id": "7dd26c04-17a5-4eea-b775-707ea73e49bd",
    "Name": "dit"
  },
  {
    "Id": "07ff19ec-0184-47fc-9f9e-708f3c934049",
    "Name": "azure"
  },
  {
    "Id": "c013db00-43d1-40bd-bdcb-772cafe43e3b",
    "Name": "IntraOffice Depot"
  },
  {
    "Id": "3dfd01c4-995a-4638-9b6e-82c098141d8b",
    "Name": "adp-nl"
  },
  {
    "Id": "74104824-5eb4-456c-831f-83129a062913",
    "Name": "humares"
  },
  {
    "Id": "e51f2861-9b14-410c-a5b3-84660413a9e8",
    "Name": "wagenhof"
  },
  {
    "Id": "36920328-2759-4097-af98-889834e16b8b",
    "Name": "sherpa"
  },
  {
    "Id": "076c9846-f259-4531-b8c4-8b9e9053e074",
    "Name": "centric"
  },
  {
    "Id": "ae4c1774-a3a1-4b69-b45a-8fe1aa0ace17",
    "Name": "Krabbl"
  },
  {
    "Id": "e00262b4-56a6-45ac-942d-936535e4350e",
    "Name": "Routing Management Portal"
  },
  {
    "Id": "173da0b9-3970-4891-a480-93813e5e134d",
    "Name": "Development"
  },
  {
    "Id": "e874efba-fb92-48ba-bf6b-972ed7ab2132",
    "Name": "susa"
  },
  {
    "Id": "9705976d-359a-4f71-8c54-9f291f01c8aa",
    "Name": "digitalsigning"
  },
  {
    "Id": "cc9b1504-9a78-49d6-92fd-bfd96f3a0fb0",
    "Name": "Monitoring"
  },
  {
    "Id": "81a4badc-5500-47b5-9a1e-bfdd3efd4143",
    "Name": "bluegarden"
  },
  {
    "Id": "9e345f69-3f8e-4235-9d95-bff003d683ce",
    "Name": "Zuidgeest"
  },
  {
    "Id": "7efd6a07-8775-4f55-a233-c53439f63453",
    "Name": "DocumentApi"
  },
  {
    "Id": "8e1e1164-f24d-4967-9b44-c6ea43178415",
    "Name": "IntraOffice-Signing"
  },
  {
    "Id": "cf29d81d-13bf-481c-9fd4-cbee9ea05961",
    "Name": "IntraOffice-Base"
  },
  {
    "Id": "746ebc7c-aae3-40ee-85e2-cc7e38a23a7a",
    "Name": "sheerenloo"
  },
  {
    "Id": "e71ab3fa-2e72-469c-b58e-ce8cd3f6795b",
    "Name": "IntraOffice-Routing"
  },
  {
    "Id": "1878cfcc-dbbf-45d8-b1b2-d3aea2d079b6",
    "Name": "Nuget"
  },
  {
    "Id": "679b9a7c-1b0d-49cd-8162-d479aa4076b2",
    "Name": "bpd"
  },
  {
    "Id": "e6d94765-79a8-4c35-ab43-d70d25762bfd",
    "Name": "ntree"
  },
  {
    "Id": "d353a231-91e0-48ab-8129-e376e016e0dd",
    "Name": "IntraOffice-Routing-Portal"
  },
  {
    "Id": "cc1f5d45-d40b-427c-9d57-f2a8aeaa4f43",
    "Name": "alfa"
  },
  {
    "Id": "81c0387e-3794-43f5-9bbe-f556f5b008ba",
    "Name": "otto"
  },
  {
    "Id": "4d45f1cb-3e01-4fcb-aac0-f7b35c5f3a0c",
    "Name": "IntraOffice2018"
  },
  {
    "Id": "3de1e094-ee35-4f73-aff6-fa7c46391bc9",
    "Name": "actiefwerkt"
  },
  {
    "Id": "bc5a01cb-3b65-4983-8bd2-fd53fcd862a0",
    "Name": "IntraOffice-Service-Fabric"
  },
  {
    "Id": "ac9349de-f7c9-4aa5-911d-ffd49fc78313",
    "Name": "adp-it"
  }
]
]]></output>
                  </test-case>
                </test-suite>
                <test-suite type="TestFixture" id="1-1004" name="UnhappyTests" fullname="Tch.VstsClient.IntTests.UseCases.Repositories.ListRepositories.UnhappyTests" classname="Tch.VstsClient.IntTests.UseCases.Repositories.ListRepositories.UnhappyTests" runstate="Explicit" testcasecount="1" result="Passed" start-time="2020-03-25 20:48:28Z" end-time="2020-03-25 20:48:28Z" duration="0.064587" total="1" passed="1" failed="0" warnings="0" inconclusive="0" skipped="0" asserts="1">
                  <properties>
                    <property name="Category" value="IntegrationTest" />
                  </properties>
                  <test-case id="1-1005" name="Bad_Project_Name" fullname="Tch.VstsClient.IntTests.UseCases.Repositories.ListRepositories.UnhappyTests.Bad_Project_Name" methodname="Bad_Project_Name" classname="Tch.VstsClient.IntTests.UseCases.Repositories.ListRepositories.UnhappyTests" runstate="Runnable" seed="1432453953" result="Passed" start-time="2020-03-25 20:48:28Z" end-time="2020-03-25 20:48:28Z" duration="0.061437" asserts="1">
                    <properties />
                    <output><![CDATA[{
  "ProjectName": "abcd",
  "Message": "Requested project cannot be found",
  "Data": {},
  "InnerException": null,
  "StackTrace": "   bij Tch.VstsClient.Services.Helpers.LocalExceptionService.TryMatch[TTargetException](BadStatusCodeReturned originalException, Object context) in c:\\GitHub\\Vsts-client\\Src\\Services\\Helpers\\LocalExceptionService.cs:regel 43\r\n   bij Tch.VstsClient.Services.RepositoriesService.<GetAllGitRepositories>d__9.MoveNext() in c:\\GitHub\\Vsts-client\\Src\\Services\\RepositoriesService.cs:regel 73\r\n--- Einde van stacktracering vanaf vorige locatie waar uitzondering is opgetreden ---\r\n   bij System.Runtime.ExceptionServices.ExceptionDispatchInfo.Throw()\r\n   bij System.Runtime.CompilerServices.TaskAwaiter.HandleNonSuccessAndDebuggerNotification(Task task)\r\n   bij NUnit.Framework.Internal.TaskAwaitAdapter.GenericAdapter`1.BlockUntilCompleted() in D:\\a\\1\\s\\src\\NUnitFramework\\framework\\Internal\\TaskAwaitAdapter.cs:regel 95\r\n   bij NUnit.Framework.Internal.AsyncToSyncAdapter.Await(Func`1 invoke) in D:\\a\\1\\s\\src\\NUnitFramework\\framework\\Internal\\AsyncToSyncAdapter.cs:regel 60\r\n   bij NUnit.Framework.Assert.ThrowsAsync(IResolveConstraint expression, AsyncTestDelegate code, String message, Object[] args) in D:\\a\\1\\s\\src\\NUnitFramework\\framework\\Assert.Exceptions.Async.cs:regel 48",
  "HelpLink": null,
  "Source": "Tch.VstsClient",
  "HResult": -2146233088
}
]]></output>
                  </test-case>
                </test-suite>
              </test-suite>
            </test-suite>
          </test-suite>
        </test-suite>
      </test-suite>
    </test-suite>
  </test-suite>
</test-run>